Current configuration:
[NAME]			[DEFLT]		[VALUE]
-alpha			0.97		9.700000e-01
-argfile				
-blocksize		2048		2048
-build_outdirs		yes		yes
-c					/home/azizkag/projects/QuranRecognition/fatiha_acoustic_model/etc/fatiha_train.fileids
-cep2spec		no		no
-di					/home/azizkag/projects/QuranRecognition/fatiha_acoustic_model/wav
-dither			no		no
-do					/home/azizkag/projects/QuranRecognition/fatiha_acoustic_model/feat
-doublebw		no		no
-ei					wav
-eo					mfc
-example		no		no
-frate			100		100
-help			no		no
-i					
-input_endian		little		little
-lifter			0		22
-logspec		no		no
-lowerf			133.33334	2.000000e+02
-mach_endian		little		little
-mswav			no		yes
-ncep			13		13
-nchans			1		1
-nfft			512		512
-nfilt			40		15
-nist			no		no
-npart			0		4
-nskip			0		0
-o					
-ofmt			sphinx		sphinx
-part			0		3
-raw			no		no
-remove_dc		no		no
-remove_noise		yes		yes
-remove_silence		yes		yes
-round_filters		yes		yes
-runlen			-1		-1
-samprate		16000		8.000000e+03
-seed			-1		-1
-smoothspec		no		no
-spec2cep		no		no
-sph2pipe		no		no
-transform		legacy		dct
-unit_area		yes		yes
-upperf			6855.4976	3.500000e+03
-vad_postspeech		50		50
-vad_prespeech		20		20
-vad_startspeech	10		10
-vad_threshold		2.0		2.000000e+00
-verbose		no		no
-warp_params				
-warp_type		inverse_linear	inverse_linear
-whichchan		0		0
-wlen			0.025625	2.562500e-02

INFO: sphinx_fe.c(953): Processing 223 utterances at position 446
INFO: sphinx_fe.c(764): Converting /home/azizkag/projects/QuranRecognition/fatiha_acoustic_model/wav/Abdullaah_3awwaad_Al-Juhaynee_128kbps/001.wav to /home/azizkag/projects/QuranRecognition/fatiha_acoustic_model/feat/Abdullaah_3awwaad_Al-Juhaynee_128kbps/001.mfc
INFO: sphinx_fe.c(764): Converting /home/azizkag/projects/QuranRecognition/fatiha_acoustic_model/wav/Abdullaah_3awwaad_Al-Juhaynee_128kbps/002.wav to /home/azizkag/projects/QuranRecognition/fatiha_acoustic_model/feat/Abdullaah_3awwaad_Al-Juhaynee_128kbps/002.mfc
INFO: sphinx_fe.c(764): Converting /home/azizkag/projects/QuranRecognition/fatiha_acoustic_model/wav/Abdullaah_3awwaad_Al-Juhaynee_128kbps/003.wav to /home/azizkag/projects/QuranRecognition/fatiha_acoustic_model/feat/Abdullaah_3awwaad_Al-Juhaynee_128kbps/003.mfc
INFO: sphinx_fe.c(764): Converting /home/azizkag/projects/QuranRecognition/fatiha_acoustic_model/wav/Abdullaah_3awwaad_Al-Juhaynee_128kbps/004.wav to /home/azizkag/projects/QuranRecognition/fatiha_acoustic_model/feat/Abdullaah_3awwaad_Al-Juhaynee_128kbps/004.mfc
INFO: sphinx_fe.c(764): Converting /home/azizkag/projects/QuranRecognition/fatiha_acoustic_model/wav/Abdullaah_3awwaad_Al-Juhaynee_128kbps/005.wav to /home/azizkag/projects/QuranRecognition/fatiha_acoustic_model/feat/Abdullaah_3awwaad_Al-Juhaynee_128kbps/005.mfc
INFO: sphinx_fe.c(764): Converting /home/azizkag/projects/QuranRecognition/fatiha_acoustic_model/wav/Abdullaah_3awwaad_Al-Juhaynee_128kbps/006.wav to /home/azizkag/projects/QuranRecognition/fatiha_acoustic_model/feat/Abdullaah_3awwaad_Al-Juhaynee_128kbps/006.mfc
INFO: sphinx_fe.c(764): Converting /home/azizkag/projects/QuranRecognition/fatiha_acoustic_model/wav/Abdullaah_3awwaad_Al-Juhaynee_128kbps/007.wav to /home/azizkag/projects/QuranRecognition/fatiha_acoustic_model/feat/Abdullaah_3awwaad_Al-Juhaynee_128kbps/007.mfc
INFO: sphinx_fe.c(764): Converting /home/azizkag/projects/QuranRecognition/fatiha_acoustic_model/wav/Abdullah_Basfar_64kbps/001.wav to /home/azizkag/projects/QuranRecognition/fatiha_acoustic_model/feat/Abdullah_Basfar_64kbps/001.mfc
INFO: sphinx_fe.c(764): Converting /home/azizkag/projects/QuranRecognition/fatiha_acoustic_model/wav/Abdullah_Basfar_64kbps/002.wav to /home/azizkag/projects/QuranRecognition/fatiha_acoustic_model/feat/Abdullah_Basfar_64kbps/002.mfc
INFO: sphinx_fe.c(764): Converting /home/azizkag/projects/QuranRecognition/fatiha_acoustic_model/wav/Abdullah_Basfar_64kbps/003.wav to /home/azizkag/projects/QuranRecognition/fatiha_acoustic_model/feat/Abdullah_Basfar_64kbps/003.mfc
INFO: sphinx_fe.c(764): Converting /home/azizkag/projects/QuranRecognition/fatiha_acoustic_model/wav/Abdullah_Basfar_64kbps/004.wav to /home/azizkag/projects/QuranRecognition/fatiha_acoustic_model/feat/Abdullah_Basfar_64kbps/004.mfc
INFO: sphinx_fe.c(764): Converting /home/azizkag/projects/QuranRecognition/fatiha_acoustic_model/wav/Abdullah_Basfar_64kbps/005.wav to /home/azizkag/projects/QuranRecognition/fatiha_acoustic_model/feat/Abdullah_Basfar_64kbps/005.mfc
INFO: sphinx_fe.c(764): Converting /home/azizkag/projects/QuranRecognition/fatiha_acoustic_model/wav/Abdullah_Basfar_64kbps/006.wav to /home/azizkag/projects/QuranRecognition/fatiha_acoustic_model/feat/Abdullah_Basfar_64kbps/006.mfc
INFO: sphinx_fe.c(764): Converting /home/azizkag/projects/QuranRecognition/fatiha_acoustic_model/wav/Abdullah_Basfar_64kbps/007.wav to /home/azizkag/projects/QuranRecognition/fatiha_acoustic_model/feat/Abdullah_Basfar_64kbps/007.mfc
INFO: sphinx_fe.c(764): Converting /home/azizkag/projects/QuranRecognition/fatiha_acoustic_model/wav/Abdullah_Matroud_128kbps/001.wav to /home/azizkag/projects/QuranRecognition/fatiha_acoustic_model/feat/Abdullah_Matroud_128kbps/001.mfc
INFO: sphinx_fe.c(764): Converting /home/azizkag/projects/QuranRecognition/fatiha_acoustic_model/wav/Abdullah_Matroud_128kbps/002.wav to /home/azizkag/projects/QuranRecognition/fatiha_acoustic_model/feat/Abdullah_Matroud_128kbps/002.mfc
INFO: sphinx_fe.c(764): Converting /home/azizkag/projects/QuranRecognition/fatiha_acoustic_model/wav/Abdullah_Matroud_128kbps/003.wav to /home/azizkag/projects/QuranRecognition/fatiha_acoustic_model/feat/Abdullah_Matroud_128kbps/003.mfc
INFO: sphinx_fe.c(764): Converting /home/azizkag/projects/QuranRecognition/fatiha_acoustic_model/wav/Abdullah_Matroud_128kbps/004.wav to /home/azizkag/projects/QuranRecognition/fatiha_acoustic_model/feat/Abdullah_Matroud_128kbps/004.mfc
INFO: sphinx_fe.c(764): Converting /home/azizkag/projects/QuranRecognition/fatiha_acoustic_model/wav/Abdullah_Matroud_128kbps/005.wav to /home/azizkag/projects/QuranRecognition/fatiha_acoustic_model/feat/Abdullah_Matroud_128kbps/005.mfc
INFO: sphinx_fe.c(764): Converting /home/azizkag/projects/QuranRecognition/fatiha_acoustic_model/wav/Abdullah_Matroud_128kbps/006.wav to /home/azizkag/projects/QuranRecognition/fatiha_acoustic_model/feat/Abdullah_Matroud_128kbps/006.mfc
INFO: sphinx_fe.c(764): Converting /home/azizkag/projects/QuranRecognition/fatiha_acoustic_model/wav/Abdullah_Matroud_128kbps/007.wav to /home/azizkag/projects/QuranRecognition/fatiha_acoustic_model/feat/Abdullah_Matroud_128kbps/007.mfc
INFO: sphinx_fe.c(764): Converting /home/azizkag/projects/QuranRecognition/fatiha_acoustic_model/wav/Abdurrahmaan_As-Sudais_64kbps/001.wav to /home/azizkag/projects/QuranRecognition/fatiha_acoustic_model/feat/Abdurrahmaan_As-Sudais_64kbps/001.mfc
INFO: sphinx_fe.c(764): Converting /home/azizkag/projects/QuranRecognition/fatiha_acoustic_model/wav/Abdurrahmaan_As-Sudais_64kbps/002.wav to /home/azizkag/projects/QuranRecognition/fatiha_acoustic_model/feat/Abdurrahmaan_As-Sudais_64kbps/002.mfc
INFO: sphinx_fe.c(764): Converting /home/azizkag/projects/QuranRecognition/fatiha_acoustic_model/wav/Abdurrahmaan_As-Sudais_64kbps/003.wav to /home/azizkag/projects/QuranRecognition/fatiha_acoustic_model/feat/Abdurrahmaan_As-Sudais_64kbps/003.mfc
INFO: sphinx_fe.c(764): Converting /home/azizkag/projects/QuranRecognition/fatiha_acoustic_model/wav/Abdurrahmaan_As-Sudais_64kbps/004.wav to /home/azizkag/projects/QuranRecognition/fatiha_acoustic_model/feat/Abdurrahmaan_As-Sudais_64kbps/004.mfc
INFO: sphinx_fe.c(764): Converting /home/azizkag/projects/QuranRecognition/fatiha_acoustic_model/wav/Abdurrahmaan_As-Sudais_64kbps/005.wav to /home/azizkag/projects/QuranRecognition/fatiha_acoustic_model/feat/Abdurrahmaan_As-Sudais_64kbps/005.mfc
INFO: sphinx_fe.c(764): Converting /home/azizkag/projects/QuranRecognition/fatiha_acoustic_model/wav/Abdurrahmaan_As-Sudais_64kbps/006.wav to /home/azizkag/projects/QuranRecognition/fatiha_acoustic_model/feat/Abdurrahmaan_As-Sudais_64kbps/006.mfc
INFO: sphinx_fe.c(764): Converting /home/azizkag/projects/QuranRecognition/fatiha_acoustic_model/wav/Abdurrahmaan_As-Sudais_64kbps/007.wav to /home/azizkag/projects/QuranRecognition/fatiha_acoustic_model/feat/Abdurrahmaan_As-Sudais_64kbps/007.mfc
INFO: sphinx_fe.c(764): Converting /home/azizkag/projects/QuranRecognition/fatiha_acoustic_model/wav/Abu_Bakr_Ash-Shaatree_64kbps/001.wav to /home/azizkag/projects/QuranRecognition/fatiha_acoustic_model/feat/Abu_Bakr_Ash-Shaatree_64kbps/001.mfc
INFO: sphinx_fe.c(764): Converting /home/azizkag/projects/QuranRecognition/fatiha_acoustic_model/wav/Abu_Bakr_Ash-Shaatree_64kbps/002.wav to /home/azizkag/projects/QuranRecognition/fatiha_acoustic_model/feat/Abu_Bakr_Ash-Shaatree_64kbps/002.mfc
INFO: sphinx_fe.c(764): Converting /home/azizkag/projects/QuranRecognition/fatiha_acoustic_model/wav/Abu_Bakr_Ash-Shaatree_64kbps/003.wav to /home/azizkag/projects/QuranRecognition/fatiha_acoustic_model/feat/Abu_Bakr_Ash-Shaatree_64kbps/003.mfc
INFO: sphinx_fe.c(764): Converting /home/azizkag/projects/QuranRecognition/fatiha_acoustic_model/wav/Abu_Bakr_Ash-Shaatree_64kbps/004.wav to /home/azizkag/projects/QuranRecognition/fatiha_acoustic_model/feat/Abu_Bakr_Ash-Shaatree_64kbps/004.mfc
INFO: sphinx_fe.c(764): Converting /home/azizkag/projects/QuranRecognition/fatiha_acoustic_model/wav/Abu_Bakr_Ash-Shaatree_64kbps/005.wav to /home/azizkag/projects/QuranRecognition/fatiha_acoustic_model/feat/Abu_Bakr_Ash-Shaatree_64kbps/005.mfc
INFO: sphinx_fe.c(764): Converting /home/azizkag/projects/QuranRecognition/fatiha_acoustic_model/wav/Abu_Bakr_Ash-Shaatree_64kbps/006.wav to /home/azizkag/projects/QuranRecognition/fatiha_acoustic_model/feat/Abu_Bakr_Ash-Shaatree_64kbps/006.mfc
INFO: sphinx_fe.c(764): Converting /home/azizkag/projects/QuranRecognition/fatiha_acoustic_model/wav/Abu_Bakr_Ash-Shaatree_64kbps/007.wav to /home/azizkag/projects/QuranRecognition/fatiha_acoustic_model/feat/Abu_Bakr_Ash-Shaatree_64kbps/007.mfc
INFO: sphinx_fe.c(764): Converting /home/azizkag/projects/QuranRecognition/fatiha_acoustic_model/wav/Ahmed_Neana_128kbps/001.wav to /home/azizkag/projects/QuranRecognition/fatiha_acoustic_model/feat/Ahmed_Neana_128kbps/001.mfc
INFO: sphinx_fe.c(764): Converting /home/azizkag/projects/QuranRecognition/fatiha_acoustic_model/wav/Ahmed_Neana_128kbps/002.wav to /home/azizkag/projects/QuranRecognition/fatiha_acoustic_model/feat/Ahmed_Neana_128kbps/002.mfc
INFO: sphinx_fe.c(764): Converting /home/azizkag/projects/QuranRecognition/fatiha_acoustic_model/wav/Ahmed_Neana_128kbps/003.wav to /home/azizkag/projects/QuranRecognition/fatiha_acoustic_model/feat/Ahmed_Neana_128kbps/003.mfc
INFO: sphinx_fe.c(764): Converting /home/azizkag/projects/QuranRecognition/fatiha_acoustic_model/wav/Ahmed_Neana_128kbps/004.wav to /home/azizkag/projects/QuranRecognition/fatiha_acoustic_model/feat/Ahmed_Neana_128kbps/004.mfc
INFO: sphinx_fe.c(764): Converting /home/azizkag/projects/QuranRecognition/fatiha_acoustic_model/wav/Ahmed_Neana_128kbps/005.wav to /home/azizkag/projects/QuranRecognition/fatiha_acoustic_model/feat/Ahmed_Neana_128kbps/005.mfc
INFO: sphinx_fe.c(764): Converting /home/azizkag/projects/QuranRecognition/fatiha_acoustic_model/wav/Ahmed_Neana_128kbps/006.wav to /home/azizkag/projects/QuranRecognition/fatiha_acoustic_model/feat/Ahmed_Neana_128kbps/006.mfc
INFO: sphinx_fe.c(764): Converting /home/azizkag/projects/QuranRecognition/fatiha_acoustic_model/wav/Ahmed_Neana_128kbps/007.wav to /home/azizkag/projects/QuranRecognition/fatiha_acoustic_model/feat/Ahmed_Neana_128kbps/007.mfc
INFO: sphinx_fe.c(764): Converting /home/azizkag/projects/QuranRecognition/fatiha_acoustic_model/wav/Ahmed_ibn_Ali_al-Ajamy_64kbps_QuranExplorer.Com/001.wav to /home/azizkag/projects/QuranRecognition/fatiha_acoustic_model/feat/Ahmed_ibn_Ali_al-Ajamy_64kbps_QuranExplorer.Com/001.mfc
INFO: sphinx_fe.c(764): Converting /home/azizkag/projects/QuranRecognition/fatiha_acoustic_model/wav/Ahmed_ibn_Ali_al-Ajamy_64kbps_QuranExplorer.Com/002.wav to /home/azizkag/projects/QuranRecognition/fatiha_acoustic_model/feat/Ahmed_ibn_Ali_al-Ajamy_64kbps_QuranExplorer.Com/002.mfc
INFO: sphinx_fe.c(764): Converting /home/azizkag/projects/QuranRecognition/fatiha_acoustic_model/wav/Ahmed_ibn_Ali_al-Ajamy_64kbps_QuranExplorer.Com/003.wav to /home/azizkag/projects/QuranRecognition/fatiha_acoustic_model/feat/Ahmed_ibn_Ali_al-Ajamy_64kbps_QuranExplorer.Com/003.mfc
INFO: sphinx_fe.c(764): Converting /home/azizkag/projects/QuranRecognition/fatiha_acoustic_model/wav/Ahmed_ibn_Ali_al-Ajamy_64kbps_QuranExplorer.Com/004.wav to /home/azizkag/projects/QuranRecognition/fatiha_acoustic_model/feat/Ahmed_ibn_Ali_al-Ajamy_64kbps_QuranExplorer.Com/004.mfc
INFO: sphinx_fe.c(764): Converting /home/azizkag/projects/QuranRecognition/fatiha_acoustic_model/wav/Ahmed_ibn_Ali_al-Ajamy_64kbps_QuranExplorer.Com/005.wav to /home/azizkag/projects/QuranRecognition/fatiha_acoustic_model/feat/Ahmed_ibn_Ali_al-Ajamy_64kbps_QuranExplorer.Com/005.mfc
INFO: sphinx_fe.c(764): Converting /home/azizkag/projects/QuranRecognition/fatiha_acoustic_model/wav/Ahmed_ibn_Ali_al-Ajamy_64kbps_QuranExplorer.Com/006.wav to /home/azizkag/projects/QuranRecognition/fatiha_acoustic_model/feat/Ahmed_ibn_Ali_al-Ajamy_64kbps_QuranExplorer.Com/006.mfc
INFO: sphinx_fe.c(764): Converting /home/azizkag/projects/QuranRecognition/fatiha_acoustic_model/wav/Ahmed_ibn_Ali_al-Ajamy_64kbps_QuranExplorer.Com/007.wav to /home/azizkag/projects/QuranRecognition/fatiha_acoustic_model/feat/Ahmed_ibn_Ali_al-Ajamy_64kbps_QuranExplorer.Com/007.mfc
INFO: sphinx_fe.c(764): Converting /home/azizkag/projects/QuranRecognition/fatiha_acoustic_model/wav/Akram_AlAlaqimy_128kbps/001.wav to /home/azizkag/projects/QuranRecognition/fatiha_acoustic_model/feat/Akram_AlAlaqimy_128kbps/001.mfc
INFO: sphinx_fe.c(764): Converting /home/azizkag/projects/QuranRecognition/fatiha_acoustic_model/wav/Akram_AlAlaqimy_128kbps/002.wav to /home/azizkag/projects/QuranRecognition/fatiha_acoustic_model/feat/Akram_AlAlaqimy_128kbps/002.mfc
INFO: sphinx_fe.c(764): Converting /home/azizkag/projects/QuranRecognition/fatiha_acoustic_model/wav/Akram_AlAlaqimy_128kbps/003.wav to /home/azizkag/projects/QuranRecognition/fatiha_acoustic_model/feat/Akram_AlAlaqimy_128kbps/003.mfc
INFO: sphinx_fe.c(764): Converting /home/azizkag/projects/QuranRecognition/fatiha_acoustic_model/wav/Akram_AlAlaqimy_128kbps/004.wav to /home/azizkag/projects/QuranRecognition/fatiha_acoustic_model/feat/Akram_AlAlaqimy_128kbps/004.mfc
INFO: sphinx_fe.c(764): Converting /home/azizkag/projects/QuranRecognition/fatiha_acoustic_model/wav/Akram_AlAlaqimy_128kbps/005.wav to /home/azizkag/projects/QuranRecognition/fatiha_acoustic_model/feat/Akram_AlAlaqimy_128kbps/005.mfc
INFO: sphinx_fe.c(764): Converting /home/azizkag/projects/QuranRecognition/fatiha_acoustic_model/wav/Akram_AlAlaqimy_128kbps/006.wav to /home/azizkag/projects/QuranRecognition/fatiha_acoustic_model/feat/Akram_AlAlaqimy_128kbps/006.mfc
INFO: sphinx_fe.c(764): Converting /home/azizkag/projects/QuranRecognition/fatiha_acoustic_model/wav/Akram_AlAlaqimy_128kbps/007.wav to /home/azizkag/projects/QuranRecognition/fatiha_acoustic_model/feat/Akram_AlAlaqimy_128kbps/007.mfc
INFO: sphinx_fe.c(764): Converting /home/azizkag/projects/QuranRecognition/fatiha_acoustic_model/wav/Alafasy_64kbps/001.wav to /home/azizkag/projects/QuranRecognition/fatiha_acoustic_model/feat/Alafasy_64kbps/001.mfc
INFO: sphinx_fe.c(764): Converting /home/azizkag/projects/QuranRecognition/fatiha_acoustic_model/wav/Alafasy_64kbps/002.wav to /home/azizkag/projects/QuranRecognition/fatiha_acoustic_model/feat/Alafasy_64kbps/002.mfc
INFO: sphinx_fe.c(764): Converting /home/azizkag/projects/QuranRecognition/fatiha_acoustic_model/wav/Alafasy_64kbps/003.wav to /home/azizkag/projects/QuranRecognition/fatiha_acoustic_model/feat/Alafasy_64kbps/003.mfc
INFO: sphinx_fe.c(764): Converting /home/azizkag/projects/QuranRecognition/fatiha_acoustic_model/wav/Alafasy_64kbps/004.wav to /home/azizkag/projects/QuranRecognition/fatiha_acoustic_model/feat/Alafasy_64kbps/004.mfc
INFO: sphinx_fe.c(764): Converting /home/azizkag/projects/QuranRecognition/fatiha_acoustic_model/wav/Alafasy_64kbps/005.wav to /home/azizkag/projects/QuranRecognition/fatiha_acoustic_model/feat/Alafasy_64kbps/005.mfc
INFO: sphinx_fe.c(764): Converting /home/azizkag/projects/QuranRecognition/fatiha_acoustic_model/wav/Alafasy_64kbps/006.wav to /home/azizkag/projects/QuranRecognition/fatiha_acoustic_model/feat/Alafasy_64kbps/006.mfc
INFO: sphinx_fe.c(764): Converting /home/azizkag/projects/QuranRecognition/fatiha_acoustic_model/wav/Alafasy_64kbps/007.wav to /home/azizkag/projects/QuranRecognition/fatiha_acoustic_model/feat/Alafasy_64kbps/007.mfc
INFO: sphinx_fe.c(764): Converting /home/azizkag/projects/QuranRecognition/fatiha_acoustic_model/wav/Ali_Hajjaj_AlSuesy_128kbps/001.wav to /home/azizkag/projects/QuranRecognition/fatiha_acoustic_model/feat/Ali_Hajjaj_AlSuesy_128kbps/001.mfc
INFO: sphinx_fe.c(764): Converting /home/azizkag/projects/QuranRecognition/fatiha_acoustic_model/wav/Ali_Hajjaj_AlSuesy_128kbps/002.wav to /home/azizkag/projects/QuranRecognition/fatiha_acoustic_model/feat/Ali_Hajjaj_AlSuesy_128kbps/002.mfc
INFO: sphinx_fe.c(764): Converting /home/azizkag/projects/QuranRecognition/fatiha_acoustic_model/wav/Ali_Hajjaj_AlSuesy_128kbps/003.wav to /home/azizkag/projects/QuranRecognition/fatiha_acoustic_model/feat/Ali_Hajjaj_AlSuesy_128kbps/003.mfc
INFO: sphinx_fe.c(764): Converting /home/azizkag/projects/QuranRecognition/fatiha_acoustic_model/wav/Ali_Hajjaj_AlSuesy_128kbps/004.wav to /home/azizkag/projects/QuranRecognition/fatiha_acoustic_model/feat/Ali_Hajjaj_AlSuesy_128kbps/004.mfc
INFO: sphinx_fe.c(764): Converting /home/azizkag/projects/QuranRecognition/fatiha_acoustic_model/wav/Ali_Hajjaj_AlSuesy_128kbps/005.wav to /home/azizkag/projects/QuranRecognition/fatiha_acoustic_model/feat/Ali_Hajjaj_AlSuesy_128kbps/005.mfc
INFO: sphinx_fe.c(764): Converting /home/azizkag/projects/QuranRecognition/fatiha_acoustic_model/wav/Ali_Hajjaj_AlSuesy_128kbps/006.wav to /home/azizkag/projects/QuranRecognition/fatiha_acoustic_model/feat/Ali_Hajjaj_AlSuesy_128kbps/006.mfc
INFO: sphinx_fe.c(764): Converting /home/azizkag/projects/QuranRecognition/fatiha_acoustic_model/wav/Ali_Hajjaj_AlSuesy_128kbps/007.wav to /home/azizkag/projects/QuranRecognition/fatiha_acoustic_model/feat/Ali_Hajjaj_AlSuesy_128kbps/007.mfc
INFO: sphinx_fe.c(764): Converting /home/azizkag/projects/QuranRecognition/fatiha_acoustic_model/wav/Ali_Jaber_64kbps/001.wav to /home/azizkag/projects/QuranRecognition/fatiha_acoustic_model/feat/Ali_Jaber_64kbps/001.mfc
INFO: sphinx_fe.c(764): Converting /home/azizkag/projects/QuranRecognition/fatiha_acoustic_model/wav/Ali_Jaber_64kbps/002.wav to /home/azizkag/projects/QuranRecognition/fatiha_acoustic_model/feat/Ali_Jaber_64kbps/002.mfc
INFO: sphinx_fe.c(764): Converting /home/azizkag/projects/QuranRecognition/fatiha_acoustic_model/wav/Ali_Jaber_64kbps/003.wav to /home/azizkag/projects/QuranRecognition/fatiha_acoustic_model/feat/Ali_Jaber_64kbps/003.mfc
INFO: sphinx_fe.c(764): Converting /home/azizkag/projects/QuranRecognition/fatiha_acoustic_model/wav/Ali_Jaber_64kbps/004.wav to /home/azizkag/projects/QuranRecognition/fatiha_acoustic_model/feat/Ali_Jaber_64kbps/004.mfc
INFO: sphinx_fe.c(764): Converting /home/azizkag/projects/QuranRecognition/fatiha_acoustic_model/wav/Ali_Jaber_64kbps/005.wav to /home/azizkag/projects/QuranRecognition/fatiha_acoustic_model/feat/Ali_Jaber_64kbps/005.mfc
INFO: sphinx_fe.c(764): Converting /home/azizkag/projects/QuranRecognition/fatiha_acoustic_model/wav/Ali_Jaber_64kbps/006.wav to /home/azizkag/projects/QuranRecognition/fatiha_acoustic_model/feat/Ali_Jaber_64kbps/006.mfc
INFO: sphinx_fe.c(764): Converting /home/azizkag/projects/QuranRecognition/fatiha_acoustic_model/wav/Ali_Jaber_64kbps/007.wav to /home/azizkag/projects/QuranRecognition/fatiha_acoustic_model/feat/Ali_Jaber_64kbps/007.mfc
INFO: sphinx_fe.c(764): Converting /home/azizkag/projects/QuranRecognition/fatiha_acoustic_model/wav/Fares_Abbad_64kbps/001.wav to /home/azizkag/projects/QuranRecognition/fatiha_acoustic_model/feat/Fares_Abbad_64kbps/001.mfc
INFO: sphinx_fe.c(764): Converting /home/azizkag/projects/QuranRecognition/fatiha_acoustic_model/wav/Fares_Abbad_64kbps/002.wav to /home/azizkag/projects/QuranRecognition/fatiha_acoustic_model/feat/Fares_Abbad_64kbps/002.mfc
INFO: sphinx_fe.c(764): Converting /home/azizkag/projects/QuranRecognition/fatiha_acoustic_model/wav/Fares_Abbad_64kbps/003.wav to /home/azizkag/projects/QuranRecognition/fatiha_acoustic_model/feat/Fares_Abbad_64kbps/003.mfc
INFO: sphinx_fe.c(764): Converting /home/azizkag/projects/QuranRecognition/fatiha_acoustic_model/wav/Fares_Abbad_64kbps/004.wav to /home/azizkag/projects/QuranRecognition/fatiha_acoustic_model/feat/Fares_Abbad_64kbps/004.mfc
INFO: sphinx_fe.c(764): Converting /home/azizkag/projects/QuranRecognition/fatiha_acoustic_model/wav/Fares_Abbad_64kbps/005.wav to /home/azizkag/projects/QuranRecognition/fatiha_acoustic_model/feat/Fares_Abbad_64kbps/005.mfc
INFO: sphinx_fe.c(764): Converting /home/azizkag/projects/QuranRecognition/fatiha_acoustic_model/wav/Fares_Abbad_64kbps/006.wav to /home/azizkag/projects/QuranRecognition/fatiha_acoustic_model/feat/Fares_Abbad_64kbps/006.mfc
INFO: sphinx_fe.c(764): Converting /home/azizkag/projects/QuranRecognition/fatiha_acoustic_model/wav/Fares_Abbad_64kbps/007.wav to /home/azizkag/projects/QuranRecognition/fatiha_acoustic_model/feat/Fares_Abbad_64kbps/007.mfc
INFO: sphinx_fe.c(764): Converting /home/azizkag/projects/QuranRecognition/fatiha_acoustic_model/wav/Ghamadi_40kbps/001.wav to /home/azizkag/projects/QuranRecognition/fatiha_acoustic_model/feat/Ghamadi_40kbps/001.mfc
INFO: sphinx_fe.c(764): Converting /home/azizkag/projects/QuranRecognition/fatiha_acoustic_model/wav/Ghamadi_40kbps/002.wav to /home/azizkag/projects/QuranRecognition/fatiha_acoustic_model/feat/Ghamadi_40kbps/002.mfc
INFO: sphinx_fe.c(764): Converting /home/azizkag/projects/QuranRecognition/fatiha_acoustic_model/wav/Ghamadi_40kbps/003.wav to /home/azizkag/projects/QuranRecognition/fatiha_acoustic_model/feat/Ghamadi_40kbps/003.mfc
INFO: sphinx_fe.c(764): Converting /home/azizkag/projects/QuranRecognition/fatiha_acoustic_model/wav/Ghamadi_40kbps/004.wav to /home/azizkag/projects/QuranRecognition/fatiha_acoustic_model/feat/Ghamadi_40kbps/004.mfc
INFO: sphinx_fe.c(764): Converting /home/azizkag/projects/QuranRecognition/fatiha_acoustic_model/wav/Ghamadi_40kbps/005.wav to /home/azizkag/projects/QuranRecognition/fatiha_acoustic_model/feat/Ghamadi_40kbps/005.mfc
INFO: sphinx_fe.c(764): Converting /home/azizkag/projects/QuranRecognition/fatiha_acoustic_model/wav/Ghamadi_40kbps/006.wav to /home/azizkag/projects/QuranRecognition/fatiha_acoustic_model/feat/Ghamadi_40kbps/006.mfc
INFO: sphinx_fe.c(764): Converting /home/azizkag/projects/QuranRecognition/fatiha_acoustic_model/wav/Ghamadi_40kbps/007.wav to /home/azizkag/projects/QuranRecognition/fatiha_acoustic_model/feat/Ghamadi_40kbps/007.mfc
INFO: sphinx_fe.c(764): Converting /home/azizkag/projects/QuranRecognition/fatiha_acoustic_model/wav/Hani_Rifai_64kbps/001.wav to /home/azizkag/projects/QuranRecognition/fatiha_acoustic_model/feat/Hani_Rifai_64kbps/001.mfc
INFO: sphinx_fe.c(764): Converting /home/azizkag/projects/QuranRecognition/fatiha_acoustic_model/wav/Hani_Rifai_64kbps/002.wav to /home/azizkag/projects/QuranRecognition/fatiha_acoustic_model/feat/Hani_Rifai_64kbps/002.mfc
INFO: sphinx_fe.c(764): Converting /home/azizkag/projects/QuranRecognition/fatiha_acoustic_model/wav/Hani_Rifai_64kbps/003.wav to /home/azizkag/projects/QuranRecognition/fatiha_acoustic_model/feat/Hani_Rifai_64kbps/003.mfc
INFO: sphinx_fe.c(764): Converting /home/azizkag/projects/QuranRecognition/fatiha_acoustic_model/wav/Hani_Rifai_64kbps/004.wav to /home/azizkag/projects/QuranRecognition/fatiha_acoustic_model/feat/Hani_Rifai_64kbps/004.mfc
INFO: sphinx_fe.c(764): Converting /home/azizkag/projects/QuranRecognition/fatiha_acoustic_model/wav/Hani_Rifai_64kbps/005.wav to /home/azizkag/projects/QuranRecognition/fatiha_acoustic_model/feat/Hani_Rifai_64kbps/005.mfc
INFO: sphinx_fe.c(764): Converting /home/azizkag/projects/QuranRecognition/fatiha_acoustic_model/wav/Hani_Rifai_64kbps/006.wav to /home/azizkag/projects/QuranRecognition/fatiha_acoustic_model/feat/Hani_Rifai_64kbps/006.mfc
INFO: sphinx_fe.c(764): Converting /home/azizkag/projects/QuranRecognition/fatiha_acoustic_model/wav/Hani_Rifai_64kbps/007.wav to /home/azizkag/projects/QuranRecognition/fatiha_acoustic_model/feat/Hani_Rifai_64kbps/007.mfc
INFO: sphinx_fe.c(764): Converting /home/azizkag/projects/QuranRecognition/fatiha_acoustic_model/wav/Hudhaify_64kbps/001.wav to /home/azizkag/projects/QuranRecognition/fatiha_acoustic_model/feat/Hudhaify_64kbps/001.mfc
INFO: sphinx_fe.c(764): Converting /home/azizkag/projects/QuranRecognition/fatiha_acoustic_model/wav/Hudhaify_64kbps/002.wav to /home/azizkag/projects/QuranRecognition/fatiha_acoustic_model/feat/Hudhaify_64kbps/002.mfc
INFO: sphinx_fe.c(764): Converting /home/azizkag/projects/QuranRecognition/fatiha_acoustic_model/wav/Hudhaify_64kbps/003.wav to /home/azizkag/projects/QuranRecognition/fatiha_acoustic_model/feat/Hudhaify_64kbps/003.mfc
INFO: sphinx_fe.c(764): Converting /home/azizkag/projects/QuranRecognition/fatiha_acoustic_model/wav/Hudhaify_64kbps/004.wav to /home/azizkag/projects/QuranRecognition/fatiha_acoustic_model/feat/Hudhaify_64kbps/004.mfc
INFO: sphinx_fe.c(764): Converting /home/azizkag/projects/QuranRecognition/fatiha_acoustic_model/wav/Hudhaify_64kbps/005.wav to /home/azizkag/projects/QuranRecognition/fatiha_acoustic_model/feat/Hudhaify_64kbps/005.mfc
INFO: sphinx_fe.c(764): Converting /home/azizkag/projects/QuranRecognition/fatiha_acoustic_model/wav/Hudhaify_64kbps/006.wav to /home/azizkag/projects/QuranRecognition/fatiha_acoustic_model/feat/Hudhaify_64kbps/006.mfc
INFO: sphinx_fe.c(764): Converting /home/azizkag/projects/QuranRecognition/fatiha_acoustic_model/wav/Hudhaify_64kbps/007.wav to /home/azizkag/projects/QuranRecognition/fatiha_acoustic_model/feat/Hudhaify_64kbps/007.mfc
INFO: sphinx_fe.c(764): Converting /home/azizkag/projects/QuranRecognition/fatiha_acoustic_model/wav/Khaalid_Abdullaah_al-Qahtaanee_192kbps/001.wav to /home/azizkag/projects/QuranRecognition/fatiha_acoustic_model/feat/Khaalid_Abdullaah_al-Qahtaanee_192kbps/001.mfc
INFO: sphinx_fe.c(764): Converting /home/azizkag/projects/QuranRecognition/fatiha_acoustic_model/wav/Khaalid_Abdullaah_al-Qahtaanee_192kbps/002.wav to /home/azizkag/projects/QuranRecognition/fatiha_acoustic_model/feat/Khaalid_Abdullaah_al-Qahtaanee_192kbps/002.mfc
INFO: sphinx_fe.c(764): Converting /home/azizkag/projects/QuranRecognition/fatiha_acoustic_model/wav/Khaalid_Abdullaah_al-Qahtaanee_192kbps/003.wav to /home/azizkag/projects/QuranRecognition/fatiha_acoustic_model/feat/Khaalid_Abdullaah_al-Qahtaanee_192kbps/003.mfc
INFO: sphinx_fe.c(764): Converting /home/azizkag/projects/QuranRecognition/fatiha_acoustic_model/wav/Khaalid_Abdullaah_al-Qahtaanee_192kbps/004.wav to /home/azizkag/projects/QuranRecognition/fatiha_acoustic_model/feat/Khaalid_Abdullaah_al-Qahtaanee_192kbps/004.mfc
INFO: sphinx_fe.c(764): Converting /home/azizkag/projects/QuranRecognition/fatiha_acoustic_model/wav/Khaalid_Abdullaah_al-Qahtaanee_192kbps/005.wav to /home/azizkag/projects/QuranRecognition/fatiha_acoustic_model/feat/Khaalid_Abdullaah_al-Qahtaanee_192kbps/005.mfc
INFO: sphinx_fe.c(764): Converting /home/azizkag/projects/QuranRecognition/fatiha_acoustic_model/wav/Khaalid_Abdullaah_al-Qahtaanee_192kbps/006.wav to /home/azizkag/projects/QuranRecognition/fatiha_acoustic_model/feat/Khaalid_Abdullaah_al-Qahtaanee_192kbps/006.mfc
INFO: sphinx_fe.c(764): Converting /home/azizkag/projects/QuranRecognition/fatiha_acoustic_model/wav/Khaalid_Abdullaah_al-Qahtaanee_192kbps/007.wav to /home/azizkag/projects/QuranRecognition/fatiha_acoustic_model/feat/Khaalid_Abdullaah_al-Qahtaanee_192kbps/007.mfc
INFO: sphinx_fe.c(764): Converting /home/azizkag/projects/QuranRecognition/fatiha_acoustic_model/wav/Maher_AlMuaiqly_64kbps/001.wav to /home/azizkag/projects/QuranRecognition/fatiha_acoustic_model/feat/Maher_AlMuaiqly_64kbps/001.mfc
INFO: sphinx_fe.c(764): Converting /home/azizkag/projects/QuranRecognition/fatiha_acoustic_model/wav/Maher_AlMuaiqly_64kbps/002.wav to /home/azizkag/projects/QuranRecognition/fatiha_acoustic_model/feat/Maher_AlMuaiqly_64kbps/002.mfc
INFO: sphinx_fe.c(764): Converting /home/azizkag/projects/QuranRecognition/fatiha_acoustic_model/wav/Maher_AlMuaiqly_64kbps/003.wav to /home/azizkag/projects/QuranRecognition/fatiha_acoustic_model/feat/Maher_AlMuaiqly_64kbps/003.mfc
INFO: sphinx_fe.c(764): Converting /home/azizkag/projects/QuranRecognition/fatiha_acoustic_model/wav/Maher_AlMuaiqly_64kbps/004.wav to /home/azizkag/projects/QuranRecognition/fatiha_acoustic_model/feat/Maher_AlMuaiqly_64kbps/004.mfc
INFO: sphinx_fe.c(764): Converting /home/azizkag/projects/QuranRecognition/fatiha_acoustic_model/wav/Maher_AlMuaiqly_64kbps/005.wav to /home/azizkag/projects/QuranRecognition/fatiha_acoustic_model/feat/Maher_AlMuaiqly_64kbps/005.mfc
INFO: sphinx_fe.c(764): Converting /home/azizkag/projects/QuranRecognition/fatiha_acoustic_model/wav/Maher_AlMuaiqly_64kbps/006.wav to /home/azizkag/projects/QuranRecognition/fatiha_acoustic_model/feat/Maher_AlMuaiqly_64kbps/006.mfc
INFO: sphinx_fe.c(764): Converting /home/azizkag/projects/QuranRecognition/fatiha_acoustic_model/wav/Maher_AlMuaiqly_64kbps/007.wav to /home/azizkag/projects/QuranRecognition/fatiha_acoustic_model/feat/Maher_AlMuaiqly_64kbps/007.mfc
INFO: sphinx_fe.c(764): Converting /home/azizkag/projects/QuranRecognition/fatiha_acoustic_model/wav/Mohammad_al_Tablaway_64kbps/001.wav to /home/azizkag/projects/QuranRecognition/fatiha_acoustic_model/feat/Mohammad_al_Tablaway_64kbps/001.mfc
INFO: sphinx_fe.c(764): Converting /home/azizkag/projects/QuranRecognition/fatiha_acoustic_model/wav/Mohammad_al_Tablaway_64kbps/002.wav to /home/azizkag/projects/QuranRecognition/fatiha_acoustic_model/feat/Mohammad_al_Tablaway_64kbps/002.mfc
INFO: sphinx_fe.c(764): Converting /home/azizkag/projects/QuranRecognition/fatiha_acoustic_model/wav/Mohammad_al_Tablaway_64kbps/003.wav to /home/azizkag/projects/QuranRecognition/fatiha_acoustic_model/feat/Mohammad_al_Tablaway_64kbps/003.mfc
INFO: sphinx_fe.c(764): Converting /home/azizkag/projects/QuranRecognition/fatiha_acoustic_model/wav/Mohammad_al_Tablaway_64kbps/004.wav to /home/azizkag/projects/QuranRecognition/fatiha_acoustic_model/feat/Mohammad_al_Tablaway_64kbps/004.mfc
INFO: sphinx_fe.c(764): Converting /home/azizkag/projects/QuranRecognition/fatiha_acoustic_model/wav/Mohammad_al_Tablaway_64kbps/005.wav to /home/azizkag/projects/QuranRecognition/fatiha_acoustic_model/feat/Mohammad_al_Tablaway_64kbps/005.mfc
INFO: sphinx_fe.c(764): Converting /home/azizkag/projects/QuranRecognition/fatiha_acoustic_model/wav/Mohammad_al_Tablaway_64kbps/006.wav to /home/azizkag/projects/QuranRecognition/fatiha_acoustic_model/feat/Mohammad_al_Tablaway_64kbps/006.mfc
INFO: sphinx_fe.c(764): Converting /home/azizkag/projects/QuranRecognition/fatiha_acoustic_model/wav/Mohammad_al_Tablaway_64kbps/007.wav to /home/azizkag/projects/QuranRecognition/fatiha_acoustic_model/feat/Mohammad_al_Tablaway_64kbps/007.mfc
INFO: sphinx_fe.c(764): Converting /home/azizkag/projects/QuranRecognition/fatiha_acoustic_model/wav/Muhammad_AbdulKareem_128kbps/001.wav to /home/azizkag/projects/QuranRecognition/fatiha_acoustic_model/feat/Muhammad_AbdulKareem_128kbps/001.mfc
INFO: sphinx_fe.c(764): Converting /home/azizkag/projects/QuranRecognition/fatiha_acoustic_model/wav/Muhammad_AbdulKareem_128kbps/002.wav to /home/azizkag/projects/QuranRecognition/fatiha_acoustic_model/feat/Muhammad_AbdulKareem_128kbps/002.mfc
INFO: sphinx_fe.c(764): Converting /home/azizkag/projects/QuranRecognition/fatiha_acoustic_model/wav/Muhammad_AbdulKareem_128kbps/003.wav to /home/azizkag/projects/QuranRecognition/fatiha_acoustic_model/feat/Muhammad_AbdulKareem_128kbps/003.mfc
INFO: sphinx_fe.c(764): Converting /home/azizkag/projects/QuranRecognition/fatiha_acoustic_model/wav/Muhammad_AbdulKareem_128kbps/004.wav to /home/azizkag/projects/QuranRecognition/fatiha_acoustic_model/feat/Muhammad_AbdulKareem_128kbps/004.mfc
INFO: sphinx_fe.c(764): Converting /home/azizkag/projects/QuranRecognition/fatiha_acoustic_model/wav/Muhammad_AbdulKareem_128kbps/005.wav to /home/azizkag/projects/QuranRecognition/fatiha_acoustic_model/feat/Muhammad_AbdulKareem_128kbps/005.mfc
INFO: sphinx_fe.c(764): Converting /home/azizkag/projects/QuranRecognition/fatiha_acoustic_model/wav/Muhammad_AbdulKareem_128kbps/006.wav to /home/azizkag/projects/QuranRecognition/fatiha_acoustic_model/feat/Muhammad_AbdulKareem_128kbps/006.mfc
INFO: sphinx_fe.c(764): Converting /home/azizkag/projects/QuranRecognition/fatiha_acoustic_model/wav/Muhammad_AbdulKareem_128kbps/007.wav to /home/azizkag/projects/QuranRecognition/fatiha_acoustic_model/feat/Muhammad_AbdulKareem_128kbps/007.mfc
INFO: sphinx_fe.c(764): Converting /home/azizkag/projects/QuranRecognition/fatiha_acoustic_model/wav/Muhammad_Ayyoub_64kbps/001.wav to /home/azizkag/projects/QuranRecognition/fatiha_acoustic_model/feat/Muhammad_Ayyoub_64kbps/001.mfc
INFO: sphinx_fe.c(764): Converting /home/azizkag/projects/QuranRecognition/fatiha_acoustic_model/wav/Muhammad_Ayyoub_64kbps/002.wav to /home/azizkag/projects/QuranRecognition/fatiha_acoustic_model/feat/Muhammad_Ayyoub_64kbps/002.mfc
INFO: sphinx_fe.c(764): Converting /home/azizkag/projects/QuranRecognition/fatiha_acoustic_model/wav/Muhammad_Ayyoub_64kbps/003.wav to /home/azizkag/projects/QuranRecognition/fatiha_acoustic_model/feat/Muhammad_Ayyoub_64kbps/003.mfc
INFO: sphinx_fe.c(764): Converting /home/azizkag/projects/QuranRecognition/fatiha_acoustic_model/wav/Muhammad_Ayyoub_64kbps/004.wav to /home/azizkag/projects/QuranRecognition/fatiha_acoustic_model/feat/Muhammad_Ayyoub_64kbps/004.mfc
INFO: sphinx_fe.c(764): Converting /home/azizkag/projects/QuranRecognition/fatiha_acoustic_model/wav/Muhammad_Ayyoub_64kbps/005.wav to /home/azizkag/projects/QuranRecognition/fatiha_acoustic_model/feat/Muhammad_Ayyoub_64kbps/005.mfc
INFO: sphinx_fe.c(764): Converting /home/azizkag/projects/QuranRecognition/fatiha_acoustic_model/wav/Muhammad_Ayyoub_64kbps/006.wav to /home/azizkag/projects/QuranRecognition/fatiha_acoustic_model/feat/Muhammad_Ayyoub_64kbps/006.mfc
INFO: sphinx_fe.c(764): Converting /home/azizkag/projects/QuranRecognition/fatiha_acoustic_model/wav/Muhammad_Ayyoub_64kbps/007.wav to /home/azizkag/projects/QuranRecognition/fatiha_acoustic_model/feat/Muhammad_Ayyoub_64kbps/007.mfc
INFO: sphinx_fe.c(764): Converting /home/azizkag/projects/QuranRecognition/fatiha_acoustic_model/wav/Muhammad_Jibreel_64kbps/001.wav to /home/azizkag/projects/QuranRecognition/fatiha_acoustic_model/feat/Muhammad_Jibreel_64kbps/001.mfc
INFO: sphinx_fe.c(764): Converting /home/azizkag/projects/QuranRecognition/fatiha_acoustic_model/wav/Muhammad_Jibreel_64kbps/002.wav to /home/azizkag/projects/QuranRecognition/fatiha_acoustic_model/feat/Muhammad_Jibreel_64kbps/002.mfc
INFO: sphinx_fe.c(764): Converting /home/azizkag/projects/QuranRecognition/fatiha_acoustic_model/wav/Muhammad_Jibreel_64kbps/003.wav to /home/azizkag/projects/QuranRecognition/fatiha_acoustic_model/feat/Muhammad_Jibreel_64kbps/003.mfc
INFO: sphinx_fe.c(764): Converting /home/azizkag/projects/QuranRecognition/fatiha_acoustic_model/wav/Muhammad_Jibreel_64kbps/004.wav to /home/azizkag/projects/QuranRecognition/fatiha_acoustic_model/feat/Muhammad_Jibreel_64kbps/004.mfc
INFO: sphinx_fe.c(764): Converting /home/azizkag/projects/QuranRecognition/fatiha_acoustic_model/wav/Muhammad_Jibreel_64kbps/005.wav to /home/azizkag/projects/QuranRecognition/fatiha_acoustic_model/feat/Muhammad_Jibreel_64kbps/005.mfc
INFO: sphinx_fe.c(764): Converting /home/azizkag/projects/QuranRecognition/fatiha_acoustic_model/wav/Muhammad_Jibreel_64kbps/006.wav to /home/azizkag/projects/QuranRecognition/fatiha_acoustic_model/feat/Muhammad_Jibreel_64kbps/006.mfc
INFO: sphinx_fe.c(764): Converting /home/azizkag/projects/QuranRecognition/fatiha_acoustic_model/wav/Muhammad_Jibreel_64kbps/007.wav to /home/azizkag/projects/QuranRecognition/fatiha_acoustic_model/feat/Muhammad_Jibreel_64kbps/007.mfc
INFO: sphinx_fe.c(764): Converting /home/azizkag/projects/QuranRecognition/fatiha_acoustic_model/wav/Muhsin_Al_Qasim_192kbps/001.wav to /home/azizkag/projects/QuranRecognition/fatiha_acoustic_model/feat/Muhsin_Al_Qasim_192kbps/001.mfc
INFO: sphinx_fe.c(764): Converting /home/azizkag/projects/QuranRecognition/fatiha_acoustic_model/wav/Muhsin_Al_Qasim_192kbps/002.wav to /home/azizkag/projects/QuranRecognition/fatiha_acoustic_model/feat/Muhsin_Al_Qasim_192kbps/002.mfc
INFO: sphinx_fe.c(764): Converting /home/azizkag/projects/QuranRecognition/fatiha_acoustic_model/wav/Muhsin_Al_Qasim_192kbps/003.wav to /home/azizkag/projects/QuranRecognition/fatiha_acoustic_model/feat/Muhsin_Al_Qasim_192kbps/003.mfc
INFO: sphinx_fe.c(764): Converting /home/azizkag/projects/QuranRecognition/fatiha_acoustic_model/wav/Muhsin_Al_Qasim_192kbps/004.wav to /home/azizkag/projects/QuranRecognition/fatiha_acoustic_model/feat/Muhsin_Al_Qasim_192kbps/004.mfc
INFO: sphinx_fe.c(764): Converting /home/azizkag/projects/QuranRecognition/fatiha_acoustic_model/wav/Muhsin_Al_Qasim_192kbps/005.wav to /home/azizkag/projects/QuranRecognition/fatiha_acoustic_model/feat/Muhsin_Al_Qasim_192kbps/005.mfc
INFO: sphinx_fe.c(764): Converting /home/azizkag/projects/QuranRecognition/fatiha_acoustic_model/wav/Muhsin_Al_Qasim_192kbps/006.wav to /home/azizkag/projects/QuranRecognition/fatiha_acoustic_model/feat/Muhsin_Al_Qasim_192kbps/006.mfc
INFO: sphinx_fe.c(764): Converting /home/azizkag/projects/QuranRecognition/fatiha_acoustic_model/wav/Muhsin_Al_Qasim_192kbps/007.wav to /home/azizkag/projects/QuranRecognition/fatiha_acoustic_model/feat/Muhsin_Al_Qasim_192kbps/007.mfc
INFO: sphinx_fe.c(764): Converting /home/azizkag/projects/QuranRecognition/fatiha_acoustic_model/wav/Nasser_Alqatami_128kbps/001.wav to /home/azizkag/projects/QuranRecognition/fatiha_acoustic_model/feat/Nasser_Alqatami_128kbps/001.mfc
INFO: sphinx_fe.c(764): Converting /home/azizkag/projects/QuranRecognition/fatiha_acoustic_model/wav/Nasser_Alqatami_128kbps/002.wav to /home/azizkag/projects/QuranRecognition/fatiha_acoustic_model/feat/Nasser_Alqatami_128kbps/002.mfc
INFO: sphinx_fe.c(764): Converting /home/azizkag/projects/QuranRecognition/fatiha_acoustic_model/wav/Nasser_Alqatami_128kbps/003.wav to /home/azizkag/projects/QuranRecognition/fatiha_acoustic_model/feat/Nasser_Alqatami_128kbps/003.mfc
INFO: sphinx_fe.c(764): Converting /home/azizkag/projects/QuranRecognition/fatiha_acoustic_model/wav/Nasser_Alqatami_128kbps/004.wav to /home/azizkag/projects/QuranRecognition/fatiha_acoustic_model/feat/Nasser_Alqatami_128kbps/004.mfc
INFO: sphinx_fe.c(764): Converting /home/azizkag/projects/QuranRecognition/fatiha_acoustic_model/wav/Nasser_Alqatami_128kbps/005.wav to /home/azizkag/projects/QuranRecognition/fatiha_acoustic_model/feat/Nasser_Alqatami_128kbps/005.mfc
INFO: sphinx_fe.c(764): Converting /home/azizkag/projects/QuranRecognition/fatiha_acoustic_model/wav/Nasser_Alqatami_128kbps/006.wav to /home/azizkag/projects/QuranRecognition/fatiha_acoustic_model/feat/Nasser_Alqatami_128kbps/006.mfc
INFO: sphinx_fe.c(764): Converting /home/azizkag/projects/QuranRecognition/fatiha_acoustic_model/wav/Nasser_Alqatami_128kbps/007.wav to /home/azizkag/projects/QuranRecognition/fatiha_acoustic_model/feat/Nasser_Alqatami_128kbps/007.mfc
INFO: sphinx_fe.c(764): Converting /home/azizkag/projects/QuranRecognition/fatiha_acoustic_model/wav/Parhizgar_48kbps/001.wav to /home/azizkag/projects/QuranRecognition/fatiha_acoustic_model/feat/Parhizgar_48kbps/001.mfc
INFO: sphinx_fe.c(764): Converting /home/azizkag/projects/QuranRecognition/fatiha_acoustic_model/wav/Parhizgar_48kbps/002.wav to /home/azizkag/projects/QuranRecognition/fatiha_acoustic_model/feat/Parhizgar_48kbps/002.mfc
INFO: sphinx_fe.c(764): Converting /home/azizkag/projects/QuranRecognition/fatiha_acoustic_model/wav/Parhizgar_48kbps/003.wav to /home/azizkag/projects/QuranRecognition/fatiha_acoustic_model/feat/Parhizgar_48kbps/003.mfc
INFO: sphinx_fe.c(764): Converting /home/azizkag/projects/QuranRecognition/fatiha_acoustic_model/wav/Sahl_Yassin_128kbps/005.wav to /home/azizkag/projects/QuranRecognition/fatiha_acoustic_model/feat/Sahl_Yassin_128kbps/005.mfc
INFO: sphinx_fe.c(764): Converting /home/azizkag/projects/QuranRecognition/fatiha_acoustic_model/wav/Sahl_Yassin_128kbps/006.wav to /home/azizkag/projects/QuranRecognition/fatiha_acoustic_model/feat/Sahl_Yassin_128kbps/006.mfc
INFO: sphinx_fe.c(764): Converting /home/azizkag/projects/QuranRecognition/fatiha_acoustic_model/wav/Sahl_Yassin_128kbps/007.wav to /home/azizkag/projects/QuranRecognition/fatiha_acoustic_model/feat/Sahl_Yassin_128kbps/007.mfc
INFO: sphinx_fe.c(764): Converting /home/azizkag/projects/QuranRecognition/fatiha_acoustic_model/wav/Salaah_AbdulRahman_Bukhatir_128kbps/001.wav to /home/azizkag/projects/QuranRecognition/fatiha_acoustic_model/feat/Salaah_AbdulRahman_Bukhatir_128kbps/001.mfc
INFO: sphinx_fe.c(764): Converting /home/azizkag/projects/QuranRecognition/fatiha_acoustic_model/wav/Salaah_AbdulRahman_Bukhatir_128kbps/002.wav to /home/azizkag/projects/QuranRecognition/fatiha_acoustic_model/feat/Salaah_AbdulRahman_Bukhatir_128kbps/002.mfc
INFO: sphinx_fe.c(764): Converting /home/azizkag/projects/QuranRecognition/fatiha_acoustic_model/wav/Salaah_AbdulRahman_Bukhatir_128kbps/003.wav to /home/azizkag/projects/QuranRecognition/fatiha_acoustic_model/feat/Salaah_AbdulRahman_Bukhatir_128kbps/003.mfc
INFO: sphinx_fe.c(764): Converting /home/azizkag/projects/QuranRecognition/fatiha_acoustic_model/wav/Salaah_AbdulRahman_Bukhatir_128kbps/004.wav to /home/azizkag/projects/QuranRecognition/fatiha_acoustic_model/feat/Salaah_AbdulRahman_Bukhatir_128kbps/004.mfc
INFO: sphinx_fe.c(764): Converting /home/azizkag/projects/QuranRecognition/fatiha_acoustic_model/wav/Salaah_AbdulRahman_Bukhatir_128kbps/005.wav to /home/azizkag/projects/QuranRecognition/fatiha_acoustic_model/feat/Salaah_AbdulRahman_Bukhatir_128kbps/005.mfc
INFO: sphinx_fe.c(764): Converting /home/azizkag/projects/QuranRecognition/fatiha_acoustic_model/wav/Salaah_AbdulRahman_Bukhatir_128kbps/006.wav to /home/azizkag/projects/QuranRecognition/fatiha_acoustic_model/feat/Salaah_AbdulRahman_Bukhatir_128kbps/006.mfc
INFO: sphinx_fe.c(764): Converting /home/azizkag/projects/QuranRecognition/fatiha_acoustic_model/wav/Salaah_AbdulRahman_Bukhatir_128kbps/007.wav to /home/azizkag/projects/QuranRecognition/fatiha_acoustic_model/feat/Salaah_AbdulRahman_Bukhatir_128kbps/007.mfc
INFO: sphinx_fe.c(764): Converting /home/azizkag/projects/QuranRecognition/fatiha_acoustic_model/wav/Salah_Al_Budair_128kbps/001.wav to /home/azizkag/projects/QuranRecognition/fatiha_acoustic_model/feat/Salah_Al_Budair_128kbps/001.mfc
INFO: sphinx_fe.c(764): Converting /home/azizkag/projects/QuranRecognition/fatiha_acoustic_model/wav/Salah_Al_Budair_128kbps/002.wav to /home/azizkag/projects/QuranRecognition/fatiha_acoustic_model/feat/Salah_Al_Budair_128kbps/002.mfc
INFO: sphinx_fe.c(764): Converting /home/azizkag/projects/QuranRecognition/fatiha_acoustic_model/wav/Salah_Al_Budair_128kbps/003.wav to /home/azizkag/projects/QuranRecognition/fatiha_acoustic_model/feat/Salah_Al_Budair_128kbps/003.mfc
INFO: sphinx_fe.c(764): Converting /home/azizkag/projects/QuranRecognition/fatiha_acoustic_model/wav/Salah_Al_Budair_128kbps/004.wav to /home/azizkag/projects/QuranRecognition/fatiha_acoustic_model/feat/Salah_Al_Budair_128kbps/004.mfc
INFO: sphinx_fe.c(764): Converting /home/azizkag/projects/QuranRecognition/fatiha_acoustic_model/wav/Salah_Al_Budair_128kbps/005.wav to /home/azizkag/projects/QuranRecognition/fatiha_acoustic_model/feat/Salah_Al_Budair_128kbps/005.mfc
INFO: sphinx_fe.c(764): Converting /home/azizkag/projects/QuranRecognition/fatiha_acoustic_model/wav/Salah_Al_Budair_128kbps/006.wav to /home/azizkag/projects/QuranRecognition/fatiha_acoustic_model/feat/Salah_Al_Budair_128kbps/006.mfc
INFO: sphinx_fe.c(764): Converting /home/azizkag/projects/QuranRecognition/fatiha_acoustic_model/wav/Salah_Al_Budair_128kbps/007.wav to /home/azizkag/projects/QuranRecognition/fatiha_acoustic_model/feat/Salah_Al_Budair_128kbps/007.mfc
INFO: sphinx_fe.c(764): Converting /home/azizkag/projects/QuranRecognition/fatiha_acoustic_model/wav/Saood_ash-Shuraym_128kbps/001.wav to /home/azizkag/projects/QuranRecognition/fatiha_acoustic_model/feat/Saood_ash-Shuraym_128kbps/001.mfc
INFO: sphinx_fe.c(764): Converting /home/azizkag/projects/QuranRecognition/fatiha_acoustic_model/wav/Saood_ash-Shuraym_128kbps/002.wav to /home/azizkag/projects/QuranRecognition/fatiha_acoustic_model/feat/Saood_ash-Shuraym_128kbps/002.mfc
INFO: sphinx_fe.c(764): Converting /home/azizkag/projects/QuranRecognition/fatiha_acoustic_model/wav/Saood_ash-Shuraym_128kbps/003.wav to /home/azizkag/projects/QuranRecognition/fatiha_acoustic_model/feat/Saood_ash-Shuraym_128kbps/003.mfc
INFO: sphinx_fe.c(764): Converting /home/azizkag/projects/QuranRecognition/fatiha_acoustic_model/wav/Saood_ash-Shuraym_128kbps/004.wav to /home/azizkag/projects/QuranRecognition/fatiha_acoustic_model/feat/Saood_ash-Shuraym_128kbps/004.mfc
INFO: sphinx_fe.c(764): Converting /home/azizkag/projects/QuranRecognition/fatiha_acoustic_model/wav/Saood_ash-Shuraym_128kbps/005.wav to /home/azizkag/projects/QuranRecognition/fatiha_acoustic_model/feat/Saood_ash-Shuraym_128kbps/005.mfc
INFO: sphinx_fe.c(764): Converting /home/azizkag/projects/QuranRecognition/fatiha_acoustic_model/wav/Saood_ash-Shuraym_128kbps/006.wav to /home/azizkag/projects/QuranRecognition/fatiha_acoustic_model/feat/Saood_ash-Shuraym_128kbps/006.mfc
INFO: sphinx_fe.c(764): Converting /home/azizkag/projects/QuranRecognition/fatiha_acoustic_model/wav/Saood_ash-Shuraym_128kbps/007.wav to /home/azizkag/projects/QuranRecognition/fatiha_acoustic_model/feat/Saood_ash-Shuraym_128kbps/007.mfc
INFO: sphinx_fe.c(764): Converting /home/azizkag/projects/QuranRecognition/fatiha_acoustic_model/wav/Yaser_Salamah_128kbps/001.wav to /home/azizkag/projects/QuranRecognition/fatiha_acoustic_model/feat/Yaser_Salamah_128kbps/001.mfc
INFO: sphinx_fe.c(764): Converting /home/azizkag/projects/QuranRecognition/fatiha_acoustic_model/wav/Yaser_Salamah_128kbps/002.wav to /home/azizkag/projects/QuranRecognition/fatiha_acoustic_model/feat/Yaser_Salamah_128kbps/002.mfc
INFO: sphinx_fe.c(764): Converting /home/azizkag/projects/QuranRecognition/fatiha_acoustic_model/wav/Yaser_Salamah_128kbps/003.wav to /home/azizkag/projects/QuranRecognition/fatiha_acoustic_model/feat/Yaser_Salamah_128kbps/003.mfc
INFO: sphinx_fe.c(764): Converting /home/azizkag/projects/QuranRecognition/fatiha_acoustic_model/wav/Yaser_Salamah_128kbps/004.wav to /home/azizkag/projects/QuranRecognition/fatiha_acoustic_model/feat/Yaser_Salamah_128kbps/004.mfc
INFO: sphinx_fe.c(764): Converting /home/azizkag/projects/QuranRecognition/fatiha_acoustic_model/wav/Yaser_Salamah_128kbps/005.wav to /home/azizkag/projects/QuranRecognition/fatiha_acoustic_model/feat/Yaser_Salamah_128kbps/005.mfc
INFO: sphinx_fe.c(764): Converting /home/azizkag/projects/QuranRecognition/fatiha_acoustic_model/wav/Yaser_Salamah_128kbps/006.wav to /home/azizkag/projects/QuranRecognition/fatiha_acoustic_model/feat/Yaser_Salamah_128kbps/006.mfc
INFO: sphinx_fe.c(764): Converting /home/azizkag/projects/QuranRecognition/fatiha_acoustic_model/wav/Yaser_Salamah_128kbps/007.wav to /home/azizkag/projects/QuranRecognition/fatiha_acoustic_model/feat/Yaser_Salamah_128kbps/007.mfc
INFO: sphinx_fe.c(764): Converting /home/azizkag/projects/QuranRecognition/fatiha_acoustic_model/wav/Yasser_Ad-Dussary_128kbps/001.wav to /home/azizkag/projects/QuranRecognition/fatiha_acoustic_model/feat/Yasser_Ad-Dussary_128kbps/001.mfc
INFO: sphinx_fe.c(764): Converting /home/azizkag/projects/QuranRecognition/fatiha_acoustic_model/wav/Yasser_Ad-Dussary_128kbps/002.wav to /home/azizkag/projects/QuranRecognition/fatiha_acoustic_model/feat/Yasser_Ad-Dussary_128kbps/002.mfc
INFO: sphinx_fe.c(764): Converting /home/azizkag/projects/QuranRecognition/fatiha_acoustic_model/wav/Yasser_Ad-Dussary_128kbps/003.wav to /home/azizkag/projects/QuranRecognition/fatiha_acoustic_model/feat/Yasser_Ad-Dussary_128kbps/003.mfc
INFO: sphinx_fe.c(764): Converting /home/azizkag/projects/QuranRecognition/fatiha_acoustic_model/wav/Yasser_Ad-Dussary_128kbps/004.wav to /home/azizkag/projects/QuranRecognition/fatiha_acoustic_model/feat/Yasser_Ad-Dussary_128kbps/004.mfc
INFO: sphinx_fe.c(764): Converting /home/azizkag/projects/QuranRecognition/fatiha_acoustic_model/wav/Yasser_Ad-Dussary_128kbps/005.wav to /home/azizkag/projects/QuranRecognition/fatiha_acoustic_model/feat/Yasser_Ad-Dussary_128kbps/005.mfc
INFO: sphinx_fe.c(764): Converting /home/azizkag/projects/QuranRecognition/fatiha_acoustic_model/wav/Yasser_Ad-Dussary_128kbps/006.wav to /home/azizkag/projects/QuranRecognition/fatiha_acoustic_model/feat/Yasser_Ad-Dussary_128kbps/006.mfc
INFO: sphinx_fe.c(764): Converting /home/azizkag/projects/QuranRecognition/fatiha_acoustic_model/wav/Yasser_Ad-Dussary_128kbps/007.wav to /home/azizkag/projects/QuranRecognition/fatiha_acoustic_model/feat/Yasser_Ad-Dussary_128kbps/007.mfc
INFO: sphinx_fe.c(764): Converting /home/azizkag/projects/QuranRecognition/fatiha_acoustic_model/wav/ahmed_ibn_ali_al_ajamy_128kbps/001.wav to /home/azizkag/projects/QuranRecognition/fatiha_acoustic_model/feat/ahmed_ibn_ali_al_ajamy_128kbps/001.mfc
INFO: sphinx_fe.c(764): Converting /home/azizkag/projects/QuranRecognition/fatiha_acoustic_model/wav/ahmed_ibn_ali_al_ajamy_128kbps/002.wav to /home/azizkag/projects/QuranRecognition/fatiha_acoustic_model/feat/ahmed_ibn_ali_al_ajamy_128kbps/002.mfc
INFO: sphinx_fe.c(764): Converting /home/azizkag/projects/QuranRecognition/fatiha_acoustic_model/wav/ahmed_ibn_ali_al_ajamy_128kbps/003.wav to /home/azizkag/projects/QuranRecognition/fatiha_acoustic_model/feat/ahmed_ibn_ali_al_ajamy_128kbps/003.mfc
INFO: sphinx_fe.c(764): Converting /home/azizkag/projects/QuranRecognition/fatiha_acoustic_model/wav/ahmed_ibn_ali_al_ajamy_128kbps/004.wav to /home/azizkag/projects/QuranRecognition/fatiha_acoustic_model/feat/ahmed_ibn_ali_al_ajamy_128kbps/004.mfc
INFO: sphinx_fe.c(764): Converting /home/azizkag/projects/QuranRecognition/fatiha_acoustic_model/wav/ahmed_ibn_ali_al_ajamy_128kbps/005.wav to /home/azizkag/projects/QuranRecognition/fatiha_acoustic_model/feat/ahmed_ibn_ali_al_ajamy_128kbps/005.mfc
INFO: sphinx_fe.c(764): Converting /home/azizkag/projects/QuranRecognition/fatiha_acoustic_model/wav/ahmed_ibn_ali_al_ajamy_128kbps/006.wav to /home/azizkag/projects/QuranRecognition/fatiha_acoustic_model/feat/ahmed_ibn_ali_al_ajamy_128kbps/006.mfc
INFO: sphinx_fe.c(764): Converting /home/azizkag/projects/QuranRecognition/fatiha_acoustic_model/wav/ahmed_ibn_ali_al_ajamy_128kbps/007.wav to /home/azizkag/projects/QuranRecognition/fatiha_acoustic_model/feat/ahmed_ibn_ali_al_ajamy_128kbps/007.mfc
INFO: sphinx_fe.c(764): Converting /home/azizkag/projects/QuranRecognition/fatiha_acoustic_model/wav/aziz_alili_128kbps/001.wav to /home/azizkag/projects/QuranRecognition/fatiha_acoustic_model/feat/aziz_alili_128kbps/001.mfc
INFO: sphinx_fe.c(764): Converting /home/azizkag/projects/QuranRecognition/fatiha_acoustic_model/wav/aziz_alili_128kbps/002.wav to /home/azizkag/projects/QuranRecognition/fatiha_acoustic_model/feat/aziz_alili_128kbps/002.mfc
INFO: sphinx_fe.c(764): Converting /home/azizkag/projects/QuranRecognition/fatiha_acoustic_model/wav/aziz_alili_128kbps/003.wav to /home/azizkag/projects/QuranRecognition/fatiha_acoustic_model/feat/aziz_alili_128kbps/003.mfc
INFO: sphinx_fe.c(764): Converting /home/azizkag/projects/QuranRecognition/fatiha_acoustic_model/wav/aziz_alili_128kbps/004.wav to /home/azizkag/projects/QuranRecognition/fatiha_acoustic_model/feat/aziz_alili_128kbps/004.mfc
INFO: sphinx_fe.c(764): Converting /home/azizkag/projects/QuranRecognition/fatiha_acoustic_model/wav/aziz_alili_128kbps/005.wav to /home/azizkag/projects/QuranRecognition/fatiha_acoustic_model/feat/aziz_alili_128kbps/005.mfc
INFO: sphinx_fe.c(764): Converting /home/azizkag/projects/QuranRecognition/fatiha_acoustic_model/wav/aziz_alili_128kbps/006.wav to /home/azizkag/projects/QuranRecognition/fatiha_acoustic_model/feat/aziz_alili_128kbps/006.mfc
INFO: sphinx_fe.c(764): Converting /home/azizkag/projects/QuranRecognition/fatiha_acoustic_model/wav/aziz_alili_128kbps/007.wav to /home/azizkag/projects/QuranRecognition/fatiha_acoustic_model/feat/aziz_alili_128kbps/007.mfc
INFO: sphinx_fe.c(764): Converting /home/azizkag/projects/QuranRecognition/fatiha_acoustic_model/wav/khalefa_al_tunaiji_64kbps/001.wav to /home/azizkag/projects/QuranRecognition/fatiha_acoustic_model/feat/khalefa_al_tunaiji_64kbps/001.mfc
INFO: sphinx_fe.c(764): Converting /home/azizkag/projects/QuranRecognition/fatiha_acoustic_model/wav/khalefa_al_tunaiji_64kbps/002.wav to /home/azizkag/projects/QuranRecognition/fatiha_acoustic_model/feat/khalefa_al_tunaiji_64kbps/002.mfc
INFO: sphinx_fe.c(764): Converting /home/azizkag/projects/QuranRecognition/fatiha_acoustic_model/wav/khalefa_al_tunaiji_64kbps/003.wav to /home/azizkag/projects/QuranRecognition/fatiha_acoustic_model/feat/khalefa_al_tunaiji_64kbps/003.mfc
INFO: sphinx_fe.c(764): Converting /home/azizkag/projects/QuranRecognition/fatiha_acoustic_model/wav/khalefa_al_tunaiji_64kbps/004.wav to /home/azizkag/projects/QuranRecognition/fatiha_acoustic_model/feat/khalefa_al_tunaiji_64kbps/004.mfc
INFO: sphinx_fe.c(764): Converting /home/azizkag/projects/QuranRecognition/fatiha_acoustic_model/wav/khalefa_al_tunaiji_64kbps/005.wav to /home/azizkag/projects/QuranRecognition/fatiha_acoustic_model/feat/khalefa_al_tunaiji_64kbps/005.mfc
INFO: sphinx_fe.c(764): Converting /home/azizkag/projects/QuranRecognition/fatiha_acoustic_model/wav/khalefa_al_tunaiji_64kbps/006.wav to /home/azizkag/projects/QuranRecognition/fatiha_acoustic_model/feat/khalefa_al_tunaiji_64kbps/006.mfc
INFO: sphinx_fe.c(764): Converting /home/azizkag/projects/QuranRecognition/fatiha_acoustic_model/wav/khalefa_al_tunaiji_64kbps/007.wav to /home/azizkag/projects/QuranRecognition/fatiha_acoustic_model/feat/khalefa_al_tunaiji_64kbps/007.mfc
Sun Jan 24 16:56:51 2016
