Current configuration:
[NAME]		[DEFLT]	[VALUE]
-dest_meanfn		/home/azizkag/projects/QuranRecognition/fatiha_acoustic_model/model_parameters/fatiha.cd_cont_untied/means
-dest_mixwfn		/home/azizkag/projects/QuranRecognition/fatiha_acoustic_model/model_parameters/fatiha.cd_cont_untied/mixture_weights
-dest_moddeffn		/home/azizkag/projects/QuranRecognition/fatiha_acoustic_model/model_architecture/fatiha.untied.mdef
-dest_tmatfn		/home/azizkag/projects/QuranRecognition/fatiha_acoustic_model/model_parameters/fatiha.cd_cont_untied/transition_matrices
-dest_ts2cbfn		.cont.
-dest_varfn		/home/azizkag/projects/QuranRecognition/fatiha_acoustic_model/model_parameters/fatiha.cd_cont_untied/variances
-example	no	no
-fullvar	no	no
-help		no	no
-src_meanfn		/home/azizkag/projects/QuranRecognition/fatiha_acoustic_model/model_parameters/fatiha.ci_cont/means
-src_mixwfn		/home/azizkag/projects/QuranRecognition/fatiha_acoustic_model/model_parameters/fatiha.ci_cont/mixture_weights
-src_moddeffn		/home/azizkag/projects/QuranRecognition/fatiha_acoustic_model/model_architecture/fatiha.ci.mdef
-src_tmatfn		/home/azizkag/projects/QuranRecognition/fatiha_acoustic_model/model_parameters/fatiha.ci_cont/transition_matrices
-src_ts2cbfn		.cont.
-src_varfn		/home/azizkag/projects/QuranRecognition/fatiha_acoustic_model/model_parameters/fatiha.ci_cont/variances

INFO: main.c(261): Reading src /home/azizkag/projects/QuranRecognition/fatiha_acoustic_model/model_architecture/fatiha.ci.mdef
INFO: model_def_io.c(573): Model definition info:
INFO: model_def_io.c(574): 62 total models defined (62 base, 0 tri)
INFO: model_def_io.c(575): 248 total states
INFO: model_def_io.c(576): 186 total tied states
INFO: model_def_io.c(577): 186 total tied CI states
INFO: model_def_io.c(578): 62 total tied transition matrices
INFO: model_def_io.c(579): 4 max state/model
INFO: model_def_io.c(580): 4 min state/model
INFO: main.c(278): Generating continous ts2cb mapping
INFO: main.c(299): Reading src /home/azizkag/projects/QuranRecognition/fatiha_acoustic_model/model_parameters/fatiha.ci_cont/mixture_weights
INFO: s3mixw_io.c(117): Read /home/azizkag/projects/QuranRecognition/fatiha_acoustic_model/model_parameters/fatiha.ci_cont/mixture_weights [186x1x1 array]
INFO: main.c(309): Reading src /home/azizkag/projects/QuranRecognition/fatiha_acoustic_model/model_parameters/fatiha.ci_cont/transition_matrices
INFO: s3tmat_io.c(118): Read /home/azizkag/projects/QuranRecognition/fatiha_acoustic_model/model_parameters/fatiha.ci_cont/transition_matrices [62x3x4 array]
INFO: main.c(318): Reading src /home/azizkag/projects/QuranRecognition/fatiha_acoustic_model/model_parameters/fatiha.ci_cont/means
INFO: s3gau_io.c(169): Read /home/azizkag/projects/QuranRecognition/fatiha_acoustic_model/model_parameters/fatiha.ci_cont/means [186x1x1 array]
INFO: main.c(342): Reading src /home/azizkag/projects/QuranRecognition/fatiha_acoustic_model/model_parameters/fatiha.ci_cont/variances
INFO: s3gau_io.c(169): Read /home/azizkag/projects/QuranRecognition/fatiha_acoustic_model/model_parameters/fatiha.ci_cont/variances [186x1x1 array]
INFO: main.c(391): Reading dest /home/azizkag/projects/QuranRecognition/fatiha_acoustic_model/model_architecture/fatiha.untied.mdef
INFO: model_def_io.c(573): Model definition info:
INFO: model_def_io.c(574): 148 total models defined (62 base, 86 tri)
INFO: model_def_io.c(575): 592 total states
INFO: model_def_io.c(576): 444 total tied states
INFO: model_def_io.c(577): 186 total tied CI states
INFO: model_def_io.c(578): 62 total tied transition matrices
INFO: model_def_io.c(579): 4 max state/model
INFO: model_def_io.c(580): 4 min state/model
INFO: main.c(407): Generating continous ts2cb mapping
INFO: main.c(431): Calculating initial model parameters
INFO: main.c(439): Alloc 62x3x4 dest tmat
INFO: main.c(450): Alloc 444x1x1 dest mixw
INFO: main.c(463): Alloc 444x1x1 dest mean and var
       'an <- 'an       : [tm     0 +=     0]
[mx     0(0) +=     0] [mg     0(0) <-     0] [mx     1(1) +=     1] [mg     1(1) <-     1] [mx     2(2) +=     2] [mg     2(2) <-     2] 
       'ī <- 'ī       : [tm     1 +=     1]
[mx     3(0) +=     3] [mg     3(0) <-     3] [mx     4(1) +=     4] [mg     4(1) <-     4] [mx     5(2) +=     5] [mg     5(2) <-     5] 
       SIL <- SIL       : [tm     2 +=     2]
[mx     6(0) +=     6] [mg     6(0) <-     6] [mx     7(1) +=     7] [mg     7(1) <-     7] [mx     8(2) +=     8] [mg     8(2) <-     8] 
        `a <- `a        : [tm     3 +=     3]
[mx     9(0) +=     9] [mg     9(0) <-     9] [mx    10(1) +=    10] [mg    10(1) <-    10] [mx    11(2) +=    11] [mg    11(2) <-    11] 
       `am <- `am       : [tm     4 +=     4]
[mx    12(0) +=    12] [mg    12(0) <-    12] [mx    13(1) +=    13] [mg    13(1) <-    13] [mx    14(2) +=    14] [mg    14(2) <-    14] 
       `ā <- `ā       : [tm     5 +=     5]
[mx    15(0) +=    15] [mg    15(0) <-    15] [mx    16(1) +=    16] [mg    16(1) <-    16] [mx    17(2) +=    17] [mg    17(2) <-    17] 
       `ī <- `ī       : [tm     6 +=     6]
[mx    18(0) +=    18] [mg    18(0) <-    18] [mx    19(1) +=    19] [mg    19(1) <-    19] [mx    20(2) +=    20] [mg    20(2) <-    20] 
       ad- <- ad-       : [tm     7 +=     7]
[mx    21(0) +=    21] [mg    21(0) <-    21] [mx    22(1) +=    22] [mg    22(1) <-    22] [mx    23(2) +=    23] [mg    23(2) <-    23] 
        ah <- ah        : [tm     8 +=     8]
[mx    24(0) +=    24] [mg    24(0) <-    24] [mx    25(1) +=    25] [mg    25(1) <-    25] [mx    26(2) +=    26] [mg    26(2) <-    26] 
        al <- al        : [tm     9 +=     9]
[mx    27(0) +=    27] [mg    27(0) <-    27] [mx    28(1) +=    28] [mg    28(1) <-    28] [mx    29(2) +=    29] [mg    29(2) <-    29] 
       all <- all       : [tm    10 +=    10]
[mx    30(0) +=    30] [mg    30(0) <-    30] [mx    31(1) +=    31] [mg    31(1) <-    31] [mx    32(2) +=    32] [mg    32(2) <-    32] 
       ar- <- ar-       : [tm    11 +=    11]
[mx    33(0) +=    33] [mg    33(0) <-    33] [mx    34(1) +=    34] [mg    34(1) <-    34] [mx    35(2) +=    35] [mg    35(2) <-    35] 
      ađ- <- ađ-      : [tm    12 +=    12]
[mx    36(0) +=    36] [mg    36(0) <-    36] [mx    37(1) +=    37] [mg    37(1) <-    37] [mx    38(2) +=    38] [mg    38(2) <-    38] 
      aş- <- aş-      : [tm    13 +=    13]
[mx    39(0) +=    39] [mg    39(0) <-    39] [mx    40(1) +=    40] [mg    40(1) <-    40] [mx    41(2) +=    41] [mg    41(2) <-    41] 
       bbi <- bbi       : [tm    14 +=    14]
[mx    42(0) +=    42] [mg    42(0) <-    42] [mx    43(1) +=    43] [mg    43(1) <-    43] [mx    44(2) +=    44] [mg    44(2) <-    44] 
        bi <- bi        : [tm    15 +=    15]
[mx    45(0) +=    45] [mg    45(0) <-    45] [mx    46(1) +=    46] [mg    46(1) <-    46] [mx    47(2) +=    47] [mg    47(2) <-    47] 
        bu <- bu        : [tm    16 +=    16]
[mx    48(0) +=    48] [mg    48(0) <-    48] [mx    49(1) +=    49] [mg    49(1) <-    49] [mx    50(2) +=    50] [mg    50(2) <-    50] 
      dhī <- dhī      : [tm    17 +=    17]
[mx    51(0) +=    51] [mg    51(0) <-    51] [mx    52(1) +=    52] [mg    52(1) <-    52] [mx    53(2) +=    53] [mg    53(2) <-    53] 
        di <- di        : [tm    18 +=    18]
[mx    54(0) +=    54] [mg    54(0) <-    54] [mx    55(1) +=    55] [mg    55(1) <-    55] [mx    56(2) +=    56] [mg    56(2) <-    56] 
        du <- du        : [tm    19 +=    19]
[mx    57(0) +=    57] [mg    57(0) <-    57] [mx    58(1) +=    58] [mg    58(1) <-    58] [mx    59(2) +=    59] [mg    59(2) <-    59] 
       dī <- dī       : [tm    20 +=    20]
[mx    60(0) +=    60] [mg    60(0) <-    60] [mx    61(1) +=    61] [mg    61(1) <-    61] [mx    62(2) +=    62] [mg    62(2) <-    62] 
      ghay <- ghay      : [tm    21 +=    21]
[mx    63(0) +=    63] [mg    63(0) <-    63] [mx    64(1) +=    64] [mg    64(1) <-    64] [mx    65(2) +=    65] [mg    65(2) <-    65] 
         h <- h         : [tm    22 +=    22]
[mx    66(0) +=    66] [mg    66(0) <-    66] [mx    67(1) +=    67] [mg    67(1) <-    67] [mx    68(2) +=    68] [mg    68(2) <-    68] 
        hi <- hi        : [tm    23 +=    23]
[mx    69(0) +=    69] [mg    69(0) <-    69] [mx    70(1) +=    70] [mg    70(1) <-    70] [mx    71(2) +=    71] [mg    71(2) <-    71] 
       him <- him       : [tm    24 +=    24]
[mx    72(0) +=    72] [mg    72(0) <-    72] [mx    73(1) +=    73] [mg    73(1) <-    73] [mx    74(2) +=    74] [mg    74(2) <-    74] 
        ka <- ka        : [tm    25 +=    25]
[mx    75(0) +=    75] [mg    75(0) <-    75] [mx    76(1) +=    76] [mg    76(1) <-    76] [mx    77(2) +=    77] [mg    77(2) <-    77] 
        ki <- ki        : [tm    26 +=    26]
[mx    78(0) +=    78] [mg    78(0) <-    78] [mx    79(1) +=    79] [mg    79(1) <-    79] [mx    80(2) +=    80] [mg    80(2) <-    80] 
        la <- la        : [tm    27 +=    27]
[mx    81(0) +=    81] [mg    81(0) <-    81] [mx    82(1) +=    82] [mg    82(1) <-    82] [mx    83(2) +=    83] [mg    83(2) <-    83] 
       lay <- lay       : [tm    28 +=    28]
[mx    84(0) +=    84] [mg    84(0) <-    84] [mx    85(1) +=    85] [mg    85(1) <-    85] [mx    86(2) +=    86] [mg    86(2) <-    86] 
        li <- li        : [tm    29 +=    29]
[mx    87(0) +=    87] [mg    87(0) <-    87] [mx    88(1) +=    88] [mg    88(1) <-    88] [mx    89(2) +=    89] [mg    89(2) <-    89] 
       lil <- lil       : [tm    30 +=    30]
[mx    90(0) +=    90] [mg    90(0) <-    90] [mx    91(1) +=    91] [mg    91(1) <-    91] [mx    92(2) +=    92] [mg    92(2) <-    92] 
    llīna <- llīna    : [tm    31 +=    31]
[mx    93(0) +=    93] [mg    93(0) <-    93] [mx    94(1) +=    94] [mg    94(1) <-    94] [mx    95(2) +=    95] [mg    95(2) <-    95] 
       lā <- lā       : [tm    32 +=    32]
[mx    96(0) +=    96] [mg    96(0) <-    96] [mx    97(1) +=    97] [mg    97(1) <-    97] [mx    98(2) +=    98] [mg    98(2) <-    98] 
        ma <- ma        : [tm    33 +=    33]
[mx    99(0) +=    99] [mg    99(0) <-    99] [mx   100(1) +=   100] [mg   100(1) <-   100] [mx   101(2) +=   101] [mg   101(2) <-   101] 
      magh <- magh      : [tm    34 +=    34]
[mx   102(0) +=   102] [mg   102(0) <-   102] [mx   103(1) +=   103] [mg   103(1) <-   103] [mx   104(2) +=   104] [mg   104(2) <-   104] 
        mi <- mi        : [tm    35 +=    35]
[mx   105(0) +=   105] [mg   105(0) <-   105] [mx   106(1) +=   106] [mg   106(1) <-   106] [mx   107(2) +=   107] [mg   107(2) <-   107] 
       mus <- mus       : [tm    36 +=    36]
[mx   108(0) +=   108] [mg   108(0) <-   108] [mx   109(1) +=   109] [mg   109(1) <-   109] [mx   110(2) +=   110] [mg   110(2) <-   110] 
       mā <- mā       : [tm    37 +=    37]
[mx   111(0) +=   111] [mg   111(0) <-   111] [mx   112(1) +=   112] [mg   112(1) <-   112] [mx   113(2) +=   113] [mg   113(2) <-   113] 
       mī <- mī       : [tm    38 +=    38]
[mx   114(0) +=   114] [mg   114(0) <-   114] [mx   115(1) +=   115] [mg   115(1) <-   115] [mx   116(2) +=   116] [mg   116(2) <-   116] 
        na <- na        : [tm    39 +=    39]
[mx   117(0) +=   117] [mg   117(0) <-   117] [mx   118(1) +=   118] [mg   118(1) <-   118] [mx   119(2) +=   119] [mg   119(2) <-   119] 
       na` <- na`       : [tm    40 +=    40]
[mx   120(0) +=   120] [mg   120(0) <-   120] [mx   121(1) +=   121] [mg   121(1) <-   121] [mx   122(2) +=   122] [mg   122(2) <-   122] 
       nas <- nas       : [tm    41 +=    41]
[mx   123(0) +=   123] [mg   123(0) <-   123] [mx   124(1) +=   124] [mg   124(1) <-   124] [mx   125(2) +=   125] [mg   125(2) <-   125] 
        ni <- ni        : [tm    42 +=    42]
[mx   126(0) +=   126] [mg   126(0) <-   126] [mx   127(1) +=   127] [mg   127(1) <-   127] [mx   128(2) +=   128] [mg   128(2) <-   128] 
        nu <- nu        : [tm    43 +=    43]
[mx   129(0) +=   129] [mg   129(0) <-   129] [mx   130(1) +=   130] [mg   130(1) <-   130] [mx   131(2) +=   131] [mg   131(2) <-   131] 
       nā <- nā       : [tm    44 +=    44]
[mx   132(0) +=   132] [mg   132(0) <-   132] [mx   133(1) +=   133] [mg   133(1) <-   133] [mx   134(2) +=   134] [mg   134(2) <-   134] 
       qī <- qī       : [tm    45 +=    45]
[mx   135(0) +=   135] [mg   135(0) <-   135] [mx   136(1) +=   136] [mg   136(1) <-   136] [mx   137(2) +=   137] [mg   137(2) <-   137] 
        ra <- ra        : [tm    46 +=    46]
[mx   138(0) +=   138] [mg   138(0) <-   138] [mx   139(1) +=   139] [mg   139(1) <-   139] [mx   140(2) +=   140] [mg   140(2) <-   140] 
        ri <- ri        : [tm    47 +=    47]
[mx   141(0) +=   141] [mg   141(0) <-   141] [mx   142(1) +=   142] [mg   142(1) <-   142] [mx   143(2) +=   143] [mg   143(2) <-   143] 
       rā <- rā       : [tm    48 +=    48]
[mx   144(0) +=   144] [mg   144(0) <-   144] [mx   145(1) +=   145] [mg   145(1) <-   145] [mx   146(2) +=   146] [mg   146(2) <-   146] 
         s <- s         : [tm    49 +=    49]
[mx   147(0) +=   147] [mg   147(0) <-   147] [mx   148(1) +=   148] [mg   148(1) <-   148] [mx   149(2) +=   149] [mg   149(2) <-   149] 
        ta <- ta        : [tm    50 +=    50]
[mx   150(0) +=   150] [mg   150(0) <-   150] [mx   151(1) +=   151] [mg   151(1) <-   151] [mx   152(2) +=   152] [mg   152(2) <-   152] 
        wa <- wa        : [tm    51 +=    51]
[mx   153(0) +=   153] [mg   153(0) <-   153] [mx   154(1) +=   154] [mg   154(1) <-   154] [mx   155(2) +=   155] [mg   155(2) <-   155] 
       yaw <- yaw       : [tm    52 +=    52]
[mx   156(0) +=   156] [mg   156(0) <-   156] [mx   157(1) +=   157] [mg   157(1) <-   157] [mx   158(2) +=   158] [mg   158(2) <-   158] 
       yā <- yā       : [tm    53 +=    53]
[mx   159(0) +=   159] [mg   159(0) <-   159] [mx   160(1) +=   160] [mg   160(1) <-   160] [mx   161(2) +=   161] [mg   161(2) <-   161] 
        ā <- ā        : [tm    54 +=    54]
[mx   162(0) +=   162] [mg   162(0) <-   162] [mx   163(1) +=   163] [mg   163(1) <-   163] [mx   164(2) +=   164] [mg   164(2) <-   164] 
      đā <- đā      : [tm    55 +=    55]
[mx   165(0) +=   165] [mg   165(0) <-   165] [mx   166(1) +=   166] [mg   166(1) <-   166] [mx   167(2) +=   167] [mg   167(2) <-   167] 
      đū <- đū      : [tm    56 +=    56]
[mx   168(0) +=   168] [mg   168(0) <-   168] [mx   169(1) +=   169] [mg   169(1) <-   169] [mx   170(2) +=   170] [mg   170(2) <-   170] 
        ĥ <- ĥ        : [tm    57 +=    57]
[mx   171(0) +=   171] [mg   171(0) <-   171] [mx   172(1) +=   172] [mg   172(1) <-   172] [mx   173(2) +=   173] [mg   173(2) <-   173] 
      ĥam <- ĥam      : [tm    58 +=    58]
[mx   174(0) +=   174] [mg   174(0) <-   174] [mx   175(1) +=   175] [mg   175(1) <-   175] [mx   176(2) +=   176] [mg   176(2) <-   176] 
      ĥī <- ĥī      : [tm    59 +=    59]
[mx   177(0) +=   177] [mg   177(0) <-   177] [mx   178(1) +=   178] [mg   178(1) <-   178] [mx   179(2) +=   179] [mg   179(2) <-   179] 
       şi <- şi       : [tm    60 +=    60]
[mx   180(0) +=   180] [mg   180(0) <-   180] [mx   181(1) +=   181] [mg   181(1) <-   181] [mx   182(2) +=   182] [mg   182(2) <-   182] 
       ţa <- ţa       : [tm    61 +=    61]
[mx   183(0) +=   183] [mg   183(0) <-   183] [mx   184(1) +=   184] [mg   184(1) <-   184] [mx   185(2) +=   185] [mg   185(2) <-   185] 
'an na `am b <- 'an       : [mx   186(0) +=     0] [mg   186(0) <-     0] [mx   187(1) +=     1] [mg   187(1) <-     1] [mx   188(2) +=     2] [mg   188(2) <-     2] 
'ī SIL yā b <- 'ī       : [mx   189(0) +=     3] [mg   189(0) <-     3] [mx   190(1) +=     4] [mg   190(1) <-     4] [mx   191(2) +=     5] [mg   191(2) <-     5] 
'ī wa yā b <- 'ī       : [mx   192(0) +=     3] [mg   192(0) <-     3] [mx   193(1) +=     4] [mg   193(1) <-     4] [mx   194(2) +=     5] [mg   194(2) <-     5] 
`a bi lay b <- `a        : [mx   195(0) +=     9] [mg   195(0) <-     9] [mx   196(1) +=    10] [mg   196(1) <-    10] [mx   197(2) +=    11] [mg   197(2) <-    11] 
`a ta lay b <- `a        : [mx   198(0) +=     9] [mg   198(0) <-     9] [mx   199(1) +=    10] [mg   199(1) <-    10] [mx   200(2) +=    11] [mg   200(2) <-    11] 
`am 'an ta i <- `am       : [mx   201(0) +=    12] [mg   201(0) <-    12] [mx   202(1) +=    13] [mg   202(1) <-    13] [mx   203(2) +=    14] [mg   203(2) <-    14] 
`ā al la i <- `ā       : [mx   204(0) +=    15] [mg   204(0) <-    15] [mx   205(1) +=    16] [mg   205(1) <-    16] [mx   206(2) +=    17] [mg   206(2) <-    17] 
`ī ta nu i <- `ī       : [mx   207(0) +=    18] [mg   207(0) <-    18] [mx   208(1) +=    19] [mg   208(1) <-    19] [mx   209(2) +=    20] [mg   209(2) <-    20] 
ad- mi dī b <- ad-       : [mx   210(0) +=    21] [mg   210(0) <-    21] [mx   211(1) +=    22] [mg   211(1) <-    22] [mx   212(2) +=    23] [mg   212(2) <-    23] 
ah SIL di b <- ah        : [mx   213(0) +=    24] [mg   213(0) <-    24] [mx   214(1) +=    25] [mg   214(1) <-    25] [mx   215(2) +=    26] [mg   215(2) <-    26] 
al SIL ĥam b <- al        : [mx   216(0) +=    27] [mg   216(0) <-    27] [mx   217(1) +=    28] [mg   217(1) <-    28] [mx   218(2) +=    29] [mg   218(2) <-    29] 
al bbi `ā b <- al        : [mx   219(0) +=    27] [mg   219(0) <-    27] [mx   220(1) +=    28] [mg   220(1) <-    28] [mx   221(2) +=    29] [mg   221(2) <-    29] 
al ri magh b <- al        : [mx   222(0) +=    27] [mg   222(0) <-    27] [mx   223(1) +=    28] [mg   223(1) <-    28] [mx   224(2) +=    29] [mg   224(2) <-    29] 
al ţa la b <- al        : [mx   225(0) +=    27] [mg   225(0) <-    27] [mx   226(1) +=    28] [mg   226(1) <-    28] [mx   227(2) +=    29] [mg   227(2) <-    29] 
al ţa mus b <- al        : [mx   228(0) +=    27] [mg   228(0) <-    27] [mx   229(1) +=    28] [mg   229(1) <-    28] [mx   230(2) +=    29] [mg   230(2) <-    29] 
all mi ā b <- all       : [mx   231(0) +=    30] [mg   231(0) <-    30] [mx   232(1) +=    31] [mg   232(1) <-    31] [mx   233(2) +=    32] [mg   233(2) <-    32] 
ar- SIL ra b <- ar-       : [mx   234(0) +=    33] [mg   234(0) <-    33] [mx   235(1) +=    34] [mg   235(1) <-    34] [mx   236(2) +=    35] [mg   236(2) <-    35] 
ar- hi ra b <- ar-       : [mx   237(0) +=    33] [mg   237(0) <-    33] [mx   238(1) +=    34] [mg   238(1) <-    34] [mx   239(2) +=    35] [mg   239(2) <-    35] 
ar- ni ra b <- ar-       : [mx   240(0) +=    33] [mg   240(0) <-    33] [mx   241(1) +=    34] [mg   241(1) <-    34] [mx   242(2) +=    35] [mg   242(2) <-    35] 
ađ- lā đā b <- ađ-      : [mx   243(0) +=    36] [mg   243(0) <-    36] [mx   244(1) +=    37] [mg   244(1) <-    37] [mx   245(2) +=    38] [mg   245(2) <-    38] 
aş- nā şi b <- aş-      : [mx   246(0) +=    39] [mg   246(0) <-    39] [mx   247(1) +=    40] [mg   247(1) <-    40] [mx   248(2) +=    41] [mg   248(2) <-    41] 
bbi ra al e <- bbi       : [mx   249(0) +=    42] [mg   249(0) <-    42] [mx   250(1) +=    43] [mg   250(1) <-    43] [mx   251(2) +=    44] [mg   251(2) <-    44] 
bi SIL s b <- bi        : [mx   252(0) +=    45] [mg   252(0) <-    45] [mx   253(1) +=    46] [mg   253(1) <-    46] [mx   254(2) +=    47] [mg   254(2) <-    47] 
bi đū `a e <- bi        : [mx   255(0) +=    45] [mg   255(0) <-    45] [mx   256(1) +=    46] [mg   256(1) <-    46] [mx   257(2) +=    47] [mg   257(2) <-    47] 
bu na` du i <- bu        : [mx   258(0) +=    48] [mg   258(0) <-    48] [mx   259(1) +=    49] [mg   259(1) <-    49] [mx   260(2) +=    50] [mg   260(2) <-    50] 
dhī la na i <- dhī      : [mx   261(0) +=    51] [mg   261(0) <-    51] [mx   262(1) +=    52] [mg   262(1) <-    52] [mx   263(2) +=    53] [mg   263(2) <-    53] 
di ah nā i <- di        : [mx   264(0) +=    54] [mg   264(0) <-    54] [mx   265(1) +=    55] [mg   265(1) <-    55] [mx   266(2) +=    56] [mg   266(2) <-    56] 
du bu wa e <- du        : [mx   267(0) +=    57] [mg   267(0) <-    57] [mx   268(1) +=    58] [mg   268(1) <-    58] [mx   269(2) +=    59] [mg   269(2) <-    59] 
du ĥam lil e <- du        : [mx   270(0) +=    57] [mg   270(0) <-    57] [mx   271(1) +=    58] [mg   271(1) <-    58] [mx   272(2) +=    59] [mg   272(2) <-    59] 
dī ad- ni i <- dī       : [mx   273(0) +=    60] [mg   273(0) <-    60] [mx   274(1) +=    61] [mg   274(1) <-    61] [mx   275(2) +=    62] [mg   275(2) <-    62] 
ghay him ri b <- ghay      : [mx   276(0) +=    63] [mg   276(0) <-    63] [mx   277(1) +=    64] [mg   277(1) <-    64] [mx   278(2) +=    65] [mg   278(2) <-    65] 
h lā ra e <- h         : [mx   279(0) +=    66] [mg   279(0) <-    66] [mx   280(1) +=    67] [mg   280(1) <-    67] [mx   281(2) +=    68] [mg   281(2) <-    68] 
hi ā ar- e <- hi        : [mx   282(0) +=    69] [mg   282(0) <-    69] [mx   283(1) +=    70] [mg   283(1) <-    70] [mx   284(2) +=    71] [mg   284(2) <-    71] 
him lay ghay e <- him       : [mx   285(0) +=    72] [mg   285(0) <-    72] [mx   286(1) +=    73] [mg   286(1) <-    73] [mx   287(2) +=    74] [mg   287(2) <-    74] 
him lay wa e <- him       : [mx   288(0) +=    72] [mg   288(0) <-    72] [mx   289(1) +=    73] [mg   289(1) <-    73] [mx   290(2) +=    74] [mg   290(2) <-    74] 
ka yā na` e <- ka        : [mx   291(0) +=    75] [mg   291(0) <-    75] [mx   292(1) +=    76] [mg   292(1) <-    76] [mx   293(2) +=    77] [mg   293(2) <-    77] 
ka yā nas e <- ka        : [mx   294(0) +=    75] [mg   294(0) <-    75] [mx   295(1) +=    76] [mg   295(1) <-    76] [mx   296(2) +=    77] [mg   296(2) <-    77] 
ki li yaw e <- ki        : [mx   297(0) +=    78] [mg   297(0) <-    78] [mx   298(1) +=    79] [mg   298(1) <-    79] [mx   299(2) +=    80] [mg   299(2) <-    80] 
la `ā mī i <- la        : [mx   300(0) +=    81] [mg   300(0) <-    81] [mx   301(1) +=    82] [mg   301(1) <-    82] [mx   302(2) +=    83] [mg   302(2) <-    83] 
la al dhī i <- la        : [mx   303(0) +=    81] [mg   303(0) <-    81] [mx   304(1) +=    82] [mg   304(1) <-    82] [mx   305(2) +=    83] [mg   305(2) <-    83] 
lay `a him i <- lay       : [mx   306(0) +=    84] [mg   306(0) <-    84] [mx   307(1) +=    85] [mg   307(1) <-    85] [mx   308(2) +=    86] [mg   308(2) <-    86] 
li mā ki i <- li        : [mx   309(0) +=    87] [mg   309(0) <-    87] [mx   310(1) +=    88] [mg   310(1) <-    88] [mx   311(2) +=    89] [mg   311(2) <-    89] 
lil du lā b <- lil       : [mx   312(0) +=    90] [mg   312(0) <-    90] [mx   313(1) +=    91] [mg   313(1) <-    91] [mx   314(2) +=    92] [mg   314(2) <-    92] 
llīna đā SIL e <- llīna    : [mx   315(0) +=    93] [mg   315(0) <-    93] [mx   316(1) +=    94] [mg   316(1) <-    94] [mx   317(2) +=    95] [mg   317(2) <-    95] 
lā lil h i <- lā       : [mx   318(0) +=    96] [mg   318(0) <-    96] [mx   319(1) +=    97] [mg   319(1) <-    97] [mx   320(2) +=    98] [mg   320(2) <-    98] 
lā wa ađ- s <- lā       : [mx   321(0) +=    96] [mg   321(0) <-    96] [mx   322(1) +=    97] [mg   322(1) <-    97] [mx   323(2) +=    98] [mg   323(2) <-    98] 
ma qī SIL e <- ma        : [mx   324(0) +=    99] [mg   324(0) <-    99] [mx   325(1) +=   100] [mg   325(1) <-   100] [mx   326(2) +=   101] [mg   326(2) <-   101] 
magh al đū i <- magh      : [mx   327(0) +=   102] [mg   327(0) <-   102] [mx   328(1) +=   103] [mg   328(1) <-   103] [mx   329(2) +=   104] [mg   329(2) <-   104] 
mi s all e <- mi        : [mx   330(0) +=   105] [mg   330(0) <-   105] [mx   331(1) +=   106] [mg   331(1) <-   106] [mx   332(2) +=   107] [mg   332(2) <-   107] 
mi yaw ad- e <- mi        : [mx   333(0) +=   105] [mg   333(0) <-   105] [mx   334(1) +=   106] [mg   334(1) <-   106] [mx   335(2) +=   107] [mg   335(2) <-   107] 
mi ĥī SIL e <- mi        : [mx   336(0) +=   105] [mg   336(0) <-   105] [mx   337(1) +=   106] [mg   337(1) <-   106] [mx   338(2) +=   107] [mg   338(2) <-   107] 
mus al ta i <- mus       : [mx   339(0) +=   108] [mg   339(0) <-   108] [mx   340(1) +=   109] [mg   340(1) <-   109] [mx   341(2) +=   110] [mg   341(2) <-   110] 
mā SIL li b <- mā       : [mx   342(0) +=   111] [mg   342(0) <-   111] [mx   343(1) +=   112] [mg   343(1) <-   112] [mx   344(2) +=   113] [mg   344(2) <-   113] 
mā ĥ ni i <- mā       : [mx   345(0) +=   111] [mg   345(0) <-   111] [mx   346(1) +=   112] [mg   346(1) <-   112] [mx   347(2) +=   113] [mg   347(2) <-   113] 
mī la na i <- mī       : [mx   348(0) +=   114] [mg   348(0) <-   114] [mx   349(1) +=   115] [mg   349(1) <-   115] [mx   350(2) +=   116] [mg   350(2) <-   116] 
na dhī 'an e <- na        : [mx   351(0) +=   117] [mg   351(0) <-   117] [mx   352(1) +=   118] [mg   352(1) <-   118] [mx   353(2) +=   119] [mg   353(2) <-   119] 
na mī SIL e <- na        : [mx   354(0) +=   117] [mg   354(0) <-   117] [mx   355(1) +=   118] [mg   355(1) <-   118] [mx   356(2) +=   119] [mg   356(2) <-   119] 
na` ka bu b <- na`       : [mx   357(0) +=   120] [mg   357(0) <-   120] [mx   358(1) +=   121] [mg   358(1) <-   121] [mx   359(2) +=   122] [mg   359(2) <-   122] 
nas ka ta b <- nas       : [mx   360(0) +=   123] [mg   360(0) <-   123] [mx   361(1) +=   124] [mg   361(1) <-   124] [mx   362(2) +=   125] [mg   362(2) <-   125] 
ni dī SIL e <- ni        : [mx   363(0) +=   126] [mg   363(0) <-   126] [mx   364(1) +=   127] [mg   364(1) <-   127] [mx   365(2) +=   128] [mg   365(2) <-   128] 
ni mā ar- e <- ni        : [mx   366(0) +=   126] [mg   366(0) <-   126] [mx   367(1) +=   127] [mg   367(1) <-   127] [mx   368(2) +=   128] [mg   368(2) <-   128] 
nu `ī SIL e <- nu        : [mx   369(0) +=   129] [mg   369(0) <-   129] [mx   370(1) +=   130] [mg   370(1) <-   130] [mx   371(2) +=   131] [mg   371(2) <-   131] 
nā di aş- e <- nā       : [mx   372(0) +=   132] [mg   372(0) <-   132] [mx   373(1) +=   133] [mg   373(1) <-   133] [mx   374(2) +=   134] [mg   374(2) <-   134] 
qī ta ma i <- qī       : [mx   375(0) +=   135] [mg   375(0) <-   135] [mx   376(1) +=   136] [mg   376(1) <-   136] [mx   377(2) +=   137] [mg   377(2) <-   137] 
ra ar- ĥ i <- ra        : [mx   378(0) +=   138] [mg   378(0) <-   138] [mx   379(1) +=   139] [mg   379(1) <-   139] [mx   380(2) +=   140] [mg   380(2) <-   140] 
ra ar- ĥī i <- ra        : [mx   381(0) +=   138] [mg   381(0) <-   138] [mx   382(1) +=   139] [mg   382(1) <-   139] [mx   383(2) +=   140] [mg   383(2) <-   140] 
ra h bbi b <- ra        : [mx   384(0) +=   138] [mg   384(0) <-   138] [mx   385(1) +=   139] [mg   385(1) <-   139] [mx   386(2) +=   140] [mg   386(2) <-   140] 
ri ghay al e <- ri        : [mx   387(0) +=   141] [mg   387(0) <-   141] [mx   388(1) +=   142] [mg   388(1) <-   142] [mx   389(2) +=   143] [mg   389(2) <-   143] 
rā şi ţa i <- rā       : [mx   390(0) +=   144] [mg   390(0) <-   144] [mx   391(1) +=   145] [mg   391(1) <-   145] [mx   392(2) +=   146] [mg   392(2) <-   146] 
 s bi mi i <- s         : [mx   393(0) +=   147] [mg   393(0) <-   147] [mx   394(1) +=   148] [mg   394(1) <-   148] [mx   395(2) +=   149] [mg   395(2) <-   149] 
ta `am `a e <- ta        : [mx   396(0) +=   150] [mg   396(0) <-   150] [mx   397(1) +=   151] [mg   397(1) <-   151] [mx   398(2) +=   152] [mg   398(2) <-   152] 
ta mus qī i <- ta        : [mx   399(0) +=   150] [mg   399(0) <-   150] [mx   400(1) +=   151] [mg   400(1) <-   151] [mx   401(2) +=   152] [mg   401(2) <-   152] 
ta nas `ī i <- ta        : [mx   402(0) +=   150] [mg   402(0) <-   150] [mx   403(1) +=   151] [mg   403(1) <-   151] [mx   404(2) +=   152] [mg   404(2) <-   152] 
wa du 'ī s <- wa        : [mx   405(0) +=   153] [mg   405(0) <-   153] [mx   406(1) +=   154] [mg   406(1) <-   154] [mx   407(2) +=   155] [mg   407(2) <-   155] 
wa him lā s <- wa        : [mx   408(0) +=   153] [mg   408(0) <-   153] [mx   409(1) +=   154] [mg   409(1) <-   154] [mx   410(2) +=   155] [mg   410(2) <-   155] 
yaw ki mi b <- yaw       : [mx   411(0) +=   156] [mg   411(0) <-   156] [mx   412(1) +=   157] [mg   412(1) <-   157] [mx   413(2) +=   158] [mg   413(2) <-   158] 
yā 'ī ka i <- yā       : [mx   414(0) +=   159] [mg   414(0) <-   159] [mx   415(1) +=   160] [mg   415(1) <-   160] [mx   416(2) +=   161] [mg   416(2) <-   161] 
ā all hi i <- ā        : [mx   417(0) +=   162] [mg   417(0) <-   162] [mx   418(1) +=   163] [mg   418(1) <-   163] [mx   419(2) +=   164] [mg   419(2) <-   164] 
đā ađ- llīna i <- đā      : [mx   420(0) +=   165] [mg   420(0) <-   165] [mx   421(1) +=   166] [mg   421(1) <-   166] [mx   422(2) +=   167] [mg   422(2) <-   167] 
đū magh bi i <- đū      : [mx   423(0) +=   168] [mg   423(0) <-   168] [mx   424(1) +=   169] [mg   424(1) <-   169] [mx   425(2) +=   170] [mg   425(2) <-   170] 
ĥ ra mā i <- ĥ        : [mx   426(0) +=   171] [mg   426(0) <-   171] [mx   427(1) +=   172] [mg   427(1) <-   172] [mx   428(2) +=   173] [mg   428(2) <-   173] 
ĥam al du i <- ĥam      : [mx   429(0) +=   174] [mg   429(0) <-   174] [mx   430(1) +=   175] [mg   430(1) <-   175] [mx   431(2) +=   176] [mg   431(2) <-   176] 
ĥī ra mi i <- ĥī      : [mx   432(0) +=   177] [mg   432(0) <-   177] [mx   433(1) +=   178] [mg   433(1) <-   178] [mx   434(2) +=   179] [mg   434(2) <-   179] 
şi SIL rā b <- şi       : [mx   435(0) +=   180] [mg   435(0) <-   180] [mx   436(1) +=   181] [mg   436(1) <-   181] [mx   437(2) +=   182] [mg   437(2) <-   182] 
şi aş- rā i <- şi       : [mx   438(0) +=   180] [mg   438(0) <-   180] [mx   439(1) +=   181] [mg   439(1) <-   181] [mx   440(2) +=   182] [mg   440(2) <-   182] 
ţa rā al e <- ţa       : INFO: main.c(529): Writing dest /home/azizkag/projects/QuranRecognition/fatiha_acoustic_model/model_parameters/fatiha.cd_cont_untied/transition_matrices
INFO: s3tmat_io.c(176): Wrote /home/azizkag/projects/QuranRecognition/fatiha_acoustic_model/model_parameters/fatiha.cd_cont_untied/transition_matrices [62x3x4 array]
INFO: main.c(540): Writing dest /home/azizkag/projects/QuranRecognition/fatiha_acoustic_model/model_parameters/fatiha.cd_cont_untied/mixture_weights
INFO: s3mixw_io.c(233): Wrote /home/azizkag/projects/QuranRecognition/fatiha_acoustic_model/model_parameters/fatiha.cd_cont_untied/mixture_weights [444x1x1 array]
INFO: main.c(549): Writing dest /home/azizkag/projects/QuranRecognition/fatiha_acoustic_model/model_parameters/fatiha.cd_cont_untied/means
INFO: s3gau_io.c(228): Wrote /home/azizkag/projects/QuranRecognition/fatiha_acoustic_model/model_parameters/fatiha.cd_cont_untied/means [444x1x1 array]
INFO: main.c(561): Writing dest /home/azizkag/projects/QuranRecognition/fatiha_acoustic_model/model_parameters/fatiha.cd_cont_untied/variances
INFO: s3gau_io.c(228): Wrote /home/azizkag/projects/QuranRecognition/fatiha_acoustic_model/model_parameters/fatiha.cd_cont_untied/variances [444x1x1 array]
[mx   441(0) +=   183] [mg   441(0) <-   183] [mx   442(1) +=   184] [mg   442(1) <-   184] [mx   443(2) +=   185] [mg   443(2) <-   185] 
Sun Jan 24 16:57:13 2016
