Current configuration:
[NAME]		[DEFLT]	[VALUE]
-dictfn			/home/azizkag/projects/QuranRecognition/fatiha_acoustic_model/etc/fatiha.dic
-example	no	no
-fdictfn		/home/azizkag/projects/QuranRecognition/fatiha_acoustic_model/etc/fatiha.filler
-help		no	no
-ignorewpos	no	no
-inCDmdef		
-inCImdef		
-lsnfn			/home/azizkag/projects/QuranRecognition/fatiha_acoustic_model/etc/fatiha_train.transcription
-maxtriphones	100000	100000
-minocc		1	1
-n_state_pm	3	3
-oalltphnmdef		
-ocimdef		
-ocountfn		
-ountiedmdef		/home/azizkag/projects/QuranRecognition/fatiha_acoustic_model/model_architecture/fatiha.untied.mdef
-phnlstfn		/home/azizkag/projects/QuranRecognition/fatiha_acoustic_model/etc/fatiha.phone
-triphnlstfn		

INFO: main.c(95): Will write untied mdef file /home/azizkag/projects/QuranRecognition/fatiha_acoustic_model/model_architecture/fatiha.untied.mdef
INFO: mk_mdef_gen.c(189): 0 single word triphones in input phone list
INFO: mk_mdef_gen.c(190): 0 word beginning triphones in input phone list
INFO: mk_mdef_gen.c(191): 0 word internal triphones in input phone list
INFO: mk_mdef_gen.c(192): 0 word ending triphones in input phone list
INFO: mk_mdef_gen.c(280): Reading dict /home/azizkag/projects/QuranRecognition/fatiha_acoustic_model/etc/fatiha.dic
INFO: mk_mdef_gen.c(322): 26 words in dict /home/azizkag/projects/QuranRecognition/fatiha_acoustic_model/etc/fatiha.dic
INFO: mk_mdef_gen.c(280): Reading dict /home/azizkag/projects/QuranRecognition/fatiha_acoustic_model/etc/fatiha.filler
INFO: mk_mdef_gen.c(322): 3 words in dict /home/azizkag/projects/QuranRecognition/fatiha_acoustic_model/etc/fatiha.filler
INFO: mk_mdef_gen.c(442): 29 words in dictionary
INFO: mk_mdef_gen.c(443): 924 unique single word triphones in dictionary
INFO: mk_mdef_gen.c(444): 483 unique word beginning triphones in dictionary
INFO: mk_mdef_gen.c(445): 31 unique word internal triphones in dictionary
INFO: mk_mdef_gen.c(446): 506 unique word ending triphones in dictionary
INFO: mk_mdef_gen.c(479): Out of vocabulary words in transcript will be mapped to SIL!
INFO: mk_mdef_gen.c(593): 6632 words in transcripts
INFO: mk_mdef_gen.c(594): 384 single word triphones in transcripts
INFO: mk_mdef_gen.c(595): 3572 word beginning triphones in transcripts
INFO: mk_mdef_gen.c(596): 4984 word internal triphones in transcripts
INFO: mk_mdef_gen.c(597): 3572 word ending triphones in transcripts
INFO: mk_mdef_gen.c(640): 12512 triphones extracted from transcripts
INFO: mk_mdef_gen.c(641): 86 unique triphones extracted from transcripts
INFO: mk_mdef_gen.c(642): 0 triphones occur once in the transcripts
INFO: mk_mdef_gen.c(643): 0 triphones occur twice in the transcripts
INFO: mk_mdef_gen.c(644): 0 triphones occur thrice in the transcripts
INFO: mk_mdef_gen.c(645): The rest of the triphones occur more than three times
INFO: mk_mdef_gen.c(646): Count threshold is 1
INFO: mk_mdef_gen.c(897): 62 n_base, 86 n_tri
INFO: mk_mdef_gen.c(969): Wrote mdef file /home/azizkag/projects/QuranRecognition/fatiha_acoustic_model/model_architecture/fatiha.untied.mdef
Sun Jan 24 16:57:13 2016
