        INFO: main.c(229): Compiled on Jan 23 2016 at 20:03:23
Current configuration:
[NAME]			[DEFLT]		[VALUE]
-2passvar		no		yes
-abeam			1e-100		1.000000e-90
-accumdir				/home/azizkag/projects/QuranRecognition/fatiha_acoustic_model/bwaccumdir/fatiha_buff_1
-agc			none		none
-agcthresh		2.0		2.000000e+00
-bbeam			1e-100		1.000000e-10
-cb2mllrfn		.1cls.		.1cls.
-cepdir					/home/azizkag/projects/QuranRecognition/fatiha_acoustic_model/feat
-cepext			mfc		mfc
-ceplen			13		13
-ckptintv				0
-cmn			current		current
-cmninit		8.0		8.0
-ctlfn					/home/azizkag/projects/QuranRecognition/fatiha_acoustic_model/etc/fatiha_train.fileids
-diagfull		no		no
-dictfn					/home/azizkag/projects/QuranRecognition/fatiha_acoustic_model/etc/fatiha.dic
-example		no		no
-fdictfn				/home/azizkag/projects/QuranRecognition/fatiha_acoustic_model/etc/fatiha.filler
-feat			1s_c_d_dd	1s_c_d_dd
-fullsuffixmatch	no		no
-fullvar		no		no
-help			no		no
-hmmdir					
-latdir					
-latext					
-lda					
-ldadim			0		0
-lsnfn					/home/azizkag/projects/QuranRecognition/fatiha_acoustic_model/etc/fatiha_train.transcription
-lw			11.5		1.150000e+01
-maxuttlen		0		0
-meanfn					/home/azizkag/projects/QuranRecognition/fatiha_acoustic_model/model_parameters/fatiha.ci_cont/means
-meanreest		yes		yes
-mixwfn					/home/azizkag/projects/QuranRecognition/fatiha_acoustic_model/model_parameters/fatiha.ci_cont/mixture_weights
-mixwreest		yes		yes
-mllrmat				
-mmie			no		no
-mmie_type		rand		rand
-moddeffn				/home/azizkag/projects/QuranRecognition/fatiha_acoustic_model/model_architecture/fatiha.ci.mdef
-mwfloor		0.00001		1.000000e-08
-npart					4
-nskip					0
-outphsegdir				
-outputfullpath		no		no
-part					1
-pdumpdir				
-phsegdir				
-phsegext		phseg		phseg
-runlen			-1		-1
-sentdir				
-sentext		sent		sent
-spthresh		0.0		0.000000e+00
-svspec					
-timing			yes		no
-tmatfn					/home/azizkag/projects/QuranRecognition/fatiha_acoustic_model/model_parameters/fatiha.ci_cont/transition_matrices
-tmatreest		yes		yes
-topn			4		1
-tpfloor		0.0001		1.000000e-04
-ts2cbfn				.cont.
-varfloor		0.00001		1.000000e-04
-varfn					/home/azizkag/projects/QuranRecognition/fatiha_acoustic_model/model_parameters/fatiha.ci_cont/variances
-varnorm		no		no
-varreest		yes		yes
-viterbi		no		no

INFO: feat.c(715): Initializing feature stream to type: '1s_c_d_dd', ceplen=13, CMN='current', VARNORM='no', AGC='none'
INFO: cmn.c(143): mean[0]= 12.00, mean[1..12]= 0.0
INFO: main.c(318): Reading /home/azizkag/projects/QuranRecognition/fatiha_acoustic_model/model_architecture/fatiha.ci.mdef
INFO: model_def_io.c(573): Model definition info:
INFO: model_def_io.c(574): 62 total models defined (62 base, 0 tri)
INFO: model_def_io.c(575): 248 total states
INFO: model_def_io.c(576): 186 total tied states
INFO: model_def_io.c(577): 186 total tied CI states
INFO: model_def_io.c(578): 62 total tied transition matrices
INFO: model_def_io.c(579): 4 max state/model
INFO: model_def_io.c(580): 4 min state/model
INFO: s3mixw_io.c(117): Read /home/azizkag/projects/QuranRecognition/fatiha_acoustic_model/model_parameters/fatiha.ci_cont/mixture_weights [186x1x1 array]
INFO: s3tmat_io.c(118): Read /home/azizkag/projects/QuranRecognition/fatiha_acoustic_model/model_parameters/fatiha.ci_cont/transition_matrices [62x3x4 array]
INFO: mod_inv.c(301): inserting tprob floor 1.000000e-04 and renormalizing
INFO: s3gau_io.c(169): Read /home/azizkag/projects/QuranRecognition/fatiha_acoustic_model/model_parameters/fatiha.ci_cont/means [186x1x1 array]
INFO: s3gau_io.c(169): Read /home/azizkag/projects/QuranRecognition/fatiha_acoustic_model/model_parameters/fatiha.ci_cont/variances [186x1x1 array]
INFO: gauden.c(176): 186 total mgau
INFO: gauden.c(150): 1 feature streams (|0|=39 )
INFO: gauden.c(187): 1 total densities
INFO: gauden.c(90): min_var=1.000000e-04
INFO: gauden.c(165): compute 1 densities/frame
INFO: main.c(431): Will reestimate mixing weights.
INFO: main.c(433): Will reestimate means.
INFO: main.c(435): Will reestimate variances.
INFO: main.c(443): Will reestimate transition matrices
INFO: main.c(456): Reading main dictionary: /home/azizkag/projects/QuranRecognition/fatiha_acoustic_model/etc/fatiha.dic
INFO: lexicon.c(221): 26 entries added from /home/azizkag/projects/QuranRecognition/fatiha_acoustic_model/etc/fatiha.dic
INFO: main.c(466): Reading filler dictionary: /home/azizkag/projects/QuranRecognition/fatiha_acoustic_model/etc/fatiha.filler
INFO: lexicon.c(221): 3 entries added from /home/azizkag/projects/QuranRecognition/fatiha_acoustic_model/etc/fatiha.filler
INFO: corpus.c(1089): Will process 222 utts starting at 0
INFO: main.c(666): Reestimation: Baum-Welch
INFO: cmn.c(183): CMN: 51.72  2.45  9.93  1.83  2.25  0.14  1.29 -0.45  9.11  1.27 10.08 -0.40 -1.03 
column defns
	<seq>
	<id>
	<n_frame_in>
	<n_frame_del>
	<n_state_shmm>
	<avg_states_alpha>
	<avg_states_beta>
	<avg_states_reest>
	<avg_posterior_prune>
	<frame_log_lik>
	<utt_log_lik>
	... timing info ... 
utt>     0                       001  399    0INFO: cvt2triphone.c(199): no multiphones defined, no conversion done
    68 13  1 2 2.058673e-12 -1.290296e+02 -5.148283e+04
INFO: cmn.c(183): CMN: 57.29  7.08  8.98  8.79  8.31 -9.57  0.45  4.14 -0.88  0.04 11.11  0.70 -0.82 
utt>     1                       002  547    0    60 12  1 2 1.451858e-12 -1.282708e+02 -7.016410e+04
INFO: cmn.c(183): CMN: 54.28  6.66 12.78 -1.33  8.35  2.76 -0.62 -3.53  6.61 -0.99  4.19 -5.57  1.57 
utt>     2                       003  470    0    44 14  1 2 1.222094e-12 -1.301367e+02 -6.116427e+04
INFO: cmn.c(183): CMN: 56.53  2.96 23.15  8.32  3.54 -9.67 -7.53 -5.25  2.81  0.57 10.54 -4.83 -6.08 
utt>     3                       004  395    0    40 12  1 1 8.786805e-13 -1.239102e+02 -4.894452e+04
INFO: cmn.c(183): CMN: 58.71  4.20 14.33  3.96  9.80 -13.74 -10.93 -5.51 -4.16  0.04  6.19 -7.24 -8.51 
utt>     4                       005  719    0    64 12  1 2 1.195617e-12 -1.280501e+02 -9.206805e+04
INFO: cmn.c(183): CMN: 57.11  4.45 17.31 -3.89  9.04 -7.21 -14.55 -12.26 -1.53  1.21  3.56 -5.36 -11.64 
utt>     5                       006  522    0    56 11  1 2 1.451526e-12 -1.294973e+02 -6.759759e+04
INFO: cmn.c(183): CMN: 60.27  5.45 15.08 -4.96 13.04 -10.98 -9.42 -7.49 -2.06 -0.58  3.21 -7.19 -5.90 
utt>     6                       007 1688    0   116 15  1 2 1.129256e-12 -1.284489e+02 -2.168217e+05
INFO: cmn.c(183): CMN: 51.72  2.44  9.96  1.84  2.38  0.16  1.34 -0.48  9.07  1.22  9.96 -0.47 -1.02 
utt>     7                       001  399    0    68 13  1 2 1.622947e-12 -1.291252e+02 -5.152096e+04
INFO: cmn.c(183): CMN: 57.29  7.08  8.97  8.78  8.31 -9.57  0.46  4.13 -0.87  0.04 11.10  0.69 -0.82 
utt>     8                       002  547    0    60 12  1 2 1.477500e-12 -1.282809e+02 -7.016965e+04
INFO: cmn.c(183): CMN: 54.27  6.66 12.79 -1.33  8.36  2.77 -0.64 -3.53  6.61 -0.99  4.21 -5.58  1.57 
utt>     9                       003  470    0    44 14  1 2 1.455932e-12 -1.301410e+02 -6.116628e+04
INFO: cmn.c(183): CMN: 56.52  2.96 23.15  8.32  3.53 -9.67 -7.53 -5.25  2.82  0.57 10.53 -4.83 -6.09 
utt>    10                       004  395    0    40 12  1 1 8.548442e-13 -1.238991e+02 -4.894016e+04
INFO: cmn.c(183): CMN: 58.71  4.20 14.33  3.96  9.80 -13.74 -10.92 -5.51 -4.16  0.03  6.19 -7.25 -8.51 
utt>    11                       005  719    0    64 12  1 2 1.347303e-12 -1.280666e+02 -9.207989e+04
INFO: cmn.c(183): CMN: 57.11  4.45 17.31 -3.90  9.04 -7.20 -14.55 -12.26 -1.54  1.22  3.56 -5.35 -11.64 
utt>    12                       006  522    0    56 11  1 2 1.260794e-12 -1.295039e+02 -6.760105e+04
INFO: cmn.c(183): CMN: 60.27  5.45 15.08 -4.96 13.04 -10.98 -9.42 -7.49 -2.06 -0.58  3.21 -7.19 -5.89 
utt>    13                       007 1688    0   116 15  1 2 1.182098e-12 -1.284463e+02 -2.168173e+05
INFO: cmn.c(183): CMN: 51.71  2.43  9.99  1.81  2.30  0.19  1.37 -0.56  9.12  1.29 10.08 -0.47 -1.02 
utt>    14                       001  399    0    68 13  1 2 1.810015e-12 -1.290553e+02 -5.149305e+04
INFO: cmn.c(183): CMN: 57.29  7.08  8.97  8.78  8.31 -9.56  0.45  4.14 -0.86  0.04 11.10  0.70 -0.82 
utt>    15                       002  547    0    60 12  1 2 1.411288e-12 -1.282756e+02 -7.016673e+04
INFO: cmn.c(183): CMN: 54.27  6.66 12.79 -1.32  8.36  2.76 -0.63 -3.54  6.62 -1.00  4.20 -5.58  1.56 
utt>    16                       003  470    0    44 14  1 2 1.474779e-12 -1.301318e+02 -6.116193e+04
INFO: cmn.c(183): CMN: 56.53  2.96 23.15  8.32  3.53 -9.66 -7.53 -5.25  2.82  0.57 10.54 -4.84 -6.09 
utt>    17                       004  395    0    40 12  1 1 1.026584e-12 -1.238920e+02 -4.893733e+04
INFO: cmn.c(183): CMN: 58.71  4.20 14.33  3.96  9.81 -13.75 -10.92 -5.52 -4.16  0.03  6.19 -7.25 -8.50 
utt>    18                       005  719    0    64 12  1 2 1.145792e-12 -1.280723e+02 -9.208395e+04
INFO: cmn.c(183): CMN: 57.10  4.46 17.32 -3.89  9.04 -7.21 -14.55 -12.27 -1.54  1.21  3.57 -5.36 -11.65 
utt>    19                       006  522    0    56 11  1 2 1.514917e-12 -1.295030e+02 -6.760056e+04
INFO: cmn.c(183): CMN: 60.27  5.45 15.08 -4.96 13.04 -10.98 -9.42 -7.49 -2.06 -0.58  3.21 -7.19 -5.90 
utt>    20                       007 1688    0   116 15  1 2 1.132963e-12 -1.284428e+02 -2.168115e+05
INFO: cmn.c(183): CMN: 51.72  2.43  9.95  1.80  2.33  0.23  1.25 -0.43  9.07  1.30 10.00 -0.44 -1.00 
utt>    21                       001  399    0    68 13  1 2 1.644470e-12 -1.291451e+02 -5.152891e+04
INFO: cmn.c(183): CMN: 57.29  7.08  8.98  8.79  8.32 -9.57  0.44  4.14 -0.86  0.03 11.10  0.69 -0.82 
utt>    22                       002  547    0    60 12  1 2 1.342268e-12 -1.282802e+02 -7.016927e+04
INFO: cmn.c(183): CMN: 54.28  6.66 12.78 -1.33  8.36  2.76 -0.64 -3.54  6.62 -0.98  4.19 -5.57  1.57 
utt>    23                       003  470    0    44 14  1 2 1.260589e-12 -1.301483e+02 -6.116971e+04
INFO: cmn.c(183): CMN: 56.52  2.96 23.16  8.32  3.53 -9.66 -7.53 -5.25  2.82  0.58 10.53 -4.83 -6.08 
utt>    24                       004  395    0    40 12  1 1 9.332488e-13 -1.239183e+02 -4.894775e+04
INFO: cmn.c(183): CMN: 58.71  4.20 14.33  3.96  9.80 -13.74 -10.92 -5.52 -4.16  0.03  6.19 -7.25 -8.51 
utt>    25                       005  719    0    64 12  1 2 1.206810e-12 -1.280652e+02 -9.207888e+04
INFO: cmn.c(183): CMN: 57.10  4.46 17.31 -3.90  9.04 -7.20 -14.55 -12.27 -1.54  1.21  3.56 -5.35 -11.64 
utt>    26                       006  522    0    56 11  1 2 1.520621e-12 -1.294992e+02 -6.759856e+04
INFO: cmn.c(183): CMN: 60.27  5.45 15.08 -4.96 13.04 -10.98 -9.42 -7.49 -2.06 -0.58  3.21 -7.19 -5.89 
utt>    27                       007 1688    0   116 15  1 2 1.184752e-12 -1.284457e+02 -2.168163e+05
INFO: cmn.c(183): CMN: 51.72  2.45  9.92  1.88  2.37  0.15  1.30 -0.57  9.17  1.33 10.09 -0.55 -1.15 
utt>    28                       001  399    0    68 13  1 2 1.749857e-12 -1.290061e+02 -5.147341e+04
INFO: cmn.c(183): CMN: 57.29  7.08  8.97  8.79  8.31 -9.57  0.45  4.13 -0.87  0.04 11.11  0.70 -0.82 
utt>    29                       002  547    0    60 12  1 2 1.582851e-12 -1.282784e+02 -7.016827e+04
INFO: cmn.c(183): CMN: 54.27  6.67 12.79 -1.33  8.35  2.76 -0.63 -3.52  6.62 -0.99  4.17 -5.57  1.58 
utt>    30                       003  470    0    44 14  1 2 1.470526e-12 -1.301433e+02 -6.116733e+04
INFO: cmn.c(183): CMN: 56.53  2.96 23.15  8.32  3.54 -9.66 -7.54 -5.26  2.82  0.57 10.54 -4.82 -6.08 
utt>    31                       004  395    0    40 12  1 1 9.087706e-13 -1.239032e+02 -4.894178e+04
INFO: cmn.c(183): CMN: 58.71  4.20 14.33  3.96  9.79 -13.75 -10.91 -5.51 -4.18  0.04  6.18 -7.24 -8.51 
utt>    32                       005  719    0    64 12  1 2 1.236296e-12 -1.280711e+02 -9.208310e+04
INFO: cmn.c(183): CMN: 57.11  4.45 17.32 -3.89  9.04 -7.21 -14.55 -12.26 -1.54  1.21  3.56 -5.36 -11.64 
utt>    33                       006  522    0    56 11  1 2 1.336166e-12 -1.294979e+02 -6.759793e+04
INFO: cmn.c(183): CMN: 60.27  5.45 15.08 -4.96 13.03 -10.98 -9.42 -7.49 -2.06 -0.58  3.21 -7.19 -5.89 
utt>    34                       007 1688    0   116 15  1 2 1.175395e-12 -1.284396e+02 -2.168061e+05
INFO: cmn.c(183): CMN: 51.72  2.42  9.94  1.85  2.41  0.20  1.34 -0.52  9.07  1.32 10.08 -0.39 -0.94 
utt>    35                       001  399    0    68 13  1 3 1.746597e-12 -1.292052e+02 -5.155286e+04
INFO: cmn.c(183): CMN: 57.29  7.09  8.97  8.79  8.31 -9.56  0.45  4.13 -0.87  0.04 11.11  0.69 -0.82 
utt>    36                       002  547    0    60 12  1 2 1.483742e-12 -1.282721e+02 -7.016486e+04
INFO: cmn.c(183): CMN: 54.28  6.66 12.79 -1.34  8.35  2.76 -0.63 -3.53  6.62 -0.99  4.19 -5.56  1.56 
utt>    37                       003  470    0    44 14  1 2 1.315660e-12 -1.301457e+02 -6.116849e+04
INFO: cmn.c(183): CMN: 56.53  2.96 23.15  8.32  3.54 -9.66 -7.53 -5.25  2.80  0.56 10.54 -4.82 -6.08 
utt>    38                       004  395    0    40 12  1 1 8.158928e-13 -1.238846e+02 -4.893444e+04
INFO: cmn.c(183): CMN: 58.71  4.20 14.32  3.96  9.80 -13.75 -10.92 -5.52 -4.16  0.04  6.18 -7.25 -8.51 
utt>    39                       005  719    0    64 12  1 2 1.307109e-12 -1.280725e+02 -9.208410e+04
INFO: cmn.c(183): CMN: 57.11  4.45 17.32 -3.90  9.04 -7.21 -14.54 -12.26 -1.54  1.21  3.56 -5.36 -11.65 
utt>    40                       006  522    0    56 11  1 2 1.199903e-12 -1.295163e+02 -6.760752e+04
INFO: cmn.c(183): CMN: 60.27  5.45 15.08 -4.96 13.03 -10.98 -9.42 -7.49 -2.07 -0.58  3.21 -7.19 -5.89 
utt>    41                       007 1688    0   116 15  1 2 1.156288e-12 -1.284449e+02 -2.168150e+05
INFO: cmn.c(183): CMN: 51.71  2.46  9.95  1.83  2.51  0.21  1.33 -0.46  9.06  1.21 10.03 -0.40 -0.99 
utt>    42                       001  399    0    68 13  1 2 1.706043e-12 -1.289508e+02 -5.145137e+04
INFO: cmn.c(183): CMN: 57.29  7.08  8.97  8.79  8.31 -9.57  0.45  4.14 -0.87  0.03 11.11  0.69 -0.80 
utt>    43                       002  547    0    60 12  1 2 1.438263e-12 -1.282639e+02 -7.016034e+04
INFO: cmn.c(183): CMN: 54.27  6.66 12.79 -1.33  8.36  2.76 -0.64 -3.54  6.62 -0.99  4.19 -5.58  1.56 
utt>    44                       003  470    0    44 14  1 2 1.467153e-12 -1.301513e+02 -6.117110e+04
INFO: cmn.c(183): CMN: 56.52  2.96 23.15  8.33  3.53 -9.67 -7.53 -5.25  2.81  0.57 10.53 -4.83 -6.09 
utt>    45                       004  395    0    40 12  1 1 9.769256e-13 -1.239008e+02 -4.894083e+04
INFO: cmn.c(183): CMN: 58.71  4.20 14.33  3.96  9.80 -13.75 -10.92 -5.52 -4.16  0.04  6.19 -7.24 -8.51 
utt>    46                       005  719    0    64 12  1 2 1.222018e-12 -1.280674e+02 -9.208047e+04
INFO: cmn.c(183): CMN: 57.11  4.45 17.32 -3.89  9.04 -7.21 -14.55 -12.26 -1.54  1.21  3.56 -5.37 -11.65 
utt>    47                       006  522    0    56 11  1 2 1.303916e-12 -1.295007e+02 -6.759939e+04
INFO: cmn.c(183): CMN: 60.27  5.45 15.09 -4.96 13.03 -10.98 -9.42 -7.49 -2.06 -0.58  3.21 -7.19 -5.90 
utt>    48                       007 1688    0   116 15  1 2 1.134467e-12 -1.284426e+02 -2.168111e+05
INFO: cmn.c(183): CMN: 51.72  2.44  9.98  1.81  2.34  0.16  1.37 -0.50  9.10  1.29  9.99 -0.39 -0.98 
utt>    49                       001  399    0    68 13  1 2 1.790829e-12 -1.289815e+02 -5.146363e+04
INFO: cmn.c(183): CMN: 57.29  7.08  8.97  8.79  8.31 -9.57  0.45  4.13 -0.87  0.05 11.11  0.70 -0.81 
utt>    50                       002  547    0    60 12  1 2 1.640828e-12 -1.282445e+02 -7.014976e+04
INFO: cmn.c(183): CMN: 54.27  6.65 12.78 -1.32  8.38  2.77 -0.64 -3.54  6.62 -0.99  4.20 -5.59  1.57 
utt>    51                       003  470    0    44 14  1 2 1.438253e-12 -1.301553e+02 -6.117299e+04
INFO: cmn.c(183): CMN: 56.53  2.96 23.16  8.33  3.53 -9.67 -7.53 -5.25  2.82  0.58 10.54 -4.83 -6.09 
utt>    52                       004  395    0    40 12  1 1 8.595757e-13 -1.238992e+02 -4.894019e+04
INFO: cmn.c(183): CMN: 58.71  4.20 14.33  3.96  9.80 -13.74 -10.92 -5.53 -4.17  0.04  6.19 -7.25 -8.51 
utt>    53                       005  719    0    64 12  1 2 1.287327e-12 -1.280568e+02 -9.207285e+04
INFO: cmn.c(183): CMN: 57.11  4.45 17.31 -3.89  9.04 -7.21 -14.54 -12.26 -1.55  1.21  3.56 -5.36 -11.64 
utt>    54                       006  522    0    56 11  1 2 1.171181e-12 -1.295041e+02 -6.760113e+04
INFO: cmn.c(183): CMN: 60.27  5.45 15.08 -4.95 13.04 -10.98 -9.42 -7.49 -2.06 -0.58  3.21 -7.19 -5.89 
utt>    55                       007 1688    0   116 15  1 2 1.072380e-12 -1.284426e+02 -2.168110e+05
INFO: cmn.c(183): CMN: 51.73  2.43  9.99  1.89  2.38  0.27  1.39 -0.46  9.10  1.21  9.93 -0.45 -0.93 
utt>    56                       001  399    0    68 13  1 2 1.660111e-12 -1.289154e+02 -5.143725e+04
INFO: cmn.c(183): CMN: 57.29  7.08  8.98  8.79  8.31 -9.57  0.45  4.14 -0.87  0.03 11.10  0.70 -0.82 
utt>    57                       002  547    0    60 12  1 2 1.501991e-12 -1.282715e+02 -7.016449e+04
INFO: cmn.c(183): CMN: 54.27  6.66 12.79 -1.33  8.35  2.75 -0.64 -3.55  6.63 -0.97  4.18 -5.58  1.56 
utt>    58                       003  470    0    44 14  1 2 1.292331e-12 -1.301327e+02 -6.116237e+04
INFO: cmn.c(183): CMN: 56.53  2.96 23.15  8.32  3.53 -9.66 -7.53 -5.25  2.81  0.56 10.54 -4.83 -6.09 
utt>    59                       004  395    0    40 12  1 1 1.049867e-12 -1.238861e+02 -4.893503e+04
INFO: cmn.c(183): CMN: 58.71  4.20 14.32  3.96  9.80 -13.74 -10.93 -5.52 -4.17  0.04  6.18 -7.25 -8.51 
utt>    60                       005  719    0    64 12  1 2 1.206006e-12 -1.280711e+02 -9.208313e+04
INFO: cmn.c(183): CMN: 57.11  4.45 17.31 -3.89  9.04 -7.21 -14.54 -12.27 -1.54  1.21  3.56 -5.36 -11.64 
utt>    61                       006  522    0    56 11  1 2 1.331236e-12 -1.294997e+02 -6.759883e+04
INFO: cmn.c(183): CMN: 60.27  5.45 15.08 -4.95 13.04 -10.99 -9.42 -7.49 -2.06 -0.58  3.21 -7.19 -5.89 
utt>    62                       007 1688    0   116 15  1 2 1.131223e-12 -1.284480e+02 -2.168203e+05
INFO: cmn.c(183): CMN: 51.71  2.45  9.97  1.82  2.34  0.20  1.34 -0.55  9.06  1.21 10.00 -0.43 -1.09 
utt>    63                       001  399    0    68 13  1 2 1.699570e-12 -1.290403e+02 -5.148707e+04
INFO: cmn.c(183): CMN: 57.29  7.08  8.97  8.79  8.32 -9.57  0.45  4.14 -0.87  0.04 11.10  0.69 -0.83 
utt>    64                       002  547    0    60 12  1 2 1.475690e-12 -1.282638e+02 -7.016030e+04
INFO: cmn.c(183): CMN: 54.28  6.66 12.78 -1.33  8.36  2.75 -0.64 -3.53  6.60 -0.98  4.19 -5.57  1.57 
utt>    65                       003  470    0    44 14  1 2 1.257463e-12 -1.301727e+02 -6.118118e+04
INFO: cmn.c(183): CMN: 56.53  2.96 23.15  8.32  3.53 -9.66 -7.52 -5.26  2.81  0.57 10.54 -4.83 -6.09 
utt>    66                       004  395    0    40 12  1 1 9.766513e-13 -1.238802e+02 -4.893268e+04
INFO: cmn.c(183): CMN: 58.71  4.20 14.33  3.96  9.80 -13.73 -10.93 -5.52 -4.17  0.04  6.19 -7.25 -8.51 
utt>    67                       005  719    0    64 12  1 2 1.145970e-12 -1.280718e+02 -9.208359e+04
INFO: cmn.c(183): CMN: 57.11  4.45 17.31 -3.89  9.04 -7.20 -14.55 -12.27 -1.54  1.21  3.57 -5.36 -11.63 
utt>    68                       006  522    0    56 11  1 2 1.281449e-12 -1.294905e+02 -6.759405e+04
INFO: cmn.c(183): CMN: 60.27  5.45 15.08 -4.96 13.03 -10.98 -9.42 -7.48 -2.06 -0.58  3.21 -7.19 -5.89 
utt>    69                       007 1688    0   116 15  1 2 1.098589e-12 -1.284437e+02 -2.168130e+05
INFO: cmn.c(183): CMN: 51.72  2.42  9.93  1.86  2.42  0.10  1.19 -0.55  9.07  1.24 10.06 -0.51 -1.08 
utt>    70                       001  399    0    68 13  1 2 1.693943e-12 -1.290022e+02 -5.147187e+04
INFO: cmn.c(183): CMN: 57.29  7.08  8.97  8.79  8.31 -9.57  0.44  4.14 -0.85  0.04 11.11  0.69 -0.82 
utt>    71                       002  547    0    60 12  1 2 1.384259e-12 -1.282819e+02 -7.017018e+04
INFO: cmn.c(183): CMN: 54.28  6.66 12.78 -1.32  8.36  2.75 -0.62 -3.54  6.62 -0.97  4.18 -5.57  1.57 
utt>    72                       003  470    0    44 14  1 2 1.282712e-12 -1.301619e+02 -6.117610e+04
INFO: cmn.c(183): CMN: 56.52  2.96 23.15  8.32  3.53 -9.66 -7.53 -5.26  2.81  0.57 10.54 -4.82 -6.09 
utt>    73                       004  395    0    40 12  1 1 1.027018e-12 -1.239007e+02 -4.894078e+04
INFO: cmn.c(183): CMN: 58.70  4.20 14.33  3.96  9.80 -13.75 -10.92 -5.52 -4.17  0.04  6.18 -7.24 -8.51 
utt>    74                       005  719    0    64 12  1 2 1.204867e-12 -1.280846e+02 -9.209282e+04
INFO: cmn.c(183): CMN: 57.11  4.46 17.31 -3.90  9.04 -7.20 -14.55 -12.27 -1.54  1.21  3.56 -5.36 -11.64 
utt>    75                       006  522    0    56 11  1 2 1.490573e-12 -1.294900e+02 -6.759379e+04
INFO: cmn.c(183): CMN: 60.27  5.45 15.08 -4.96 13.04 -10.98 -9.42 -7.48 -2.06 -0.58  3.22 -7.19 -5.90 
utt>    76                       007 1688    0   116 15  1 2 1.177398e-12 -1.284453e+02 -2.168157e+05
INFO: cmn.c(183): CMN: 51.73  2.44  9.95  1.86  2.31  0.07  1.30 -0.49  9.11  1.24 10.08 -0.52 -1.03 
utt>    77                       001  399    0    68 13  1 2 1.688798e-12 -1.290563e+02 -5.149344e+04
INFO: cmn.c(183): CMN: 57.29  7.08  8.97  8.79  8.32 -9.57  0.45  4.15 -0.87  0.04 11.10  0.70 -0.82 
utt>    78                       002  547    0    60 12  1 2 1.520583e-12 -1.282827e+02 -7.017065e+04
INFO: cmn.c(183): CMN: 54.28  6.66 12.79 -1.33  8.36  2.76 -0.63 -3.54  6.61 -0.97  4.18 -5.58  1.58 
utt>    79                       003  470    0    44 14  1 2 1.484393e-12 -1.301696e+02 -6.117972e+04
INFO: cmn.c(183): CMN: 56.53  2.96 23.15  8.32  3.53 -9.66 -7.53 -5.25  2.83  0.58 10.54 -4.84 -6.08 
utt>    80                       004  395    0    40 12  1 1 8.892123e-13 -1.239165e+02 -4.894700e+04
INFO: cmn.c(183): CMN: 58.71  4.20 14.32  3.96  9.81 -13.74 -10.92 -5.51 -4.16  0.03  6.19 -7.24 -8.51 
utt>    81                       005  719    0    64 12  1 2 1.213710e-12 -1.280534e+02 -9.207041e+04
INFO: cmn.c(183): CMN: 57.11  4.45 17.31 -3.89  9.04 -7.21 -14.55 -12.26 -1.55  1.22  3.56 -5.36 -11.64 
utt>    82                       006  522    0    56 11  1 2 1.231040e-12 -1.295113e+02 -6.760490e+04
INFO: cmn.c(183): CMN: 60.27  5.45 15.08 -4.96 13.04 -10.98 -9.42 -7.48 -2.06 -0.58  3.21 -7.19 -5.90 
utt>    83                       007 1688    0   116 15  1 2 1.156988e-12 -1.284430e+02 -2.168118e+05
INFO: cmn.c(183): CMN: 51.71  2.47  9.94  1.83  2.38  0.20  1.33 -0.54  9.04  1.19 10.00 -0.42 -1.07 
utt>    84                       001  399    0    68 13  1 2 1.808642e-12 -1.290143e+02 -5.147671e+04
INFO: cmn.c(183): CMN: 57.29  7.08  8.97  8.79  8.30 -9.56  0.46  4.13 -0.87  0.03 11.11  0.70 -0.82 
utt>    85                       002  547    0    60 12  1 2 1.435194e-12 -1.282782e+02 -7.016818e+04
INFO: cmn.c(183): CMN: 54.28  6.66 12.78 -1.32  8.37  2.76 -0.66 -3.56  6.62 -0.98  4.21 -5.58  1.56 
utt>    86                       003  470    0    44 14  1 2 1.466988e-12 -1.301586e+02 -6.117456e+04
INFO: cmn.c(183): CMN: 56.52  2.96 23.15  8.32  3.53 -9.66 -7.53 -5.26  2.82  0.57 10.54 -4.83 -6.08 
utt>    87                       004  395    0    40 12  1 1 7.783489e-13 -1.238865e+02 -4.893517e+04
INFO: cmn.c(183): CMN: 58.71  4.20 14.32  3.96  9.80 -13.75 -10.92 -5.52 -4.17  0.04  6.19 -7.24 -8.51 
utt>    88                       005  719    0    64 12  1 2 1.244410e-12 -1.280531e+02 -9.207018e+04
INFO: cmn.c(183): CMN: 57.11  4.46 17.32 -3.89  9.04 -7.21 -14.55 -12.27 -1.55  1.22  3.57 -5.36 -11.64 
utt>    89                       006  522    0    56 11  1 2 1.340835e-12 -1.294843e+02 -6.759082e+04
INFO: cmn.c(183): CMN: 60.27  5.45 15.08 -4.96 13.04 -10.98 -9.42 -7.49 -2.06 -0.58  3.21 -7.19 -5.90 
utt>    90                       007 1688    0   116 15  1 2 1.107823e-12 -1.284466e+02 -2.168179e+05
INFO: cmn.c(183): CMN: 51.71  2.44  9.93  1.87  2.44  0.15  1.19 -0.50  9.09  1.22 10.04 -0.42 -0.99 
utt>    91                       001  399    0    68 13  1 2 1.664922e-12 -1.289975e+02 -5.146999e+04
INFO: cmn.c(183): CMN: 57.29  7.09  8.97  8.79  8.32 -9.57  0.45  4.13 -0.87  0.04 11.11  0.70 -0.81 
utt>    92                       002  547    0    60 12  1 2 1.515526e-12 -1.282654e+02 -7.016118e+04
INFO: cmn.c(183): CMN: 54.27  6.66 12.79 -1.33  8.36  2.76 -0.62 -3.54  6.62 -0.99  4.17 -5.58  1.57 
utt>    93                       003  470    0    44 14  1 2 1.228831e-12 -1.301349e+02 -6.116338e+04
INFO: cmn.c(183): CMN: 56.53  2.97 23.15  8.32  3.53 -9.67 -7.53 -5.25  2.82  0.57 10.53 -4.83 -6.08 
utt>    94                       004  395    0    40 12  1 1 8.398924e-13 -1.238943e+02 -4.893825e+04
INFO: cmn.c(183): CMN: 58.71  4.20 14.33  3.96  9.80 -13.74 -10.92 -5.51 -4.17  0.04  6.18 -7.25 -8.51 
utt>    95                       005  719    0    64 12  1 2 1.156760e-12 -1.280674e+02 -9.208050e+04
INFO: cmn.c(183): CMN: 57.11  4.46 17.32 -3.90  9.04 -7.21 -14.55 -12.26 -1.53  1.21  3.56 -5.36 -11.64 
utt>    96                       006  522    0    56 11  1 2 1.266740e-12 -1.295045e+02 -6.760136e+04
INFO: cmn.c(183): CMN: 60.27  5.45 15.08 -4.96 13.04 -10.98 -9.43 -7.49 -2.06 -0.58  3.21 -7.19 -5.89 
utt>    97                       007 1688    0   116 15  1 2 1.175817e-12 -1.284422e+02 -2.168104e+05
INFO: cmn.c(183): CMN: 51.72  2.44  9.97  1.85  2.40  0.16  1.18 -0.56  9.15  1.26 10.03 -0.41 -1.03 
utt>    98                       001  399    0    68 13  1 2 1.543313e-12 -1.290327e+02 -5.148404e+04
INFO: cmn.c(183): CMN: 57.29  7.08  8.97  8.78  8.32 -9.56  0.44  4.13 -0.86  0.04 11.11  0.70 -0.82 
utt>    99                       002  547    0    60 12  1 2 1.439614e-12 -1.282807e+02 -7.016952e+04
INFO: cmn.c(183): CMN: 54.27  6.66 12.79 -1.32  8.36  2.76 -0.64 -3.54  6.61 -0.99  4.20 -5.58  1.58 
utt>   100                       003  470    0    44 14  1 2 1.462524e-12 -1.301426e+02 -6.116702e+04
INFO: cmn.c(183): CMN: 56.53  2.97 23.15  8.32  3.54 -9.67 -7.53 -5.25  2.82  0.56 10.53 -4.83 -6.08 
utt>   101                       004  395    0    40 12  1 1 9.041779e-13 -1.239050e+02 -4.894249e+04
INFO: cmn.c(183): CMN: 58.71  4.20 14.33  3.96  9.80 -13.74 -10.92 -5.52 -4.17  0.04  6.19 -7.25 -8.51 
utt>   102                       005  719    0    64 12  1 2 1.213683e-12 -1.280559e+02 -9.207216e+04
INFO: cmn.c(183): CMN: 57.11  4.46 17.31 -3.89  9.04 -7.21 -14.55 -12.26 -1.54  1.21  3.57 -5.36 -11.64 
utt>   103                       006  522    0    56 11  1 2 1.152545e-12 -1.295099e+02 -6.760414e+04
INFO: cmn.c(183): CMN: 60.27  5.45 15.08 -4.96 13.04 -10.98 -9.42 -7.49 -2.06 -0.58  3.21 -7.19 -5.90 
utt>   104                       007 1688    0   116 15  1 2 1.189548e-12 -1.284490e+02 -2.168219e+05
INFO: cmn.c(183): CMN: 51.71  2.46  9.90  1.84  2.40  0.11  1.28 -0.52  9.06  1.33 10.01 -0.46 -0.97 
utt>   105                       001  399    0    68 13  1 2 1.568333e-12 -1.290603e+02 -5.149505e+04
INFO: cmn.c(183): CMN: 57.29  7.08  8.97  8.79  8.32 -9.57  0.45  4.14 -0.87  0.05 11.10  0.70 -0.82 
utt>   106                       002  547    0    60 12  1 2 1.394368e-12 -1.282747e+02 -7.016626e+04
INFO: cmn.c(183): CMN: 54.27  6.66 12.79 -1.32  8.36  2.77 -0.63 -3.53  6.58 -0.99  4.20 -5.57  1.56 
utt>   107                       003  470    0    44 14  1 2 1.262130e-12 -1.301506e+02 -6.117077e+04
INFO: cmn.c(183): CMN: 56.53  2.96 23.15  8.32  3.53 -9.66 -7.53 -5.26  2.81  0.58 10.53 -4.83 -6.09 
utt>   108                       004  395    0    40 12  1 1 1.064921e-12 -1.239009e+02 -4.894084e+04
INFO: cmn.c(183): CMN: 58.71  4.20 14.33  3.96  9.80 -13.74 -10.92 -5.52 -4.16  0.04  6.19 -7.25 -8.51 
utt>   109                       005  719    0    64 12  1 2 1.257511e-12 -1.280551e+02 -9.207165e+04
INFO: cmn.c(183): CMN: 57.11  4.46 17.31 -3.89  9.04 -7.21 -14.55 -12.26 -1.53  1.21  3.56 -5.36 -11.64 
utt>   110                       006  522    0    56 11  1 2 1.281131e-12 -1.295076e+02 -6.760299e+04
INFO: cmn.c(183): CMN: 60.27  5.45 15.08 -4.96 13.03 -10.98 -9.42 -7.49 -2.06 -0.58  3.22 -7.19 -5.90 
utt>   111                       007 1688    0   116 15  1 2 1.185016e-12 -1.284443e+02 -2.168139e+05
INFO: cmn.c(183): CMN: 51.72  2.44 10.00  1.82  2.25  0.15  1.32 -0.49  9.09  1.29  9.94 -0.37 -1.03 
utt>   112                       001  399    0    68 13  1 2 1.633355e-12 -1.291106e+02 -5.151511e+04
INFO: cmn.c(183): CMN: 57.29  7.08  8.98  8.79  8.32 -9.57  0.44  4.14 -0.86  0.05 11.10  0.68 -0.82 
utt>   113                       002  547    0    60 12  1 2 1.400709e-12 -1.283027e+02 -7.018156e+04
INFO: cmn.c(183): CMN: 54.27  6.65 12.80 -1.32  8.35  2.77 -0.64 -3.53  6.62 -0.99  4.19 -5.58  1.56 
utt>   114                       003  470    0    44 14  1 2 1.424973e-12 -1.301567e+02 -6.117365e+04
INFO: cmn.c(183): CMN: 56.52  2.96 23.15  8.32  3.54 -9.66 -7.53 -5.26  2.81  0.57 10.54 -4.83 -6.08 
utt>   115                       004  395    0    40 12  1 1 1.007705e-12 -1.239041e+02 -4.894211e+04
INFO: cmn.c(183): CMN: 58.71  4.20 14.32  3.96  9.80 -13.75 -10.92 -5.52 -4.16  0.04  6.19 -7.26 -8.51 
utt>   116                       005  719    0    64 12  1 2 1.204579e-12 -1.280523e+02 -9.206957e+04
INFO: cmn.c(183): CMN: 57.11  4.45 17.31 -3.89  9.04 -7.21 -14.55 -12.26 -1.55  1.21  3.56 -5.36 -11.64 
utt>   117                       006  522    0    56 11  1 2 1.342289e-12 -1.294920e+02 -6.759484e+04
INFO: cmn.c(183): CMN: 60.27  5.45 15.08 -4.96 13.04 -10.98 -9.43 -7.48 -2.06 -0.58  3.21 -7.19 -5.90 
utt>   118                       007 1688    0   116 15  1 2 1.131925e-12 -1.284481e+02 -2.168204e+05
INFO: cmn.c(183): CMN: 51.72  2.45  9.92  1.89  2.39  0.20  1.28 -0.42  9.11  1.29  9.99 -0.47 -1.08 
utt>   119                       001  399    0    68 13  1 2 1.671782e-12 -1.289412e+02 -5.144753e+04
INFO: cmn.c(183): CMN: 57.29  7.08  8.97  8.79  8.31 -9.58  0.45  4.14 -0.85  0.04 11.10  0.69 -0.81 
utt>   120                       002  547    0    60 12  1 2 1.519316e-12 -1.282674e+02 -7.016227e+04
INFO: cmn.c(183): CMN: 54.27  6.66 12.78 -1.31  8.36  2.74 -0.62 -3.53  6.62 -1.00  4.19 -5.58  1.57 
utt>   121                       003  470    0    44 14  1 2 1.476733e-12 -1.301402e+02 -6.116589e+04
INFO: cmn.c(183): CMN: 56.52  2.96 23.15  8.32  3.54 -9.66 -7.53 -5.25  2.82  0.57 10.53 -4.83 -6.08 
utt>   122                       004  395    0    40 12  1 1 8.827271e-13 -1.239093e+02 -4.894416e+04
INFO: cmn.c(183): CMN: 58.71  4.20 14.33  3.96  9.80 -13.74 -10.92 -5.51 -4.16  0.03  6.18 -7.25 -8.51 
utt>   123                       005  719    0    64 12  1 2 1.129869e-12 -1.280482e+02 -9.206664e+04
INFO: cmn.c(183): CMN: 57.11  4.46 17.31 -3.90  9.04 -7.20 -14.55 -12.27 -1.54  1.21  3.56 -5.36 -11.64 
utt>   124                       006  522    0    56 11  1 2 1.049002e-12 -1.295004e+02 -6.759922e+04
INFO: cmn.c(183): CMN: 60.27  5.45 15.08 -4.96 13.04 -10.98 -9.42 -7.49 -2.06 -0.58  3.21 -7.19 -5.90 
utt>   125                       007 1688    0   116 15  1 2 1.190012e-12 -1.284480e+02 -2.168203e+05
INFO: cmn.c(183): CMN: 51.71  2.45  9.99  1.84  2.30  0.10  1.33 -0.45  9.09  1.18 10.04 -0.43 -1.05 
utt>   126                       001  399    0    68 13  1 2 1.709851e-12 -1.290319e+02 -5.148374e+04
INFO: cmn.c(183): CMN: 57.29  7.08  8.97  8.79  8.31 -9.56  0.44  4.13 -0.86  0.04 11.12  0.70 -0.82 
utt>   127                       002  547    0    60 12  1 2 1.423210e-12 -1.282668e+02 -7.016195e+04
INFO: cmn.c(183): CMN: 54.28  6.65 12.79 -1.31  8.36  2.76 -0.63 -3.53  6.60 -0.99  4.19 -5.57  1.58 
utt>   128                       003  470    0    44 14  1 2 1.477815e-12 -1.301523e+02 -6.117159e+04
INFO: cmn.c(183): CMN: 56.53  2.96 23.15  8.32  3.54 -9.67 -7.53 -5.25  2.81  0.57 10.54 -4.82 -6.09 
utt>   129                       004  395    0    40 12  1 1 1.097632e-12 -1.238835e+02 -4.893398e+04
INFO: cmn.c(183): CMN: 58.71  4.20 14.33  3.97  9.80 -13.75 -10.93 -5.51 -4.16  0.03  6.19 -7.25 -8.51 
utt>   130                       005  719    0    64 12  1 2 1.215672e-12 -1.280721e+02 -9.208387e+04
INFO: cmn.c(183): CMN: 57.11  4.45 17.31 -3.90  9.04 -7.20 -14.56 -12.26 -1.54  1.21  3.56 -5.35 -11.64 
utt>   131                       006  522    0    56 11  1 2 1.301953e-12 -1.294768e+02 -6.758689e+04
INFO: cmn.c(183): CMN: 60.27  5.45 15.08 -4.96 13.04 -10.98 -9.42 -7.49 -2.06 -0.58  3.21 -7.19 -5.89 
utt>   132                       007 1688    0   116 15  1 2 1.125192e-12 -1.284383e+02 -2.168038e+05
INFO: cmn.c(183): CMN: 51.72  2.45  9.94  1.86  2.43  0.21  1.37 -0.49  9.06  1.17  9.95 -0.37 -1.06 
utt>   133                       001  399    0    68 13  1 2 2.037821e-12 -1.289313e+02 -5.144359e+04
INFO: cmn.c(183): CMN: 57.29  7.08  8.97  8.78  8.31 -9.56  0.44  4.13 -0.86  0.04 11.10  0.69 -0.82 
utt>   134                       002  547    0    60 12  1 2 1.453140e-12 -1.282999e+02 -7.018006e+04
INFO: cmn.c(183): CMN: 54.27  6.66 12.79 -1.31  8.36  2.76 -0.64 -3.54  6.61 -0.99  4.18 -5.57  1.57 
utt>   135                       003  470    0    44 14  1 2 1.443659e-12 -1.302048e+02 -6.119626e+04
INFO: cmn.c(183): CMN: 56.53  2.96 23.15  8.32  3.53 -9.66 -7.52 -5.24  2.81  0.56 10.53 -4.82 -6.09 
utt>   136                       004  395    0    40 12  1 1 9.617508e-13 -1.239008e+02 -4.894082e+04
INFO: cmn.c(183): CMN: 58.71  4.20 14.32  3.96  9.80 -13.73 -10.93 -5.51 -4.17  0.04  6.18 -7.25 -8.51 
utt>   137                       005  719    0    64 12  1 2 1.305023e-12 -1.280670e+02 -9.208015e+04
INFO: cmn.c(183): CMN: 57.10  4.46 17.31 -3.90  9.04 -7.21 -14.55 -12.26 -1.52  1.21  3.56 -5.35 -11.63 
utt>   138                       006  522    0    56 11  1 2 1.185033e-12 -1.295077e+02 -6.760302e+04
INFO: cmn.c(183): CMN: 60.27  5.45 15.08 -4.96 13.04 -10.98 -9.42 -7.49 -2.06 -0.58  3.21 -7.19 -5.89 
utt>   139                       007 1688    0   116 15  1 2 1.126507e-12 -1.284447e+02 -2.168146e+05
INFO: cmn.c(183): CMN: 51.73  2.47  9.92  1.78  2.30  0.16  1.36 -0.48  9.10  1.40 10.11 -0.48 -1.05 
utt>   140                       001  399    0    68 13  1 2 1.620825e-12 -1.290705e+02 -5.149914e+04
INFO: cmn.c(183): CMN: 57.29  7.08  8.97  8.79  8.32 -9.57  0.45  4.13 -0.86  0.05 11.09  0.70 -0.81 
utt>   141                       002  547    0    60 12  1 2 1.379701e-12 -1.282617e+02 -7.015914e+04
INFO: cmn.c(183): CMN: 54.27  6.66 12.79 -1.33  8.37  2.78 -0.64 -3.54  6.62 -0.99  4.18 -5.56  1.56 
utt>   142                       003  470    0    44 14  1 2 1.468788e-12 -1.301428e+02 -6.116711e+04
INFO: cmn.c(183): CMN: 56.53  2.96 23.15  8.31  3.53 -9.67 -7.52 -5.24  2.81  0.56 10.54 -4.83 -6.08 
utt>   143                       004  395    0    40 12  1 1 9.819496e-13 -1.238858e+02 -4.893487e+04
INFO: cmn.c(183): CMN: 58.71  4.20 14.33  3.96  9.80 -13.75 -10.92 -5.51 -4.17  0.04  6.19 -7.26 -8.50 
utt>   144                       005  719    0    64 12  1 2 1.249523e-12 -1.280650e+02 -9.207872e+04
INFO: cmn.c(183): CMN: 57.11  4.45 17.32 -3.89  9.04 -7.21 -14.54 -12.27 -1.54  1.22  3.56 -5.36 -11.64 
utt>   145                       006  522    0    56 11  1 2 1.320950e-12 -1.295058e+02 -6.760204e+04
INFO: cmn.c(183): CMN: 60.27  5.45 15.08 -4.96 13.04 -10.98 -9.43 -7.49 -2.06 -0.58  3.21 -7.19 -5.90 
utt>   146                       007 1688    0   116 15  1 2 1.220616e-12 -1.284466e+02 -2.168179e+05
INFO: cmn.c(183): CMN: 51.72  2.46  9.94  1.84  2.40  0.14  1.29 -0.44  9.13  1.16 10.13 -0.36 -1.02 
utt>   147                       001  399    0    68 13  1 2 1.713593e-12 -1.289190e+02 -5.143867e+04
INFO: cmn.c(183): CMN: 57.29  7.08  8.98  8.79  8.31 -9.57  0.45  4.14 -0.87  0.05 11.11  0.70 -0.82 
utt>   148                       002  547    0    60 12  1 2 1.545162e-12 -1.282673e+02 -7.016222e+04
INFO: cmn.c(183): CMN: 54.27  6.66 12.79 -1.33  8.37  2.76 -0.65 -3.52  6.62 -0.99  4.19 -5.58  1.56 
utt>   149                       003  470    0    44 14  1 2 1.449419e-12 -1.301806e+02 -6.118488e+04
INFO: cmn.c(183): CMN: 56.53  2.97 23.15  8.32  3.53 -9.67 -7.52 -5.25  2.81  0.56 10.53 -4.83 -6.09 
utt>   150                       004  395    0    40 12  1 1 1.010608e-12 -1.239043e+02 -4.894220e+04
INFO: cmn.c(183): CMN: 58.71  4.20 14.33  3.96  9.80 -13.74 -10.91 -5.51 -4.17  0.03  6.18 -7.24 -8.51 
utt>   151                       005  719    0    64 12  1 2 1.298381e-12 -1.280542e+02 -9.207096e+04
INFO: cmn.c(183): CMN: 57.11  4.46 17.31 -3.90  9.05 -7.21 -14.55 -12.26 -1.54  1.22  3.55 -5.35 -11.64 
utt>   152                       006  522    0    56 11  1 2 1.310178e-12 -1.294928e+02 -6.759522e+04
INFO: cmn.c(183): CMN: 60.27  5.45 15.08 -4.96 13.04 -10.98 -9.43 -7.49 -2.06 -0.58  3.22 -7.19 -5.90 
utt>   153                       007 1688    0   116 15  1 2 1.210512e-12 -1.284427e+02 -2.168112e+05
INFO: cmn.c(183): CMN: 51.71  2.45  9.97  1.80  2.35  0.13  1.34 -0.41  9.17  1.28 10.10 -0.43 -1.11 
utt>   154                       001  399    0    68 13  1 2 1.915443e-12 -1.290604e+02 -5.149512e+04
INFO: cmn.c(183): CMN: 57.29  7.08  8.98  8.79  8.31 -9.56  0.45  4.12 -0.87  0.04 11.11  0.69 -0.82 
utt>   155                       002  547    0    60 12  1 2 1.502934e-12 -1.282937e+02 -7.017666e+04
INFO: cmn.c(183): CMN: 54.27  6.66 12.78 -1.32  8.37  2.76 -0.66 -3.54  6.62 -1.00  4.19 -5.57  1.57 
utt>   156                       003  470    0    44 14  1 2 1.455130e-12 -1.301405e+02 -6.116603e+04
INFO: cmn.c(183): CMN: 56.53  2.96 23.15  8.32  3.53 -9.67 -7.53 -5.25  2.81  0.57 10.54 -4.82 -6.09 
utt>   157                       004  395    0    40 12  1 1 8.247096e-13 -1.238748e+02 -4.893055e+04
INFO: cmn.c(183): CMN: 58.71  4.20 14.33  3.96  9.79 -13.75 -10.92 -5.52 -4.16  0.04  6.18 -7.25 -8.51 
utt>   158                       005  719    0    64 12  1 2 1.220519e-12 -1.280651e+02 -9.207879e+04
INFO: cmn.c(183): CMN: 57.11  4.45 17.32 -3.89  9.03 -7.21 -14.55 -12.26 -1.55  1.22  3.56 -5.36 -11.65 
utt>   159                       006  522    0    56 11  1 2 1.433782e-12 -1.294928e+02 -6.759526e+04
INFO: cmn.c(183): CMN: 60.27  5.45 15.08 -4.96 13.03 -10.98 -9.42 -7.49 -2.06 -0.58  3.22 -7.19 -5.90 
utt>   160                       007 1688    0   116 15  1 2 1.185063e-12 -1.284404e+02 -2.168074e+05
INFO: cmn.c(183): CMN: 51.72  2.45  9.95  1.80  2.32  0.12  1.31 -0.36  9.03  1.29 10.06 -0.40 -0.95 
utt>   161                       001  399    0    68 13  1 2 2.166590e-12 -1.289783e+02 -5.146236e+04
INFO: cmn.c(183): CMN: 57.29  7.08  8.97  8.79  8.31 -9.57  0.44  4.13 -0.86  0.05 11.11  0.70 -0.81 
utt>   162                       002  547    0    60 12  1 2 1.467686e-12 -1.282794e+02 -7.016883e+04
INFO: cmn.c(183): CMN: 54.28  6.66 12.78 -1.33  8.36  2.74 -0.64 -3.53  6.61 -0.99  4.18 -5.57  1.57 
utt>   163                       003  470    0    44 14  1 2 1.280496e-12 -1.301605e+02 -6.117543e+04
INFO: cmn.c(183): CMN: 58.71  4.20 14.33  3.96  9.80 -13.75 -10.92 -5.52 -4.18  0.04  6.19 -7.24 -8.52 
utt>   164                       005  719    0    64 12  1 2 1.197770e-12 -1.280757e+02 -9.208645e+04
INFO: cmn.c(183): CMN: 57.11  4.46 17.31 -3.89  9.03 -7.21 -14.55 -12.26 -1.55  1.22  3.57 -5.37 -11.64 
utt>   165                       006  522    0    56 11  1 2 1.230603e-12 -1.294979e+02 -6.759791e+04
INFO: cmn.c(183): CMN: 60.27  5.45 15.08 -4.96 13.04 -10.98 -9.42 -7.49 -2.06 -0.58  3.21 -7.19 -5.90 
utt>   166                       007 1688    0   116 15  1 2 1.147577e-12 -1.284415e+02 -2.168092e+05
INFO: cmn.c(183): CMN: 51.72  2.45  9.96  1.83  2.37  0.22  1.41 -0.45  9.11  1.23 10.03 -0.46 -1.02 
utt>   167                       001  399    0    68 13  1 2 1.796816e-12 -1.290189e+02 -5.147853e+04
INFO: cmn.c(183): CMN: 57.29  7.08  8.97  8.79  8.32 -9.57  0.45  4.14 -0.88  0.04 11.10  0.70 -0.82 
utt>   168                       002  547    0    60 12  1 2 1.452026e-12 -1.282828e+02 -7.017067e+04
INFO: cmn.c(183): CMN: 54.27  6.65 12.80 -1.32  8.35  2.76 -0.63 -3.51  6.64 -1.00  4.17 -5.57  1.56 
utt>   169                       003  470    0    44 14  1 2 1.540570e-12 -1.301640e+02 -6.117709e+04
INFO: cmn.c(183): CMN: 56.53  2.96 23.15  8.32  3.54 -9.66 -7.54 -5.25  2.82  0.57 10.53 -4.84 -6.09 
utt>   170                       004  395    0    40 12  1 1 8.349194e-13 -1.238956e+02 -4.893875e+04
INFO: cmn.c(183): CMN: 58.71  4.20 14.33  3.96  9.80 -13.74 -10.92 -5.51 -4.16  0.03  6.18 -7.24 -8.50 
utt>   171                       005  719    0    64 12  1 2 1.130512e-12 -1.280791e+02 -9.208889e+04
INFO: cmn.c(183): CMN: 57.11  4.46 17.32 -3.90  9.04 -7.21 -14.55 -12.27 -1.54  1.21  3.57 -5.36 -11.64 
utt>   172                       006  522    0    56 11  1 2 1.319868e-12 -1.295043e+02 -6.760124e+04
INFO: cmn.c(183): CMN: 60.27  5.45 15.08 -4.96 13.04 -10.98 -9.42 -7.49 -2.06 -0.58  3.21 -7.19 -5.89 
utt>   173                       007 1688    0   116 15  1 2 1.183686e-12 -1.284453e+02 -2.168157e+05
INFO: cmn.c(183): CMN: 51.71  2.43 10.00  1.81  2.32  0.15  1.33 -0.44  9.18  1.27 10.01 -0.55 -1.06 
utt>   174                       001  399    0    68 13  1 2 1.956297e-12 -1.290818e+02 -5.150365e+04
INFO: cmn.c(183): CMN: 57.29  7.08  8.97  8.79  8.31 -9.57  0.45  4.14 -0.86  0.04 11.10  0.70 -0.81 
utt>   175                       002  547    0    60 12  1 2 1.545224e-12 -1.282697e+02 -7.016350e+04
INFO: cmn.c(183): CMN: 54.28  6.66 12.79 -1.34  8.36  2.76 -0.65 -3.52  6.61 -1.00  4.21 -5.58  1.57 
utt>   176                       003  470    0    44 14  1 2 1.467282e-12 -1.301736e+02 -6.118160e+04
INFO: cmn.c(183): CMN: 56.52  2.96 23.15  8.32  3.53 -9.66 -7.52 -5.26  2.81  0.56 10.54 -4.83 -6.09 
utt>   177                       004  395    0    40 12  1 1 1.026326e-12 -1.239040e+02 -4.894207e+04
INFO: cmn.c(183): CMN: 58.71  4.20 14.33  3.96  9.80 -13.74 -10.92 -5.51 -4.16  0.03  6.18 -7.24 -8.51 
utt>   178                       005  719    0    64 12  1 2 1.227522e-12 -1.280602e+02 -9.207531e+04
INFO: cmn.c(183): CMN: 57.11  4.46 17.31 -3.90  9.05 -7.21 -14.55 -12.26 -1.55  1.21  3.56 -5.36 -11.65 
utt>   179                       006  522    0    56 11  1 2 1.374186e-12 -1.295000e+02 -6.759900e+04
INFO: cmn.c(183): CMN: 60.27  5.45 15.08 -4.96 13.03 -10.98 -9.42 -7.48 -2.06 -0.58  3.22 -7.19 -5.90 
utt>   180                       007 1688    0   116 15  1 2 1.185279e-12 -1.284415e+02 -2.168092e+05
INFO: cmn.c(183): CMN: 51.71  2.42  9.95  1.85  2.33  0.17  1.35 -0.42  9.13  1.30 10.02 -0.52 -1.01 
utt>   181                       001  399    0    68 13  1 2 1.839133e-12 -1.290230e+02 -5.148017e+04
INFO: cmn.c(183): CMN: 57.29  7.08  8.97  8.79  8.32 -9.57  0.46  4.13 -0.87  0.03 11.12  0.70 -0.82 
utt>   182                       002  547    0    60 12  1 2 1.507544e-12 -1.282833e+02 -7.017098e+04
INFO: cmn.c(183): CMN: 54.28  6.66 12.78 -1.32  8.36  2.74 -0.63 -3.51  6.61 -0.99  4.18 -5.57  1.57 
utt>   183                       003  470    0    44 14  1 2 1.460185e-12 -1.301702e+02 -6.117998e+04
INFO: cmn.c(183): CMN: 56.53  2.96 23.15  8.31  3.54 -9.65 -7.53 -5.26  2.81  0.58 10.53 -4.83 -6.09 
utt>   184                       004  395    0    40 12  1 1 8.909479e-13 -1.238946e+02 -4.893838e+04
INFO: cmn.c(183): CMN: 58.71  4.20 14.33  3.96  9.80 -13.74 -10.92 -5.52 -4.17  0.04  6.18 -7.25 -8.51 
utt>   185                       005  719    0    64 12  1 2 1.244591e-12 -1.280731e+02 -9.208457e+04
INFO: cmn.c(183): CMN: 57.10  4.46 17.32 -3.89  9.04 -7.22 -14.55 -12.26 -1.54  1.21  3.56 -5.36 -11.64 
utt>   186                       006  522    0    56 11  1 2 1.291101e-12 -1.295222e+02 -6.761061e+04
INFO: cmn.c(183): CMN: 60.27  5.45 15.08 -4.96 13.04 -10.98 -9.42 -7.48 -2.06 -0.58  3.21 -7.19 -5.89 
utt>   187                       007 1688    0   116 15  1 2 1.162292e-12 -1.284447e+02 -2.168147e+05
INFO: cmn.c(183): CMN: 51.72  2.46  9.97  1.77  2.28  0.22  1.39 -0.43  8.98  1.29 10.08 -0.42 -0.91 
utt>   188                       001  399    0    68 13  1 2 1.706693e-12 -1.292481e+02 -5.156999e+04
INFO: cmn.c(183): CMN: 57.29  7.08  8.97  8.79  8.32 -9.56  0.46  4.12 -0.87  0.04 11.10  0.70 -0.82 
utt>   189                       002  547    0    60 12  1 2 1.546109e-12 -1.282674e+02 -7.016225e+04
INFO: cmn.c(183): CMN: 54.27  6.66 12.78 -1.32  8.36  2.76 -0.64 -3.54  6.63 -1.00  4.18 -5.57  1.57 
utt>   190                       003  470    0    44 14  1 2 1.424489e-12 -1.301627e+02 -6.117645e+04
INFO: cmn.c(183): CMN: 56.53  2.96 23.14  8.32  3.54 -9.66 -7.54 -5.26  2.82  0.58 10.54 -4.83 -6.09 
utt>   191                       004  395    0    40 12  1 1 1.012279e-12 -1.238901e+02 -4.893658e+04
INFO: cmn.c(183): CMN: 58.71  4.20 14.32  3.97  9.80 -13.75 -10.92 -5.51 -4.17  0.04  6.19 -7.25 -8.51 
utt>   192                       005  719    0    64 12  1 2 1.215127e-12 -1.280563e+02 -9.207246e+04
INFO: cmn.c(183): CMN: 57.11  4.45 17.31 -3.89  9.04 -7.22 -14.55 -12.27 -1.54  1.22  3.57 -5.36 -11.64 
utt>   193                       006  522    0    56 11  1 2 1.312704e-12 -1.294995e+02 -6.759874e+04
INFO: cmn.c(183): CMN: 60.27  5.46 15.08 -4.96 13.04 -10.98 -9.42 -7.49 -2.06 -0.58  3.22 -7.19 -5.90 
utt>   194                       007 1688    0   116 15  1 2 1.215090e-12 -1.284423e+02 -2.168106e+05
INFO: cmn.c(183): CMN: 51.74  2.43  9.94  1.83  2.36  0.15  1.30 -0.44  9.14  1.30 10.00 -0.37 -1.00 
utt>   195                       001  399    0    68 13  1 2 1.653868e-12 -1.289490e+02 -5.145066e+04
INFO: cmn.c(183): CMN: 57.29  7.08  8.97  8.78  8.32 -9.56  0.45  4.14 -0.88  0.04 11.10  0.71 -0.82 
utt>   196                       002  547    0    60 12  1 2 1.528601e-12 -1.282579e+02 -7.015709e+04
INFO: cmn.c(183): CMN: 54.27  6.67 12.79 -1.33  8.36  2.75 -0.63 -3.53  6.62 -1.00  4.19 -5.57  1.56 
utt>   197                       003  470    0    44 14  1 2 1.453185e-12 -1.301589e+02 -6.117467e+04
INFO: cmn.c(183): CMN: 56.53  2.97 23.15  8.32  3.53 -9.67 -7.53 -5.25  2.83  0.57 10.53 -4.83 -6.09 
utt>   198                       004  395    0    40 12  1 1 8.455531e-13 -1.239064e+02 -4.894303e+04
INFO: cmn.c(183): CMN: 58.71  4.20 14.33  3.96  9.80 -13.74 -10.92 -5.52 -4.16  0.04  6.18 -7.25 -8.51 
utt>   199                       005  719    0    64 12  1 2 1.244756e-12 -1.280578e+02 -9.207355e+04
INFO: cmn.c(183): CMN: 57.11  4.46 17.32 -3.90  9.04 -7.22 -14.55 -12.27 -1.53  1.21  3.55 -5.36 -11.64 
utt>   200                       006  522    0    56 11  1 2 1.446650e-12 -1.295159e+02 -6.760728e+04
INFO: cmn.c(183): CMN: 60.27  5.45 15.08 -4.96 13.04 -10.98 -9.42 -7.48 -2.06 -0.58  3.22 -7.19 -5.90 
utt>   201                       007 1688    0   116 15  1 2 1.153407e-12 -1.284435e+02 -2.168127e+05
INFO: cmn.c(183): CMN: 51.73  2.39  9.95  1.83  2.39  0.20  1.26 -0.51  9.13  1.25  9.98 -0.47 -1.02 
utt>   202                       001  399    0    68 13  1 2 1.781385e-12 -1.290982e+02 -5.151019e+04
INFO: cmn.c(183): CMN: 57.29  7.08  8.98  8.79  8.31 -9.57  0.45  4.14 -0.86  0.03 11.10  0.69 -0.82 
utt>   203                       002  547    0    60 12  1 2 1.531290e-12 -1.282848e+02 -7.017181e+04
INFO: cmn.c(183): CMN: 54.28  6.66 12.79 -1.32  8.35  2.75 -0.63 -3.52  6.62 -0.98  4.19 -5.58  1.57 
utt>   204                       003  470    0    44 14  1 2 1.429543e-12 -1.301416e+02 -6.116656e+04
INFO: cmn.c(183): CMN: 56.53  2.96 23.15  8.32  3.53 -9.66 -7.52 -5.25  2.80  0.57 10.54 -4.83 -6.10 
utt>   205                       004  395    0    40 12  1 1 9.925655e-13 -1.238944e+02 -4.893829e+04
INFO: cmn.c(183): CMN: 58.71  4.19 14.32  3.97  9.81 -13.75 -10.92 -5.51 -4.17  0.04  6.19 -7.24 -8.51 
utt>   206                       005  719    0    64 12  1 2 1.173653e-12 -1.280665e+02 -9.207978e+04
INFO: cmn.c(183): CMN: 57.11  4.46 17.31 -3.89  9.04 -7.21 -14.55 -12.26 -1.54  1.22  3.56 -5.36 -11.65 
utt>   207                       006  522    0    56 11  1 2 1.168186e-12 -1.295069e+02 -6.760262e+04
INFO: cmn.c(183): CMN: 60.27  5.45 15.08 -4.96 13.04 -10.98 -9.43 -7.49 -2.06 -0.58  3.21 -7.19 -5.89 
utt>   208                       007 1688    0   116 15  1 2 1.154661e-12 -1.284421e+02 -2.168103e+05
INFO: cmn.c(183): CMN: 51.70  2.44  9.94  1.83  2.40  0.15  1.42 -0.46  9.06  1.23 10.00 -0.42 -0.98 
utt>   209                       001  399    0    68 13  1 2 1.781650e-12 -1.290790e+02 -5.150251e+04
INFO: cmn.c(183): CMN: 57.29  7.08  8.97  8.79  8.32 -9.56  0.45  4.13 -0.87  0.03 11.11  0.69 -0.82 
utt>   210                       002  547    0    60 12  1 2 1.500159e-12 -1.282664e+02 -7.016172e+04
INFO: cmn.c(183): CMN: 54.27  6.66 12.79 -1.32  8.36  2.76 -0.63 -3.54  6.61 -1.00  4.20 -5.58  1.56 
utt>   211                       003  470    0    44 14  1 2 1.456931e-12 -1.301343e+02 -6.116312e+04
INFO: cmn.c(183): CMN: 56.53  2.96 23.15  8.32  3.53 -9.66 -7.52 -5.25  2.82  0.56 10.53 -4.83 -6.09 
utt>   212                       004  395    0    40 12  1 1 1.002871e-12 -1.239049e+02 -4.894246e+04
INFO: cmn.c(183): CMN: 58.71  4.20 14.33  3.96  9.80 -13.75 -10.91 -5.52 -4.17  0.04  6.19 -7.25 -8.51 
utt>   213                       005  719    0    64 12  1 2 1.130739e-12 -1.280477e+02 -9.206629e+04
INFO: cmn.c(183): CMN: 57.11  4.46 17.32 -3.90  9.04 -7.21 -14.55 -12.26 -1.54  1.21  3.55 -5.36 -11.64 
utt>   214                       006  522    0    56 11  1 2 1.314662e-12 -1.295072e+02 -6.760278e+04
INFO: cmn.c(183): CMN: 60.27  5.45 15.08 -4.96 13.03 -10.98 -9.42 -7.48 -2.06 -0.58  3.21 -7.19 -5.90 
utt>   215                       007 1688    0   116 15  1 2 1.154041e-12 -1.284370e+02 -2.168017e+05
INFO: cmn.c(183): CMN: 51.71  2.45  9.95  1.87  2.34  0.05  1.24 -0.58  9.07  1.27  9.96 -0.45 -1.05 
utt>   216                       001  399    0    68 13  1 2 1.656497e-12 -1.292127e+02 -5.155585e+04
INFO: cmn.c(183): CMN: 57.29  7.08  8.97  8.79  8.32 -9.57  0.46  4.13 -0.86  0.04 11.11  0.69 -0.82 
utt>   217                       002  547    0    60 12  1 2 1.554959e-12 -1.282968e+02 -7.017837e+04
INFO: cmn.c(183): CMN: 54.27  6.67 12.78 -1.34  8.36  2.75 -0.62 -3.55  6.61 -0.98  4.19 -5.56  1.56 
utt>   218                       003  470    0    44 14  1 2 1.267835e-12 -1.301473e+02 -6.116923e+04
INFO: cmn.c(183): CMN: 56.53  2.96 23.15  8.32  3.54 -9.66 -7.54 -5.25  2.82  0.57 10.53 -4.83 -6.09 
utt>   219                       004  395    0    40 12  1 1 9.917944e-13 -1.238841e+02 -4.893423e+04
INFO: cmn.c(183): CMN: 58.71  4.20 14.33  3.96  9.80 -13.74 -10.92 -5.51 -4.17  0.04  6.19 -7.25 -8.51 
utt>   220                       005  719    0    64 12  1 2 1.222554e-12 -1.280558e+02 -9.207213e+04
INFO: cmn.c(183): CMN: 57.11  4.46 17.31 -3.89  9.04 -7.21 -14.54 -12.27 -1.53  1.21  3.55 -5.36 -11.64 
utt>   221                       006  522    0    56 11  1 2 1.310821e-12 -1.294958e+02 -6.759681e+04
overall> stats 149597 (-0) -1.283346e+02 -1.919847e+07

INFO: s3mixw_io.c(233): Wrote /home/azizkag/projects/QuranRecognition/fatiha_acoustic_model/bwaccumdir/fatiha_buff_1/mixw_counts [186x1x1 array]
INFO: s3tmat_io.c(176): Wrote /home/azizkag/projects/QuranRecognition/fatiha_acoustic_model/bwaccumdir/fatiha_buff_1/tmat_counts [62x3x4 array]
INFO: s3gau_io.c(485): Wrote /home/azizkag/projects/QuranRecognition/fatiha_acoustic_model/bwaccumdir/fatiha_buff_1/gauden_counts with means with vars (2pass) [186x1x1 vector arrays]
INFO: main.c(1003): Counts saved to /home/azizkag/projects/QuranRecognition/fatiha_acoustic_model/bwaccumdir/fatiha_buff_1
Sun Jan 24 16:57:01 2016
