        INFO: main.c(229): Compiled on Jan 23 2016 at 20:03:23
Current configuration:
[NAME]			[DEFLT]		[VALUE]
-2passvar		no		yes
-abeam			1e-100		1.000000e-90
-accumdir				/home/azizkag/projects/QuranRecognition/fatiha_acoustic_model/bwaccumdir/fatiha_buff_3
-agc			none		none
-agcthresh		2.0		2.000000e+00
-bbeam			1e-100		1.000000e-10
-cb2mllrfn		.1cls.		.1cls.
-cepdir					/home/azizkag/projects/QuranRecognition/fatiha_acoustic_model/feat
-cepext			mfc		mfc
-ceplen			13		13
-ckptintv				0
-cmn			current		current
-cmninit		8.0		8.0
-ctlfn					/home/azizkag/projects/QuranRecognition/fatiha_acoustic_model/etc/fatiha_train.fileids
-diagfull		no		no
-dictfn					/home/azizkag/projects/QuranRecognition/fatiha_acoustic_model/etc/fatiha.dic
-example		no		no
-fdictfn				/home/azizkag/projects/QuranRecognition/fatiha_acoustic_model/etc/fatiha.filler
-feat			1s_c_d_dd	1s_c_d_dd
-fullsuffixmatch	no		no
-fullvar		no		no
-help			no		no
-hmmdir					
-latdir					
-latext					
-lda					
-ldadim			0		0
-lsnfn					/home/azizkag/projects/QuranRecognition/fatiha_acoustic_model/etc/fatiha_train.transcription
-lw			11.5		1.150000e+01
-maxuttlen		0		0
-meanfn					/home/azizkag/projects/QuranRecognition/fatiha_acoustic_model/model_parameters/fatiha.ci_cont/means
-meanreest		yes		yes
-mixwfn					/home/azizkag/projects/QuranRecognition/fatiha_acoustic_model/model_parameters/fatiha.ci_cont/mixture_weights
-mixwreest		yes		yes
-mllrmat				
-mmie			no		no
-mmie_type		rand		rand
-moddeffn				/home/azizkag/projects/QuranRecognition/fatiha_acoustic_model/model_architecture/fatiha.ci.mdef
-mwfloor		0.00001		1.000000e-08
-npart					4
-nskip					0
-outphsegdir				
-outputfullpath		no		no
-part					3
-pdumpdir				
-phsegdir				
-phsegext		phseg		phseg
-runlen			-1		-1
-sentdir				
-sentext		sent		sent
-spthresh		0.0		0.000000e+00
-svspec					
-timing			yes		no
-tmatfn					/home/azizkag/projects/QuranRecognition/fatiha_acoustic_model/model_parameters/fatiha.ci_cont/transition_matrices
-tmatreest		yes		yes
-topn			4		1
-tpfloor		0.0001		1.000000e-04
-ts2cbfn				.cont.
-varfloor		0.00001		1.000000e-04
-varfn					/home/azizkag/projects/QuranRecognition/fatiha_acoustic_model/model_parameters/fatiha.ci_cont/variances
-varnorm		no		no
-varreest		yes		yes
-viterbi		no		no

INFO: feat.c(715): Initializing feature stream to type: '1s_c_d_dd', ceplen=13, CMN='current', VARNORM='no', AGC='none'
INFO: cmn.c(143): mean[0]= 12.00, mean[1..12]= 0.0
INFO: main.c(318): Reading /home/azizkag/projects/QuranRecognition/fatiha_acoustic_model/model_architecture/fatiha.ci.mdef
INFO: model_def_io.c(573): Model definition info:
INFO: model_def_io.c(574): 62 total models defined (62 base, 0 tri)
INFO: model_def_io.c(575): 248 total states
INFO: model_def_io.c(576): 186 total tied states
INFO: model_def_io.c(577): 186 total tied CI states
INFO: model_def_io.c(578): 62 total tied transition matrices
INFO: model_def_io.c(579): 4 max state/model
INFO: model_def_io.c(580): 4 min state/model
INFO: s3mixw_io.c(117): Read /home/azizkag/projects/QuranRecognition/fatiha_acoustic_model/model_parameters/fatiha.ci_cont/mixture_weights [186x1x1 array]
INFO: s3tmat_io.c(118): Read /home/azizkag/projects/QuranRecognition/fatiha_acoustic_model/model_parameters/fatiha.ci_cont/transition_matrices [62x3x4 array]
INFO: mod_inv.c(301): inserting tprob floor 1.000000e-04 and renormalizing
INFO: s3gau_io.c(169): Read /home/azizkag/projects/QuranRecognition/fatiha_acoustic_model/model_parameters/fatiha.ci_cont/means [186x1x1 array]
INFO: s3gau_io.c(169): Read /home/azizkag/projects/QuranRecognition/fatiha_acoustic_model/model_parameters/fatiha.ci_cont/variances [186x1x1 array]
INFO: gauden.c(176): 186 total mgau
INFO: gauden.c(150): 1 feature streams (|0|=39 )
INFO: gauden.c(187): 1 total densities
INFO: gauden.c(90): min_var=1.000000e-04
INFO: gauden.c(165): compute 1 densities/frame
INFO: main.c(431): Will reestimate mixing weights.
INFO: main.c(433): Will reestimate means.
INFO: main.c(435): Will reestimate variances.
INFO: main.c(443): Will reestimate transition matrices
INFO: main.c(456): Reading main dictionary: /home/azizkag/projects/QuranRecognition/fatiha_acoustic_model/etc/fatiha.dic
INFO: lexicon.c(221): 26 entries added from /home/azizkag/projects/QuranRecognition/fatiha_acoustic_model/etc/fatiha.dic
INFO: main.c(466): Reading filler dictionary: /home/azizkag/projects/QuranRecognition/fatiha_acoustic_model/etc/fatiha.filler
INFO: lexicon.c(221): 3 entries added from /home/azizkag/projects/QuranRecognition/fatiha_acoustic_model/etc/fatiha.filler
INFO: corpus.c(427): skipping 444 utts.
INFO: corpus.c(431): Last utt skipped: 005
INFO: corpus.c(1089): Will process 222 utts starting at 444
INFO: main.c(666): Reestimation: Baum-Welch
INFO: cmn.c(183): CMN: 57.11  4.46 17.31 -3.89  9.04 -7.21 -14.54 -12.27 -1.53  1.21  3.55 -5.36 -11.64 
column defns
	<seq>
	<id>
	<n_frame_in>
	<n_frame_del>
	<n_state_shmm>
	<avg_states_alpha>
	<avg_states_beta>
	<avg_states_reest>
	<avg_posterior_prune>
	<frame_log_lik>
	<utt_log_lik>
	... timing info ... 
utt>   444                       006  522    0INFO: cvt2triphone.c(199): no multiphones defined, no conversion done
    56 7  1 1 5.916088e-13 -1.278065e+02 -6.671497e+04
INFO: cmn.c(183): CMN: 60.27  5.45 15.08 -4.96 13.04 -10.98 -9.42 -7.49 -2.06 -0.58  3.22 -7.19 -5.90 
utt>   445                       007 1688    0   116 5  1 1 4.043595e-13 -1.260525e+02 -2.127766e+05
INFO: cmn.c(183): CMN: 51.72  2.45  9.93  1.83  2.25  0.14  1.29 -0.45  9.11  1.27 10.08 -0.40 -1.03 
utt>   446                       001  399    0    68 8  1 1 1.292206e-12 -1.254698e+02 -5.006245e+04
INFO: cmn.c(183): CMN: 57.29  7.08  8.98  8.79  8.31 -9.57  0.45  4.14 -0.88  0.04 11.11  0.70 -0.82 
utt>   447                       002  547    0    60 6  1 1 5.361444e-13 -1.256519e+02 -6.873160e+04
INFO: cmn.c(183): CMN: 54.28  6.66 12.78 -1.33  8.35  2.76 -0.62 -3.53  6.61 -0.99  4.19 -5.57  1.57 
utt>   448                       003  470    0    44 8  1 1 5.265523e-13 -1.284233e+02 -6.035896e+04
INFO: cmn.c(183): CMN: 56.53  2.96 23.15  8.32  3.54 -9.67 -7.53 -5.25  2.81  0.57 10.54 -4.83 -6.08 
utt>   449                       004  395    0    40 5  1 1 7.579398e-13 -1.217555e+02 -4.809341e+04
INFO: cmn.c(183): CMN: 58.71  4.20 14.33  3.96  9.80 -13.74 -10.93 -5.51 -4.16  0.04  6.19 -7.24 -8.51 
utt>   450                       005  719    0    64 6  1 1 4.702885e-13 -1.258147e+02 -9.046079e+04
INFO: cmn.c(183): CMN: 57.11  4.45 17.31 -3.89  9.04 -7.21 -14.55 -12.26 -1.53  1.21  3.56 -5.36 -11.64 
utt>   451                       006  522    0    56 7  1 1 5.254184e-13 -1.278106e+02 -6.671711e+04
INFO: cmn.c(183): CMN: 60.27  5.45 15.08 -4.96 13.04 -10.98 -9.42 -7.49 -2.06 -0.58  3.21 -7.19 -5.90 
utt>   452                       007 1688    0   116 5  1 1 3.690968e-13 -1.260551e+02 -2.127810e+05
INFO: cmn.c(183): CMN: 51.72  2.44  9.96  1.84  2.38  0.16  1.34 -0.48  9.07  1.22  9.96 -0.47 -1.02 
utt>   453                       001  399    0    68 8  1 1 1.148667e-12 -1.256196e+02 -5.012221e+04
INFO: cmn.c(183): CMN: 57.29  7.08  8.97  8.78  8.31 -9.57  0.46  4.13 -0.87  0.04 11.10  0.69 -0.82 
utt>   454                       002  547    0    60 6  1 1 5.692631e-13 -1.256613e+02 -6.873676e+04
INFO: cmn.c(183): CMN: 54.27  6.66 12.79 -1.33  8.36  2.77 -0.64 -3.53  6.61 -0.99  4.21 -5.58  1.57 
utt>   455                       003  470    0    44 8  1 1 5.440321e-13 -1.284285e+02 -6.036138e+04
INFO: cmn.c(183): CMN: 56.52  2.96 23.15  8.32  3.53 -9.67 -7.53 -5.25  2.82  0.57 10.53 -4.83 -6.09 
utt>   456                       004  395    0    40 5  1 1 7.023201e-13 -1.217465e+02 -4.808986e+04
INFO: cmn.c(183): CMN: 58.71  4.20 14.33  3.96  9.80 -13.74 -10.92 -5.51 -4.16  0.03  6.19 -7.25 -8.51 
utt>   457                       005  719    0    64 6  1 1 3.415533e-13 -1.258310e+02 -9.047249e+04
INFO: cmn.c(183): CMN: 57.11  4.45 17.31 -3.90  9.04 -7.20 -14.55 -12.26 -1.54  1.22  3.56 -5.35 -11.64 
utt>   458                       006  522    0    56 7  1 1 5.969409e-13 -1.278170e+02 -6.672048e+04
INFO: cmn.c(183): CMN: 60.27  5.45 15.08 -4.96 13.04 -10.98 -9.42 -7.49 -2.06 -0.58  3.21 -7.19 -5.89 
utt>   459                       007 1688    0   116 5  1 1 3.663341e-13 -1.260529e+02 -2.127773e+05
INFO: cmn.c(183): CMN: 51.71  2.43  9.99  1.81  2.30  0.19  1.37 -0.56  9.12  1.29 10.08 -0.47 -1.02 
utt>   460                       001  399    0    68 8  1 1 1.293905e-12 -1.254722e+02 -5.006340e+04
INFO: cmn.c(183): CMN: 57.29  7.08  8.97  8.78  8.31 -9.56  0.45  4.14 -0.86  0.04 11.10  0.70 -0.82 
utt>   461                       002  547    0    60 6  1 1 4.058176e-13 -1.256561e+02 -6.873388e+04
INFO: cmn.c(183): CMN: 54.27  6.66 12.79 -1.32  8.36  2.76 -0.63 -3.54  6.62 -1.00  4.20 -5.58  1.56 
utt>   462                       003  470    0    44 8  1 1 5.425813e-13 -1.284181e+02 -6.035651e+04
INFO: cmn.c(183): CMN: 56.53  2.96 23.15  8.32  3.53 -9.66 -7.53 -5.25  2.82  0.57 10.54 -4.84 -6.09 
utt>   463                       004  395    0    40 5  1 1 7.243358e-13 -1.217386e+02 -4.808674e+04
INFO: cmn.c(183): CMN: 58.71  4.20 14.33  3.96  9.81 -13.75 -10.92 -5.52 -4.16  0.03  6.19 -7.25 -8.50 
utt>   464                       005  719    0    64 6  1 1 3.325307e-13 -1.258381e+02 -9.047758e+04
INFO: cmn.c(183): CMN: 57.10  4.46 17.32 -3.89  9.04 -7.21 -14.55 -12.27 -1.54  1.21  3.57 -5.36 -11.65 
utt>   465                       006  522    0    56 7  1 1 6.982238e-13 -1.278132e+02 -6.671851e+04
INFO: cmn.c(183): CMN: 60.27  5.45 15.08 -4.96 13.04 -10.98 -9.42 -7.49 -2.06 -0.58  3.21 -7.19 -5.90 
utt>   466                       007 1688    0   116 5  1 1 3.779827e-13 -1.260493e+02 -2.127712e+05
INFO: cmn.c(183): CMN: 51.72  2.43  9.95  1.80  2.33  0.23  1.25 -0.43  9.07  1.30 10.00 -0.44 -1.00 
utt>   467                       001  399    0    68 8  1 1 1.011920e-12 -1.255758e+02 -5.010475e+04
INFO: cmn.c(183): CMN: 57.29  7.08  8.98  8.79  8.32 -9.57  0.44  4.14 -0.86  0.03 11.10  0.69 -0.82 
utt>   468                       002  547    0    60 6  1 1 5.144557e-13 -1.256609e+02 -6.873650e+04
INFO: cmn.c(183): CMN: 54.28  6.66 12.78 -1.33  8.36  2.76 -0.64 -3.54  6.62 -0.98  4.19 -5.57  1.57 
utt>   469                       003  470    0    44 8  1 1 5.272968e-13 -1.284339e+02 -6.036394e+04
INFO: cmn.c(183): CMN: 56.52  2.96 23.16  8.32  3.53 -9.66 -7.53 -5.25  2.82  0.58 10.53 -4.83 -6.08 
utt>   470                       004  395    0    40 5  1 1 6.401406e-13 -1.217647e+02 -4.809707e+04
INFO: cmn.c(183): CMN: 58.71  4.20 14.33  3.96  9.80 -13.74 -10.92 -5.52 -4.16  0.03  6.19 -7.25 -8.51 
utt>   471                       005  719    0    64 6  1 1 4.022187e-13 -1.258304e+02 -9.047206e+04
INFO: cmn.c(183): CMN: 57.10  4.46 17.31 -3.90  9.04 -7.20 -14.55 -12.27 -1.54  1.21  3.56 -5.35 -11.64 
utt>   472                       006  522    0    56 7  1 1 5.285267e-13 -1.278120e+02 -6.671788e+04
INFO: cmn.c(183): CMN: 60.27  5.45 15.08 -4.96 13.04 -10.98 -9.42 -7.49 -2.06 -0.58  3.21 -7.19 -5.89 
utt>   473                       007 1688    0   116 5  1 1 3.622368e-13 -1.260522e+02 -2.127761e+05
INFO: cmn.c(183): CMN: 51.72  2.45  9.92  1.88  2.37  0.15  1.30 -0.57  9.17  1.33 10.09 -0.55 -1.15 
utt>   474                       001  399    0    68 8  1 1 7.431323e-13 -1.254816e+02 -5.006718e+04
INFO: cmn.c(183): CMN: 57.29  7.08  8.97  8.79  8.31 -9.57  0.45  4.13 -0.87  0.04 11.11  0.70 -0.82 
utt>   475                       002  547    0    60 6  1 1 3.984401e-13 -1.256596e+02 -6.873581e+04
INFO: cmn.c(183): CMN: 54.27  6.67 12.79 -1.33  8.35  2.76 -0.63 -3.52  6.62 -0.99  4.17 -5.57  1.58 
utt>   476                       003  470    0    44 8  1 1 5.500000e-13 -1.284297e+02 -6.036197e+04
INFO: cmn.c(183): CMN: 56.53  2.96 23.15  8.32  3.54 -9.66 -7.54 -5.26  2.82  0.57 10.54 -4.82 -6.08 
utt>   477                       004  395    0    40 5  1 1 8.076361e-13 -1.217501e+02 -4.809129e+04
INFO: cmn.c(183): CMN: 58.71  4.20 14.33  3.96  9.79 -13.75 -10.91 -5.51 -4.18  0.04  6.18 -7.24 -8.51 
utt>   478                       005  719    0    64 6  1 1 4.579852e-13 -1.258354e+02 -9.047566e+04
INFO: cmn.c(183): CMN: 57.11  4.45 17.32 -3.89  9.04 -7.21 -14.55 -12.26 -1.54  1.21  3.56 -5.36 -11.64 
utt>   479                       006  522    0    56 7  1 1 4.996379e-13 -1.278084e+02 -6.671599e+04
INFO: cmn.c(183): CMN: 60.27  5.45 15.08 -4.96 13.03 -10.98 -9.42 -7.49 -2.06 -0.58  3.21 -7.19 -5.89 
utt>   480                       007 1688    0   116 5  1 1 3.632519e-13 -1.260463e+02 -2.127662e+05
INFO: cmn.c(183): CMN: 51.72  2.42  9.94  1.85  2.41  0.20  1.34 -0.52  9.07  1.32 10.08 -0.39 -0.94 
utt>   481                       001  399    0    68 8  1 1 1.050577e-12 -1.256842e+02 -5.014800e+04
INFO: cmn.c(183): CMN: 57.29  7.09  8.97  8.79  8.31 -9.56  0.45  4.13 -0.87  0.04 11.11  0.69 -0.82 
utt>   482                       002  547    0    60 6  1 1 4.023333e-13 -1.256527e+02 -6.873205e+04
INFO: cmn.c(183): CMN: 54.28  6.66 12.79 -1.34  8.35  2.76 -0.63 -3.53  6.62 -0.99  4.19 -5.56  1.56 
utt>   483                       003  470    0    44 8  1 1 5.362058e-13 -1.284340e+02 -6.036399e+04
INFO: cmn.c(183): CMN: 56.53  2.96 23.15  8.32  3.54 -9.66 -7.53 -5.25  2.80  0.56 10.54 -4.82 -6.08 
utt>   484                       004  395    0    40 5  1 1 7.103949e-13 -1.217314e+02 -4.808389e+04
INFO: cmn.c(183): CMN: 58.71  4.20 14.32  3.96  9.80 -13.75 -10.92 -5.52 -4.16  0.04  6.18 -7.25 -8.51 
utt>   485                       005  719    0    64 6  1 1 3.394121e-13 -1.258376e+02 -9.047721e+04
INFO: cmn.c(183): CMN: 57.11  4.45 17.32 -3.90  9.04 -7.21 -14.54 -12.26 -1.54  1.21  3.56 -5.36 -11.65 
utt>   486                       006  522    0    56 7  1 1 4.952663e-13 -1.278276e+02 -6.672603e+04
INFO: cmn.c(183): CMN: 60.27  5.45 15.08 -4.96 13.03 -10.98 -9.42 -7.49 -2.07 -0.58  3.21 -7.19 -5.89 
utt>   487                       007 1688    0   116 5  1 1 4.075904e-13 -1.260510e+02 -2.127741e+05
INFO: cmn.c(183): CMN: 51.71  2.46  9.95  1.83  2.51  0.21  1.33 -0.46  9.06  1.21 10.03 -0.40 -0.99 
utt>   488                       001  399    0    68 8  1 1 1.074080e-12 -1.254313e+02 -5.004709e+04
INFO: cmn.c(183): CMN: 57.29  7.08  8.97  8.79  8.31 -9.57  0.45  4.14 -0.87  0.03 11.11  0.69 -0.80 
utt>   489                       002  547    0    60 6  1 1 5.466532e-13 -1.256449e+02 -6.872773e+04
INFO: cmn.c(183): CMN: 54.27  6.66 12.79 -1.33  8.36  2.76 -0.64 -3.54  6.62 -0.99  4.19 -5.58  1.56 
utt>   490                       003  470    0    44 8  1 1 5.374404e-13 -1.284392e+02 -6.036641e+04
INFO: cmn.c(183): CMN: 56.52  2.96 23.15  8.33  3.53 -9.67 -7.53 -5.25  2.81  0.57 10.53 -4.83 -6.09 
utt>   491                       004  395    0    40 5  1 1 7.070186e-13 -1.217468e+02 -4.808998e+04
INFO: cmn.c(183): CMN: 58.71  4.20 14.33  3.96  9.80 -13.75 -10.92 -5.52 -4.16  0.04  6.19 -7.24 -8.51 
utt>   492                       005  719    0    64 6  1 1 3.651705e-13 -1.258319e+02 -9.047313e+04
INFO: cmn.c(183): CMN: 57.11  4.45 17.32 -3.89  9.04 -7.21 -14.55 -12.26 -1.54  1.21  3.56 -5.37 -11.65 
utt>   493                       006  522    0    56 7  1 1 5.027369e-13 -1.278137e+02 -6.671873e+04
INFO: cmn.c(183): CMN: 60.27  5.45 15.09 -4.96 13.03 -10.98 -9.42 -7.49 -2.06 -0.58  3.21 -7.19 -5.90 
utt>   494                       007 1688    0   116 5  1 1 3.775873e-13 -1.260490e+02 -2.127706e+05
INFO: cmn.c(183): CMN: 51.72  2.44  9.98  1.81  2.34  0.16  1.37 -0.50  9.10  1.29  9.99 -0.39 -0.98 
utt>   495                       001  399    0    68 8  1 1 9.169154e-13 -1.254573e+02 -5.005748e+04
INFO: cmn.c(183): CMN: 57.29  7.08  8.97  8.79  8.31 -9.57  0.45  4.13 -0.87  0.05 11.11  0.70 -0.81 
utt>   496                       002  547    0    60 6  1 1 5.299274e-13 -1.256257e+02 -6.871726e+04
INFO: cmn.c(183): CMN: 54.27  6.65 12.78 -1.32  8.38  2.77 -0.64 -3.54  6.62 -0.99  4.20 -5.59  1.57 
utt>   497                       003  470    0    44 8  1 1 5.299102e-13 -1.284446e+02 -6.036898e+04
INFO: cmn.c(183): CMN: 56.53  2.96 23.16  8.33  3.53 -9.67 -7.53 -5.25  2.82  0.58 10.54 -4.83 -6.09 
utt>   498                       004  395    0    40 5  1 1 7.691237e-13 -1.217450e+02 -4.808926e+04
INFO: cmn.c(183): CMN: 58.71  4.20 14.33  3.96  9.80 -13.74 -10.92 -5.53 -4.17  0.04  6.19 -7.25 -8.51 
utt>   499                       005  719    0    64 6  1 1 3.348800e-13 -1.258216e+02 -9.046576e+04
INFO: cmn.c(183): CMN: 57.11  4.45 17.31 -3.89  9.04 -7.21 -14.54 -12.26 -1.55  1.21  3.56 -5.36 -11.64 
utt>   500                       006  522    0    56 7  1 1 5.672386e-13 -1.278168e+02 -6.672036e+04
INFO: cmn.c(183): CMN: 60.27  5.45 15.08 -4.95 13.04 -10.98 -9.42 -7.49 -2.06 -0.58  3.21 -7.19 -5.89 
utt>   501                       007 1688    0   116 5  1 1 3.756035e-13 -1.260490e+02 -2.127708e+05
INFO: cmn.c(183): CMN: 51.73  2.43  9.99  1.89  2.38  0.27  1.39 -0.46  9.10  1.21  9.93 -0.45 -0.93 
utt>   502                       001  399    0    68 8  1 1 1.088752e-12 -1.253275e+02 -5.000569e+04
INFO: cmn.c(183): CMN: 57.29  7.08  8.98  8.79  8.31 -9.57  0.45  4.14 -0.87  0.03 11.10  0.70 -0.82 
utt>   503                       002  547    0    60 6  1 1 6.798755e-13 -1.256518e+02 -6.873153e+04
INFO: cmn.c(183): CMN: 54.27  6.66 12.79 -1.33  8.35  2.75 -0.64 -3.55  6.63 -0.97  4.18 -5.58  1.56 
utt>   504                       003  470    0    44 8  1 1 5.423847e-13 -1.284191e+02 -6.035696e+04
INFO: cmn.c(183): CMN: 56.53  2.96 23.15  8.32  3.53 -9.66 -7.53 -5.25  2.81  0.56 10.54 -4.83 -6.09 
utt>   505                       004  395    0    40 5  1 1 5.795572e-13 -1.217323e+02 -4.808428e+04
INFO: cmn.c(183): CMN: 58.71  4.20 14.32  3.96  9.80 -13.74 -10.93 -5.52 -4.17  0.04  6.18 -7.25 -8.51 
utt>   506                       005  719    0    64 6  1 1 4.368559e-13 -1.258351e+02 -9.047545e+04
INFO: cmn.c(183): CMN: 57.11  4.45 17.31 -3.89  9.04 -7.21 -14.54 -12.27 -1.54  1.21  3.56 -5.36 -11.64 
utt>   507                       006  522    0    56 7  1 1 4.986993e-13 -1.278121e+02 -6.671790e+04
INFO: cmn.c(183): CMN: 60.27  5.45 15.08 -4.95 13.04 -10.99 -9.42 -7.49 -2.06 -0.58  3.21 -7.19 -5.89 
utt>   508                       007 1688    0   116 5  1 1 3.741554e-13 -1.260554e+02 -2.127815e+05
INFO: cmn.c(183): CMN: 51.71  2.45  9.97  1.82  2.34  0.20  1.34 -0.55  9.06  1.21 10.00 -0.43 -1.09 
utt>   509                       001  399    0    68 8  1 1 1.075512e-12 -1.254734e+02 -5.006388e+04
INFO: cmn.c(183): CMN: 57.29  7.08  8.97  8.79  8.32 -9.57  0.45  4.14 -0.87  0.04 11.10  0.69 -0.83 
utt>   510                       002  547    0    60 6  1 1 5.230278e-13 -1.256436e+02 -6.872707e+04
INFO: cmn.c(183): CMN: 54.28  6.66 12.78 -1.33  8.36  2.75 -0.64 -3.53  6.60 -0.98  4.19 -5.57  1.57 
utt>   511                       003  470    0    44 8  1 1 5.667255e-13 -1.284616e+02 -6.037697e+04
INFO: cmn.c(183): CMN: 56.53  2.96 23.15  8.32  3.53 -9.66 -7.52 -5.26  2.81  0.57 10.54 -4.83 -6.09 
utt>   512                       004  395    0    40 5  1 1 6.382908e-13 -1.217252e+02 -4.808144e+04
INFO: cmn.c(183): CMN: 58.71  4.20 14.33  3.96  9.80 -13.73 -10.93 -5.52 -4.17  0.04  6.19 -7.25 -8.51 
utt>   513                       005  719    0    64 6  1 1 3.811410e-13 -1.258359e+02 -9.047604e+04
INFO: cmn.c(183): CMN: 57.11  4.45 17.31 -3.89  9.04 -7.20 -14.55 -12.27 -1.54  1.21  3.57 -5.36 -11.63 
utt>   514                       006  522    0    56 7  1 1 5.117957e-13 -1.278000e+02 -6.671160e+04
INFO: cmn.c(183): CMN: 60.27  5.45 15.08 -4.96 13.03 -10.98 -9.42 -7.48 -2.06 -0.58  3.21 -7.19 -5.89 
utt>   515                       007 1688    0   116 5  1 1 3.963858e-13 -1.260508e+02 -2.127737e+05
INFO: cmn.c(183): CMN: 51.72  2.42  9.93  1.86  2.42  0.10  1.19 -0.55  9.07  1.24 10.06 -0.51 -1.08 
utt>   516                       001  399    0    68 8  1 1 9.548082e-13 -1.254361e+02 -5.004899e+04
INFO: cmn.c(183): CMN: 57.29  7.08  8.97  8.79  8.31 -9.57  0.44  4.14 -0.85  0.04 11.11  0.69 -0.82 
utt>   517                       002  547    0    60 6  1 1 4.032403e-13 -1.256620e+02 -6.873714e+04
INFO: cmn.c(183): CMN: 54.28  6.66 12.78 -1.32  8.36  2.75 -0.62 -3.54  6.62 -0.97  4.18 -5.57  1.57 
utt>   518                       003  470    0    44 8  1 1 5.483812e-13 -1.284480e+02 -6.037055e+04
INFO: cmn.c(183): CMN: 56.52  2.96 23.15  8.32  3.53 -9.66 -7.53 -5.26  2.81  0.57 10.54 -4.82 -6.09 
utt>   519                       004  395    0    40 5  1 1 6.439699e-13 -1.217467e+02 -4.808993e+04
INFO: cmn.c(183): CMN: 58.70  4.20 14.33  3.96  9.80 -13.75 -10.92 -5.52 -4.17  0.04  6.18 -7.24 -8.51 
utt>   520                       005  719    0    64 6  1 1 4.347652e-13 -1.258506e+02 -9.048657e+04
INFO: cmn.c(183): CMN: 57.11  4.46 17.31 -3.90  9.04 -7.20 -14.55 -12.27 -1.54  1.21  3.56 -5.36 -11.64 
utt>   521                       006  522    0    56 7  1 1 5.136595e-13 -1.277992e+02 -6.671116e+04
INFO: cmn.c(183): CMN: 60.27  5.45 15.08 -4.96 13.04 -10.98 -9.42 -7.48 -2.06 -0.58  3.22 -7.19 -5.90 
utt>   522                       007 1688    0   116 5  1 1 3.687509e-13 -1.260517e+02 -2.127753e+05
INFO: cmn.c(183): CMN: 51.73  2.44  9.95  1.86  2.31  0.07  1.30 -0.49  9.11  1.24 10.08 -0.52 -1.03 
utt>   523                       001  399    0    68 8  1 1 9.798159e-13 -1.255031e+02 -5.007575e+04
INFO: cmn.c(183): CMN: 57.29  7.08  8.97  8.79  8.32 -9.57  0.45  4.15 -0.87  0.04 11.10  0.70 -0.82 
utt>   524                       002  547    0    60 6  1 1 4.032767e-13 -1.256622e+02 -6.873720e+04
INFO: cmn.c(183): CMN: 54.28  6.66 12.79 -1.33  8.36  2.76 -0.63 -3.54  6.61 -0.97  4.18 -5.58  1.58 
utt>   525                       003  470    0    44 8  1 1 5.588395e-13 -1.284562e+02 -6.037443e+04
INFO: cmn.c(183): CMN: 56.53  2.96 23.15  8.32  3.53 -9.66 -7.53 -5.25  2.83  0.58 10.54 -4.84 -6.08 
utt>   526                       004  395    0    40 5  1 1 7.817482e-13 -1.217632e+02 -4.809648e+04
INFO: cmn.c(183): CMN: 58.71  4.20 14.32  3.96  9.81 -13.74 -10.92 -5.51 -4.16  0.03  6.19 -7.24 -8.51 
utt>   527                       005  719    0    64 6  1 1 3.683432e-13 -1.258178e+02 -9.046303e+04
INFO: cmn.c(183): CMN: 57.11  4.45 17.31 -3.89  9.04 -7.21 -14.55 -12.26 -1.55  1.22  3.56 -5.36 -11.64 
utt>   528                       006  522    0    56 7  1 1 5.081767e-13 -1.278217e+02 -6.672295e+04
INFO: cmn.c(183): CMN: 60.27  5.45 15.08 -4.96 13.04 -10.98 -9.42 -7.48 -2.06 -0.58  3.21 -7.19 -5.90 
utt>   529                       007 1688    0   116 5  1 1 4.217468e-13 -1.260495e+02 -2.127716e+05
INFO: cmn.c(183): CMN: 51.71  2.47  9.94  1.83  2.38  0.20  1.33 -0.54  9.04  1.19 10.00 -0.42 -1.07 
utt>   530                       001  399    0    68 8  1 1 1.075356e-12 -1.254537e+02 -5.005604e+04
INFO: cmn.c(183): CMN: 57.29  7.08  8.97  8.79  8.30 -9.56  0.46  4.13 -0.87  0.03 11.11  0.70 -0.82 
utt>   531                       002  547    0    60 6  1 1 3.983485e-13 -1.256581e+02 -6.873495e+04
INFO: cmn.c(183): CMN: 54.28  6.66 12.78 -1.32  8.37  2.76 -0.66 -3.56  6.62 -0.98  4.21 -5.58  1.56 
utt>   532                       003  470    0    44 8  1 1 5.167732e-13 -1.284425e+02 -6.036795e+04
INFO: cmn.c(183): CMN: 56.52  2.96 23.15  8.32  3.53 -9.66 -7.53 -5.26  2.82  0.57 10.54 -4.83 -6.08 
utt>   533                       004  395    0    40 5  1 1 6.519180e-13 -1.217335e+02 -4.808472e+04
INFO: cmn.c(183): CMN: 58.71  4.20 14.32  3.96  9.80 -13.75 -10.92 -5.52 -4.17  0.04  6.19 -7.24 -8.51 
utt>   534                       005  719    0    64 6  1 1 3.351412e-13 -1.258163e+02 -9.046192e+04
INFO: cmn.c(183): CMN: 57.11  4.46 17.32 -3.89  9.04 -7.21 -14.55 -12.27 -1.55  1.22  3.57 -5.36 -11.64 
utt>   535                       006  522    0    56 7  1 1 5.779710e-13 -1.277929e+02 -6.670787e+04
INFO: cmn.c(183): CMN: 60.27  5.45 15.08 -4.96 13.04 -10.98 -9.42 -7.49 -2.06 -0.58  3.21 -7.19 -5.90 
utt>   536                       007 1688    0   116 5  1 1 4.216181e-13 -1.260533e+02 -2.127780e+05
INFO: cmn.c(183): CMN: 51.71  2.44  9.93  1.87  2.44  0.15  1.19 -0.50  9.09  1.22 10.04 -0.42 -0.99 
utt>   537                       001  399    0    68 8  1 1 9.576091e-13 -1.254685e+02 -5.006193e+04
INFO: cmn.c(183): CMN: 57.29  7.09  8.97  8.79  8.32 -9.57  0.45  4.13 -0.87  0.04 11.11  0.70 -0.81 
utt>   538                       002  547    0    60 6  1 1 3.999969e-13 -1.256459e+02 -6.872833e+04
INFO: cmn.c(183): CMN: 54.27  6.66 12.79 -1.33  8.36  2.76 -0.62 -3.54  6.62 -0.99  4.17 -5.58  1.57 
utt>   539                       003  470    0    44 8  1 1 5.378035e-13 -1.284221e+02 -6.035838e+04
INFO: cmn.c(183): CMN: 56.53  2.97 23.15  8.32  3.53 -9.67 -7.53 -5.25  2.82  0.57 10.53 -4.83 -6.08 
utt>   540                       004  395    0    40 5  1 1 7.319086e-13 -1.217402e+02 -4.808738e+04
INFO: cmn.c(183): CMN: 58.71  4.20 14.33  3.96  9.80 -13.74 -10.92 -5.51 -4.17  0.04  6.18 -7.25 -8.51 
utt>   541                       005  719    0    64 6  1 1 3.399116e-13 -1.258318e+02 -9.047304e+04
INFO: cmn.c(183): CMN: 57.11  4.46 17.32 -3.90  9.04 -7.21 -14.55 -12.26 -1.53  1.21  3.56 -5.36 -11.64 
utt>   542                       006  522    0    56 7  1 1 5.831914e-13 -1.278154e+02 -6.671962e+04
INFO: cmn.c(183): CMN: 60.27  5.45 15.08 -4.96 13.04 -10.98 -9.43 -7.49 -2.06 -0.58  3.21 -7.19 -5.89 
utt>   543                       007 1688    0   116 5  1 1 3.734574e-13 -1.260486e+02 -2.127700e+05
INFO: cmn.c(183): CMN: 51.72  2.44  9.97  1.85  2.40  0.16  1.18 -0.56  9.15  1.26 10.03 -0.41 -1.03 
utt>   544                       001  399    0    68 8  1 1 9.840143e-13 -1.254837e+02 -5.006799e+04
INFO: cmn.c(183): CMN: 57.29  7.08  8.97  8.78  8.32 -9.56  0.44  4.13 -0.86  0.04 11.11  0.70 -0.82 
utt>   545                       002  547    0    60 6  1 1 4.772930e-13 -1.256627e+02 -6.873749e+04
INFO: cmn.c(183): CMN: 54.27  6.66 12.79 -1.32  8.36  2.76 -0.64 -3.54  6.61 -0.99  4.20 -5.58  1.58 
utt>   546                       003  470    0    44 8  1 1 5.285187e-13 -1.284296e+02 -6.036191e+04
INFO: cmn.c(183): CMN: 56.53  2.97 23.15  8.32  3.54 -9.67 -7.53 -5.25  2.82  0.56 10.53 -4.83 -6.08 
utt>   547                       004  395    0    40 5  1 1 6.314748e-13 -1.217510e+02 -4.809164e+04
INFO: cmn.c(183): CMN: 58.71  4.20 14.33  3.96  9.80 -13.74 -10.92 -5.52 -4.17  0.04  6.19 -7.25 -8.51 
utt>   548                       005  719    0    64 6  1 1 3.552519e-13 -1.258200e+02 -9.046460e+04
INFO: cmn.c(183): CMN: 57.11  4.46 17.31 -3.89  9.04 -7.21 -14.55 -12.26 -1.54  1.21  3.57 -5.36 -11.64 
utt>   549                       006  522    0    56 7  1 1 8.442737e-13 -1.278209e+02 -6.672251e+04
INFO: cmn.c(183): CMN: 60.27  5.45 15.08 -4.96 13.04 -10.98 -9.42 -7.49 -2.06 -0.58  3.21 -7.19 -5.90 
utt>   550                       007 1688    0   116 5  1 1 3.663701e-13 -1.260555e+02 -2.127816e+05
INFO: cmn.c(183): CMN: 51.71  2.46  9.90  1.84  2.40  0.11  1.28 -0.52  9.06  1.33 10.01 -0.46 -0.97 
utt>   551                       001  399    0    68 8  1 1 9.564122e-13 -1.255342e+02 -5.008814e+04
INFO: cmn.c(183): CMN: 57.29  7.08  8.97  8.79  8.32 -9.57  0.45  4.14 -0.87  0.05 11.10  0.70 -0.82 
utt>   552                       002  547    0    60 6  1 1 4.729381e-13 -1.256547e+02 -6.873310e+04
INFO: cmn.c(183): CMN: 54.27  6.66 12.79 -1.32  8.36  2.77 -0.63 -3.53  6.58 -0.99  4.20 -5.57  1.56 
utt>   553                       003  470    0    44 8  1 1 5.349691e-13 -1.284388e+02 -6.036623e+04
INFO: cmn.c(183): CMN: 56.53  2.96 23.15  8.32  3.53 -9.66 -7.53 -5.26  2.81  0.58 10.53 -4.83 -6.09 
utt>   554                       004  395    0    40 5  1 1 6.583033e-13 -1.217472e+02 -4.809013e+04
INFO: cmn.c(183): CMN: 58.71  4.20 14.33  3.96  9.80 -13.74 -10.92 -5.52 -4.16  0.04  6.19 -7.25 -8.51 
utt>   555                       005  719    0    64 6  1 1 3.937045e-13 -1.258205e+02 -9.046495e+04
INFO: cmn.c(183): CMN: 57.11  4.46 17.31 -3.89  9.04 -7.21 -14.55 -12.26 -1.53  1.21  3.56 -5.36 -11.64 
utt>   556                       006  522    0    56 7  1 1 8.288105e-13 -1.278215e+02 -6.672282e+04
INFO: cmn.c(183): CMN: 60.27  5.45 15.08 -4.96 13.03 -10.98 -9.42 -7.49 -2.06 -0.58  3.22 -7.19 -5.90 
utt>   557                       007 1688    0   116 5  1 1 3.632421e-13 -1.260505e+02 -2.127733e+05
INFO: cmn.c(183): CMN: 51.72  2.44 10.00  1.82  2.25  0.15  1.32 -0.49  9.09  1.29  9.94 -0.37 -1.03 
utt>   558                       001  399    0    68 8  1 1 1.086200e-12 -1.255922e+02 -5.011129e+04
INFO: cmn.c(183): CMN: 57.29  7.08  8.98  8.79  8.32 -9.57  0.44  4.14 -0.86  0.05 11.10  0.68 -0.82 
utt>   559                       002  547    0    60 6  1 1 5.280275e-13 -1.256832e+02 -6.874869e+04
INFO: cmn.c(183): CMN: 54.27  6.65 12.80 -1.32  8.35  2.77 -0.64 -3.53  6.62 -0.99  4.19 -5.58  1.56 
utt>   560                       003  470    0    44 8  1 1 5.187657e-13 -1.284428e+02 -6.036812e+04
INFO: cmn.c(183): CMN: 56.52  2.96 23.15  8.32  3.54 -9.66 -7.53 -5.26  2.81  0.57 10.54 -4.83 -6.08 
utt>   561                       004  395    0    40 5  1 1 7.034809e-13 -1.217504e+02 -4.809143e+04
INFO: cmn.c(183): CMN: 58.71  4.20 14.32  3.96  9.80 -13.75 -10.92 -5.52 -4.16  0.04  6.19 -7.26 -8.51 
utt>   562                       005  719    0    64 6  1 1 3.319682e-13 -1.258162e+02 -9.046188e+04
INFO: cmn.c(183): CMN: 57.11  4.45 17.31 -3.89  9.04 -7.21 -14.55 -12.26 -1.55  1.21  3.56 -5.36 -11.64 
utt>   563                       006  522    0    56 7  1 1 6.807569e-13 -1.278007e+02 -6.671195e+04
INFO: cmn.c(183): CMN: 60.27  5.45 15.08 -4.96 13.04 -10.98 -9.43 -7.48 -2.06 -0.58  3.21 -7.19 -5.90 
utt>   564                       007 1688    0   116 5  1 1 3.826924e-13 -1.260549e+02 -2.127808e+05
INFO: cmn.c(183): CMN: 51.72  2.45  9.92  1.89  2.39  0.20  1.28 -0.42  9.11  1.29  9.99 -0.47 -1.08 
utt>   565                       001  399    0    68 8  1 1 9.565136e-13 -1.253867e+02 -5.002930e+04
INFO: cmn.c(183): CMN: 57.29  7.08  8.97  8.79  8.31 -9.58  0.45  4.14 -0.85  0.04 11.10  0.69 -0.81 
utt>   566                       002  547    0    60 6  1 1 4.013891e-13 -1.256486e+02 -6.872979e+04
INFO: cmn.c(183): CMN: 54.27  6.66 12.78 -1.31  8.36  2.74 -0.62 -3.53  6.62 -1.00  4.19 -5.58  1.57 
utt>   567                       003  470    0    44 8  1 1 5.447342e-13 -1.284269e+02 -6.036062e+04
INFO: cmn.c(183): CMN: 56.52  2.96 23.15  8.32  3.54 -9.66 -7.53 -5.25  2.82  0.57 10.53 -4.83 -6.08 
utt>   568                       004  395    0    40 5  1 1 6.162546e-13 -1.217547e+02 -4.809310e+04
INFO: cmn.c(183): CMN: 58.71  4.20 14.33  3.96  9.80 -13.74 -10.92 -5.51 -4.16  0.03  6.18 -7.25 -8.51 
utt>   569                       005  719    0    64 6  1 1 3.765545e-13 -1.258119e+02 -9.045878e+04
INFO: cmn.c(183): CMN: 57.11  4.46 17.31 -3.90  9.04 -7.20 -14.55 -12.27 -1.54  1.21  3.56 -5.36 -11.64 
utt>   570                       006  522    0    56 7  1 1 8.267578e-13 -1.278110e+02 -6.671736e+04
INFO: cmn.c(183): CMN: 60.27  5.45 15.08 -4.96 13.04 -10.98 -9.42 -7.49 -2.06 -0.58  3.21 -7.19 -5.90 
utt>   571                       007 1688    0   116 5  1 1 3.646582e-13 -1.260545e+02 -2.127800e+05
INFO: cmn.c(183): CMN: 51.71  2.45  9.99  1.84  2.30  0.10  1.33 -0.45  9.09  1.18 10.04 -0.43 -1.05 
utt>   572                       001  399    0    68 8  1 1 9.812900e-13 -1.255026e+02 -5.007556e+04
INFO: cmn.c(183): CMN: 57.29  7.08  8.97  8.79  8.31 -9.56  0.44  4.13 -0.86  0.04 11.12  0.70 -0.82 
utt>   573                       002  547    0    60 6  1 1 4.027192e-13 -1.256479e+02 -6.872939e+04
INFO: cmn.c(183): CMN: 54.28  6.65 12.79 -1.31  8.36  2.76 -0.63 -3.53  6.60 -0.99  4.19 -5.57  1.58 
utt>   574                       003  470    0    44 8  1 1 5.524709e-13 -1.284409e+02 -6.036722e+04
INFO: cmn.c(183): CMN: 56.53  2.96 23.15  8.32  3.54 -9.67 -7.53 -5.25  2.81  0.57 10.54 -4.82 -6.09 
utt>   575                       004  395    0    40 5  1 1 8.042979e-13 -1.217307e+02 -4.808361e+04
INFO: cmn.c(183): CMN: 58.71  4.20 14.33  3.97  9.80 -13.75 -10.93 -5.51 -4.16  0.03  6.19 -7.25 -8.51 
utt>   576                       005  719    0    64 6  1 1 3.347539e-13 -1.258363e+02 -9.047631e+04
INFO: cmn.c(183): CMN: 57.11  4.45 17.31 -3.90  9.04 -7.20 -14.56 -12.26 -1.54  1.21  3.56 -5.35 -11.64 
utt>   577                       006  522    0    56 7  1 1 5.289740e-13 -1.277872e+02 -6.670493e+04
INFO: cmn.c(183): CMN: 60.27  5.45 15.08 -4.96 13.04 -10.98 -9.42 -7.49 -2.06 -0.58  3.21 -7.19 -5.89 
utt>   578                       007 1688    0   116 5  1 1 3.659214e-13 -1.260448e+02 -2.127636e+05
INFO: cmn.c(183): CMN: 51.72  2.45  9.94  1.86  2.43  0.21  1.37 -0.49  9.06  1.17  9.95 -0.37 -1.06 
utt>   579                       001  399    0    68 8  1 1 8.751586e-13 -1.253813e+02 -5.002715e+04
INFO: cmn.c(183): CMN: 57.29  7.08  8.97  8.78  8.31 -9.56  0.44  4.13 -0.86  0.04 11.10  0.69 -0.82 
utt>   580                       002  547    0    60 6  1 1 5.593842e-13 -1.256815e+02 -6.874777e+04
INFO: cmn.c(183): CMN: 54.27  6.66 12.79 -1.31  8.36  2.76 -0.64 -3.54  6.61 -0.99  4.18 -5.57  1.57 
utt>   581                       003  470    0    44 8  1 1 5.297217e-13 -1.284931e+02 -6.039173e+04
INFO: cmn.c(183): CMN: 56.53  2.96 23.15  8.32  3.53 -9.66 -7.52 -5.24  2.81  0.56 10.53 -4.82 -6.09 
utt>   582                       004  395    0    40 5  1 1 6.979163e-13 -1.217475e+02 -4.809027e+04
INFO: cmn.c(183): CMN: 58.71  4.20 14.32  3.96  9.80 -13.73 -10.93 -5.51 -4.17  0.04  6.18 -7.25 -8.51 
utt>   583                       005  719    0    64 6  1 1 3.753891e-13 -1.258308e+02 -9.047238e+04
INFO: cmn.c(183): CMN: 57.10  4.46 17.31 -3.90  9.04 -7.21 -14.55 -12.26 -1.52  1.21  3.56 -5.35 -11.63 
utt>   584                       006  522    0    56 7  1 1 6.351834e-13 -1.278194e+02 -6.672175e+04
INFO: cmn.c(183): CMN: 60.27  5.45 15.08 -4.96 13.04 -10.98 -9.42 -7.49 -2.06 -0.58  3.21 -7.19 -5.89 
utt>   585                       007 1688    0   116 5  1 1 3.721191e-13 -1.260513e+02 -2.127745e+05
INFO: cmn.c(183): CMN: 51.73  2.47  9.92  1.78  2.30  0.16  1.36 -0.48  9.10  1.40 10.11 -0.48 -1.05 
utt>   586                       001  399    0    68 8  1 1 8.832236e-13 -1.255174e+02 -5.008146e+04
INFO: cmn.c(183): CMN: 57.29  7.08  8.97  8.79  8.32 -9.57  0.45  4.13 -0.86  0.05 11.09  0.70 -0.81 
utt>   587                       002  547    0    60 6  1 1 5.525308e-13 -1.256416e+02 -6.872598e+04
INFO: cmn.c(183): CMN: 54.27  6.66 12.79 -1.33  8.37  2.78 -0.64 -3.54  6.62 -0.99  4.18 -5.56  1.56 
utt>   588                       003  470    0    44 8  1 1 5.270721e-13 -1.284304e+02 -6.036228e+04
INFO: cmn.c(183): CMN: 56.53  2.96 23.15  8.31  3.53 -9.67 -7.52 -5.24  2.81  0.56 10.54 -4.83 -6.08 
utt>   589                       004  395    0    40 5  1 1 6.866030e-13 -1.217314e+02 -4.808391e+04
INFO: cmn.c(183): CMN: 58.71  4.20 14.33  3.96  9.80 -13.75 -10.92 -5.51 -4.17  0.04  6.19 -7.26 -8.50 
utt>   590                       005  719    0    64 6  1 1 4.557885e-13 -1.258275e+02 -9.046996e+04
INFO: cmn.c(183): CMN: 57.11  4.45 17.32 -3.89  9.04 -7.21 -14.54 -12.27 -1.54  1.22  3.56 -5.36 -11.64 
utt>   591                       006  522    0    56 7  1 1 5.234904e-13 -1.278177e+02 -6.672086e+04
INFO: cmn.c(183): CMN: 60.27  5.45 15.08 -4.96 13.04 -10.98 -9.43 -7.49 -2.06 -0.58  3.21 -7.19 -5.90 
utt>   592                       007 1688    0   116 5  1 1 3.619727e-13 -1.260534e+02 -2.127781e+05
INFO: cmn.c(183): CMN: 51.72  2.46  9.94  1.84  2.40  0.14  1.29 -0.44  9.13  1.16 10.13 -0.36 -1.02 
utt>   593                       001  399    0    68 8  1 1 9.021544e-13 -1.253820e+02 -5.002740e+04
INFO: cmn.c(183): CMN: 57.29  7.08  8.98  8.79  8.31 -9.57  0.45  4.14 -0.87  0.05 11.11  0.70 -0.82 
utt>   594                       002  547    0    60 6  1 1 5.201629e-13 -1.256479e+02 -6.872939e+04
INFO: cmn.c(183): CMN: 54.27  6.66 12.79 -1.33  8.37  2.76 -0.65 -3.52  6.62 -0.99  4.19 -5.58  1.56 
utt>   595                       003  470    0    44 8  1 1 5.308883e-13 -1.284679e+02 -6.037990e+04
INFO: cmn.c(183): CMN: 56.53  2.97 23.15  8.32  3.53 -9.67 -7.52 -5.25  2.81  0.56 10.53 -4.83 -6.09 
utt>   596                       004  395    0    40 5  1 1 6.413403e-13 -1.217500e+02 -4.809124e+04
INFO: cmn.c(183): CMN: 58.71  4.20 14.33  3.96  9.80 -13.74 -10.91 -5.51 -4.17  0.03  6.18 -7.24 -8.51 
utt>   597                       005  719    0    64 6  1 1 3.558370e-13 -1.258180e+02 -9.046313e+04
INFO: cmn.c(183): CMN: 57.11  4.46 17.31 -3.90  9.05 -7.21 -14.55 -12.26 -1.54  1.22  3.55 -5.35 -11.64 
utt>   598                       006  522    0    56 7  1 1 5.143687e-13 -1.278062e+02 -6.671483e+04
INFO: cmn.c(183): CMN: 60.27  5.45 15.08 -4.96 13.04 -10.98 -9.43 -7.49 -2.06 -0.58  3.22 -7.19 -5.90 
utt>   599                       007 1688    0   116 5  1 1 3.592236e-13 -1.260493e+02 -2.127713e+05
INFO: cmn.c(183): CMN: 51.71  2.45  9.97  1.80  2.35  0.13  1.34 -0.41  9.17  1.28 10.10 -0.43 -1.11 
utt>   600                       001  399    0    68 8  1 1 9.688696e-13 -1.255196e+02 -5.008231e+04
INFO: cmn.c(183): CMN: 57.29  7.08  8.98  8.79  8.31 -9.56  0.45  4.12 -0.87  0.04 11.11  0.69 -0.82 
utt>   601                       002  547    0    60 6  1 1 5.062668e-13 -1.256749e+02 -6.874416e+04
INFO: cmn.c(183): CMN: 54.27  6.66 12.78 -1.32  8.37  2.76 -0.66 -3.54  6.62 -1.00  4.19 -5.57  1.57 
utt>   602                       003  470    0    44 8  1 1 5.414381e-13 -1.284271e+02 -6.036074e+04
INFO: cmn.c(183): CMN: 56.53  2.96 23.15  8.32  3.53 -9.67 -7.53 -5.25  2.81  0.57 10.54 -4.82 -6.09 
utt>   603                       004  395    0    40 5  1 1 7.823584e-13 -1.217214e+02 -4.807994e+04
INFO: cmn.c(183): CMN: 58.71  4.20 14.33  3.96  9.79 -13.75 -10.92 -5.52 -4.16  0.04  6.18 -7.25 -8.51 
utt>   604                       005  719    0    64 6  1 1 3.368631e-13 -1.258299e+02 -9.047170e+04
INFO: cmn.c(183): CMN: 57.11  4.45 17.32 -3.89  9.03 -7.21 -14.55 -12.26 -1.55  1.22  3.56 -5.36 -11.65 
utt>   605                       006  522    0    56 7  1 1 5.072386e-13 -1.278036e+02 -6.671349e+04
INFO: cmn.c(183): CMN: 60.27  5.45 15.08 -4.96 13.03 -10.98 -9.42 -7.49 -2.06 -0.58  3.22 -7.19 -5.90 
utt>   606                       007 1688    0   116 5  1 1 3.646717e-13 -1.260469e+02 -2.127672e+05
INFO: cmn.c(183): CMN: 51.72  2.45  9.95  1.80  2.32  0.12  1.31 -0.36  9.03  1.29 10.06 -0.40 -0.95 
utt>   607                       001  399    0    68 8  1 1 1.031193e-12 -1.254256e+02 -5.004481e+04
INFO: cmn.c(183): CMN: 57.29  7.08  8.97  8.79  8.31 -9.57  0.44  4.13 -0.86  0.05 11.11  0.70 -0.81 
utt>   608                       002  547    0    60 6  1 1 4.753327e-13 -1.256616e+02 -6.873688e+04
INFO: cmn.c(183): CMN: 54.28  6.66 12.78 -1.33  8.36  2.74 -0.64 -3.53  6.61 -0.99  4.18 -5.57  1.57 
utt>   609                       003  470    0    44 8  1 1 5.334767e-13 -1.284443e+02 -6.036880e+04
INFO: cmn.c(183): CMN: 58.71  4.20 14.33  3.96  9.80 -13.75 -10.92 -5.52 -4.18  0.04  6.19 -7.24 -8.52 
utt>   610                       005  719    0    64 6  1 1 3.394664e-13 -1.258403e+02 -9.047917e+04
INFO: cmn.c(183): CMN: 57.11  4.46 17.31 -3.89  9.03 -7.21 -14.55 -12.26 -1.55  1.22  3.57 -5.37 -11.64 
utt>   611                       006  522    0    56 7  1 1 5.034688e-13 -1.278087e+02 -6.671616e+04
INFO: cmn.c(183): CMN: 60.27  5.45 15.08 -4.96 13.04 -10.98 -9.42 -7.49 -2.06 -0.58  3.21 -7.19 -5.90 
utt>   612                       007 1688    0   116 5  1 1 3.972053e-13 -1.260480e+02 -2.127690e+05
INFO: cmn.c(183): CMN: 51.72  2.45  9.96  1.83  2.37  0.22  1.41 -0.45  9.11  1.23 10.03 -0.46 -1.02 
utt>   613                       001  399    0    68 8  1 1 9.527612e-13 -1.254449e+02 -5.005252e+04
INFO: cmn.c(183): CMN: 57.29  7.08  8.97  8.79  8.32 -9.57  0.45  4.14 -0.88  0.04 11.10  0.70 -0.82 
utt>   614                       002  547    0    60 6  1 1 5.701974e-13 -1.256628e+02 -6.873755e+04
INFO: cmn.c(183): CMN: 54.27  6.65 12.80 -1.32  8.35  2.76 -0.63 -3.51  6.64 -1.00  4.17 -5.57  1.56 
utt>   615                       003  470    0    44 8  1 1 5.948833e-13 -1.284524e+02 -6.037265e+04
INFO: cmn.c(183): CMN: 56.53  2.96 23.15  8.32  3.54 -9.66 -7.54 -5.25  2.82  0.57 10.53 -4.84 -6.09 
utt>   616                       004  395    0    40 5  1 1 7.450072e-13 -1.217437e+02 -4.808876e+04
INFO: cmn.c(183): CMN: 58.71  4.20 14.33  3.96  9.80 -13.74 -10.92 -5.51 -4.16  0.03  6.18 -7.24 -8.50 
utt>   617                       005  719    0    64 6  1 1 3.687124e-13 -1.258458e+02 -9.048311e+04
INFO: cmn.c(183): CMN: 57.11  4.46 17.32 -3.90  9.04 -7.21 -14.55 -12.27 -1.54  1.21  3.57 -5.36 -11.64 
utt>   618                       006  522    0    56 7  1 1 5.076252e-13 -1.278160e+02 -6.671997e+04
INFO: cmn.c(183): CMN: 60.27  5.45 15.08 -4.96 13.04 -10.98 -9.42 -7.49 -2.06 -0.58  3.21 -7.19 -5.89 
utt>   619                       007 1688    0   116 5  1 1 3.651708e-13 -1.260519e+02 -2.127756e+05
INFO: cmn.c(183): CMN: 51.71  2.43 10.00  1.81  2.32  0.15  1.33 -0.44  9.18  1.27 10.01 -0.55 -1.06 
utt>   620                       001  399    0    68 8  1 1 1.084948e-12 -1.255080e+02 -5.007771e+04
INFO: cmn.c(183): CMN: 57.29  7.08  8.97  8.79  8.31 -9.57  0.45  4.14 -0.86  0.04 11.10  0.70 -0.81 
utt>   621                       002  547    0    60 6  1 1 5.580578e-13 -1.256504e+02 -6.873078e+04
INFO: cmn.c(183): CMN: 54.28  6.66 12.79 -1.34  8.36  2.76 -0.65 -3.52  6.61 -1.00  4.21 -5.58  1.57 
utt>   622                       003  470    0    44 8  1 1 5.414547e-13 -1.284576e+02 -6.037507e+04
INFO: cmn.c(183): CMN: 56.52  2.96 23.15  8.32  3.53 -9.66 -7.52 -5.26  2.81  0.56 10.54 -4.83 -6.09 
utt>   623                       004  395    0    40 5  1 1 5.751754e-13 -1.217498e+02 -4.809116e+04
INFO: cmn.c(183): CMN: 58.71  4.20 14.33  3.96  9.80 -13.74 -10.92 -5.51 -4.16  0.03  6.18 -7.24 -8.51 
utt>   624                       005  719    0    64 6  1 1 3.705202e-13 -1.258250e+02 -9.046819e+04
INFO: cmn.c(183): CMN: 57.11  4.46 17.31 -3.90  9.05 -7.21 -14.55 -12.26 -1.55  1.21  3.56 -5.36 -11.65 
utt>   625                       006  522    0    56 7  1 1 4.873555e-13 -1.278097e+02 -6.671665e+04
INFO: cmn.c(183): CMN: 60.27  5.45 15.08 -4.96 13.03 -10.98 -9.42 -7.48 -2.06 -0.58  3.22 -7.19 -5.90 
utt>   626                       007 1688    0   116 5  1 1 3.700867e-13 -1.260485e+02 -2.127699e+05
INFO: cmn.c(183): CMN: 51.71  2.42  9.95  1.85  2.33  0.17  1.35 -0.42  9.13  1.30 10.02 -0.52 -1.01 
utt>   627                       001  399    0    68 8  1 1 8.553185e-13 -1.254526e+02 -5.005560e+04
INFO: cmn.c(183): CMN: 57.29  7.08  8.97  8.79  8.32 -9.57  0.46  4.13 -0.87  0.03 11.12  0.70 -0.82 
utt>   628                       002  547    0    60 6  1 1 5.107624e-13 -1.256632e+02 -6.873777e+04
INFO: cmn.c(183): CMN: 54.28  6.66 12.78 -1.32  8.36  2.74 -0.63 -3.51  6.61 -0.99  4.18 -5.57  1.57 
utt>   629                       003  470    0    44 8  1 1 5.198631e-13 -1.284558e+02 -6.037424e+04
INFO: cmn.c(183): CMN: 56.53  2.96 23.15  8.31  3.54 -9.65 -7.53 -5.26  2.81  0.58 10.53 -4.83 -6.09 
utt>   630                       004  395    0    40 5  1 1 7.683080e-13 -1.217405e+02 -4.808748e+04
INFO: cmn.c(183): CMN: 58.71  4.20 14.33  3.96  9.80 -13.74 -10.92 -5.52 -4.17  0.04  6.18 -7.25 -8.51 
utt>   631                       005  719    0    64 6  1 1 3.443136e-13 -1.258376e+02 -9.047723e+04
INFO: cmn.c(183): CMN: 57.10  4.46 17.32 -3.89  9.04 -7.22 -14.55 -12.26 -1.54  1.21  3.56 -5.36 -11.64 
utt>   632                       006  522    0    56 7  1 1 5.306079e-13 -1.278344e+02 -6.672957e+04
INFO: cmn.c(183): CMN: 60.27  5.45 15.08 -4.96 13.04 -10.98 -9.42 -7.48 -2.06 -0.58  3.21 -7.19 -5.89 
utt>   633                       007 1688    0   116 5  1 1 4.174253e-13 -1.260511e+02 -2.127742e+05
INFO: cmn.c(183): CMN: 51.72  2.46  9.97  1.77  2.28  0.22  1.39 -0.43  8.98  1.29 10.08 -0.42 -0.91 
utt>   634                       001  399    0    68 8  1 1 9.473574e-13 -1.257326e+02 -5.016731e+04
INFO: cmn.c(183): CMN: 57.29  7.08  8.97  8.79  8.32 -9.56  0.46  4.12 -0.87  0.04 11.10  0.70 -0.82 
utt>   635                       002  547    0    60 6  1 1 5.548033e-13 -1.256482e+02 -6.872955e+04
INFO: cmn.c(183): CMN: 54.27  6.66 12.78 -1.32  8.36  2.76 -0.64 -3.54  6.63 -1.00  4.18 -5.57  1.57 
utt>   636                       003  470    0    44 8  1 1 5.462168e-13 -1.284485e+02 -6.037079e+04
INFO: cmn.c(183): CMN: 56.53  2.96 23.14  8.32  3.54 -9.66 -7.54 -5.26  2.82  0.58 10.54 -4.83 -6.09 
utt>   637                       004  395    0    40 5  1 1 5.910087e-13 -1.217369e+02 -4.808607e+04
INFO: cmn.c(183): CMN: 58.71  4.20 14.32  3.97  9.80 -13.75 -10.92 -5.51 -4.17  0.04  6.19 -7.25 -8.51 
utt>   638                       005  719    0    64 6  1 1 3.421383e-13 -1.258208e+02 -9.046512e+04
INFO: cmn.c(183): CMN: 57.11  4.45 17.31 -3.89  9.04 -7.22 -14.55 -12.27 -1.54  1.22  3.57 -5.36 -11.64 
utt>   639                       006  522    0    56 7  1 1 5.587312e-13 -1.278113e+02 -6.671751e+04
INFO: cmn.c(183): CMN: 60.27  5.46 15.08 -4.96 13.04 -10.98 -9.42 -7.49 -2.06 -0.58  3.22 -7.19 -5.90 
utt>   640                       007 1688    0   116 5  1 1 3.636393e-13 -1.260487e+02 -2.127702e+05
INFO: cmn.c(183): CMN: 51.74  2.43  9.94  1.83  2.36  0.15  1.30 -0.44  9.14  1.30 10.00 -0.37 -1.00 
utt>   641                       001  399    0    68 8  1 1 1.020349e-12 -1.253556e+02 -5.001687e+04
INFO: cmn.c(183): CMN: 57.29  7.08  8.97  8.78  8.32 -9.56  0.45  4.14 -0.88  0.04 11.10  0.71 -0.82 
utt>   642                       002  547    0    60 6  1 1 4.903081e-13 -1.256376e+02 -6.872376e+04
INFO: cmn.c(183): CMN: 54.27  6.67 12.79 -1.33  8.36  2.75 -0.63 -3.53  6.62 -1.00  4.19 -5.57  1.56 
utt>   643                       003  470    0    44 8  1 1 5.430732e-13 -1.284470e+02 -6.037007e+04
INFO: cmn.c(183): CMN: 56.53  2.97 23.15  8.32  3.53 -9.67 -7.53 -5.25  2.83  0.57 10.53 -4.83 -6.09 
utt>   644                       004  395    0    40 5  1 1 6.777492e-13 -1.217533e+02 -4.809255e+04
INFO: cmn.c(183): CMN: 58.71  4.20 14.33  3.96  9.80 -13.74 -10.92 -5.52 -4.16  0.04  6.18 -7.25 -8.51 
utt>   645                       005  719    0    64 6  1 1 3.695049e-13 -1.258228e+02 -9.046658e+04
INFO: cmn.c(183): CMN: 57.11  4.46 17.32 -3.90  9.04 -7.22 -14.55 -12.27 -1.53  1.21  3.55 -5.36 -11.64 
utt>   646                       006  522    0    56 7  1 1 5.098774e-13 -1.278266e+02 -6.672549e+04
INFO: cmn.c(183): CMN: 60.27  5.45 15.08 -4.96 13.04 -10.98 -9.42 -7.48 -2.06 -0.58  3.22 -7.19 -5.90 
utt>   647                       007 1688    0   116 5  1 1 4.153899e-13 -1.260500e+02 -2.127723e+05
INFO: cmn.c(183): CMN: 51.73  2.39  9.95  1.83  2.39  0.20  1.26 -0.51  9.13  1.25  9.98 -0.47 -1.02 
utt>   648                       001  399    0    68 8  1 1 1.034887e-12 -1.256012e+02 -5.011488e+04
INFO: cmn.c(183): CMN: 57.29  7.08  8.98  8.79  8.31 -9.57  0.45  4.14 -0.86  0.03 11.10  0.69 -0.82 
utt>   649                       002  547    0    60 6  1 1 6.937865e-13 -1.256652e+02 -6.873885e+04
INFO: cmn.c(183): CMN: 54.28  6.66 12.79 -1.32  8.35  2.75 -0.63 -3.52  6.62 -0.98  4.19 -5.58  1.57 
utt>   650                       003  470    0    44 8  1 1 5.246859e-13 -1.284292e+02 -6.036174e+04
INFO: cmn.c(183): CMN: 56.53  2.96 23.15  8.32  3.53 -9.66 -7.52 -5.25  2.80  0.57 10.54 -4.83 -6.10 
utt>   651                       004  395    0    40 5  1 1 6.828935e-13 -1.217408e+02 -4.808763e+04
INFO: cmn.c(183): CMN: 58.71  4.19 14.32  3.97  9.81 -13.75 -10.92 -5.51 -4.17  0.04  6.19 -7.24 -8.51 
utt>   652                       005  719    0    64 6  1 1 3.579043e-13 -1.258304e+02 -9.047206e+04
INFO: cmn.c(183): CMN: 57.11  4.46 17.31 -3.89  9.04 -7.21 -14.55 -12.26 -1.54  1.22  3.56 -5.36 -11.65 
utt>   653                       006  522    0    56 7  1 1 5.100971e-13 -1.278191e+02 -6.672157e+04
INFO: cmn.c(183): CMN: 60.27  5.45 15.08 -4.96 13.04 -10.98 -9.43 -7.49 -2.06 -0.58  3.21 -7.19 -5.89 
utt>   654                       007 1688    0   116 5  1 1 3.622854e-13 -1.260486e+02 -2.127700e+05
INFO: cmn.c(183): CMN: 51.70  2.44  9.94  1.83  2.40  0.15  1.42 -0.46  9.06  1.23 10.00 -0.42 -0.98 
utt>   655                       001  399    0    68 8  1 1 8.669181e-13 -1.255966e+02 -5.011303e+04
INFO: cmn.c(183): CMN: 57.29  7.08  8.97  8.79  8.32 -9.56  0.45  4.13 -0.87  0.03 11.11  0.69 -0.82 
utt>   656                       002  547    0    60 6  1 1 5.658415e-13 -1.256478e+02 -6.872934e+04
INFO: cmn.c(183): CMN: 54.27  6.66 12.79 -1.32  8.36  2.76 -0.63 -3.54  6.61 -1.00  4.20 -5.58  1.56 
utt>   657                       003  470    0    44 8  1 1 5.325410e-13 -1.284222e+02 -6.035843e+04
INFO: cmn.c(183): CMN: 56.53  2.96 23.15  8.32  3.53 -9.66 -7.52 -5.25  2.82  0.56 10.53 -4.83 -6.09 
utt>   658                       004  395    0    40 5  1 1 7.974024e-13 -1.217518e+02 -4.809195e+04
INFO: cmn.c(183): CMN: 58.71  4.20 14.33  3.96  9.80 -13.75 -10.91 -5.52 -4.17  0.04  6.19 -7.25 -8.51 
utt>   659                       005  719    0    64 6  1 1 3.657877e-13 -1.258122e+02 -9.045896e+04
INFO: cmn.c(183): CMN: 57.11  4.46 17.32 -3.90  9.04 -7.21 -14.55 -12.26 -1.54  1.21  3.55 -5.36 -11.64 
utt>   660                       006  522    0    56 7  1 1 5.019454e-13 -1.278188e+02 -6.672140e+04
INFO: cmn.c(183): CMN: 60.27  5.45 15.08 -4.96 13.03 -10.98 -9.42 -7.48 -2.06 -0.58  3.21 -7.19 -5.90 
utt>   661                       007 1688    0   116 5  1 1 4.265394e-13 -1.260437e+02 -2.127617e+05
INFO: cmn.c(183): CMN: 51.71  2.45  9.95  1.87  2.34  0.05  1.24 -0.58  9.07  1.27  9.96 -0.45 -1.05 
utt>   662                       001  399    0    68 8  1 1 9.374963e-13 -1.256843e+02 -5.014803e+04
INFO: cmn.c(183): CMN: 57.29  7.08  8.97  8.79  8.32 -9.57  0.46  4.13 -0.86  0.04 11.11  0.69 -0.82 
utt>   663                       002  547    0    60 6  1 1 5.585215e-13 -1.256771e+02 -6.874537e+04
INFO: cmn.c(183): CMN: 54.27  6.67 12.78 -1.34  8.36  2.75 -0.62 -3.55  6.61 -0.98  4.19 -5.56  1.56 
utt>   664                       003  470    0    44 8  1 1 5.179215e-13 -1.284332e+02 -6.036359e+04
INFO: cmn.c(183): CMN: 56.53  2.96 23.15  8.32  3.54 -9.66 -7.54 -5.25  2.82  0.57 10.53 -4.83 -6.09 
utt>   665                       004  395    0    40 5  1 1 7.741722e-13 -1.217288e+02 -4.808289e+04
overall> stats 150566 (-0) -1.260089e+02 -1.897265e+07

INFO: s3mixw_io.c(233): Wrote /home/azizkag/projects/QuranRecognition/fatiha_acoustic_model/bwaccumdir/fatiha_buff_3/mixw_counts [186x1x1 array]
INFO: s3tmat_io.c(176): Wrote /home/azizkag/projects/QuranRecognition/fatiha_acoustic_model/bwaccumdir/fatiha_buff_3/tmat_counts [62x3x4 array]
INFO: s3gau_io.c(485): Wrote /home/azizkag/projects/QuranRecognition/fatiha_acoustic_model/bwaccumdir/fatiha_buff_3/gauden_counts with means with vars (2pass) [186x1x1 vector arrays]
INFO: main.c(1003): Counts saved to /home/azizkag/projects/QuranRecognition/fatiha_acoustic_model/bwaccumdir/fatiha_buff_3
Sun Jan 24 16:57:07 2016
