Current configuration:
[NAME]		[DEFLT]	[VALUE]
-example	no	no
-help		no	no
-mixwfn			/home/azizkag/projects/QuranRecognition/fatiha_acoustic_model/model_parameters/fatiha.ci_cont_flatinitial/mixture_weights
-moddeffn		/home/azizkag/projects/QuranRecognition/fatiha_acoustic_model/model_architecture/fatiha.ci.mdef
-ndensity	256	1
-nstream	4	1
-tmatfn			/home/azizkag/projects/QuranRecognition/fatiha_acoustic_model/model_parameters/fatiha.ci_cont_flatinitial/transition_matrices
-topo			/home/azizkag/projects/QuranRecognition/fatiha_acoustic_model/model_architecture/fatiha.topology

INFO: model_def_io.c(573): Model definition info:
INFO: model_def_io.c(574): 62 total models defined (62 base, 0 tri)
INFO: model_def_io.c(575): 248 total states
INFO: model_def_io.c(576): 186 total tied states
INFO: model_def_io.c(577): 186 total tied CI states
INFO: model_def_io.c(578): 62 total tied transition matrices
INFO: model_def_io.c(579): 4 max state/model
INFO: model_def_io.c(580): 4 min state/model
INFO: s3tmat_io.c(176): Wrote /home/azizkag/projects/QuranRecognition/fatiha_acoustic_model/model_parameters/fatiha.ci_cont_flatinitial/transition_matrices [62x3x4 array]
INFO: s3mixw_io.c(233): Wrote /home/azizkag/projects/QuranRecognition/fatiha_acoustic_model/model_parameters/fatiha.ci_cont_flatinitial/mixture_weights [186x1x1 array]
main.c(83): Reading model definition file /home/azizkag/projects/QuranRecognition/fatiha_acoustic_model/model_architecture/fatiha.ci.mdef
main.c(90): 62 models defined
Sun Jan 24 16:56:52 2016
