Current configuration:
[NAME]		[DEFLT]	[VALUE]
-allphones	no	no
-example	no	no
-help		no	no
-imoddeffn		/home/azizkag/projects/QuranRecognition/fatiha_acoustic_model/model_architecture/fatiha.alltriphones.mdef
-omoddeffn		/home/azizkag/projects/QuranRecognition/fatiha_acoustic_model/model_architecture/fatiha.200.mdef
-psetfn			/home/azizkag/projects/QuranRecognition/fatiha_acoustic_model/model_architecture/fatiha.tree_questions
-treedir		/home/azizkag/projects/QuranRecognition/fatiha_acoustic_model/trees/fatiha.200

INFO: model_def_io.c(573): Model definition info:
INFO: model_def_io.c(574): 2006 total models defined (62 base, 1944 tri)
INFO: model_def_io.c(575): 8024 total states
INFO: model_def_io.c(576): 6018 total tied states
INFO: model_def_io.c(577): 186 total tied CI states
INFO: model_def_io.c(578): 62 total tied transition matrices
INFO: model_def_io.c(579): 4 max state/model
INFO: model_def_io.c(580): 4 min state/model
INFO: main.c(93): Reading: /home/azizkag/projects/QuranRecognition/fatiha_acoustic_model/model_architecture/fatiha.tree_questions
INFO: main.c(124): 'an-0: offset 186
INFO: main.c(124): 'an-1: offset 187
INFO: main.c(124): 'an-2: offset 188
INFO: main.c(124): 'ī-0: offset 189
INFO: main.c(124): 'ī-1: offset 190
INFO: main.c(124): 'ī-2: offset 191
INFO: main.c(124): `a-0: offset 193
INFO: main.c(124): `a-1: offset 194
INFO: main.c(124): `a-2: offset 195
INFO: main.c(124): `am-0: offset 196
INFO: main.c(124): `am-1: offset 197
INFO: main.c(124): `am-2: offset 198
INFO: main.c(124): `ā-0: offset 199
INFO: main.c(124): `ā-1: offset 200
INFO: main.c(124): `ā-2: offset 201
INFO: main.c(124): `ī-0: offset 202
INFO: main.c(124): `ī-1: offset 203
INFO: main.c(124): `ī-2: offset 204
INFO: main.c(124): ad--0: offset 205
INFO: main.c(124): ad--1: offset 206
INFO: main.c(124): ad--2: offset 207
INFO: main.c(124): ah-0: offset 208
INFO: main.c(124): ah-1: offset 209
INFO: main.c(124): ah-2: offset 210
INFO: main.c(124): al-0: offset 211
INFO: main.c(124): al-1: offset 213
INFO: main.c(124): al-2: offset 214
INFO: main.c(124): all-0: offset 217
INFO: main.c(124): all-1: offset 218
INFO: main.c(124): all-2: offset 219
INFO: main.c(124): ar--0: offset 220
INFO: main.c(124): ar--1: offset 221
INFO: main.c(124): ar--2: offset 222
INFO: main.c(124): ađ--0: offset 223
INFO: main.c(124): ađ--1: offset 224
INFO: main.c(124): ađ--2: offset 225
INFO: main.c(124): aş--0: offset 226
INFO: main.c(124): aş--1: offset 227
INFO: main.c(124): aş--2: offset 228
INFO: main.c(124): bbi-0: offset 229
INFO: main.c(124): bbi-1: offset 230
INFO: main.c(124): bbi-2: offset 231
INFO: main.c(124): bi-0: offset 232
INFO: main.c(124): bi-1: offset 233
INFO: main.c(124): bi-2: offset 234
INFO: main.c(124): bu-0: offset 235
INFO: main.c(124): bu-1: offset 236
INFO: main.c(124): bu-2: offset 237
INFO: main.c(124): dhī-0: offset 238
INFO: main.c(124): dhī-1: offset 239
INFO: main.c(124): dhī-2: offset 240
INFO: main.c(124): di-0: offset 241
INFO: main.c(124): di-1: offset 242
INFO: main.c(124): di-2: offset 243
INFO: main.c(124): du-0: offset 244
INFO: main.c(124): du-1: offset 245
INFO: main.c(124): du-2: offset 247
INFO: main.c(124): dī-0: offset 249
INFO: main.c(124): dī-1: offset 250
INFO: main.c(124): dī-2: offset 251
INFO: main.c(124): ghay-0: offset 252
INFO: main.c(124): ghay-1: offset 253
INFO: main.c(124): ghay-2: offset 254
INFO: main.c(124): h-0: offset 255
INFO: main.c(124): h-1: offset 256
INFO: main.c(124): h-2: offset 257
INFO: main.c(124): hi-0: offset 258
INFO: main.c(124): hi-1: offset 259
INFO: main.c(124): hi-2: offset 260
INFO: main.c(124): him-0: offset 261
INFO: main.c(124): him-1: offset 262
INFO: main.c(124): him-2: offset 263
INFO: main.c(124): ka-0: offset 264
INFO: main.c(124): ka-1: offset 265
INFO: main.c(124): ka-2: offset 266
INFO: main.c(124): ki-0: offset 267
INFO: main.c(124): ki-1: offset 268
INFO: main.c(124): ki-2: offset 269
INFO: main.c(124): la-0: offset 270
INFO: main.c(124): la-1: offset 272
INFO: main.c(124): la-2: offset 274
INFO: main.c(124): lay-0: offset 276
INFO: main.c(124): lay-1: offset 277
INFO: main.c(124): lay-2: offset 278
INFO: main.c(124): li-0: offset 279
INFO: main.c(124): li-1: offset 280
INFO: main.c(124): li-2: offset 281
INFO: main.c(124): lil-0: offset 282
INFO: main.c(124): lil-1: offset 283
INFO: main.c(124): lil-2: offset 284
INFO: main.c(124): llīna-0: offset 285
INFO: main.c(124): llīna-1: offset 286
INFO: main.c(124): llīna-2: offset 287
INFO: main.c(124): lā-0: offset 288
INFO: main.c(124): lā-1: offset 290
INFO: main.c(124): lā-2: offset 292
INFO: main.c(124): ma-0: offset 294
INFO: main.c(124): ma-1: offset 295
INFO: main.c(124): ma-2: offset 296
INFO: main.c(124): magh-0: offset 297
INFO: main.c(124): magh-1: offset 298
INFO: main.c(124): magh-2: offset 299
INFO: main.c(124): mi-0: offset 300
INFO: main.c(124): mi-1: offset 301
INFO: main.c(124): mi-2: offset 302
INFO: main.c(124): mus-0: offset 304
INFO: main.c(124): mus-1: offset 305
INFO: main.c(124): mus-2: offset 306
INFO: main.c(124): mā-0: offset 307
INFO: main.c(124): mā-1: offset 308
INFO: main.c(124): mā-2: offset 309
INFO: main.c(124): mī-0: offset 310
INFO: main.c(124): mī-1: offset 311
INFO: main.c(124): mī-2: offset 312
INFO: main.c(124): na-0: offset 313
INFO: main.c(124): na-1: offset 314
INFO: main.c(124): na-2: offset 316
INFO: main.c(124): na`-0: offset 318
INFO: main.c(124): na`-1: offset 319
INFO: main.c(124): na`-2: offset 320
INFO: main.c(124): nas-0: offset 321
INFO: main.c(124): nas-1: offset 322
INFO: main.c(124): nas-2: offset 323
INFO: main.c(124): ni-0: offset 324
INFO: main.c(124): ni-1: offset 325
INFO: main.c(124): ni-2: offset 326
INFO: main.c(124): nu-0: offset 327
INFO: main.c(124): nu-1: offset 328
INFO: main.c(124): nu-2: offset 329
INFO: main.c(124): nā-0: offset 330
INFO: main.c(124): nā-1: offset 331
INFO: main.c(124): nā-2: offset 332
INFO: main.c(124): qī-0: offset 333
INFO: main.c(124): qī-1: offset 334
INFO: main.c(124): qī-2: offset 335
INFO: main.c(124): ra-0: offset 336
INFO: main.c(124): ra-1: offset 337
INFO: main.c(124): ra-2: offset 338
INFO: main.c(124): ri-0: offset 339
INFO: main.c(124): ri-1: offset 340
INFO: main.c(124): ri-2: offset 341
INFO: main.c(124): rā-0: offset 342
INFO: main.c(124): rā-1: offset 343
INFO: main.c(124): rā-2: offset 344
INFO: main.c(124): s-0: offset 345
INFO: main.c(124): s-1: offset 346
INFO: main.c(124): s-2: offset 347
INFO: main.c(124): ta-0: offset 348
INFO: main.c(124): ta-1: offset 350
INFO: main.c(124): ta-2: offset 351
INFO: main.c(124): wa-0: offset 352
INFO: main.c(124): wa-1: offset 353
INFO: main.c(124): wa-2: offset 354
INFO: main.c(124): yaw-0: offset 355
INFO: main.c(124): yaw-1: offset 356
INFO: main.c(124): yaw-2: offset 357
INFO: main.c(124): yā-0: offset 358
INFO: main.c(124): yā-1: offset 359
INFO: main.c(124): yā-2: offset 360
INFO: main.c(124): ā-0: offset 361
INFO: main.c(124): ā-1: offset 362
INFO: main.c(124): ā-2: offset 363
INFO: main.c(124): đā-0: offset 364
INFO: main.c(124): đā-1: offset 365
INFO: main.c(124): đā-2: offset 366
INFO: main.c(124): đū-0: offset 367
INFO: main.c(124): đū-1: offset 368
INFO: main.c(124): đū-2: offset 369
INFO: main.c(124): ĥ-0: offset 370
INFO: main.c(124): ĥ-1: offset 371
INFO: main.c(124): ĥ-2: offset 372
INFO: main.c(124): ĥam-0: offset 373
INFO: main.c(124): ĥam-1: offset 374
INFO: main.c(124): ĥam-2: offset 375
INFO: main.c(124): ĥī-0: offset 376
INFO: main.c(124): ĥī-1: offset 377
INFO: main.c(124): ĥī-2: offset 378
INFO: main.c(124): şi-0: offset 379
INFO: main.c(124): şi-1: offset 381
INFO: main.c(124): şi-2: offset 382
INFO: main.c(124): ţa-0: offset 383
INFO: main.c(124): ţa-1: offset 384
INFO: main.c(124): ţa-2: offset 385
INFO: main.c(145): n_seno= 386
!!!!!!!!Allocated 65 lines
Sun Jan 24 16:57:28 2016
