        INFO: main.c(229): Compiled on Jan 23 2016 at 20:03:23
Current configuration:
[NAME]			[DEFLT]		[VALUE]
-2passvar		no		yes
-abeam			1e-100		1.000000e-90
-accumdir				/home/azizkag/projects/QuranRecognition/fatiha_acoustic_model/bwaccumdir/fatiha_buff_4
-agc			none		none
-agcthresh		2.0		2.000000e+00
-bbeam			1e-100		1.000000e-10
-cb2mllrfn		.1cls.		.1cls.
-cepdir					/home/azizkag/projects/QuranRecognition/fatiha_acoustic_model/feat
-cepext			mfc		mfc
-ceplen			13		13
-ckptintv				0
-cmn			current		current
-cmninit		8.0		8.0
-ctlfn					/home/azizkag/projects/QuranRecognition/fatiha_acoustic_model/etc/fatiha_train.fileids
-diagfull		no		no
-dictfn					/home/azizkag/projects/QuranRecognition/fatiha_acoustic_model/etc/fatiha.dic
-example		no		no
-fdictfn				/home/azizkag/projects/QuranRecognition/fatiha_acoustic_model/etc/fatiha.filler
-feat			1s_c_d_dd	1s_c_d_dd
-fullsuffixmatch	no		no
-fullvar		no		no
-help			no		no
-hmmdir					
-latdir					
-latext					
-lda					
-ldadim			0		0
-lsnfn					/home/azizkag/projects/QuranRecognition/fatiha_acoustic_model/etc/fatiha_train.transcription
-lw			11.5		1.150000e+01
-maxuttlen		0		0
-meanfn					/home/azizkag/projects/QuranRecognition/fatiha_acoustic_model/model_parameters/fatiha.cd_cont_200/means
-meanreest		yes		yes
-mixwfn					/home/azizkag/projects/QuranRecognition/fatiha_acoustic_model/model_parameters/fatiha.cd_cont_200/mixture_weights
-mixwreest		yes		yes
-mllrmat				
-mmie			no		no
-mmie_type		rand		rand
-moddeffn				/home/azizkag/projects/QuranRecognition/fatiha_acoustic_model/model_architecture/fatiha.200.mdef
-mwfloor		0.00001		1.000000e-05
-npart					4
-nskip					0
-outphsegdir				
-outputfullpath		no		no
-part					4
-pdumpdir				
-phsegdir				
-phsegext		phseg		phseg
-runlen			-1		-1
-sentdir				
-sentext		sent		sent
-spthresh		0.0		0.000000e+00
-svspec					
-timing			yes		no
-tmatfn					/home/azizkag/projects/QuranRecognition/fatiha_acoustic_model/model_parameters/fatiha.cd_cont_200/transition_matrices
-tmatreest		yes		yes
-topn			4		4
-tpfloor		0.0001		1.000000e-05
-ts2cbfn				.cont.
-varfloor		0.00001		1.000000e-04
-varfn					/home/azizkag/projects/QuranRecognition/fatiha_acoustic_model/model_parameters/fatiha.cd_cont_200/variances
-varnorm		no		no
-varreest		yes		yes
-viterbi		no		no

INFO: feat.c(715): Initializing feature stream to type: '1s_c_d_dd', ceplen=13, CMN='current', VARNORM='no', AGC='none'
INFO: cmn.c(143): mean[0]= 12.00, mean[1..12]= 0.0
INFO: main.c(318): Reading /home/azizkag/projects/QuranRecognition/fatiha_acoustic_model/model_architecture/fatiha.200.mdef
INFO: model_def_io.c(573): Model definition info:
INFO: model_def_io.c(574): 2006 total models defined (62 base, 1944 tri)
INFO: model_def_io.c(575): 8024 total states
INFO: model_def_io.c(576): 386 total tied states
INFO: model_def_io.c(577): 186 total tied CI states
INFO: model_def_io.c(578): 62 total tied transition matrices
INFO: model_def_io.c(579): 4 max state/model
INFO: model_def_io.c(580): 4 min state/model
INFO: s3mixw_io.c(117): Read /home/azizkag/projects/QuranRecognition/fatiha_acoustic_model/model_parameters/fatiha.cd_cont_200/mixture_weights [386x1x4 array]
INFO: s3tmat_io.c(118): Read /home/azizkag/projects/QuranRecognition/fatiha_acoustic_model/model_parameters/fatiha.cd_cont_200/transition_matrices [62x3x4 array]
INFO: mod_inv.c(301): inserting tprob floor 1.000000e-05 and renormalizing
INFO: s3gau_io.c(169): Read /home/azizkag/projects/QuranRecognition/fatiha_acoustic_model/model_parameters/fatiha.cd_cont_200/means [386x1x4 array]
INFO: s3gau_io.c(169): Read /home/azizkag/projects/QuranRecognition/fatiha_acoustic_model/model_parameters/fatiha.cd_cont_200/variances [386x1x4 array]
INFO: gauden.c(176): 386 total mgau
INFO: gauden.c(150): 1 feature streams (|0|=39 )
INFO: gauden.c(187): 4 total densities
INFO: gauden.c(90): min_var=1.000000e-04
INFO: gauden.c(165): compute 4 densities/frame
INFO: main.c(431): Will reestimate mixing weights.
INFO: main.c(433): Will reestimate means.
INFO: main.c(435): Will reestimate variances.
INFO: main.c(443): Will reestimate transition matrices
INFO: main.c(456): Reading main dictionary: /home/azizkag/projects/QuranRecognition/fatiha_acoustic_model/etc/fatiha.dic
INFO: lexicon.c(221): 26 entries added from /home/azizkag/projects/QuranRecognition/fatiha_acoustic_model/etc/fatiha.dic
INFO: main.c(466): Reading filler dictionary: /home/azizkag/projects/QuranRecognition/fatiha_acoustic_model/etc/fatiha.filler
INFO: lexicon.c(221): 3 entries added from /home/azizkag/projects/QuranRecognition/fatiha_acoustic_model/etc/fatiha.filler
INFO: corpus.c(427): skipping 666 utts.
INFO: corpus.c(431): Last utt skipped: 004
INFO: corpus.c(1086): Will process all remaining utts starting at 666
INFO: main.c(666): Reestimation: Baum-Welch
INFO: cmn.c(183): CMN: 58.71  4.20 14.33  3.96  9.80 -13.74 -10.92 -5.51 -4.17  0.04  6.19 -7.25 -8.51 
column defns
	<seq>
	<id>
	<n_frame_in>
	<n_frame_del>
	<n_state_shmm>
	<avg_states_alpha>
	<avg_states_beta>
	<avg_states_reest>
	<avg_posterior_prune>
	<frame_log_lik>
	<utt_log_lik>
	... timing info ... 
utt>   666                       005  719    0    64 3  1 1 1.330636e-13 -1.109499e+02 -7.977300e+04
INFO: cmn.c(183): CMN: 57.11  4.46 17.31 -3.89  9.04 -7.21 -14.54 -12.27 -1.53  1.21  3.55 -5.36 -11.64 
utt>   667                       006  522    0    56 3  1 1 1.333451e-13 -1.085639e+02 -5.667036e+04
INFO: cmn.c(183): CMN: 60.27  5.45 15.08 -4.96 13.04 -10.98 -9.42 -7.49 -2.06 -0.58  3.22 -7.19 -5.90 
utt>   668                       007 1688    0   116 3  1 1 4.334419e-14 -1.097057e+02 -1.851832e+05
INFO: cmn.c(183): CMN: 51.72  2.45  9.93  1.83  2.25  0.14  1.29 -0.45  9.11  1.27 10.08 -0.40 -1.03 
utt>   669                       001  399    0    68 2  1 1 6.995219e-13 -1.032881e+02 -4.121194e+04
INFO: cmn.c(183): CMN: 57.29  7.08  8.98  8.79  8.31 -9.57  0.45  4.14 -0.88  0.04 11.11  0.70 -0.82 
utt>   670                       002  547    0    60 3  1 1 4.328276e-13 -1.041262e+02 -5.695702e+04
INFO: cmn.c(183): CMN: 54.28  6.66 12.78 -1.33  8.35  2.76 -0.62 -3.53  6.61 -0.99  4.19 -5.57  1.57 
utt>   671                       003  470    0    44 3  1 1 2.903085e-13 -1.184227e+02 -5.565867e+04
INFO: cmn.c(183): CMN: 56.53  2.96 23.15  8.32  3.54 -9.67 -7.53 -5.25  2.81  0.57 10.54 -4.83 -6.08 
utt>   672                       004  395    0    40 3  1 1 6.401622e-14 -1.049577e+02 -4.145831e+04
INFO: cmn.c(183): CMN: 58.71  4.20 14.33  3.96  9.80 -13.74 -10.93 -5.51 -4.16  0.04  6.19 -7.24 -8.51 
utt>   673                       005  719    0    64 3  1 1 1.034735e-13 -1.110164e+02 -7.982077e+04
INFO: cmn.c(183): CMN: 57.11  4.45 17.31 -3.89  9.04 -7.21 -14.55 -12.26 -1.53  1.21  3.56 -5.36 -11.64 
utt>   674                       006  522    0    56 3  1 1 1.156214e-13 -1.085272e+02 -5.665122e+04
INFO: cmn.c(183): CMN: 60.27  5.45 15.08 -4.96 13.04 -10.98 -9.42 -7.49 -2.06 -0.58  3.21 -7.19 -5.90 
utt>   675                       007 1688    0   116 3  1 1 4.127842e-14 -1.097238e+02 -1.852137e+05
INFO: cmn.c(183): CMN: 51.72  2.44  9.96  1.84  2.38  0.16  1.34 -0.48  9.07  1.22  9.96 -0.47 -1.02 
utt>   676                       001  399    0    68 2  1 1 4.381656e-13 -1.034288e+02 -4.126811e+04
INFO: cmn.c(183): CMN: 57.29  7.08  8.97  8.78  8.31 -9.57  0.46  4.13 -0.87  0.04 11.10  0.69 -0.82 
utt>   677                       002  547    0    60 3  1 1 4.316684e-13 -1.040771e+02 -5.693016e+04
INFO: cmn.c(183): CMN: 54.27  6.66 12.79 -1.33  8.36  2.77 -0.64 -3.53  6.61 -0.99  4.21 -5.58  1.57 
utt>   678                       003  470    0    44 3  1 1 3.294498e-13 -1.184064e+02 -5.565103e+04
INFO: cmn.c(183): CMN: 56.52  2.96 23.15  8.32  3.53 -9.67 -7.53 -5.25  2.82  0.57 10.53 -4.83 -6.09 
utt>   679                       004  395    0    40 3  1 1 2.457709e-14 -1.048798e+02 -4.142752e+04
INFO: cmn.c(183): CMN: 58.71  4.20 14.33  3.96  9.80 -13.74 -10.92 -5.51 -4.16  0.03  6.19 -7.25 -8.51 
utt>   680                       005  719    0    64 3  1 1 1.122663e-13 -1.109229e+02 -7.975359e+04
INFO: cmn.c(183): CMN: 57.11  4.45 17.31 -3.90  9.04 -7.20 -14.55 -12.26 -1.54  1.22  3.56 -5.35 -11.64 
utt>   681                       006  522    0    56 3  1 1 1.315807e-13 -1.085389e+02 -5.665730e+04
INFO: cmn.c(183): CMN: 60.27  5.45 15.08 -4.96 13.04 -10.98 -9.42 -7.49 -2.06 -0.58  3.21 -7.19 -5.89 
utt>   682                       007 1688    0   116 3  1 1 4.462530e-14 -1.097269e+02 -1.852190e+05
INFO: cmn.c(183): CMN: 51.71  2.43  9.99  1.81  2.30  0.19  1.37 -0.56  9.12  1.29 10.08 -0.47 -1.02 
utt>   683                       001  399    0    68 2  1 1 4.547262e-13 -1.034154e+02 -4.126276e+04
INFO: cmn.c(183): CMN: 57.29  7.08  8.97  8.78  8.31 -9.56  0.45  4.14 -0.86  0.04 11.10  0.70 -0.82 
utt>   684                       002  547    0    60 3  1 1 4.866530e-13 -1.040539e+02 -5.691749e+04
INFO: cmn.c(183): CMN: 54.27  6.66 12.79 -1.32  8.36  2.76 -0.63 -3.54  6.62 -1.00  4.20 -5.58  1.56 
utt>   685                       003  470    0    44 3  1 1 3.856470e-13 -1.184048e+02 -5.565028e+04
INFO: cmn.c(183): CMN: 56.53  2.96 23.15  8.32  3.53 -9.66 -7.53 -5.25  2.82  0.57 10.54 -4.84 -6.09 
utt>   686                       004  395    0    40 3  1 1 1.741069e-14 -1.049259e+02 -4.144572e+04
INFO: cmn.c(183): CMN: 58.71  4.20 14.33  3.96  9.81 -13.75 -10.92 -5.52 -4.16  0.03  6.19 -7.25 -8.50 
utt>   687                       005  719    0    64 3  1 1 6.299347e-14 -1.109666e+02 -7.978500e+04
INFO: cmn.c(183): CMN: 57.10  4.46 17.32 -3.89  9.04 -7.21 -14.55 -12.27 -1.54  1.21  3.57 -5.36 -11.65 
utt>   688                       006  522    0    56 3  1 1 1.231122e-13 -1.085114e+02 -5.664293e+04
INFO: cmn.c(183): CMN: 60.27  5.45 15.08 -4.96 13.04 -10.98 -9.42 -7.49 -2.06 -0.58  3.21 -7.19 -5.90 
utt>   689                       007 1688    0   116 3  1 1 4.257422e-14 -1.096896e+02 -1.851561e+05
INFO: cmn.c(183): CMN: 51.72  2.43  9.95  1.80  2.33  0.23  1.25 -0.43  9.07  1.30 10.00 -0.44 -1.00 
utt>   690                       001  399    0    68 2  1 1 6.675500e-13 -1.034292e+02 -4.126824e+04
INFO: cmn.c(183): CMN: 57.29  7.08  8.98  8.79  8.32 -9.57  0.44  4.14 -0.86  0.03 11.10  0.69 -0.82 
utt>   691                       002  547    0    60 3  1 1 4.759172e-13 -1.041177e+02 -5.695237e+04
INFO: cmn.c(183): CMN: 54.28  6.66 12.78 -1.33  8.36  2.76 -0.64 -3.54  6.62 -0.98  4.19 -5.57  1.57 
utt>   692                       003  470    0    44 3  1 1 3.650366e-13 -1.184528e+02 -5.567282e+04
INFO: cmn.c(183): CMN: 56.52  2.96 23.16  8.32  3.53 -9.66 -7.53 -5.25  2.82  0.58 10.53 -4.83 -6.08 
utt>   693                       004  395    0    40 3  1 1 1.766378e-14 -1.049330e+02 -4.144854e+04
INFO: cmn.c(183): CMN: 58.71  4.20 14.33  3.96  9.80 -13.74 -10.92 -5.52 -4.16  0.03  6.19 -7.25 -8.51 
utt>   694                       005  719    0    64 3  1 1 6.773482e-14 -1.109715e+02 -7.978849e+04
INFO: cmn.c(183): CMN: 57.10  4.46 17.31 -3.90  9.04 -7.20 -14.55 -12.27 -1.54  1.21  3.56 -5.35 -11.64 
utt>   695                       006  522    0    56 3  1 1 1.422875e-13 -1.085675e+02 -5.667221e+04
INFO: cmn.c(183): CMN: 60.27  5.45 15.08 -4.96 13.04 -10.98 -9.42 -7.49 -2.06 -0.58  3.21 -7.19 -5.89 
utt>   696                       007 1688    0   116 3  1 1 4.643767e-14 -1.097006e+02 -1.851745e+05
INFO: cmn.c(183): CMN: 51.72  2.45  9.92  1.88  2.37  0.15  1.30 -0.57  9.17  1.33 10.09 -0.55 -1.15 
utt>   697                       001  399    0    68 2  1 1 3.776200e-13 -1.037190e+02 -4.138388e+04
INFO: cmn.c(183): CMN: 57.29  7.08  8.97  8.79  8.31 -9.57  0.45  4.13 -0.87  0.04 11.11  0.70 -0.82 
utt>   698                       002  547    0    60 3  1 1 4.447880e-13 -1.040892e+02 -5.693677e+04
INFO: cmn.c(183): CMN: 54.27  6.67 12.79 -1.33  8.35  2.76 -0.63 -3.52  6.62 -0.99  4.17 -5.57  1.58 
utt>   699                       003  470    0    44 3  1 1 4.247157e-13 -1.184938e+02 -5.569207e+04
INFO: cmn.c(183): CMN: 56.53  2.96 23.15  8.32  3.54 -9.66 -7.54 -5.26  2.82  0.57 10.54 -4.82 -6.08 
utt>   700                       004  395    0    40 3  1 1 1.849873e-14 -1.049170e+02 -4.144221e+04
INFO: cmn.c(183): CMN: 58.71  4.20 14.33  3.96  9.79 -13.75 -10.91 -5.51 -4.18  0.04  6.18 -7.24 -8.51 
utt>   701                       005  719    0    64 3  1 1 8.853541e-14 -1.109960e+02 -7.980613e+04
INFO: cmn.c(183): CMN: 57.11  4.45 17.32 -3.89  9.04 -7.21 -14.55 -12.26 -1.54  1.21  3.56 -5.36 -11.64 
utt>   702                       006  522    0    56 3  1 1 1.464062e-13 -1.085081e+02 -5.664122e+04
INFO: cmn.c(183): CMN: 60.27  5.45 15.08 -4.96 13.03 -10.98 -9.42 -7.49 -2.06 -0.58  3.21 -7.19 -5.89 
utt>   703                       007 1688    0   116 3  1 1 1.042494e-13 -1.097125e+02 -1.851947e+05
INFO: cmn.c(183): CMN: 51.72  2.42  9.94  1.85  2.41  0.20  1.34 -0.52  9.07  1.32 10.08 -0.39 -0.94 
utt>   704                       001  399    0    68 2  1 1 4.020073e-13 -1.035503e+02 -4.131657e+04
INFO: cmn.c(183): CMN: 57.29  7.09  8.97  8.79  8.31 -9.56  0.45  4.13 -0.87  0.04 11.11  0.69 -0.82 
utt>   705                       002  547    0    60 3  1 1 3.303808e-13 -1.040538e+02 -5.691746e+04
INFO: cmn.c(183): CMN: 54.28  6.66 12.79 -1.34  8.35  2.76 -0.63 -3.53  6.62 -0.99  4.19 -5.56  1.56 
utt>   706                       003  470    0    44 3  1 1 2.919653e-13 -1.185191e+02 -5.570399e+04
INFO: cmn.c(183): CMN: 56.53  2.96 23.15  8.32  3.54 -9.66 -7.53 -5.25  2.80  0.56 10.54 -4.82 -6.08 
utt>   707                       004  395    0    40 3  1 1 2.825785e-14 -1.049201e+02 -4.144344e+04
INFO: cmn.c(183): CMN: 58.71  4.20 14.32  3.96  9.80 -13.75 -10.92 -5.52 -4.16  0.04  6.18 -7.25 -8.51 
utt>   708                       005  719    0    64 3  1 1 1.718895e-13 -1.109782e+02 -7.979335e+04
INFO: cmn.c(183): CMN: 57.11  4.45 17.32 -3.90  9.04 -7.21 -14.54 -12.26 -1.54  1.21  3.56 -5.36 -11.65 
utt>   709                       006  522    0    56 3  1 1 1.181920e-13 -1.085307e+02 -5.665305e+04
INFO: cmn.c(183): CMN: 60.27  5.45 15.08 -4.96 13.03 -10.98 -9.42 -7.49 -2.07 -0.58  3.21 -7.19 -5.89 
utt>   710                       007 1688    0   116 3  1 1 4.333409e-14 -1.096960e+02 -1.851669e+05
INFO: cmn.c(183): CMN: 51.71  2.46  9.95  1.83  2.51  0.21  1.33 -0.46  9.06  1.21 10.03 -0.40 -0.99 
utt>   711                       001  399    0    68 2  1 1 4.486333e-13 -1.034932e+02 -4.129380e+04
INFO: cmn.c(183): CMN: 57.29  7.08  8.97  8.79  8.31 -9.57  0.45  4.14 -0.87  0.03 11.11  0.69 -0.80 
utt>   712                       002  547    0    60 3  1 1 3.971858e-13 -1.040837e+02 -5.693378e+04
INFO: cmn.c(183): CMN: 54.27  6.66 12.79 -1.33  8.36  2.76 -0.64 -3.54  6.62 -0.99  4.19 -5.58  1.56 
utt>   713                       003  470    0    44 3  1 1 2.806745e-13 -1.184245e+02 -5.565950e+04
INFO: cmn.c(183): CMN: 56.52  2.96 23.15  8.33  3.53 -9.67 -7.53 -5.25  2.81  0.57 10.53 -4.83 -6.09 
utt>   714                       004  395    0    40 3  1 1 5.926711e-14 -1.049135e+02 -4.144082e+04
INFO: cmn.c(183): CMN: 58.71  4.20 14.33  3.96  9.80 -13.75 -10.92 -5.52 -4.16  0.04  6.19 -7.24 -8.51 
utt>   715                       005  719    0    64 3  1 1 9.700881e-14 -1.110217e+02 -7.982460e+04
INFO: cmn.c(183): CMN: 57.11  4.45 17.32 -3.89  9.04 -7.21 -14.55 -12.26 -1.54  1.21  3.56 -5.37 -11.65 
utt>   716                       006  522    0    56 3  1 1 1.277322e-13 -1.085141e+02 -5.664435e+04
INFO: cmn.c(183): CMN: 60.27  5.45 15.09 -4.96 13.03 -10.98 -9.42 -7.49 -2.06 -0.58  3.21 -7.19 -5.90 
utt>   717                       007 1688    0   116 3  1 1 4.833408e-14 -1.097017e+02 -1.851764e+05
INFO: cmn.c(183): CMN: 51.72  2.44  9.98  1.81  2.34  0.16  1.37 -0.50  9.10  1.29  9.99 -0.39 -0.98 
utt>   718                       001  399    0    68 2  1 1 7.119396e-13 -1.032433e+02 -4.119409e+04
INFO: cmn.c(183): CMN: 57.29  7.08  8.97  8.79  8.31 -9.57  0.45  4.13 -0.87  0.05 11.11  0.70 -0.81 
utt>   719                       002  547    0    60 3  1 1 3.594639e-13 -1.040619e+02 -5.692184e+04
INFO: cmn.c(183): CMN: 54.27  6.65 12.78 -1.32  8.38  2.77 -0.64 -3.54  6.62 -0.99  4.20 -5.59  1.57 
utt>   720                       003  470    0    44 3  1 1 2.962142e-13 -1.184341e+02 -5.566404e+04
INFO: cmn.c(183): CMN: 56.53  2.96 23.16  8.33  3.53 -9.67 -7.53 -5.25  2.82  0.58 10.54 -4.83 -6.09 
utt>   721                       004  395    0    40 3  1 1 4.492588e-14 -1.049560e+02 -4.145763e+04
INFO: cmn.c(183): CMN: 58.71  4.20 14.33  3.96  9.80 -13.74 -10.92 -5.53 -4.17  0.04  6.19 -7.25 -8.51 
utt>   722                       005  719    0    64 3  1 1 8.085296e-14 -1.109724e+02 -7.978919e+04
INFO: cmn.c(183): CMN: 57.11  4.45 17.31 -3.89  9.04 -7.21 -14.54 -12.26 -1.55  1.21  3.56 -5.36 -11.64 
utt>   723                       006  522    0    56 3  1 1 1.067771e-13 -1.085300e+02 -5.665267e+04
INFO: cmn.c(183): CMN: 60.27  5.45 15.08 -4.95 13.04 -10.98 -9.42 -7.49 -2.06 -0.58  3.21 -7.19 -5.89 
utt>   724                       007 1688    0   116 3  1 1 4.102036e-14 -1.097076e+02 -1.851865e+05
INFO: cmn.c(183): CMN: 51.73  2.43  9.99  1.89  2.38  0.27  1.39 -0.46  9.10  1.21  9.93 -0.45 -0.93 
utt>   725                       001  399    0    68 2  1 1 4.019825e-13 -1.035517e+02 -4.131713e+04
INFO: cmn.c(183): CMN: 57.29  7.08  8.98  8.79  8.31 -9.57  0.45  4.14 -0.87  0.03 11.10  0.70 -0.82 
utt>   726                       002  547    0    60 3  1 1 4.533618e-13 -1.041373e+02 -5.696311e+04
INFO: cmn.c(183): CMN: 54.27  6.66 12.79 -1.33  8.35  2.75 -0.64 -3.55  6.63 -0.97  4.18 -5.58  1.56 
utt>   727                       003  470    0    44 3  1 1 2.374544e-13 -1.184182e+02 -5.565654e+04
INFO: cmn.c(183): CMN: 56.53  2.96 23.15  8.32  3.53 -9.66 -7.53 -5.25  2.81  0.56 10.54 -4.83 -6.09 
utt>   728                       004  395    0    40 3  1 1 4.460723e-14 -1.048981e+02 -4.143474e+04
INFO: cmn.c(183): CMN: 58.71  4.20 14.32  3.96  9.80 -13.74 -10.93 -5.52 -4.17  0.04  6.18 -7.25 -8.51 
utt>   729                       005  719    0    64 3  1 1 2.028189e-14 -1.110000e+02 -7.980899e+04
INFO: cmn.c(183): CMN: 57.11  4.45 17.31 -3.89  9.04 -7.21 -14.54 -12.27 -1.54  1.21  3.56 -5.36 -11.64 
utt>   730                       006  522    0    56 3  1 1 1.162603e-13 -1.084951e+02 -5.663444e+04
INFO: cmn.c(183): CMN: 60.27  5.45 15.08 -4.95 13.04 -10.99 -9.42 -7.49 -2.06 -0.58  3.21 -7.19 -5.89 
utt>   731                       007 1688    0   116 3  1 1 4.153214e-14 -1.097244e+02 -1.852149e+05
INFO: cmn.c(183): CMN: 51.71  2.45  9.97  1.82  2.34  0.20  1.34 -0.55  9.06  1.21 10.00 -0.43 -1.09 
utt>   732                       001  399    0    68 2  1 1 4.884084e-13 -1.032657e+02 -4.120302e+04
INFO: cmn.c(183): CMN: 57.29  7.08  8.97  8.79  8.32 -9.57  0.45  4.14 -0.87  0.04 11.10  0.69 -0.83 
utt>   733                       002  547    0    60 3  1 1 3.450513e-13 -1.041244e+02 -5.695605e+04
INFO: cmn.c(183): CMN: 54.28  6.66 12.78 -1.33  8.36  2.75 -0.64 -3.53  6.60 -0.98  4.19 -5.57  1.57 
utt>   734                       003  470    0    44 3  1 1 2.841145e-13 -1.185000e+02 -5.569498e+04
INFO: cmn.c(183): CMN: 56.53  2.96 23.15  8.32  3.53 -9.66 -7.52 -5.26  2.81  0.57 10.54 -4.83 -6.09 
utt>   735                       004  395    0    40 3  1 1 2.250847e-14 -1.049031e+02 -4.143672e+04
INFO: cmn.c(183): CMN: 58.71  4.20 14.33  3.96  9.80 -13.73 -10.93 -5.52 -4.17  0.04  6.19 -7.25 -8.51 
utt>   736                       005  719    0    64 3  1 1 9.726569e-14 -1.109822e+02 -7.979621e+04
INFO: cmn.c(183): CMN: 57.11  4.45 17.31 -3.89  9.04 -7.20 -14.55 -12.27 -1.54  1.21  3.57 -5.36 -11.63 
utt>   737                       006  522    0    56 3  1 1 1.066947e-13 -1.085373e+02 -5.665647e+04
INFO: cmn.c(183): CMN: 60.27  5.45 15.08 -4.96 13.03 -10.98 -9.42 -7.48 -2.06 -0.58  3.21 -7.19 -5.89 
utt>   738                       007 1688    0   116 3  1 1 4.464028e-14 -1.097100e+02 -1.851905e+05
INFO: cmn.c(183): CMN: 51.72  2.42  9.93  1.86  2.42  0.10  1.19 -0.55  9.07  1.24 10.06 -0.51 -1.08 
utt>   739                       001  399    0    68 2  1 1 5.131086e-13 -1.034428e+02 -4.127366e+04
INFO: cmn.c(183): CMN: 57.29  7.08  8.97  8.79  8.31 -9.57  0.44  4.14 -0.85  0.04 11.11  0.69 -0.82 
utt>   740                       002  547    0    60 3  1 1 3.686582e-13 -1.041331e+02 -5.696078e+04
INFO: cmn.c(183): CMN: 54.28  6.66 12.78 -1.32  8.36  2.75 -0.62 -3.54  6.62 -0.97  4.18 -5.57  1.57 
utt>   741                       003  470    0    44 3  1 1 3.895734e-13 -1.185146e+02 -5.570185e+04
INFO: cmn.c(183): CMN: 56.52  2.96 23.15  8.32  3.53 -9.66 -7.53 -5.26  2.81  0.57 10.54 -4.82 -6.09 
utt>   742                       004  395    0    40 3  1 1 1.939295e-14 -1.049555e+02 -4.145744e+04
INFO: cmn.c(183): CMN: 58.70  4.20 14.33  3.96  9.80 -13.75 -10.92 -5.52 -4.17  0.04  6.18 -7.24 -8.51 
utt>   743                       005  719    0    64 3  1 1 1.315426e-13 -1.109602e+02 -7.978041e+04
INFO: cmn.c(183): CMN: 57.11  4.46 17.31 -3.90  9.04 -7.20 -14.55 -12.27 -1.54  1.21  3.56 -5.36 -11.64 
utt>   744                       006  522    0    56 3  1 1 1.075207e-13 -1.084982e+02 -5.663606e+04
INFO: cmn.c(183): CMN: 60.27  5.45 15.08 -4.96 13.04 -10.98 -9.42 -7.48 -2.06 -0.58  3.22 -7.19 -5.90 
utt>   745                       007 1688    0   116 3  1 1 4.180315e-14 -1.097527e+02 -1.852626e+05
INFO: cmn.c(183): CMN: 51.73  2.44  9.95  1.86  2.31  0.07  1.30 -0.49  9.11  1.24 10.08 -0.52 -1.03 
utt>   746                       001  399    0    68 2  1 1 7.039584e-13 -1.033563e+02 -4.123914e+04
INFO: cmn.c(183): CMN: 57.29  7.08  8.97  8.79  8.32 -9.57  0.45  4.15 -0.87  0.04 11.10  0.70 -0.82 
utt>   747                       002  547    0    60 3  1 1 3.342875e-13 -1.041297e+02 -5.695896e+04
INFO: cmn.c(183): CMN: 54.28  6.66 12.79 -1.33  8.36  2.76 -0.63 -3.54  6.61 -0.97  4.18 -5.58  1.58 
utt>   748                       003  470    0    44 3  1 1 3.309635e-13 -1.184517e+02 -5.567229e+04
INFO: cmn.c(183): CMN: 56.53  2.96 23.15  8.32  3.53 -9.66 -7.53 -5.25  2.83  0.58 10.54 -4.84 -6.08 
utt>   749                       004  395    0    40 3  1 1 1.645316e-14 -1.049030e+02 -4.143667e+04
INFO: cmn.c(183): CMN: 58.71  4.20 14.32  3.96  9.81 -13.74 -10.92 -5.51 -4.16  0.03  6.19 -7.24 -8.51 
utt>   750                       005  719    0    64 3  1 1 7.263162e-14 -1.109388e+02 -7.976503e+04
INFO: cmn.c(183): CMN: 57.11  4.45 17.31 -3.89  9.04 -7.21 -14.55 -12.26 -1.55  1.22  3.56 -5.36 -11.64 
utt>   751                       006  522    0    56 3  1 1 1.158710e-13 -1.085448e+02 -5.666041e+04
INFO: cmn.c(183): CMN: 60.27  5.45 15.08 -4.96 13.04 -10.98 -9.42 -7.48 -2.06 -0.58  3.21 -7.19 -5.90 
utt>   752                       007 1688    0   116 3  1 1 4.305891e-14 -1.097332e+02 -1.852297e+05
INFO: cmn.c(183): CMN: 51.71  2.47  9.94  1.83  2.38  0.20  1.33 -0.54  9.04  1.19 10.00 -0.42 -1.07 
utt>   753                       001  399    0    68 2  1 1 4.336135e-13 -1.033262e+02 -4.122717e+04
INFO: cmn.c(183): CMN: 57.29  7.08  8.97  8.79  8.30 -9.56  0.46  4.13 -0.87  0.03 11.11  0.70 -0.82 
utt>   754                       002  547    0    60 3  1 1 4.553686e-13 -1.041593e+02 -5.697513e+04
INFO: cmn.c(183): CMN: 54.28  6.66 12.78 -1.32  8.37  2.76 -0.66 -3.56  6.62 -0.98  4.21 -5.58  1.56 
utt>   755                       003  470    0    44 3  1 1 3.637205e-13 -1.184777e+02 -5.568451e+04
INFO: cmn.c(183): CMN: 56.52  2.96 23.15  8.32  3.53 -9.66 -7.53 -5.26  2.82  0.57 10.54 -4.83 -6.08 
utt>   756                       004  395    0    40 3  1 1 1.937886e-14 -1.048942e+02 -4.143319e+04
INFO: cmn.c(183): CMN: 58.71  4.20 14.32  3.96  9.80 -13.75 -10.92 -5.52 -4.17  0.04  6.19 -7.24 -8.51 
utt>   757                       005  719    0    64 3  1 1 1.701794e-14 -1.109602e+02 -7.978039e+04
INFO: cmn.c(183): CMN: 57.11  4.46 17.32 -3.89  9.04 -7.21 -14.55 -12.27 -1.55  1.22  3.57 -5.36 -11.64 
utt>   758                       006  522    0    56 3  1 1 9.743443e-14 -1.085065e+02 -5.664039e+04
INFO: cmn.c(183): CMN: 60.27  5.45 15.08 -4.96 13.04 -10.98 -9.42 -7.49 -2.06 -0.58  3.21 -7.19 -5.90 
utt>   759                       007 1688    0   116 3  1 1 4.207974e-14 -1.097230e+02 -1.852124e+05
INFO: cmn.c(183): CMN: 51.71  2.44  9.93  1.87  2.44  0.15  1.19 -0.50  9.09  1.22 10.04 -0.42 -0.99 
utt>   760                       001  399    0    68 2  1 1 4.308998e-13 -1.034228e+02 -4.126570e+04
INFO: cmn.c(183): CMN: 57.29  7.09  8.97  8.79  8.32 -9.57  0.45  4.13 -0.87  0.04 11.11  0.70 -0.81 
utt>   761                       002  547    0    60 3  1 1 3.810177e-13 -1.041131e+02 -5.694989e+04
INFO: cmn.c(183): CMN: 54.27  6.66 12.79 -1.33  8.36  2.76 -0.62 -3.54  6.62 -0.99  4.17 -5.58  1.57 
utt>   762                       003  470    0    44 3  1 1 3.956252e-13 -1.184290e+02 -5.566162e+04
INFO: cmn.c(183): CMN: 56.53  2.97 23.15  8.32  3.53 -9.67 -7.53 -5.25  2.82  0.57 10.53 -4.83 -6.08 
utt>   763                       004  395    0    40 3  1 1 2.309721e-14 -1.049624e+02 -4.146015e+04
INFO: cmn.c(183): CMN: 58.71  4.20 14.33  3.96  9.80 -13.74 -10.92 -5.51 -4.17  0.04  6.18 -7.25 -8.51 
utt>   764                       005  719    0    64 3  1 1 3.671746e-14 -1.110122e+02 -7.981777e+04
INFO: cmn.c(183): CMN: 57.11  4.46 17.32 -3.90  9.04 -7.21 -14.55 -12.26 -1.53  1.21  3.56 -5.36 -11.64 
utt>   765                       006  522    0    56 3  1 1 1.374241e-13 -1.084969e+02 -5.663540e+04
INFO: cmn.c(183): CMN: 60.27  5.45 15.08 -4.96 13.04 -10.98 -9.43 -7.49 -2.06 -0.58  3.21 -7.19 -5.89 
utt>   766                       007 1688    0   116 3  1 1 4.167664e-14 -1.097166e+02 -1.852015e+05
INFO: cmn.c(183): CMN: 51.72  2.44  9.97  1.85  2.40  0.16  1.18 -0.56  9.15  1.26 10.03 -0.41 -1.03 
utt>   767                       001  399    0    68 2  1 1 4.340085e-13 -1.034575e+02 -4.127954e+04
INFO: cmn.c(183): CMN: 57.29  7.08  8.97  8.78  8.32 -9.56  0.44  4.13 -0.86  0.04 11.11  0.70 -0.82 
utt>   768                       002  547    0    60 3  1 1 4.701171e-13 -1.041451e+02 -5.696740e+04
INFO: cmn.c(183): CMN: 54.27  6.66 12.79 -1.32  8.36  2.76 -0.64 -3.54  6.61 -0.99  4.20 -5.58  1.58 
utt>   769                       003  470    0    44 3  1 1 2.771997e-13 -1.184395e+02 -5.566656e+04
INFO: cmn.c(183): CMN: 56.53  2.97 23.15  8.32  3.54 -9.67 -7.53 -5.25  2.82  0.56 10.53 -4.83 -6.08 
utt>   770                       004  395    0    40 3  1 1 4.007036e-14 -1.049925e+02 -4.147203e+04
INFO: cmn.c(183): CMN: 58.71  4.20 14.33  3.96  9.80 -13.74 -10.92 -5.52 -4.17  0.04  6.19 -7.25 -8.51 
utt>   771                       005  719    0    64 3  1 1 9.175762e-14 -1.110119e+02 -7.981758e+04
INFO: cmn.c(183): CMN: 57.11  4.46 17.31 -3.89  9.04 -7.21 -14.55 -12.26 -1.54  1.21  3.57 -5.36 -11.64 
utt>   772                       006  522    0    56 3  1 1 1.208677e-13 -1.085138e+02 -5.664418e+04
INFO: cmn.c(183): CMN: 60.27  5.45 15.08 -4.96 13.04 -10.98 -9.42 -7.49 -2.06 -0.58  3.21 -7.19 -5.90 
utt>   773                       007 1688    0   116 3  1 1 1.008479e-13 -1.097160e+02 -1.852006e+05
INFO: cmn.c(183): CMN: 51.71  2.46  9.90  1.84  2.40  0.11  1.28 -0.52  9.06  1.33 10.01 -0.46 -0.97 
utt>   774                       001  399    0    68 2  1 1 6.246297e-13 -1.034744e+02 -4.128629e+04
INFO: cmn.c(183): CMN: 57.29  7.08  8.97  8.79  8.32 -9.57  0.45  4.14 -0.87  0.05 11.10  0.70 -0.82 
utt>   775                       002  547    0    60 3  1 1 4.155302e-13 -1.040929e+02 -5.693881e+04
INFO: cmn.c(183): CMN: 54.27  6.66 12.79 -1.32  8.36  2.77 -0.63 -3.53  6.58 -0.99  4.20 -5.57  1.56 
utt>   776                       003  470    0    44 3  1 1 3.700332e-13 -1.184883e+02 -5.568952e+04
INFO: cmn.c(183): CMN: 56.53  2.96 23.15  8.32  3.53 -9.66 -7.53 -5.26  2.81  0.58 10.53 -4.83 -6.09 
utt>   777                       004  395    0    40 3  1 1 1.520281e-14 -1.049605e+02 -4.145941e+04
INFO: cmn.c(183): CMN: 58.71  4.20 14.33  3.96  9.80 -13.74 -10.92 -5.52 -4.16  0.04  6.19 -7.25 -8.51 
utt>   778                       005  719    0    64 3  1 1 5.625787e-14 -1.109664e+02 -7.978485e+04
INFO: cmn.c(183): CMN: 57.11  4.46 17.31 -3.89  9.04 -7.21 -14.55 -12.26 -1.53  1.21  3.56 -5.36 -11.64 
utt>   779                       006  522    0    56 3  1 1 9.205013e-14 -1.085459e+02 -5.666096e+04
INFO: cmn.c(183): CMN: 60.27  5.45 15.08 -4.96 13.03 -10.98 -9.42 -7.49 -2.06 -0.58  3.22 -7.19 -5.90 
utt>   780                       007 1688    0   116 3  1 1 4.403873e-14 -1.097140e+02 -1.851973e+05
INFO: cmn.c(183): CMN: 51.72  2.44 10.00  1.82  2.25  0.15  1.32 -0.49  9.09  1.29  9.94 -0.37 -1.03 
utt>   781                       001  399    0    68 2  1 1 7.317066e-13 -1.034406e+02 -4.127280e+04
INFO: cmn.c(183): CMN: 57.29  7.08  8.98  8.79  8.32 -9.57  0.44  4.14 -0.86  0.05 11.10  0.68 -0.82 
utt>   782                       002  547    0    60 3  1 1 4.191304e-13 -1.041386e+02 -5.696382e+04
INFO: cmn.c(183): CMN: 54.27  6.65 12.80 -1.32  8.35  2.77 -0.64 -3.53  6.62 -0.99  4.19 -5.58  1.56 
utt>   783                       003  470    0    44 3  1 1 3.234026e-13 -1.184919e+02 -5.569120e+04
INFO: cmn.c(183): CMN: 56.52  2.96 23.15  8.32  3.54 -9.66 -7.53 -5.26  2.81  0.57 10.54 -4.83 -6.08 
utt>   784                       004  395    0    40 3  1 1 1.732858e-14 -1.048797e+02 -4.142746e+04
INFO: cmn.c(183): CMN: 58.71  4.20 14.32  3.96  9.80 -13.75 -10.92 -5.52 -4.16  0.04  6.19 -7.26 -8.51 
utt>   785                       005  719    0    64 3  1 1 8.716220e-14 -1.109746e+02 -7.979076e+04
INFO: cmn.c(183): CMN: 57.11  4.45 17.31 -3.89  9.04 -7.21 -14.55 -12.26 -1.55  1.21  3.56 -5.36 -11.64 
utt>   786                       006  522    0    56 3  1 1 1.108921e-13 -1.084946e+02 -5.663419e+04
INFO: cmn.c(183): CMN: 60.27  5.45 15.08 -4.96 13.04 -10.98 -9.43 -7.48 -2.06 -0.58  3.21 -7.19 -5.90 
utt>   787                       007 1688    0   116 3  1 1 4.147674e-14 -1.097016e+02 -1.851763e+05
INFO: cmn.c(183): CMN: 51.72  2.45  9.92  1.89  2.39  0.20  1.28 -0.42  9.11  1.29  9.99 -0.47 -1.08 
utt>   788                       001  399    0    68 2  1 1 4.944432e-13 -1.033487e+02 -4.123613e+04
INFO: cmn.c(183): CMN: 57.29  7.08  8.97  8.79  8.31 -9.58  0.45  4.14 -0.85  0.04 11.10  0.69 -0.81 
utt>   789                       002  547    0    60 3  1 1 4.639005e-13 -1.041497e+02 -5.696987e+04
INFO: cmn.c(183): CMN: 54.27  6.66 12.78 -1.31  8.36  2.74 -0.62 -3.53  6.62 -1.00  4.19 -5.58  1.57 
utt>   790                       003  470    0    44 3  1 1 4.874426e-13 -1.184756e+02 -5.568354e+04
INFO: cmn.c(183): CMN: 56.52  2.96 23.15  8.32  3.54 -9.66 -7.53 -5.25  2.82  0.57 10.53 -4.83 -6.08 
utt>   791                       004  395    0    40 3  1 1 1.081778e-14 -1.048859e+02 -4.142994e+04
INFO: cmn.c(183): CMN: 58.71  4.20 14.33  3.96  9.80 -13.74 -10.92 -5.51 -4.16  0.03  6.18 -7.25 -8.51 
utt>   792                       005  719    0    64 3  1 1 2.274373e-13 -1.109725e+02 -7.978924e+04
INFO: cmn.c(183): CMN: 57.11  4.46 17.31 -3.90  9.04 -7.20 -14.55 -12.27 -1.54  1.21  3.56 -5.36 -11.64 
utt>   793                       006  522    0    56 3  1 1 1.153125e-13 -1.085432e+02 -5.665955e+04
INFO: cmn.c(183): CMN: 60.27  5.45 15.08 -4.96 13.04 -10.98 -9.42 -7.49 -2.06 -0.58  3.21 -7.19 -5.90 
utt>   794                       007 1688    0   116 3  1 1 1.004436e-13 -1.096939e+02 -1.851633e+05
INFO: cmn.c(183): CMN: 51.71  2.45  9.99  1.84  2.30  0.10  1.33 -0.45  9.09  1.18 10.04 -0.43 -1.05 
utt>   795                       001  399    0    68 2  1 1 8.477740e-13 -1.033453e+02 -4.123476e+04
INFO: cmn.c(183): CMN: 57.29  7.08  8.97  8.79  8.31 -9.56  0.44  4.13 -0.86  0.04 11.12  0.70 -0.82 
utt>   796                       002  547    0    60 3  1 1 4.501803e-13 -1.041025e+02 -5.694405e+04
INFO: cmn.c(183): CMN: 54.28  6.65 12.79 -1.31  8.36  2.76 -0.63 -3.53  6.60 -0.99  4.19 -5.57  1.58 
utt>   797                       003  470    0    44 3  1 1 2.879488e-13 -1.184902e+02 -5.569037e+04
INFO: cmn.c(183): CMN: 56.53  2.96 23.15  8.32  3.54 -9.67 -7.53 -5.25  2.81  0.57 10.54 -4.82 -6.09 
utt>   798                       004  395    0    40 3  1 1 2.321476e-14 -1.048858e+02 -4.142990e+04
INFO: cmn.c(183): CMN: 58.71  4.20 14.33  3.97  9.80 -13.75 -10.93 -5.51 -4.16  0.03  6.19 -7.25 -8.51 
utt>   799                       005  719    0    64 3  1 1 1.373185e-13 -1.109545e+02 -7.977626e+04
INFO: cmn.c(183): CMN: 57.11  4.45 17.31 -3.90  9.04 -7.20 -14.56 -12.26 -1.54  1.21  3.56 -5.35 -11.64 
utt>   800                       006  522    0    56 3  1 1 1.299238e-13 -1.085103e+02 -5.664237e+04
INFO: cmn.c(183): CMN: 60.27  5.45 15.08 -4.96 13.04 -10.98 -9.42 -7.49 -2.06 -0.58  3.21 -7.19 -5.89 
utt>   801                       007 1688    0   116 3  1 1 1.005223e-13 -1.097076e+02 -1.851865e+05
INFO: cmn.c(183): CMN: 51.72  2.45  9.94  1.86  2.43  0.21  1.37 -0.49  9.06  1.17  9.95 -0.37 -1.06 
utt>   802                       001  399    0    68 2  1 1 4.052930e-13 -1.033354e+02 -4.123084e+04
INFO: cmn.c(183): CMN: 57.29  7.08  8.97  8.78  8.31 -9.56  0.44  4.13 -0.86  0.04 11.10  0.69 -0.82 
utt>   803                       002  547    0    60 3  1 1 3.331096e-13 -1.041504e+02 -5.697028e+04
INFO: cmn.c(183): CMN: 54.27  6.66 12.79 -1.31  8.36  2.76 -0.64 -3.54  6.61 -0.99  4.18 -5.57  1.57 
utt>   804                       003  470    0    44 3  1 1 3.677526e-13 -1.185230e+02 -5.570583e+04
INFO: cmn.c(183): CMN: 56.53  2.96 23.15  8.32  3.53 -9.66 -7.52 -5.24  2.81  0.56 10.53 -4.82 -6.09 
utt>   805                       004  395    0    40 3  1 1 1.802972e-14 -1.049423e+02 -4.145221e+04
INFO: cmn.c(183): CMN: 58.71  4.20 14.32  3.96  9.80 -13.73 -10.93 -5.51 -4.17  0.04  6.18 -7.25 -8.51 
utt>   806                       005  719    0    64 3  1 1 6.180472e-14 -1.109660e+02 -7.978455e+04
INFO: cmn.c(183): CMN: 57.10  4.46 17.31 -3.90  9.04 -7.21 -14.55 -12.26 -1.52  1.21  3.56 -5.35 -11.63 
utt>   807                       006  522    0    56 3  1 1 1.263850e-13 -1.086044e+02 -5.669149e+04
INFO: cmn.c(183): CMN: 60.27  5.45 15.08 -4.96 13.04 -10.98 -9.42 -7.49 -2.06 -0.58  3.21 -7.19 -5.89 
utt>   808                       007 1688    0   116 3  1 1 4.097145e-14 -1.097204e+02 -1.852081e+05
INFO: cmn.c(183): CMN: 51.73  2.47  9.92  1.78  2.30  0.16  1.36 -0.48  9.10  1.40 10.11 -0.48 -1.05 
utt>   809                       001  399    0    68 2  1 1 4.724168e-13 -1.037254e+02 -4.138642e+04
INFO: cmn.c(183): CMN: 57.29  7.08  8.97  8.79  8.32 -9.57  0.45  4.13 -0.86  0.05 11.09  0.70 -0.81 
utt>   810                       002  547    0    60 3  1 1 4.387903e-13 -1.041552e+02 -5.697290e+04
INFO: cmn.c(183): CMN: 54.27  6.66 12.79 -1.33  8.37  2.78 -0.64 -3.54  6.62 -0.99  4.18 -5.56  1.56 
utt>   811                       003  470    0    44 3  1 1 2.713739e-13 -1.184776e+02 -5.568449e+04
INFO: cmn.c(183): CMN: 56.53  2.96 23.15  8.31  3.53 -9.67 -7.52 -5.24  2.81  0.56 10.54 -4.83 -6.08 
utt>   812                       004  395    0    40 3  1 1 3.235257e-14 -1.048776e+02 -4.142665e+04
INFO: cmn.c(183): CMN: 58.71  4.20 14.33  3.96  9.80 -13.75 -10.92 -5.51 -4.17  0.04  6.19 -7.26 -8.50 
utt>   813                       005  719    0    64 3  1 1 1.665459e-14 -1.109971e+02 -7.980689e+04
INFO: cmn.c(183): CMN: 57.11  4.45 17.32 -3.89  9.04 -7.21 -14.54 -12.27 -1.54  1.22  3.56 -5.36 -11.64 
utt>   814                       006  522    0    56 3  1 1 1.252944e-13 -1.085150e+02 -5.664483e+04
INFO: cmn.c(183): CMN: 60.27  5.45 15.08 -4.96 13.04 -10.98 -9.43 -7.49 -2.06 -0.58  3.21 -7.19 -5.90 
utt>   815                       007 1688    0   116 3  1 1 4.215807e-14 -1.097089e+02 -1.851886e+05
INFO: cmn.c(183): CMN: 51.72  2.46  9.94  1.84  2.40  0.14  1.29 -0.44  9.13  1.16 10.13 -0.36 -1.02 
utt>   816                       001  399    0    68 2  1 1 4.238539e-13 -1.033570e+02 -4.123943e+04
INFO: cmn.c(183): CMN: 57.29  7.08  8.98  8.79  8.31 -9.57  0.45  4.14 -0.87  0.05 11.11  0.70 -0.82 
utt>   817                       002  547    0    60 3  1 1 4.414099e-13 -1.040623e+02 -5.692205e+04
INFO: cmn.c(183): CMN: 54.27  6.66 12.79 -1.33  8.37  2.76 -0.65 -3.52  6.62 -0.99  4.19 -5.58  1.56 
utt>   818                       003  470    0    44 3  1 1 3.088952e-13 -1.184529e+02 -5.567286e+04
INFO: cmn.c(183): CMN: 56.53  2.97 23.15  8.32  3.53 -9.67 -7.52 -5.25  2.81  0.56 10.53 -4.83 -6.09 
utt>   819                       004  395    0    40 3  1 1 2.150025e-14 -1.049692e+02 -4.146284e+04
INFO: cmn.c(183): CMN: 58.71  4.20 14.33  3.96  9.80 -13.74 -10.91 -5.51 -4.17  0.03  6.18 -7.24 -8.51 
utt>   820                       005  719    0    64 3  1 1 4.989439e-14 -1.109420e+02 -7.976733e+04
INFO: cmn.c(183): CMN: 57.11  4.46 17.31 -3.90  9.05 -7.21 -14.55 -12.26 -1.54  1.22  3.55 -5.35 -11.64 
utt>   821                       006  522    0    56 3  1 1 1.420417e-13 -1.085618e+02 -5.666923e+04
INFO: cmn.c(183): CMN: 60.27  5.45 15.08 -4.96 13.04 -10.98 -9.43 -7.49 -2.06 -0.58  3.22 -7.19 -5.90 
utt>   822                       007 1688    0   116 3  1 1 1.015797e-13 -1.097341e+02 -1.852311e+05
INFO: cmn.c(183): CMN: 51.71  2.45  9.97  1.80  2.35  0.13  1.34 -0.41  9.17  1.28 10.10 -0.43 -1.11 
utt>   823                       001  399    0    68 2  1 1 4.190580e-13 -1.035354e+02 -4.131063e+04
INFO: cmn.c(183): CMN: 57.29  7.08  8.98  8.79  8.31 -9.56  0.45  4.12 -0.87  0.04 11.11  0.69 -0.82 
utt>   824                       002  547    0    60 3  1 1 4.067125e-13 -1.041116e+02 -5.694904e+04
INFO: cmn.c(183): CMN: 54.27  6.66 12.78 -1.32  8.37  2.76 -0.66 -3.54  6.62 -1.00  4.19 -5.57  1.57 
utt>   825                       003  470    0    44 3  1 1 3.809561e-13 -1.188200e+02 -5.584539e+04
INFO: cmn.c(183): CMN: 56.53  2.96 23.15  8.32  3.53 -9.67 -7.53 -5.25  2.81  0.57 10.54 -4.82 -6.09 
utt>   826                       004  395    0    40 3  1 1 2.723490e-14 -1.048660e+02 -4.142207e+04
INFO: cmn.c(183): CMN: 58.71  4.20 14.33  3.96  9.79 -13.75 -10.92 -5.52 -4.16  0.04  6.18 -7.25 -8.51 
utt>   827                       005  719    0    64 3  1 1 1.413849e-14 -1.109352e+02 -7.976238e+04
INFO: cmn.c(183): CMN: 57.11  4.45 17.32 -3.89  9.03 -7.21 -14.55 -12.26 -1.55  1.22  3.56 -5.36 -11.65 
utt>   828                       006  522    0    56 3  1 1 1.500877e-13 -1.084994e+02 -5.663671e+04
INFO: cmn.c(183): CMN: 60.27  5.45 15.08 -4.96 13.03 -10.98 -9.42 -7.49 -2.06 -0.58  3.22 -7.19 -5.90 
utt>   829                       007 1688    0   116 3  1 1 5.511763e-14 -1.097161e+02 -1.852008e+05
INFO: cmn.c(183): CMN: 51.72  2.45  9.95  1.80  2.32  0.12  1.31 -0.36  9.03  1.29 10.06 -0.40 -0.95 
utt>   830                       001  399    0    68 2  1 1 7.261014e-13 -1.033143e+02 -4.122242e+04
INFO: cmn.c(183): CMN: 57.29  7.08  8.97  8.79  8.31 -9.57  0.44  4.13 -0.86  0.05 11.11  0.70 -0.81 
utt>   831                       002  547    0    60 3  1 1 3.600828e-13 -1.041093e+02 -5.694780e+04
INFO: cmn.c(183): CMN: 54.28  6.66 12.78 -1.33  8.36  2.74 -0.64 -3.53  6.61 -0.99  4.18 -5.57  1.57 
utt>   832                       003  470    0    44 3  1 1 3.884031e-13 -1.184299e+02 -5.566204e+04
INFO: cmn.c(183): CMN: 58.71  4.20 14.33  3.96  9.80 -13.75 -10.92 -5.52 -4.18  0.04  6.19 -7.24 -8.52 
utt>   833                       005  719    0    64 3  1 1 8.237766e-14 -1.110567e+02 -7.984979e+04
INFO: cmn.c(183): CMN: 57.11  4.46 17.31 -3.89  9.03 -7.21 -14.55 -12.26 -1.55  1.22  3.57 -5.37 -11.64 
utt>   834                       006  522    0    56 3  1 1 1.217312e-13 -1.085573e+02 -5.666690e+04
INFO: cmn.c(183): CMN: 60.27  5.45 15.08 -4.96 13.04 -10.98 -9.42 -7.49 -2.06 -0.58  3.21 -7.19 -5.90 
utt>   835                       007 1688    0   116 3  1 1 4.390288e-14 -1.097066e+02 -1.851848e+05
INFO: cmn.c(183): CMN: 51.72  2.45  9.96  1.83  2.37  0.22  1.41 -0.45  9.11  1.23 10.03 -0.46 -1.02 
utt>   836                       001  399    0    68 2  1 1 4.698708e-13 -1.032415e+02 -4.119335e+04
INFO: cmn.c(183): CMN: 57.29  7.08  8.97  8.79  8.32 -9.57  0.45  4.14 -0.88  0.04 11.10  0.70 -0.82 
utt>   837                       002  547    0    60 3  1 1 4.077618e-13 -1.041184e+02 -5.695275e+04
INFO: cmn.c(183): CMN: 54.27  6.65 12.80 -1.32  8.35  2.76 -0.63 -3.51  6.64 -1.00  4.17 -5.57  1.56 
utt>   838                       003  470    0    44 3  1 1 3.893349e-13 -1.185145e+02 -5.570180e+04
INFO: cmn.c(183): CMN: 56.53  2.96 23.15  8.32  3.54 -9.66 -7.54 -5.25  2.82  0.57 10.53 -4.84 -6.09 
utt>   839                       004  395    0    40 3  1 1 1.981141e-14 -1.049182e+02 -4.144270e+04
INFO: cmn.c(183): CMN: 58.71  4.20 14.33  3.96  9.80 -13.74 -10.92 -5.51 -4.16  0.03  6.18 -7.24 -8.50 
utt>   840                       005  719    0    64 3  1 1 1.448604e-13 -1.110172e+02 -7.982140e+04
INFO: cmn.c(183): CMN: 57.11  4.46 17.32 -3.90  9.04 -7.21 -14.55 -12.27 -1.54  1.21  3.57 -5.36 -11.64 
utt>   841                       006  522    0    56 3  1 1 1.280252e-13 -1.085078e+02 -5.664107e+04
INFO: cmn.c(183): CMN: 60.27  5.45 15.08 -4.96 13.04 -10.98 -9.42 -7.49 -2.06 -0.58  3.21 -7.19 -5.89 
utt>   842                       007 1688    0   116 3  1 1 4.603145e-14 -1.097243e+02 -1.852145e+05
INFO: cmn.c(183): CMN: 51.71  2.43 10.00  1.81  2.32  0.15  1.33 -0.44  9.18  1.27 10.01 -0.55 -1.06 
utt>   843                       001  399    0    68 2  1 1 4.314607e-13 -1.036538e+02 -4.135788e+04
INFO: cmn.c(183): CMN: 57.29  7.08  8.97  8.79  8.31 -9.57  0.45  4.14 -0.86  0.04 11.10  0.70 -0.81 
utt>   844                       002  547    0    60 3  1 1 3.856504e-13 -1.040904e+02 -5.693748e+04
INFO: cmn.c(183): CMN: 54.28  6.66 12.79 -1.34  8.36  2.76 -0.65 -3.52  6.61 -1.00  4.21 -5.58  1.57 
utt>   845                       003  470    0    44 3  1 1 3.111246e-13 -1.185806e+02 -5.573289e+04
INFO: cmn.c(183): CMN: 56.52  2.96 23.15  8.32  3.53 -9.66 -7.52 -5.26  2.81  0.56 10.54 -4.83 -6.09 
utt>   846                       004  395    0    40 3  1 1 3.551713e-14 -1.050378e+02 -4.148993e+04
INFO: cmn.c(183): CMN: 58.71  4.20 14.33  3.96  9.80 -13.74 -10.92 -5.51 -4.16  0.03  6.18 -7.24 -8.51 
utt>   847                       005  719    0    64 3  1 1 8.109227e-14 -1.109897e+02 -7.980162e+04
INFO: cmn.c(183): CMN: 57.11  4.46 17.31 -3.90  9.05 -7.21 -14.55 -12.26 -1.55  1.21  3.56 -5.36 -11.65 
utt>   848                       006  522    0    56 3  1 1 1.048040e-13 -1.085004e+02 -5.663719e+04
INFO: cmn.c(183): CMN: 60.27  5.45 15.08 -4.96 13.03 -10.98 -9.42 -7.48 -2.06 -0.58  3.22 -7.19 -5.90 
utt>   849                       007 1688    0   116 3  1 1 4.484834e-14 -1.097113e+02 -1.851928e+05
INFO: cmn.c(183): CMN: 51.71  2.42  9.95  1.85  2.33  0.17  1.35 -0.42  9.13  1.30 10.02 -0.52 -1.01 
utt>   850                       001  399    0    68 2  1 1 6.367030e-13 -1.033902e+02 -4.125270e+04
INFO: cmn.c(183): CMN: 57.29  7.08  8.97  8.79  8.32 -9.57  0.46  4.13 -0.87  0.03 11.12  0.70 -0.82 
utt>   851                       002  547    0    60 3  1 1 3.623359e-13 -1.041218e+02 -5.695460e+04
INFO: cmn.c(183): CMN: 54.28  6.66 12.78 -1.32  8.36  2.74 -0.63 -3.51  6.61 -0.99  4.18 -5.57  1.57 
utt>   852                       003  470    0    44 3  1 1 3.323073e-13 -1.185042e+02 -5.569696e+04
INFO: cmn.c(183): CMN: 56.53  2.96 23.15  8.31  3.54 -9.65 -7.53 -5.26  2.81  0.58 10.53 -4.83 -6.09 
utt>   853                       004  395    0    40 3  1 1 3.184568e-14 -1.050166e+02 -4.148158e+04
INFO: cmn.c(183): CMN: 58.71  4.20 14.33  3.96  9.80 -13.74 -10.92 -5.52 -4.17  0.04  6.18 -7.25 -8.51 
utt>   854                       005  719    0    64 3  1 1 2.071751e-14 -1.110108e+02 -7.981674e+04
INFO: cmn.c(183): CMN: 57.10  4.46 17.32 -3.89  9.04 -7.22 -14.55 -12.26 -1.54  1.21  3.56 -5.36 -11.64 
utt>   855                       006  522    0    56 3  1 1 1.076429e-13 -1.085398e+02 -5.665775e+04
INFO: cmn.c(183): CMN: 60.27  5.45 15.08 -4.96 13.04 -10.98 -9.42 -7.48 -2.06 -0.58  3.21 -7.19 -5.89 
utt>   856                       007 1688    0   116 3  1 1 4.333315e-14 -1.096923e+02 -1.851607e+05
INFO: cmn.c(183): CMN: 51.72  2.46  9.97  1.77  2.28  0.22  1.39 -0.43  8.98  1.29 10.08 -0.42 -0.91 
utt>   857                       001  399    0    68 2  1 1 5.888863e-13 -1.039990e+02 -4.149560e+04
INFO: cmn.c(183): CMN: 57.29  7.08  8.97  8.79  8.32 -9.56  0.46  4.12 -0.87  0.04 11.10  0.70 -0.82 
utt>   858                       002  547    0    60 3  1 1 3.801904e-13 -1.041146e+02 -5.695069e+04
INFO: cmn.c(183): CMN: 54.27  6.66 12.78 -1.32  8.36  2.76 -0.64 -3.54  6.63 -1.00  4.18 -5.57  1.57 
utt>   859                       003  470    0    44 3  1 1 4.106387e-13 -1.185060e+02 -5.569781e+04
INFO: cmn.c(183): CMN: 56.53  2.96 23.14  8.32  3.54 -9.66 -7.54 -5.26  2.82  0.58 10.54 -4.83 -6.09 
utt>   860                       004  395    0    40 3  1 1 2.511716e-14 -1.049697e+02 -4.146303e+04
INFO: cmn.c(183): CMN: 58.71  4.20 14.32  3.97  9.80 -13.75 -10.92 -5.51 -4.17  0.04  6.19 -7.25 -8.51 
utt>   861                       005  719    0    64 3  1 1 1.280185e-13 -1.110085e+02 -7.981510e+04
INFO: cmn.c(183): CMN: 57.11  4.45 17.31 -3.89  9.04 -7.22 -14.55 -12.27 -1.54  1.22  3.57 -5.36 -11.64 
utt>   862                       006  522    0    56 3  1 1 1.107851e-13 -1.084852e+02 -5.662925e+04
INFO: cmn.c(183): CMN: 60.27  5.46 15.08 -4.96 13.04 -10.98 -9.42 -7.49 -2.06 -0.58  3.22 -7.19 -5.90 
utt>   863                       007 1688    0   116 3  1 1 1.037894e-13 -1.097091e+02 -1.851890e+05
INFO: cmn.c(183): CMN: 51.74  2.43  9.94  1.83  2.36  0.15  1.30 -0.44  9.14  1.30 10.00 -0.37 -1.00 
utt>   864                       001  399    0    68 2  1 1 4.376507e-13 -1.032486e+02 -4.119619e+04
INFO: cmn.c(183): CMN: 57.29  7.08  8.97  8.78  8.32 -9.56  0.45  4.14 -0.88  0.04 11.10  0.71 -0.82 
utt>   865                       002  547    0    60 3  1 1 3.799852e-13 -1.041204e+02 -5.695388e+04
INFO: cmn.c(183): CMN: 54.27  6.67 12.79 -1.33  8.36  2.75 -0.63 -3.53  6.62 -1.00  4.19 -5.57  1.56 
utt>   866                       003  470    0    44 3  1 1 3.556752e-13 -1.184150e+02 -5.565503e+04
INFO: cmn.c(183): CMN: 56.53  2.97 23.15  8.32  3.53 -9.67 -7.53 -5.25  2.83  0.57 10.53 -4.83 -6.09 
utt>   867                       004  395    0    40 3  1 1 2.103750e-14 -1.048729e+02 -4.142478e+04
INFO: cmn.c(183): CMN: 58.71  4.20 14.33  3.96  9.80 -13.74 -10.92 -5.52 -4.16  0.04  6.18 -7.25 -8.51 
utt>   868                       005  719    0    64 3  1 1 5.057307e-14 -1.109675e+02 -7.978567e+04
INFO: cmn.c(183): CMN: 57.11  4.46 17.32 -3.90  9.04 -7.22 -14.55 -12.27 -1.53  1.21  3.55 -5.36 -11.64 
utt>   869                       006  522    0    56 3  1 1 1.110603e-13 -1.085580e+02 -5.666726e+04
INFO: cmn.c(183): CMN: 60.27  5.45 15.08 -4.96 13.04 -10.98 -9.42 -7.48 -2.06 -0.58  3.22 -7.19 -5.90 
utt>   870                       007 1688    0   116 3  1 1 4.379540e-14 -1.097092e+02 -1.851891e+05
INFO: cmn.c(183): CMN: 51.73  2.39  9.95  1.83  2.39  0.20  1.26 -0.51  9.13  1.25  9.98 -0.47 -1.02 
utt>   871                       001  399    0    68 2  1 1 3.729289e-13 -1.035751e+02 -4.132647e+04
INFO: cmn.c(183): CMN: 57.29  7.08  8.98  8.79  8.31 -9.57  0.45  4.14 -0.86  0.03 11.10  0.69 -0.82 
utt>   872                       002  547    0    60 3  1 1 4.322791e-13 -1.041061e+02 -5.694603e+04
INFO: cmn.c(183): CMN: 54.28  6.66 12.79 -1.32  8.35  2.75 -0.63 -3.52  6.62 -0.98  4.19 -5.58  1.57 
utt>   873                       003  470    0    44 3  1 1 4.448736e-13 -1.184275e+02 -5.566091e+04
INFO: cmn.c(183): CMN: 56.53  2.96 23.15  8.32  3.53 -9.66 -7.52 -5.25  2.80  0.57 10.54 -4.83 -6.10 
utt>   874                       004  395    0    40 3  1 1 2.897233e-14 -1.049213e+02 -4.144391e+04
INFO: cmn.c(183): CMN: 58.71  4.19 14.32  3.97  9.81 -13.75 -10.92 -5.51 -4.17  0.04  6.19 -7.24 -8.51 
utt>   875                       005  719    0    64 3  1 1 6.774363e-14 -1.109811e+02 -7.979538e+04
INFO: cmn.c(183): CMN: 57.11  4.46 17.31 -3.89  9.04 -7.21 -14.55 -12.26 -1.54  1.22  3.56 -5.36 -11.65 
utt>   876                       006  522    0    56 3  1 1 1.279282e-13 -1.085363e+02 -5.665596e+04
INFO: cmn.c(183): CMN: 60.27  5.45 15.08 -4.96 13.04 -10.98 -9.43 -7.49 -2.06 -0.58  3.21 -7.19 -5.89 
utt>   877                       007 1688    0   116 3  1 1 4.685033e-14 -1.096994e+02 -1.851727e+05
INFO: cmn.c(183): CMN: 51.70  2.44  9.94  1.83  2.40  0.15  1.42 -0.46  9.06  1.23 10.00 -0.42 -0.98 
utt>   878                       001  399    0    68 2  1 1 4.756866e-13 -1.034531e+02 -4.127777e+04
INFO: cmn.c(183): CMN: 57.29  7.08  8.97  8.79  8.32 -9.56  0.45  4.13 -0.87  0.03 11.11  0.69 -0.82 
utt>   879                       002  547    0    60 3  1 1 3.483565e-13 -1.040540e+02 -5.691756e+04
INFO: cmn.c(183): CMN: 54.27  6.66 12.79 -1.32  8.36  2.76 -0.63 -3.54  6.61 -1.00  4.20 -5.58  1.56 
utt>   880                       003  470    0    44 3  1 1 2.723395e-13 -1.184542e+02 -5.567348e+04
INFO: cmn.c(183): CMN: 56.53  2.96 23.15  8.32  3.53 -9.66 -7.52 -5.25  2.82  0.56 10.53 -4.83 -6.09 
utt>   881                       004  395    0    40 3  1 1 2.357453e-14 -1.049470e+02 -4.145407e+04
INFO: cmn.c(183): CMN: 58.71  4.20 14.33  3.96  9.80 -13.75 -10.91 -5.52 -4.17  0.04  6.19 -7.25 -8.51 
utt>   882                       005  719    0    64 3  1 1 1.335018e-14 -1.109918e+02 -7.980309e+04
INFO: cmn.c(183): CMN: 57.11  4.46 17.32 -3.90  9.04 -7.21 -14.55 -12.26 -1.54  1.21  3.55 -5.36 -11.64 
utt>   883                       006  522    0    56 3  1 1 1.514921e-13 -1.085568e+02 -5.666664e+04
INFO: cmn.c(183): CMN: 60.27  5.45 15.08 -4.96 13.03 -10.98 -9.42 -7.48 -2.06 -0.58  3.21 -7.19 -5.90 
utt>   884                       007 1688    0   116 3  1 1 4.220708e-14 -1.097124e+02 -1.851945e+05
INFO: cmn.c(183): CMN: 51.71  2.45  9.95  1.87  2.34  0.05  1.24 -0.58  9.07  1.27  9.96 -0.45 -1.05 
utt>   885                       001  399    0    68 2  1 1 6.605374e-13 -1.036239e+02 -4.134592e+04
INFO: cmn.c(183): CMN: 57.29  7.08  8.97  8.79  8.32 -9.57  0.46  4.13 -0.86  0.04 11.11  0.69 -0.82 
utt>   886                       002  547    0    60 3  1 1 4.164612e-13 -1.040787e+02 -5.693104e+04
INFO: cmn.c(183): CMN: 54.27  6.67 12.78 -1.34  8.36  2.75 -0.62 -3.55  6.61 -0.98  4.19 -5.56  1.56 
utt>   887                       003  470    0    44 3  1 1 3.475659e-13 -1.184338e+02 -5.566389e+04
INFO: cmn.c(183): CMN: 56.53  2.96 23.15  8.32  3.54 -9.66 -7.54 -5.25  2.82  0.57 10.53 -4.83 -6.09 
utt>   888                       004  395    0    40 3  1 1 3.044230e-14 -1.049367e+02 -4.144999e+04
INFO: cmn.c(183): CMN: 58.71  4.20 14.33  3.96  9.80 -13.74 -10.92 -5.51 -4.17  0.04  6.19 -7.25 -8.51 
utt>   889                       005  719    0    64 3  1 1 1.330636e-13 -1.109499e+02 -7.977300e+04
INFO: cmn.c(183): CMN: 57.11  4.46 17.31 -3.89  9.04 -7.21 -14.54 -12.27 -1.53  1.21  3.55 -5.36 -11.64 
utt>   890                       006  522    0    56 3  1 1 1.333451e-13 -1.085639e+02 -5.667036e+04
INFO: cmn.c(183): CMN: 60.27  5.45 15.08 -4.96 13.04 -10.98 -9.42 -7.49 -2.06 -0.58  3.22 -7.19 -5.90 
utt>   891                       007 1688    0   116 3  1 1 4.334419e-14 -1.097057e+02 -1.851832e+05
overall> stats 154214 (-0) -1.090959e+02 -1.682411e+07

INFO: s3mixw_io.c(233): Wrote /home/azizkag/projects/QuranRecognition/fatiha_acoustic_model/bwaccumdir/fatiha_buff_4/mixw_counts [386x1x4 array]
INFO: s3tmat_io.c(176): Wrote /home/azizkag/projects/QuranRecognition/fatiha_acoustic_model/bwaccumdir/fatiha_buff_4/tmat_counts [62x3x4 array]
INFO: s3gau_io.c(485): Wrote /home/azizkag/projects/QuranRecognition/fatiha_acoustic_model/bwaccumdir/fatiha_buff_4/gauden_counts with means with vars (2pass) [386x1x4 vector arrays]
INFO: main.c(1003): Counts saved to /home/azizkag/projects/QuranRecognition/fatiha_acoustic_model/bwaccumdir/fatiha_buff_4
Sun Jan 24 16:58:03 2016
