Current configuration:
[NAME]		[DEFLT]	[VALUE]
-dcountfn		/home/azizkag/projects/QuranRecognition/fatiha_acoustic_model/model_parameters/fatiha.cd_cont_200/mixture_weights
-example	no	no
-fullvar	no	no
-help		no	no
-inmeanfn		/home/azizkag/projects/QuranRecognition/fatiha_acoustic_model/model_parameters/fatiha.cd_cont_200/means
-inmixwfn		/home/azizkag/projects/QuranRecognition/fatiha_acoustic_model/model_parameters/fatiha.cd_cont_200/mixture_weights
-invarfn		/home/azizkag/projects/QuranRecognition/fatiha_acoustic_model/model_parameters/fatiha.cd_cont_200/variances
-ninc		1	2
-outmeanfn		/home/azizkag/projects/QuranRecognition/fatiha_acoustic_model/model_parameters/fatiha.cd_cont_initial/means
-outmixwfn		/home/azizkag/projects/QuranRecognition/fatiha_acoustic_model/model_parameters/fatiha.cd_cont_initial/mixture_weights
-outvarfn		/home/azizkag/projects/QuranRecognition/fatiha_acoustic_model/model_parameters/fatiha.cd_cont_initial/variances

INFO: main.c(86): Reading mixing weight file /home/azizkag/projects/QuranRecognition/fatiha_acoustic_model/model_parameters/fatiha.cd_cont_200/mixture_weights.
INFO: s3mixw_io.c(117): Read /home/azizkag/projects/QuranRecognition/fatiha_acoustic_model/model_parameters/fatiha.cd_cont_200/mixture_weights [386x1x2 array]
INFO: s3gau_io.c(169): Read /home/azizkag/projects/QuranRecognition/fatiha_acoustic_model/model_parameters/fatiha.cd_cont_200/means [386x1x2 array]
INFO: s3gau_io.c(169): Read /home/azizkag/projects/QuranRecognition/fatiha_acoustic_model/model_parameters/fatiha.cd_cont_200/variances [386x1x2 array]
INFO: s3gau_io.c(553): Read /home/azizkag/projects/QuranRecognition/fatiha_acoustic_model/model_parameters/fatiha.cd_cont_200/mixture_weights [386x1x2 array]
INFO: main.c(151): output n_density == 4
0:0(6.44e+03)1(5.85e+03)
1:0(2.56e+03)1(1.66e+03)
2:1(1.28e+03)0(1.28e+03)
3:0(5.12e+02)1(3.84e+02)
4:1(2.98e+03)0(1.62e+03)
5:1(7.68e+02)0(7.68e+02)
6:1(1.38e+04)0(9.58e+03)
7:1(2.49e+03)0(2.34e+03)
8:0(1.91e+03)1(1.27e+03)
9:1(6.11e+03)0(1.82e+03)
10:1(3.33e+03)0(2.30e+03)
11:1(2.94e+03)0(2.18e+03)
12:1(3.84e+02)0(2.56e+02)
13:0(2.56e+02)1(1.28e+02)
14:0(2.56e+02)1(1.28e+02)
15:0(2.56e+02)1(2.56e+02)
16:0(1.02e+03)1(1.02e+03)
17:1(3.04e+03)0(2.33e+03)
18:1(1.41e+03)0(1.15e+03)
19:0(5.12e+02)1(5.12e+02)
20:1(1.54e+03)0(8.93e+02)
21:1(7.44e+02)0(6.20e+02)
22:0(2.07e+03)1(1.77e+03)
23:1(1.49e+03)0(1.49e+03)
24:1(1.15e+03)0(7.68e+02)
25:0(2.45e+03)1(1.77e+03)
26:0(5.12e+02)1(2.56e+02)
27:1(1.41e+03)0(7.68e+02)
28:1(7.68e+02)0(5.12e+02)
29:0(1.02e+03)1(7.68e+02)
30:1(8.96e+02)0(5.12e+02)
31:0(3.84e+02)1(2.56e+02)
32:0(1.02e+03)1(1.02e+03)
33:0(3.84e+02)1(3.84e+02)
34:0(5.12e+02)1(2.56e+02)
35:0(1.15e+03)1(8.96e+02)
36:1(7.81e+03)0(4.48e+03)
37:0(7.68e+02)1(6.40e+02)
38:0(3.84e+02)1(3.84e+02)
39:0(1.79e+03)1(3.84e+02)
40:0(3.84e+02)1(3.84e+02)
41:0(1.28e+03)1(8.96e+02)
42:1(1.92e+03)0(1.15e+03)
43:0(1.66e+03)1(1.15e+03)
44:1(1.91e+03)0(1.16e+03)
45:1(5.12e+02)0(5.12e+02)
46:1(7.67e+02)0(2.93e+02)
47:1(1.02e+03)0(8.59e+02)
48:0(1.15e+03)1(1.15e+03)
49:0(1.28e+03)1(3.84e+02)
50:1(3.85e+03)0(3.57e+03)
51:1(1.18e+04)0(6.71e+03)
52:1(2.19e+03)0(1.36e+03)
53:0(2.56e+02)1(2.56e+02)
54:0(7.68e+02)1(5.12e+02)
55:0(6.40e+02)1(3.84e+02)
56:1(3.84e+02)0(2.56e+02)
57:0(3.84e+02)1(3.84e+02)
58:0(2.56e+02)1(1.28e+02)
59:0(3.84e+02)1(2.56e+02)
60:0(2.48e+02)1(2.48e+02)
61:0(4.96e+02)1(1.24e+02)
62:1(5.55e+03)0(5.24e+03)
63:0(6.48e+03)1(6.06e+03)
64:0(1.28e+03)1(6.40e+02)
65:0(7.68e+02)1(2.56e+02)
66:0(2.30e+03)1(1.15e+03)
67:0(3.84e+02)1(3.84e+02)
68:0(2.95e+03)1(2.02e+03)
69:0(2.56e+02)1(2.56e+02)
70:1(1.41e+03)0(1.02e+03)
71:0(5.12e+02)1(5.12e+02)
72:1(1.28e+03)0(5.15e+02)
73:0(1.02e+03)1(8.96e+02)
74:0(2.30e+03)1(2.18e+03)
75:0(5.42e+03)1(3.53e+03)
76:1(2.81e+03)0(1.54e+03)
77:1(3.47e+03)0(1.02e+03)
78:1(7.44e+02)0(3.72e+02)
79:0(9.92e+02)1(8.68e+02)
80:1(4.96e+02)0(2.48e+02)
81:0(2.56e+02)1(2.56e+02)
82:1(5.12e+02)0(2.56e+02)
83:1(5.12e+02)0(1.28e+02)
84:0(1.79e+03)1(1.28e+03)
85:0(6.40e+02)1(5.12e+02)
86:1(6.40e+02)0(5.12e+02)
87:0(2.97e+03)1(2.48e+03)
88:0(8.68e+02)1(7.44e+02)
89:1(1.98e+03)0(1.86e+03)
90:0(6.40e+02)1(3.84e+02)
91:0(2.56e+02)1(2.56e+02)
92:0(2.95e+03)1(2.43e+03)
93:0(1.79e+03)1(1.15e+03)
94:0(7.68e+02)1(6.40e+02)
95:0(6.64e+03)1(5.01e+03)
96:0(2.56e+02)1(2.56e+02)
97:1(7.68e+02)0(3.84e+02)
98:0(5.12e+02)1(3.84e+02)
99:1(2.18e+03)0(7.68e+02)
100:0(1.28e+03)1(1.28e+03)
101:0(3.18e+03)1(2.83e+03)
102:0(2.56e+02)1(2.56e+02)
103:0(2.56e+02)1(2.56e+02)
104:0(7.68e+02)1(5.12e+02)
105:0(2.56e+02)1(2.52e+02)
106:0(5.12e+02)1(2.52e+02)
107:0(3.67e+03)1(3.24e+03)
108:1(4.96e+03)0(4.89e+03)
109:1(1.28e+03)0(7.68e+02)
110:1(1.92e+03)0(7.67e+02)
111:1(1.26e+03)0(7.60e+02)
112:0(3.01e+03)1(1.47e+03)
113:1(6.53e+03)0(4.99e+03)
114:1(2.05e+03)0(7.68e+02)
115:0(1.54e+03)1(1.54e+03)
116:1(1.65e+03)0(1.04e+03)
117:0(2.56e+02)1(2.56e+02)
118:0(3.84e+02)1(3.84e+02)
119:0(3.72e+03)1(2.56e+03)
120:1(8.96e+02)0(7.68e+02)
121:1(5.12e+02)0(3.84e+02)
122:1(1.79e+03)0(1.15e+03)
123:1(7.68e+02)0(7.67e+02)
124:1(1.79e+03)0(1.79e+03)
125:0(2.40e+03)1(2.08e+03)
126:1(1.92e+03)0(5.08e+02)
127:1(7.68e+02)0(5.08e+02)
128:1(5.36e+03)0(3.21e+03)
129:0(1.02e+03)1(6.40e+02)
130:1(1.93e+03)0(1.27e+03)
131:0(3.74e+03)1(3.30e+03)
132:1(3.84e+02)0(2.56e+02)
133:0(2.81e+03)1(2.44e+03)
134:1(7.68e+02)0(5.12e+02)
135:0(7.68e+02)1(7.68e+02)
136:1(3.84e+02)0(1.28e+02)
137:0(1.15e+03)1(3.84e+02)
138:0(1.66e+03)1(1.30e+03)
139:0(4.35e+03)1(3.32e+03)
140:0(1.67e+03)1(1.54e+03)
141:0(2.56e+02)1(2.56e+02)
142:1(1.54e+03)0(1.26e+03)
143:1(7.82e+03)0(6.79e+03)
144:1(2.95e+03)0(1.79e+03)
145:0(1.79e+03)1(1.79e+03)
146:0(6.40e+02)1(5.12e+02)
147:0(3.47e+03)1(1.40e+03)
148:1(6.40e+02)0(5.12e+02)
149:0(1.79e+03)1(1.15e+03)
150:1(7.68e+02)0(6.40e+02)
151:0(1.02e+03)1(5.12e+02)
152:0(8.96e+02)1(5.12e+02)
153:1(7.67e+03)0(4.49e+03)
154:1(2.48e+03)0(2.38e+03)
155:0(4.71e+03)1(4.64e+03)
156:0(6.20e+02)1(4.96e+02)
157:0(8.68e+02)1(3.72e+02)
158:0(4.29e+03)1(1.54e+03)
159:0(3.84e+02)1(3.84e+02)
160:0(7.68e+02)1(5.12e+02)
161:0(8.96e+02)1(6.40e+02)
162:0(3.84e+02)1(2.56e+02)
163:0(8.96e+02)1(5.12e+02)
164:0(2.56e+02)1(2.56e+02)
165:0(3.84e+02)1(3.84e+02)
166:0(1.28e+03)1(8.96e+02)
167:0(1.92e+03)1(1.28e+03)
168:0(2.91e+03)1(1.04e+03)
169:0(3.15e+03)1(2.10e+03)
170:1(4.16e+03)0(3.03e+03)
171:0(1.54e+03)1(1.24e+03)
172:1(2.34e+03)0(1.41e+03)
173:1(2.05e+03)0(1.28e+03)
174:1(1.28e+03)0(6.40e+02)
175:1(2.56e+03)0(2.56e+03)
176:1(2.57e+03)0(2.30e+03)
177:1(7.68e+02)0(7.68e+02)
178:0(1.41e+03)1(1.02e+03)
179:1(8.03e+03)0(6.56e+03)
180:1(1.41e+03)0(8.96e+02)
181:0(5.12e+02)1(5.12e+02)
182:1(5.92e+03)0(4.84e+03)
183:0(8.97e+02)1(7.68e+02)
184:0(8.96e+02)1(8.96e+02)
185:1(2.33e+03)0(1.76e+03)
186:0(6.44e+03)1(5.85e+03)
187:0(2.56e+03)1(1.66e+03)
188:1(1.28e+03)0(1.28e+03)
189:0(5.12e+02)1(3.84e+02)
190:1(2.98e+03)0(1.62e+03)
191:1(6.65e+01)0(6.15e+01)
192:0(7.68e+02)1(6.40e+02)
193:1(6.11e+03)0(1.82e+03)
194:1(3.33e+03)0(2.30e+03)
195:1(2.94e+03)0(2.18e+03)
196:1(3.84e+02)0(2.56e+02)
197:0(2.56e+02)1(1.28e+02)
198:0(2.56e+02)1(1.28e+02)
199:0(2.56e+02)1(2.56e+02)
200:0(1.02e+03)1(1.02e+03)
201:1(3.04e+03)0(2.33e+03)
202:1(1.41e+03)0(1.15e+03)
203:0(5.12e+02)1(5.12e+02)
204:1(1.54e+03)0(8.93e+02)
205:1(7.44e+02)0(6.20e+02)
206:0(2.07e+03)1(1.77e+03)
207:1(1.49e+03)0(1.49e+03)
208:1(1.15e+03)0(7.68e+02)
209:0(2.45e+03)1(1.77e+03)
210:0(5.12e+02)1(2.56e+02)
211:0(6.40e+01)1(6.40e+01)
212:1(1.41e+03)0(6.40e+02)
213:1(7.68e+02)0(5.12e+02)
214:0(7.68e+02)1(7.68e+02)
215:0(6.69e+01)1(6.11e+01)
216:1(7.00e+01)0(5.80e+01)
217:1(8.96e+02)0(5.12e+02)
218:0(3.84e+02)1(2.56e+02)
219:0(1.02e+03)1(1.02e+03)
220:0(3.84e+02)1(3.84e+02)
221:0(5.12e+02)1(2.56e+02)
222:0(1.15e+03)1(8.96e+02)
223:1(7.81e+03)0(4.48e+03)
224:0(7.68e+02)1(6.40e+02)
225:0(3.84e+02)1(3.84e+02)
226:0(1.79e+03)1(3.84e+02)
227:0(3.84e+02)1(3.84e+02)
228:0(1.28e+03)1(8.96e+02)
229:1(1.92e+03)0(1.15e+03)
230:0(1.66e+03)1(1.15e+03)
231:1(1.91e+03)0(1.16e+03)
232:1(5.12e+02)0(5.12e+02)
233:1(7.67e+02)0(2.93e+02)
234:1(1.02e+03)0(8.59e+02)
235:0(1.15e+03)1(1.15e+03)
236:0(1.28e+03)1(3.84e+02)
237:1(3.85e+03)0(3.57e+03)
238:1(1.18e+04)0(6.71e+03)
239:1(2.19e+03)0(1.36e+03)
240:0(2.56e+02)1(2.56e+02)
241:0(7.68e+02)1(5.12e+02)
242:0(6.40e+02)1(3.84e+02)
243:1(3.84e+02)0(2.56e+02)
244:0(3.84e+02)1(3.84e+02)
245:0(7.21e+01)1(5.59e+01)
246:0(1.28e+02)1(1.28e+02)
247:0(2.56e+02)1(2.56e+02)
248:1(9.14e+01)0(3.66e+01)
249:0(2.48e+02)1(2.48e+02)
250:0(4.96e+02)1(1.24e+02)
251:1(5.55e+03)0(5.24e+03)
252:0(6.48e+03)1(6.06e+03)
253:0(1.28e+03)1(6.40e+02)
254:0(7.68e+02)1(2.56e+02)
255:0(2.30e+03)1(1.15e+03)
256:0(3.84e+02)1(3.84e+02)
257:0(2.95e+03)1(2.02e+03)
258:0(2.56e+02)1(2.56e+02)
259:1(1.41e+03)0(1.02e+03)
260:0(5.12e+02)1(5.12e+02)
261:1(1.28e+03)0(5.15e+02)
262:0(1.02e+03)1(8.96e+02)
263:0(2.30e+03)1(2.18e+03)
264:0(5.42e+03)1(3.53e+03)
265:1(2.81e+03)0(1.54e+03)
266:1(3.47e+03)0(1.02e+03)
267:1(7.44e+02)0(3.72e+02)
268:0(9.92e+02)1(8.68e+02)
269:1(4.96e+02)0(2.48e+02)
270:0(7.24e+01)1(5.56e+01)
271:0(2.56e+02)1(1.28e+02)
272:0(6.40e+01)1(6.40e+01)
273:0(3.84e+02)1(2.56e+02)
274:0(6.40e+01)1(6.40e+01)
275:0(3.84e+02)1(1.28e+02)
276:0(1.79e+03)1(1.28e+03)
277:0(6.40e+02)1(5.12e+02)
278:1(6.40e+02)0(5.12e+02)
279:0(2.97e+03)1(2.48e+03)
280:0(8.68e+02)1(7.44e+02)
281:1(1.98e+03)0(1.86e+03)
282:0(6.40e+02)1(3.84e+02)
283:0(2.56e+02)1(2.56e+02)
284:0(2.95e+03)1(2.43e+03)
285:0(1.79e+03)1(1.15e+03)
286:0(7.68e+02)1(6.40e+02)
287:0(6.64e+03)1(5.01e+03)
288:0(6.71e+01)1(6.09e+01)
289:1(2.56e+02)0(1.28e+02)
290:0(5.12e+02)1(5.12e+02)
291:0(8.06e+01)1(4.74e+01)
292:0(6.58e+01)1(6.22e+01)
293:1(5.12e+02)0(2.56e+02)
294:1(2.18e+03)0(7.68e+02)
295:0(1.28e+03)1(1.28e+03)
296:0(3.18e+03)1(2.83e+03)
297:0(2.56e+02)1(2.56e+02)
298:0(2.56e+02)1(2.56e+02)
299:0(7.68e+02)1(5.12e+02)
300:0(2.56e+02)1(2.52e+02)
301:0(5.12e+02)1(2.52e+02)
302:0(3.42e+03)1(3.36e+03)
303:1(6.21e+01)0(6.19e+01)
304:1(4.96e+03)0(4.89e+03)
305:1(1.28e+03)0(7.68e+02)
306:1(1.92e+03)0(7.67e+02)
307:1(1.26e+03)0(7.60e+02)
308:0(3.01e+03)1(1.47e+03)
309:1(6.53e+03)0(4.99e+03)
310:1(2.05e+03)0(7.68e+02)
311:0(1.54e+03)1(1.54e+03)
312:1(1.65e+03)0(1.04e+03)
313:0(2.56e+02)1(2.56e+02)
314:1(3.84e+02)0(2.56e+02)
315:1(7.76e+01)0(5.04e+01)
316:1(6.40e+01)0(6.40e+01)
317:0(3.96e+03)1(2.18e+03)
318:1(8.96e+02)0(7.68e+02)
319:1(5.12e+02)0(3.84e+02)
320:1(1.79e+03)0(1.15e+03)
321:1(7.68e+02)0(7.67e+02)
322:1(1.79e+03)0(1.79e+03)
323:0(2.40e+03)1(2.08e+03)
324:1(1.92e+03)0(5.08e+02)
325:1(7.68e+02)0(5.08e+02)
326:1(5.36e+03)0(3.21e+03)
327:0(1.02e+03)1(6.40e+02)
328:1(1.93e+03)0(1.27e+03)
329:0(3.74e+03)1(3.30e+03)
330:1(3.84e+02)0(2.56e+02)
331:0(2.81e+03)1(2.44e+03)
332:1(7.68e+02)0(5.12e+02)
333:0(7.68e+02)1(7.68e+02)
334:1(3.84e+02)0(1.28e+02)
335:0(1.15e+03)1(3.84e+02)
336:0(1.66e+03)1(1.30e+03)
337:0(4.35e+03)1(3.32e+03)
338:0(1.67e+03)1(1.54e+03)
339:0(2.56e+02)1(2.56e+02)
340:1(1.54e+03)0(1.26e+03)
341:1(7.82e+03)0(6.79e+03)
342:1(2.95e+03)0(1.79e+03)
343:0(1.79e+03)1(1.79e+03)
344:0(6.40e+02)1(5.12e+02)
345:0(3.47e+03)1(1.40e+03)
346:1(6.40e+02)0(5.12e+02)
347:0(1.79e+03)1(1.15e+03)
348:1(7.68e+02)0(5.12e+02)
349:0(8.28e+01)1(4.52e+01)
350:0(1.02e+03)1(5.12e+02)
351:0(8.96e+02)1(5.12e+02)
352:1(7.67e+03)0(4.49e+03)
353:1(2.48e+03)0(2.38e+03)
354:0(4.71e+03)1(4.64e+03)
355:0(6.20e+02)1(4.96e+02)
356:0(8.68e+02)1(3.72e+02)
357:0(4.29e+03)1(1.54e+03)
358:0(3.84e+02)1(3.84e+02)
359:0(7.68e+02)1(5.12e+02)
360:0(8.96e+02)1(6.40e+02)
361:0(3.84e+02)1(2.56e+02)
362:0(8.96e+02)1(5.12e+02)
363:0(2.56e+02)1(2.56e+02)
364:0(3.84e+02)1(3.84e+02)
365:0(1.28e+03)1(8.96e+02)
366:0(1.92e+03)1(1.28e+03)
367:0(2.91e+03)1(1.04e+03)
368:0(3.15e+03)1(2.10e+03)
369:1(4.16e+03)0(3.03e+03)
370:0(1.54e+03)1(1.24e+03)
371:1(2.34e+03)0(1.41e+03)
372:1(2.05e+03)0(1.28e+03)
373:1(1.28e+03)0(6.40e+02)
374:1(2.56e+03)0(2.56e+03)
375:1(2.57e+03)0(2.30e+03)
376:1(7.68e+02)0(7.68e+02)
377:0(1.41e+03)1(1.02e+03)
378:1(8.03e+03)0(6.56e+03)
379:1(6.52e+01)0(6.28e+01)
380:1(1.28e+03)0(8.96e+02)
381:0(5.12e+02)1(5.12e+02)
382:1(5.92e+03)0(4.84e+03)
383:0(8.97e+02)1(7.68e+02)
384:0(8.96e+02)1(8.96e+02)
385:1(2.33e+03)0(1.76e+03)INFO: s3mixw_io.c(233): Wrote /home/azizkag/projects/QuranRecognition/fatiha_acoustic_model/model_parameters/fatiha.cd_cont_initial/mixture_weights [386x1x4 array]
INFO: s3gau_io.c(228): Wrote /home/azizkag/projects/QuranRecognition/fatiha_acoustic_model/model_parameters/fatiha.cd_cont_initial/means [386x1x4 array]
INFO: s3gau_io.c(228): Wrote /home/azizkag/projects/QuranRecognition/fatiha_acoustic_model/model_parameters/fatiha.cd_cont_initial/variances [386x1x4 array]

Sun Jan 24 16:57:47 2016
