        INFO: main.c(229): Compiled on Jan 23 2016 at 20:03:23
Current configuration:
[NAME]			[DEFLT]		[VALUE]
-2passvar		no		no
-abeam			1e-100		1.000000e-90
-accumdir				/home/azizkag/projects/QuranRecognition/fatiha_acoustic_model/bwaccumdir/fatiha_buff_1
-agc			none		none
-agcthresh		2.0		2.000000e+00
-bbeam			1e-100		1.000000e-10
-cb2mllrfn		.1cls.		.1cls.
-cepdir					/home/azizkag/projects/QuranRecognition/fatiha_acoustic_model/feat
-cepext			mfc		mfc
-ceplen			13		13
-ckptintv				0
-cmn			current		current
-cmninit		8.0		8.0
-ctlfn					/home/azizkag/projects/QuranRecognition/fatiha_acoustic_model/etc/fatiha_train.fileids
-diagfull		no		no
-dictfn					/home/azizkag/projects/QuranRecognition/fatiha_acoustic_model/etc/fatiha.dic
-example		no		no
-fdictfn				/home/azizkag/projects/QuranRecognition/fatiha_acoustic_model/etc/fatiha.filler
-feat			1s_c_d_dd	1s_c_d_dd
-fullsuffixmatch	no		no
-fullvar		no		no
-help			no		no
-hmmdir					
-latdir					
-latext					
-lda					
-ldadim			0		0
-lsnfn					/home/azizkag/projects/QuranRecognition/fatiha_acoustic_model/etc/fatiha_train.transcription
-lw			11.5		1.150000e+01
-maxuttlen		0		0
-meanfn					/home/azizkag/projects/QuranRecognition/fatiha_acoustic_model/model_parameters/fatiha.cd_cont_initial/means
-meanreest		yes		yes
-mixwfn					/home/azizkag/projects/QuranRecognition/fatiha_acoustic_model/model_parameters/fatiha.cd_cont_initial/mixture_weights
-mixwreest		yes		yes
-mllrmat				
-mmie			no		no
-mmie_type		rand		rand
-moddeffn				/home/azizkag/projects/QuranRecognition/fatiha_acoustic_model/model_architecture/fatiha.200.mdef
-mwfloor		0.00001		1.000000e-05
-npart					4
-nskip					0
-outphsegdir				
-outputfullpath		no		no
-part					1
-pdumpdir				
-phsegdir				
-phsegext		phseg		phseg
-runlen			-1		-1
-sentdir				
-sentext		sent		sent
-spthresh		0.0		0.000000e+00
-svspec					
-timing			yes		no
-tmatfn					/home/azizkag/projects/QuranRecognition/fatiha_acoustic_model/model_parameters/fatiha.cd_cont_initial/transition_matrices
-tmatreest		yes		yes
-topn			4		8
-tpfloor		0.0001		1.000000e-05
-ts2cbfn				.cont.
-varfloor		0.00001		1.000000e-04
-varfn					/home/azizkag/projects/QuranRecognition/fatiha_acoustic_model/model_parameters/fatiha.cd_cont_initial/variances
-varnorm		no		no
-varreest		yes		yes
-viterbi		no		no

INFO: feat.c(715): Initializing feature stream to type: '1s_c_d_dd', ceplen=13, CMN='current', VARNORM='no', AGC='none'
INFO: cmn.c(143): mean[0]= 12.00, mean[1..12]= 0.0
INFO: main.c(318): Reading /home/azizkag/projects/QuranRecognition/fatiha_acoustic_model/model_architecture/fatiha.200.mdef
INFO: model_def_io.c(573): Model definition info:
INFO: model_def_io.c(574): 2006 total models defined (62 base, 1944 tri)
INFO: model_def_io.c(575): 8024 total states
INFO: model_def_io.c(576): 386 total tied states
INFO: model_def_io.c(577): 186 total tied CI states
INFO: model_def_io.c(578): 62 total tied transition matrices
INFO: model_def_io.c(579): 4 max state/model
INFO: model_def_io.c(580): 4 min state/model
INFO: s3mixw_io.c(117): Read /home/azizkag/projects/QuranRecognition/fatiha_acoustic_model/model_parameters/fatiha.cd_cont_initial/mixture_weights [386x1x8 array]
INFO: s3tmat_io.c(118): Read /home/azizkag/projects/QuranRecognition/fatiha_acoustic_model/model_parameters/fatiha.cd_cont_initial/transition_matrices [62x3x4 array]
INFO: mod_inv.c(301): inserting tprob floor 1.000000e-05 and renormalizing
INFO: s3gau_io.c(169): Read /home/azizkag/projects/QuranRecognition/fatiha_acoustic_model/model_parameters/fatiha.cd_cont_initial/means [386x1x8 array]
INFO: s3gau_io.c(169): Read /home/azizkag/projects/QuranRecognition/fatiha_acoustic_model/model_parameters/fatiha.cd_cont_initial/variances [386x1x8 array]
INFO: gauden.c(176): 386 total mgau
INFO: gauden.c(150): 1 feature streams (|0|=39 )
INFO: gauden.c(187): 8 total densities
INFO: gauden.c(90): min_var=1.000000e-04
INFO: gauden.c(165): compute 8 densities/frame
INFO: main.c(431): Will reestimate mixing weights.
INFO: main.c(433): Will reestimate means.
INFO: main.c(435): Will reestimate variances.
INFO: main.c(443): Will reestimate transition matrices
INFO: main.c(456): Reading main dictionary: /home/azizkag/projects/QuranRecognition/fatiha_acoustic_model/etc/fatiha.dic
INFO: lexicon.c(221): 26 entries added from /home/azizkag/projects/QuranRecognition/fatiha_acoustic_model/etc/fatiha.dic
INFO: main.c(466): Reading filler dictionary: /home/azizkag/projects/QuranRecognition/fatiha_acoustic_model/etc/fatiha.filler
INFO: lexicon.c(221): 3 entries added from /home/azizkag/projects/QuranRecognition/fatiha_acoustic_model/etc/fatiha.filler
INFO: corpus.c(1089): Will process 222 utts starting at 0
INFO: main.c(666): Reestimation: Baum-Welch
INFO: cmn.c(183): CMN: 51.72  2.45  9.93  1.83  2.25  0.14  1.29 -0.45  9.11  1.27 10.08 -0.40 -1.03 
column defns
	<seq>
	<id>
	<n_frame_in>
	<n_frame_del>
	<n_state_shmm>
	<avg_states_alpha>
	<avg_states_beta>
	<avg_states_reest>
	<avg_posterior_prune>
	<frame_log_lik>
	<utt_log_lik>
	... timing info ... 
utt>     0                       001  399    0    68 2  1 1 4.779654e-13 -1.038250e+02 -4.142618e+04
INFO: cmn.c(183): CMN: 57.29  7.08  8.98  8.79  8.31 -9.57  0.45  4.14 -0.88  0.04 11.11  0.70 -0.82 
utt>     1                       002  547    0    60 3  1 1 3.212059e-13 -1.047139e+02 -5.727851e+04
INFO: cmn.c(183): CMN: 54.28  6.66 12.78 -1.33  8.35  2.76 -0.62 -3.53  6.61 -0.99  4.19 -5.57  1.57 
utt>     2                       003  470    0    44 3  1 1 1.816629e-13 -1.189643e+02 -5.591320e+04
INFO: cmn.c(183): CMN: 56.53  2.96 23.15  8.32  3.54 -9.67 -7.53 -5.25  2.81  0.57 10.54 -4.83 -6.08 
utt>     3                       004  395    0    40 3  1 1 7.099395e-15 -1.055203e+02 -4.168053e+04
INFO: cmn.c(183): CMN: 58.71  4.20 14.33  3.96  9.80 -13.74 -10.93 -5.51 -4.16  0.04  6.19 -7.24 -8.51 
utt>     4                       005  719    0    64 3  1 1 3.134213e-14 -1.116007e+02 -8.024092e+04
INFO: cmn.c(183): CMN: 57.11  4.45 17.31 -3.89  9.04 -7.21 -14.55 -12.26 -1.53  1.21  3.56 -5.36 -11.64 
utt>     5                       006  522    0    56 3  1 1 1.685746e-13 -1.091094e+02 -5.695509e+04
INFO: cmn.c(183): CMN: 60.27  5.45 15.08 -4.96 13.04 -10.98 -9.42 -7.49 -2.06 -0.58  3.21 -7.19 -5.90 
utt>     6                       007 1688    0   116 3  1 1 1.653703e-14 -1.102685e+02 -1.861333e+05
INFO: cmn.c(183): CMN: 51.72  2.44  9.96  1.84  2.38  0.16  1.34 -0.48  9.07  1.22  9.96 -0.47 -1.02 
utt>     7                       001  399    0    68 2  1 1 4.511130e-13 -1.039550e+02 -4.147804e+04
INFO: cmn.c(183): CMN: 57.29  7.08  8.97  8.78  8.31 -9.57  0.46  4.13 -0.87  0.04 11.10  0.69 -0.82 
utt>     8                       002  547    0    60 3  1 1 4.337880e-13 -1.046657e+02 -5.725212e+04
INFO: cmn.c(183): CMN: 54.27  6.66 12.79 -1.33  8.36  2.77 -0.64 -3.53  6.61 -0.99  4.21 -5.58  1.57 
utt>     9                       003  470    0    44 3  1 1 3.622149e-13 -1.189456e+02 -5.590441e+04
INFO: cmn.c(183): CMN: 56.52  2.96 23.15  8.32  3.53 -9.67 -7.53 -5.25  2.82  0.57 10.53 -4.83 -6.09 
utt>    10                       004  395    0    40 3  1 1 2.936606e-15 -1.054426e+02 -4.164981e+04
INFO: cmn.c(183): CMN: 58.71  4.20 14.33  3.96  9.80 -13.74 -10.92 -5.51 -4.16  0.03  6.19 -7.25 -8.51 
utt>    11                       005  719    0    64 3  1 1 2.211497e-14 -1.115088e+02 -8.017483e+04
INFO: cmn.c(183): CMN: 57.11  4.45 17.31 -3.90  9.04 -7.20 -14.55 -12.26 -1.54  1.22  3.56 -5.35 -11.64 
utt>    12                       006  522    0    56 3  1 1 1.675856e-13 -1.091193e+02 -5.696025e+04
INFO: cmn.c(183): CMN: 60.27  5.45 15.08 -4.96 13.04 -10.98 -9.42 -7.49 -2.06 -0.58  3.21 -7.19 -5.89 
utt>    13                       007 1688    0   116 3  1 1 2.660691e-14 -1.102717e+02 -1.861387e+05
INFO: cmn.c(183): CMN: 51.71  2.43  9.99  1.81  2.30  0.19  1.37 -0.56  9.12  1.29 10.08 -0.47 -1.02 
utt>    14                       001  399    0    68 2  1 1 4.005499e-13 -1.039422e+02 -4.147293e+04
INFO: cmn.c(183): CMN: 57.29  7.08  8.97  8.78  8.31 -9.56  0.45  4.14 -0.86  0.04 11.10  0.70 -0.82 
utt>    15                       002  547    0    60 3  1 1 4.061959e-13 -1.046420e+02 -5.723915e+04
INFO: cmn.c(183): CMN: 54.27  6.66 12.79 -1.32  8.36  2.76 -0.63 -3.54  6.62 -1.00  4.20 -5.58  1.56 
utt>    16                       003  470    0    44 3  1 1 1.916113e-13 -1.189449e+02 -5.590412e+04
INFO: cmn.c(183): CMN: 56.53  2.96 23.15  8.32  3.53 -9.66 -7.53 -5.25  2.82  0.57 10.54 -4.84 -6.09 
utt>    17                       004  395    0    40 3  1 1 2.134002e-15 -1.054894e+02 -4.166831e+04
INFO: cmn.c(183): CMN: 58.71  4.20 14.33  3.96  9.81 -13.75 -10.92 -5.52 -4.16  0.03  6.19 -7.25 -8.50 
utt>    18                       005  719    0    64 3  1 1 2.226108e-14 -1.115511e+02 -8.020527e+04
INFO: cmn.c(183): CMN: 57.10  4.46 17.32 -3.89  9.04 -7.21 -14.55 -12.27 -1.54  1.21  3.57 -5.36 -11.65 
utt>    19                       006  522    0    56 3  1 1 1.639461e-13 -1.090936e+02 -5.694686e+04
INFO: cmn.c(183): CMN: 60.27  5.45 15.08 -4.96 13.04 -10.98 -9.42 -7.49 -2.06 -0.58  3.21 -7.19 -5.90 
utt>    20                       007 1688    0   116 3  1 1 2.096269e-14 -1.102346e+02 -1.860761e+05
INFO: cmn.c(183): CMN: 51.72  2.43  9.95  1.80  2.33  0.23  1.25 -0.43  9.07  1.30 10.00 -0.44 -1.00 
utt>    21                       001  399    0    68 2  1 1 5.601028e-13 -1.039641e+02 -4.148169e+04
INFO: cmn.c(183): CMN: 57.29  7.08  8.98  8.79  8.32 -9.57  0.44  4.14 -0.86  0.03 11.10  0.69 -0.82 
utt>    22                       002  547    0    60 3  1 1 5.308433e-13 -1.047071e+02 -5.727479e+04
INFO: cmn.c(183): CMN: 54.28  6.66 12.78 -1.33  8.36  2.76 -0.64 -3.54  6.62 -0.98  4.19 -5.57  1.57 
utt>    23                       003  470    0    44 3  1 1 3.994950e-13 -1.189906e+02 -5.592559e+04
INFO: cmn.c(183): CMN: 56.52  2.96 23.16  8.32  3.53 -9.66 -7.53 -5.25  2.82  0.58 10.53 -4.83 -6.08 
utt>    24                       004  395    0    40 3  1 1 2.035517e-15 -1.054953e+02 -4.167065e+04
INFO: cmn.c(183): CMN: 58.71  4.20 14.33  3.96  9.80 -13.74 -10.92 -5.52 -4.16  0.03  6.19 -7.25 -8.51 
utt>    25                       005  719    0    64 3  1 1 2.247736e-14 -1.115559e+02 -8.020872e+04
INFO: cmn.c(183): CMN: 57.10  4.46 17.31 -3.90  9.04 -7.20 -14.55 -12.27 -1.54  1.21  3.56 -5.35 -11.64 
utt>    26                       006  522    0    56 3  1 1 2.241438e-13 -1.091498e+02 -5.697619e+04
INFO: cmn.c(183): CMN: 60.27  5.45 15.08 -4.96 13.04 -10.98 -9.42 -7.49 -2.06 -0.58  3.21 -7.19 -5.89 
utt>    27                       007 1688    0   116 3  1 1 3.315783e-14 -1.102453e+02 -1.860941e+05
INFO: cmn.c(183): CMN: 51.72  2.45  9.92  1.88  2.37  0.15  1.30 -0.57  9.17  1.33 10.09 -0.55 -1.15 
utt>    28                       001  399    0    68 2  1 1 3.952966e-13 -1.042416e+02 -4.159239e+04
INFO: cmn.c(183): CMN: 57.29  7.08  8.97  8.79  8.31 -9.57  0.45  4.13 -0.87  0.04 11.11  0.70 -0.82 
utt>    29                       002  547    0    60 3  1 1 5.025821e-13 -1.046746e+02 -5.725703e+04
INFO: cmn.c(183): CMN: 54.27  6.67 12.79 -1.33  8.35  2.76 -0.63 -3.52  6.62 -0.99  4.17 -5.57  1.58 
utt>    30                       003  470    0    44 3  1 1 1.900421e-13 -1.190321e+02 -5.594506e+04
INFO: cmn.c(183): CMN: 56.53  2.96 23.15  8.32  3.54 -9.66 -7.54 -5.26  2.82  0.57 10.54 -4.82 -6.08 
utt>    31                       004  395    0    40 3  1 1 2.479317e-15 -1.054777e+02 -4.166368e+04
INFO: cmn.c(183): CMN: 58.71  4.20 14.33  3.96  9.79 -13.75 -10.91 -5.51 -4.18  0.04  6.18 -7.24 -8.51 
utt>    32                       005  719    0    64 3  1 1 2.581897e-14 -1.115803e+02 -8.022620e+04
INFO: cmn.c(183): CMN: 57.11  4.45 17.32 -3.89  9.04 -7.21 -14.55 -12.26 -1.54  1.21  3.56 -5.36 -11.64 
utt>    33                       006  522    0    56 3  1 1 1.650456e-13 -1.090902e+02 -5.694507e+04
INFO: cmn.c(183): CMN: 60.27  5.45 15.08 -4.96 13.03 -10.98 -9.42 -7.49 -2.06 -0.58  3.21 -7.19 -5.89 
utt>    34                       007 1688    0   116 3  1 1 3.017032e-14 -1.102573e+02 -1.861143e+05
INFO: cmn.c(183): CMN: 51.72  2.42  9.94  1.85  2.41  0.20  1.34 -0.52  9.07  1.32 10.08 -0.39 -0.94 
utt>    35                       001  399    0    68 2  1 1 4.051777e-13 -1.040768e+02 -4.152665e+04
INFO: cmn.c(183): CMN: 57.29  7.09  8.97  8.79  8.31 -9.56  0.45  4.13 -0.87  0.04 11.11  0.69 -0.82 
utt>    36                       002  547    0    60 3  1 1 3.840723e-13 -1.046423e+02 -5.723933e+04
INFO: cmn.c(183): CMN: 54.28  6.66 12.79 -1.34  8.35  2.76 -0.63 -3.53  6.62 -0.99  4.19 -5.56  1.56 
utt>    37                       003  470    0    44 3  1 1 1.812561e-13 -1.190590e+02 -5.595771e+04
INFO: cmn.c(183): CMN: 56.53  2.96 23.15  8.32  3.54 -9.66 -7.53 -5.25  2.80  0.56 10.54 -4.82 -6.08 
utt>    38                       004  395    0    40 3  1 1 3.639666e-15 -1.054804e+02 -4.166476e+04
INFO: cmn.c(183): CMN: 58.71  4.20 14.32  3.96  9.80 -13.75 -10.92 -5.52 -4.16  0.04  6.18 -7.25 -8.51 
utt>    39                       005  719    0    64 3  1 1 4.500747e-14 -1.115620e+02 -8.021307e+04
INFO: cmn.c(183): CMN: 57.11  4.45 17.32 -3.90  9.04 -7.21 -14.54 -12.26 -1.54  1.21  3.56 -5.36 -11.65 
utt>    40                       006  522    0    56 3  1 1 1.723864e-13 -1.091119e+02 -5.695640e+04
INFO: cmn.c(183): CMN: 60.27  5.45 15.08 -4.96 13.03 -10.98 -9.42 -7.49 -2.07 -0.58  3.21 -7.19 -5.89 
utt>    41                       007 1688    0   116 3  1 1 2.267483e-14 -1.102408e+02 -1.860864e+05
INFO: cmn.c(183): CMN: 51.71  2.46  9.95  1.83  2.51  0.21  1.33 -0.46  9.06  1.21 10.03 -0.40 -0.99 
utt>    42                       001  399    0    68 2  1 1 5.436531e-13 -1.040072e+02 -4.149886e+04
INFO: cmn.c(183): CMN: 57.29  7.08  8.97  8.79  8.31 -9.57  0.45  4.14 -0.87  0.03 11.11  0.69 -0.80 
utt>    43                       002  547    0    60 3  1 1 2.974291e-13 -1.046716e+02 -5.725535e+04
INFO: cmn.c(183): CMN: 54.27  6.66 12.79 -1.33  8.36  2.76 -0.64 -3.54  6.62 -0.99  4.19 -5.58  1.56 
utt>    44                       003  470    0    44 3  1 1 3.073165e-13 -1.189659e+02 -5.591399e+04
INFO: cmn.c(183): CMN: 56.52  2.96 23.15  8.33  3.53 -9.67 -7.53 -5.25  2.81  0.57 10.53 -4.83 -6.09 
utt>    45                       004  395    0    40 3  1 1 6.637199e-15 -1.054730e+02 -4.166183e+04
INFO: cmn.c(183): CMN: 58.71  4.20 14.33  3.96  9.80 -13.75 -10.92 -5.52 -4.16  0.04  6.19 -7.24 -8.51 
utt>    46                       005  719    0    64 3  1 1 2.445677e-14 -1.116064e+02 -8.024498e+04
INFO: cmn.c(183): CMN: 57.11  4.45 17.32 -3.89  9.04 -7.21 -14.55 -12.26 -1.54  1.21  3.56 -5.37 -11.65 
utt>    47                       006  522    0    56 3  1 1 1.667303e-13 -1.090969e+02 -5.694857e+04
INFO: cmn.c(183): CMN: 60.27  5.45 15.09 -4.96 13.03 -10.98 -9.42 -7.49 -2.06 -0.58  3.21 -7.19 -5.90 
utt>    48                       007 1688    0   116 3  1 1 5.030438e-14 -1.102466e+02 -1.860962e+05
INFO: cmn.c(183): CMN: 51.72  2.44  9.98  1.81  2.34  0.16  1.37 -0.50  9.10  1.29  9.99 -0.39 -0.98 
utt>    49                       001  399    0    68 2  1 1 6.861673e-13 -1.037820e+02 -4.140901e+04
INFO: cmn.c(183): CMN: 57.29  7.08  8.97  8.79  8.31 -9.57  0.45  4.13 -0.87  0.05 11.11  0.70 -0.81 
utt>    50                       002  547    0    60 3  1 1 2.206789e-13 -1.046485e+02 -5.724275e+04
INFO: cmn.c(183): CMN: 54.27  6.65 12.78 -1.32  8.38  2.77 -0.64 -3.54  6.62 -0.99  4.20 -5.59  1.57 
utt>    51                       003  470    0    44 3  1 1 1.989227e-13 -1.189731e+02 -5.591736e+04
INFO: cmn.c(183): CMN: 56.53  2.96 23.16  8.33  3.53 -9.67 -7.53 -5.25  2.82  0.58 10.54 -4.83 -6.09 
utt>    52                       004  395    0    40 3  1 1 5.324145e-15 -1.055173e+02 -4.167935e+04
INFO: cmn.c(183): CMN: 58.71  4.20 14.33  3.96  9.80 -13.74 -10.92 -5.53 -4.17  0.04  6.19 -7.25 -8.51 
utt>    53                       005  719    0    64 3  1 1 2.766808e-14 -1.115568e+02 -8.020930e+04
INFO: cmn.c(183): CMN: 57.11  4.45 17.31 -3.89  9.04 -7.21 -14.54 -12.26 -1.55  1.21  3.56 -5.36 -11.64 
utt>    54                       006  522    0    56 3  1 1 1.429935e-13 -1.091113e+02 -5.695609e+04
INFO: cmn.c(183): CMN: 60.27  5.45 15.08 -4.95 13.04 -10.98 -9.42 -7.49 -2.06 -0.58  3.21 -7.19 -5.89 
utt>    55                       007 1688    0   116 3  1 1 1.603907e-14 -1.102527e+02 -1.861066e+05
INFO: cmn.c(183): CMN: 51.73  2.43  9.99  1.89  2.38  0.27  1.39 -0.46  9.10  1.21  9.93 -0.45 -0.93 
utt>    56                       001  399    0    68 2  1 1 3.818083e-13 -1.040551e+02 -4.151799e+04
INFO: cmn.c(183): CMN: 57.29  7.08  8.98  8.79  8.31 -9.57  0.45  4.14 -0.87  0.03 11.10  0.70 -0.82 
utt>    57                       002  547    0    60 3  1 1 3.551905e-13 -1.047251e+02 -5.728465e+04
INFO: cmn.c(183): CMN: 54.27  6.66 12.79 -1.33  8.35  2.75 -0.64 -3.55  6.63 -0.97  4.18 -5.58  1.56 
utt>    58                       003  470    0    44 3  1 1 4.273502e-13 -1.189583e+02 -5.591038e+04
INFO: cmn.c(183): CMN: 56.53  2.96 23.15  8.32  3.53 -9.66 -7.53 -5.25  2.81  0.56 10.54 -4.83 -6.09 
utt>    59                       004  395    0    40 3  1 1 5.565933e-15 -1.054598e+02 -4.165661e+04
INFO: cmn.c(183): CMN: 58.71  4.20 14.32  3.96  9.80 -13.74 -10.93 -5.52 -4.17  0.04  6.18 -7.25 -8.51 
utt>    60                       005  719    0    64 3  1 1 2.640587e-14 -1.115843e+02 -8.022911e+04
INFO: cmn.c(183): CMN: 57.11  4.45 17.31 -3.89  9.04 -7.21 -14.54 -12.27 -1.54  1.21  3.56 -5.36 -11.64 
utt>    61                       006  522    0    56 3  1 1 1.804661e-13 -1.090779e+02 -5.693867e+04
INFO: cmn.c(183): CMN: 60.27  5.45 15.08 -4.95 13.04 -10.99 -9.42 -7.49 -2.06 -0.58  3.21 -7.19 -5.89 
utt>    62                       007 1688    0   116 3  1 1 1.698122e-14 -1.102691e+02 -1.861343e+05
INFO: cmn.c(183): CMN: 51.71  2.45  9.97  1.82  2.34  0.20  1.34 -0.55  9.06  1.21 10.00 -0.43 -1.09 
utt>    63                       001  399    0    68 2  1 1 5.134800e-13 -1.037833e+02 -4.140952e+04
INFO: cmn.c(183): CMN: 57.29  7.08  8.97  8.79  8.32 -9.57  0.45  4.14 -0.87  0.04 11.10  0.69 -0.83 
utt>    64                       002  547    0    60 3  1 1 2.369318e-13 -1.047114e+02 -5.727715e+04
INFO: cmn.c(183): CMN: 54.28  6.66 12.78 -1.33  8.36  2.75 -0.64 -3.53  6.60 -0.98  4.19 -5.57  1.57 
utt>    65                       003  470    0    44 3  1 1 3.603568e-13 -1.190405e+02 -5.594904e+04
INFO: cmn.c(183): CMN: 56.53  2.96 23.15  8.32  3.53 -9.66 -7.52 -5.26  2.81  0.57 10.54 -4.83 -6.09 
utt>    66                       004  395    0    40 3  1 1 2.704192e-15 -1.054650e+02 -4.165867e+04
INFO: cmn.c(183): CMN: 58.71  4.20 14.33  3.96  9.80 -13.73 -10.93 -5.52 -4.17  0.04  6.19 -7.25 -8.51 
utt>    67                       005  719    0    64 3  1 1 2.141652e-14 -1.115669e+02 -8.021658e+04
INFO: cmn.c(183): CMN: 57.11  4.45 17.31 -3.89  9.04 -7.20 -14.55 -12.27 -1.54  1.21  3.57 -5.36 -11.63 
utt>    68                       006  522    0    56 3  1 1 1.420265e-13 -1.091204e+02 -5.696084e+04
INFO: cmn.c(183): CMN: 60.27  5.45 15.08 -4.96 13.03 -10.98 -9.42 -7.48 -2.06 -0.58  3.21 -7.19 -5.89 
utt>    69                       007 1688    0   116 3  1 1 3.149189e-14 -1.102549e+02 -1.861103e+05
INFO: cmn.c(183): CMN: 51.72  2.42  9.93  1.86  2.42  0.10  1.19 -0.55  9.07  1.24 10.06 -0.51 -1.08 
utt>    70                       001  399    0    68 2  1 1 5.725083e-13 -1.039278e+02 -4.146720e+04
INFO: cmn.c(183): CMN: 57.29  7.08  8.97  8.79  8.31 -9.57  0.44  4.14 -0.85  0.04 11.11  0.69 -0.82 
utt>    71                       002  547    0    60 3  1 1 2.824444e-13 -1.047226e+02 -5.728329e+04
INFO: cmn.c(183): CMN: 54.28  6.66 12.78 -1.32  8.36  2.75 -0.62 -3.54  6.62 -0.97  4.18 -5.57  1.57 
utt>    72                       003  470    0    44 3  1 1 2.141579e-13 -1.190552e+02 -5.595595e+04
INFO: cmn.c(183): CMN: 56.52  2.96 23.15  8.32  3.53 -9.66 -7.53 -5.26  2.81  0.57 10.54 -4.82 -6.09 
utt>    73                       004  395    0    40 3  1 1 2.573707e-15 -1.055207e+02 -4.168069e+04
INFO: cmn.c(183): CMN: 58.70  4.20 14.33  3.96  9.80 -13.75 -10.92 -5.52 -4.17  0.04  6.18 -7.24 -8.51 
utt>    74                       005  719    0    64 3  1 1 2.875132e-14 -1.115459e+02 -8.020152e+04
INFO: cmn.c(183): CMN: 57.11  4.46 17.31 -3.90  9.04 -7.20 -14.55 -12.27 -1.54  1.21  3.56 -5.36 -11.64 
utt>    75                       006  522    0    56 3  1 1 1.686073e-13 -1.090795e+02 -5.693950e+04
INFO: cmn.c(183): CMN: 60.27  5.45 15.08 -4.96 13.04 -10.98 -9.42 -7.48 -2.06 -0.58  3.22 -7.19 -5.90 
utt>    76                       007 1688    0   116 3  1 1 1.712442e-14 -1.102973e+02 -1.861818e+05
INFO: cmn.c(183): CMN: 51.73  2.44  9.95  1.86  2.31  0.07  1.30 -0.49  9.11  1.24 10.08 -0.52 -1.03 
utt>    77                       001  399    0    68 2  1 1 4.531629e-13 -1.038880e+02 -4.145131e+04
INFO: cmn.c(183): CMN: 57.29  7.08  8.97  8.79  8.32 -9.57  0.45  4.15 -0.87  0.04 11.10  0.70 -0.82 
utt>    78                       002  547    0    60 3  1 1 3.793483e-13 -1.047185e+02 -5.728103e+04
INFO: cmn.c(183): CMN: 54.28  6.66 12.79 -1.33  8.36  2.76 -0.63 -3.54  6.61 -0.97  4.18 -5.58  1.58 
utt>    79                       003  470    0    44 3  1 1 2.117824e-13 -1.189923e+02 -5.592638e+04
INFO: cmn.c(183): CMN: 56.53  2.96 23.15  8.32  3.53 -9.66 -7.53 -5.25  2.83  0.58 10.54 -4.84 -6.08 
utt>    80                       004  395    0    40 3  1 1 2.181917e-15 -1.054647e+02 -4.165857e+04
INFO: cmn.c(183): CMN: 58.71  4.20 14.32  3.96  9.81 -13.74 -10.92 -5.51 -4.16  0.03  6.19 -7.24 -8.51 
utt>    81                       005  719    0    64 3  1 1 2.150359e-14 -1.115239e+02 -8.018566e+04
INFO: cmn.c(183): CMN: 57.11  4.45 17.31 -3.89  9.04 -7.21 -14.55 -12.26 -1.55  1.22  3.56 -5.36 -11.64 
utt>    82                       006  522    0    56 3  1 1 1.467339e-13 -1.091262e+02 -5.696386e+04
INFO: cmn.c(183): CMN: 60.27  5.45 15.08 -4.96 13.04 -10.98 -9.42 -7.48 -2.06 -0.58  3.21 -7.19 -5.90 
utt>    83                       007 1688    0   116 3  1 1 2.230690e-14 -1.102779e+02 -1.861491e+05
INFO: cmn.c(183): CMN: 51.71  2.47  9.94  1.83  2.38  0.20  1.33 -0.54  9.04  1.19 10.00 -0.42 -1.07 
utt>    84                       001  399    0    68 2  1 1 4.297697e-13 -1.038499e+02 -4.143612e+04
INFO: cmn.c(183): CMN: 57.29  7.08  8.97  8.79  8.30 -9.56  0.46  4.13 -0.87  0.03 11.11  0.70 -0.82 
utt>    85                       002  547    0    60 3  1 1 5.278165e-13 -1.047471e+02 -5.729667e+04
INFO: cmn.c(183): CMN: 54.28  6.66 12.78 -1.32  8.37  2.76 -0.66 -3.56  6.62 -0.98  4.21 -5.58  1.56 
utt>    86                       003  470    0    44 3  1 1 2.190112e-13 -1.190184e+02 -5.593863e+04
INFO: cmn.c(183): CMN: 56.52  2.96 23.15  8.32  3.53 -9.66 -7.53 -5.26  2.82  0.57 10.54 -4.83 -6.08 
utt>    87                       004  395    0    40 3  1 1 2.598374e-15 -1.054563e+02 -4.165525e+04
INFO: cmn.c(183): CMN: 58.71  4.20 14.32  3.96  9.80 -13.75 -10.92 -5.52 -4.17  0.04  6.19 -7.24 -8.51 
utt>    88                       005  719    0    64 3  1 1 2.384764e-14 -1.115439e+02 -8.020006e+04
INFO: cmn.c(183): CMN: 57.11  4.46 17.32 -3.89  9.04 -7.21 -14.55 -12.27 -1.55  1.22  3.57 -5.36 -11.64 
utt>    89                       006  522    0    56 3  1 1 1.205894e-13 -1.090896e+02 -5.694477e+04
INFO: cmn.c(183): CMN: 60.27  5.45 15.08 -4.96 13.04 -10.98 -9.42 -7.49 -2.06 -0.58  3.21 -7.19 -5.90 
utt>    90                       007 1688    0   116 3  1 1 1.861665e-14 -1.102678e+02 -1.861321e+05
INFO: cmn.c(183): CMN: 51.71  2.44  9.93  1.87  2.44  0.15  1.19 -0.50  9.09  1.22 10.04 -0.42 -0.99 
utt>    91                       001  399    0    68 2  1 1 8.150286e-13 -1.039427e+02 -4.147313e+04
INFO: cmn.c(183): CMN: 57.29  7.09  8.97  8.79  8.32 -9.57  0.45  4.13 -0.87  0.04 11.11  0.70 -0.81 
utt>    92                       002  547    0    60 3  1 1 3.855263e-13 -1.047023e+02 -5.727217e+04
INFO: cmn.c(183): CMN: 54.27  6.66 12.79 -1.33  8.36  2.76 -0.62 -3.54  6.62 -0.99  4.17 -5.58  1.57 
utt>    93                       003  470    0    44 3  1 1 2.168342e-13 -1.189710e+02 -5.591636e+04
INFO: cmn.c(183): CMN: 56.53  2.97 23.15  8.32  3.53 -9.67 -7.53 -5.25  2.82  0.57 10.53 -4.83 -6.08 
utt>    94                       004  395    0    40 3  1 1 2.951318e-15 -1.055247e+02 -4.168225e+04
INFO: cmn.c(183): CMN: 58.71  4.20 14.33  3.96  9.80 -13.74 -10.92 -5.51 -4.17  0.04  6.18 -7.25 -8.51 
utt>    95                       005  719    0    64 3  1 1 3.713713e-14 -1.115974e+02 -8.023855e+04
INFO: cmn.c(183): CMN: 57.11  4.46 17.32 -3.90  9.04 -7.21 -14.55 -12.26 -1.53  1.21  3.56 -5.36 -11.64 
utt>    96                       006  522    0    56 3  1 1 1.952875e-13 -1.090775e+02 -5.693843e+04
INFO: cmn.c(183): CMN: 60.27  5.45 15.08 -4.96 13.04 -10.98 -9.43 -7.49 -2.06 -0.58  3.21 -7.19 -5.89 
utt>    97                       007 1688    0   116 3  1 1 1.935661e-14 -1.102615e+02 -1.861213e+05
INFO: cmn.c(183): CMN: 51.72  2.44  9.97  1.85  2.40  0.16  1.18 -0.56  9.15  1.26 10.03 -0.41 -1.03 
utt>    98                       001  399    0    68 2  1 1 4.133938e-13 -1.039898e+02 -4.149194e+04
INFO: cmn.c(183): CMN: 57.29  7.08  8.97  8.78  8.32 -9.56  0.44  4.13 -0.86  0.04 11.11  0.70 -0.82 
utt>    99                       002  547    0    60 3  1 1 6.512441e-13 -1.047345e+02 -5.728978e+04
INFO: cmn.c(183): CMN: 54.27  6.66 12.79 -1.32  8.36  2.76 -0.64 -3.54  6.61 -0.99  4.20 -5.58  1.58 
utt>   100                       003  470    0    44 3  1 1 2.175157e-13 -1.189804e+02 -5.592078e+04
INFO: cmn.c(183): CMN: 56.53  2.97 23.15  8.32  3.54 -9.67 -7.53 -5.25  2.82  0.56 10.53 -4.83 -6.08 
utt>   101                       004  395    0    40 3  1 1 4.552986e-15 -1.055546e+02 -4.169406e+04
INFO: cmn.c(183): CMN: 58.71  4.20 14.33  3.96  9.80 -13.74 -10.92 -5.52 -4.17  0.04  6.19 -7.25 -8.51 
utt>   102                       005  719    0    64 3  1 1 3.003928e-14 -1.115978e+02 -8.023879e+04
INFO: cmn.c(183): CMN: 57.11  4.46 17.31 -3.89  9.04 -7.21 -14.55 -12.26 -1.54  1.21  3.57 -5.36 -11.64 
utt>   103                       006  522    0    56 3  1 1 1.673638e-13 -1.090962e+02 -5.694819e+04
INFO: cmn.c(183): CMN: 60.27  5.45 15.08 -4.96 13.04 -10.98 -9.42 -7.49 -2.06 -0.58  3.21 -7.19 -5.90 
utt>   104                       007 1688    0   116 3  1 1 1.708071e-14 -1.102606e+02 -1.861198e+05
INFO: cmn.c(183): CMN: 51.71  2.46  9.90  1.84  2.40  0.11  1.28 -0.52  9.06  1.33 10.01 -0.46 -0.97 
utt>   105                       001  399    0    68 2  1 1 4.544405e-13 -1.039999e+02 -4.149598e+04
INFO: cmn.c(183): CMN: 57.29  7.08  8.97  8.79  8.32 -9.57  0.45  4.14 -0.87  0.05 11.10  0.70 -0.82 
utt>   106                       002  547    0    60 3  1 1 4.490538e-13 -1.046823e+02 -5.726123e+04
INFO: cmn.c(183): CMN: 54.27  6.66 12.79 -1.32  8.36  2.77 -0.63 -3.53  6.58 -0.99  4.20 -5.57  1.56 
utt>   107                       003  470    0    44 3  1 1 2.278732e-13 -1.190294e+02 -5.594380e+04
INFO: cmn.c(183): CMN: 56.53  2.96 23.15  8.32  3.53 -9.66 -7.53 -5.26  2.81  0.58 10.53 -4.83 -6.09 
utt>   108                       004  395    0    40 3  1 1 2.010572e-15 -1.055206e+02 -4.168063e+04
INFO: cmn.c(183): CMN: 58.71  4.20 14.33  3.96  9.80 -13.74 -10.92 -5.52 -4.16  0.04  6.19 -7.25 -8.51 
utt>   109                       005  719    0    64 3  1 1 5.389765e-14 -1.115507e+02 -8.020492e+04
INFO: cmn.c(183): CMN: 57.11  4.46 17.31 -3.89  9.04 -7.21 -14.55 -12.26 -1.53  1.21  3.56 -5.36 -11.64 
utt>   110                       006  522    0    56 3  1 1 1.347949e-13 -1.091284e+02 -5.696502e+04
INFO: cmn.c(183): CMN: 60.27  5.45 15.08 -4.96 13.03 -10.98 -9.42 -7.49 -2.06 -0.58  3.22 -7.19 -5.90 
utt>   111                       007 1688    0   116 3  1 1 2.769121e-14 -1.102591e+02 -1.861174e+05
INFO: cmn.c(183): CMN: 51.72  2.44 10.00  1.82  2.25  0.15  1.32 -0.49  9.09  1.29  9.94 -0.37 -1.03 
utt>   112                       001  399    0    68 2  1 1 6.285519e-13 -1.039677e+02 -4.148313e+04
INFO: cmn.c(183): CMN: 57.29  7.08  8.98  8.79  8.32 -9.57  0.44  4.14 -0.86  0.05 11.10  0.68 -0.82 
utt>   113                       002  547    0    60 3  1 1 4.225266e-13 -1.047269e+02 -5.728561e+04
INFO: cmn.c(183): CMN: 54.27  6.65 12.80 -1.32  8.35  2.77 -0.64 -3.53  6.62 -0.99  4.19 -5.58  1.56 
utt>   114                       003  470    0    44 3  1 1 3.146102e-13 -1.190322e+02 -5.594512e+04
INFO: cmn.c(183): CMN: 56.52  2.96 23.15  8.32  3.54 -9.66 -7.53 -5.26  2.81  0.57 10.54 -4.83 -6.08 
utt>   115                       004  395    0    40 3  1 1 2.285277e-15 -1.054419e+02 -4.164956e+04
INFO: cmn.c(183): CMN: 58.71  4.20 14.32  3.96  9.80 -13.75 -10.92 -5.52 -4.16  0.04  6.19 -7.26 -8.51 
utt>   116                       005  719    0    64 3  1 1 2.501373e-14 -1.115588e+02 -8.021078e+04
INFO: cmn.c(183): CMN: 57.11  4.45 17.31 -3.89  9.04 -7.21 -14.55 -12.26 -1.55  1.21  3.56 -5.36 -11.64 
utt>   117                       006  522    0    56 3  1 1 1.671694e-13 -1.090755e+02 -5.693739e+04
INFO: cmn.c(183): CMN: 60.27  5.45 15.08 -4.96 13.04 -10.98 -9.43 -7.48 -2.06 -0.58  3.21 -7.19 -5.90 
utt>   118                       007 1688    0   116 3  1 1 1.588244e-14 -1.102465e+02 -1.860960e+05
INFO: cmn.c(183): CMN: 51.72  2.45  9.92  1.89  2.39  0.20  1.28 -0.42  9.11  1.29  9.99 -0.47 -1.08 
utt>   119                       001  399    0    68 2  1 1 4.269604e-13 -1.038812e+02 -4.144859e+04
INFO: cmn.c(183): CMN: 57.29  7.08  8.97  8.79  8.31 -9.58  0.45  4.14 -0.85  0.04 11.10  0.69 -0.81 
utt>   120                       002  547    0    60 3  1 1 4.549220e-13 -1.047394e+02 -5.729246e+04
INFO: cmn.c(183): CMN: 54.27  6.66 12.78 -1.31  8.36  2.74 -0.62 -3.53  6.62 -1.00  4.19 -5.58  1.57 
utt>   121                       003  470    0    44 3  1 1 2.125131e-13 -1.190154e+02 -5.593723e+04
INFO: cmn.c(183): CMN: 56.52  2.96 23.15  8.32  3.54 -9.66 -7.53 -5.25  2.82  0.57 10.53 -4.83 -6.08 
utt>   122                       004  395    0    40 3  1 1 1.441441e-15 -1.054493e+02 -4.165248e+04
INFO: cmn.c(183): CMN: 58.71  4.20 14.33  3.96  9.80 -13.74 -10.92 -5.51 -4.16  0.03  6.18 -7.25 -8.51 
utt>   123                       005  719    0    64 3  1 1 2.059719e-14 -1.115567e+02 -8.020926e+04
INFO: cmn.c(183): CMN: 57.11  4.46 17.31 -3.90  9.04 -7.20 -14.55 -12.27 -1.54  1.21  3.56 -5.36 -11.64 
utt>   124                       006  522    0    56 3  1 1 1.534563e-13 -1.091245e+02 -5.696299e+04
INFO: cmn.c(183): CMN: 60.27  5.45 15.08 -4.96 13.04 -10.98 -9.42 -7.49 -2.06 -0.58  3.21 -7.19 -5.90 
utt>   125                       007 1688    0   116 3  1 1 1.548136e-14 -1.102385e+02 -1.860826e+05
INFO: cmn.c(183): CMN: 51.71  2.45  9.99  1.84  2.30  0.10  1.33 -0.45  9.09  1.18 10.04 -0.43 -1.05 
utt>   126                       001  399    0    68 2  1 1 4.377663e-13 -1.038783e+02 -4.144745e+04
INFO: cmn.c(183): CMN: 57.29  7.08  8.97  8.79  8.31 -9.56  0.44  4.13 -0.86  0.04 11.12  0.70 -0.82 
utt>   127                       002  547    0    60 3  1 1 4.626953e-13 -1.046899e+02 -5.726538e+04
INFO: cmn.c(183): CMN: 54.28  6.65 12.79 -1.31  8.36  2.76 -0.63 -3.53  6.60 -0.99  4.19 -5.57  1.58 
utt>   128                       003  470    0    44 3  1 1 3.762533e-13 -1.190297e+02 -5.594397e+04
INFO: cmn.c(183): CMN: 56.53  2.96 23.15  8.32  3.54 -9.67 -7.53 -5.25  2.81  0.57 10.54 -4.82 -6.09 
utt>   129                       004  395    0    40 3  1 1 3.060115e-15 -1.054480e+02 -4.165197e+04
INFO: cmn.c(183): CMN: 58.71  4.20 14.33  3.97  9.80 -13.75 -10.93 -5.51 -4.16  0.03  6.19 -7.25 -8.51 
utt>   130                       005  719    0    64 3  1 1 2.385015e-14 -1.115391e+02 -8.019658e+04
INFO: cmn.c(183): CMN: 57.11  4.45 17.31 -3.90  9.04 -7.20 -14.56 -12.26 -1.54  1.21  3.56 -5.35 -11.64 
utt>   131                       006  522    0    56 3  1 1 1.841780e-13 -1.090919e+02 -5.694598e+04
INFO: cmn.c(183): CMN: 60.27  5.45 15.08 -4.96 13.04 -10.98 -9.42 -7.49 -2.06 -0.58  3.21 -7.19 -5.89 
utt>   132                       007 1688    0   116 3  1 1 1.636050e-14 -1.102524e+02 -1.861061e+05
INFO: cmn.c(183): CMN: 51.72  2.45  9.94  1.86  2.43  0.21  1.37 -0.49  9.06  1.17  9.95 -0.37 -1.06 
utt>   133                       001  399    0    68 2  1 1 3.947363e-13 -1.038683e+02 -4.144343e+04
INFO: cmn.c(183): CMN: 57.29  7.08  8.97  8.78  8.31 -9.56  0.44  4.13 -0.86  0.04 11.10  0.69 -0.82 
utt>   134                       002  547    0    60 3  1 1 4.680306e-13 -1.047398e+02 -5.729267e+04
INFO: cmn.c(183): CMN: 54.27  6.66 12.79 -1.31  8.36  2.76 -0.64 -3.54  6.61 -0.99  4.18 -5.57  1.57 
utt>   135                       003  470    0    44 3  1 1 4.356550e-13 -1.190645e+02 -5.596031e+04
INFO: cmn.c(183): CMN: 56.53  2.96 23.15  8.32  3.53 -9.66 -7.52 -5.24  2.81  0.56 10.53 -4.82 -6.09 
utt>   136                       004  395    0    40 3  1 1 2.350681e-15 -1.055028e+02 -4.167362e+04
INFO: cmn.c(183): CMN: 58.71  4.20 14.32  3.96  9.80 -13.73 -10.93 -5.51 -4.17  0.04  6.18 -7.25 -8.51 
utt>   137                       005  719    0    64 3  1 1 2.556092e-14 -1.115505e+02 -8.020482e+04
INFO: cmn.c(183): CMN: 57.10  4.46 17.31 -3.90  9.04 -7.21 -14.55 -12.26 -1.52  1.21  3.56 -5.35 -11.63 
utt>   138                       006  522    0    56 3  1 1 1.804096e-13 -1.091847e+02 -5.699444e+04
INFO: cmn.c(183): CMN: 60.27  5.45 15.08 -4.96 13.04 -10.98 -9.42 -7.49 -2.06 -0.58  3.21 -7.19 -5.89 
utt>   139                       007 1688    0   116 3  1 1 1.555512e-14 -1.102652e+02 -1.861277e+05
INFO: cmn.c(183): CMN: 51.73  2.47  9.92  1.78  2.30  0.16  1.36 -0.48  9.10  1.40 10.11 -0.48 -1.05 
utt>   140                       001  399    0    68 2  1 1 4.651484e-13 -1.042457e+02 -4.159403e+04
INFO: cmn.c(183): CMN: 57.29  7.08  8.97  8.79  8.32 -9.57  0.45  4.13 -0.86  0.05 11.09  0.70 -0.81 
utt>   141                       002  547    0    60 3  1 1 5.515277e-13 -1.047444e+02 -5.729518e+04
INFO: cmn.c(183): CMN: 54.27  6.66 12.79 -1.33  8.37  2.78 -0.64 -3.54  6.62 -0.99  4.18 -5.56  1.56 
utt>   142                       003  470    0    44 3  1 1 1.968814e-13 -1.190174e+02 -5.593816e+04
INFO: cmn.c(183): CMN: 56.53  2.96 23.15  8.31  3.53 -9.67 -7.52 -5.24  2.81  0.56 10.54 -4.83 -6.08 
utt>   143                       004  395    0    40 3  1 1 3.918867e-15 -1.054400e+02 -4.164879e+04
INFO: cmn.c(183): CMN: 58.71  4.20 14.33  3.96  9.80 -13.75 -10.92 -5.51 -4.17  0.04  6.19 -7.26 -8.50 
utt>   144                       005  719    0    64 3  1 1 2.362680e-14 -1.115817e+02 -8.022723e+04
INFO: cmn.c(183): CMN: 57.11  4.45 17.32 -3.89  9.04 -7.21 -14.54 -12.27 -1.54  1.22  3.56 -5.36 -11.64 
utt>   145                       006  522    0    56 3  1 1 1.885776e-13 -1.090961e+02 -5.694817e+04
INFO: cmn.c(183): CMN: 60.27  5.45 15.08 -4.96 13.04 -10.98 -9.43 -7.49 -2.06 -0.58  3.21 -7.19 -5.90 
utt>   146                       007 1688    0   116 3  1 1 1.845423e-14 -1.102538e+02 -1.861083e+05
INFO: cmn.c(183): CMN: 51.72  2.46  9.94  1.84  2.40  0.14  1.29 -0.44  9.13  1.16 10.13 -0.36 -1.02 
utt>   147                       001  399    0    68 2  1 1 4.190115e-13 -1.038757e+02 -4.144641e+04
INFO: cmn.c(183): CMN: 57.29  7.08  8.98  8.79  8.31 -9.57  0.45  4.14 -0.87  0.05 11.11  0.70 -0.82 
utt>   148                       002  547    0    60 3  1 1 2.396194e-13 -1.046494e+02 -5.724322e+04
INFO: cmn.c(183): CMN: 54.27  6.66 12.79 -1.33  8.37  2.76 -0.65 -3.52  6.62 -0.99  4.19 -5.58  1.56 
utt>   149                       003  470    0    44 3  1 1 3.354810e-13 -1.189928e+02 -5.592660e+04
INFO: cmn.c(183): CMN: 56.53  2.97 23.15  8.32  3.53 -9.67 -7.52 -5.25  2.81  0.56 10.53 -4.83 -6.09 
utt>   150                       004  395    0    40 3  1 1 2.572835e-15 -1.055301e+02 -4.168438e+04
INFO: cmn.c(183): CMN: 58.71  4.20 14.33  3.96  9.80 -13.74 -10.91 -5.51 -4.17  0.03  6.18 -7.24 -8.51 
utt>   151                       005  719    0    64 3  1 1 1.513025e-13 -1.115270e+02 -8.018790e+04
INFO: cmn.c(183): CMN: 57.11  4.46 17.31 -3.90  9.05 -7.21 -14.55 -12.26 -1.54  1.22  3.55 -5.35 -11.64 
utt>   152                       006  522    0    56 3  1 1 2.071069e-13 -1.091425e+02 -5.697238e+04
INFO: cmn.c(183): CMN: 60.27  5.45 15.08 -4.96 13.04 -10.98 -9.43 -7.49 -2.06 -0.58  3.22 -7.19 -5.90 
utt>   153                       007 1688    0   116 3  1 1 2.935507e-14 -1.102789e+02 -1.861508e+05
INFO: cmn.c(183): CMN: 51.71  2.45  9.97  1.80  2.35  0.13  1.34 -0.41  9.17  1.28 10.10 -0.43 -1.11 
utt>   154                       001  399    0    68 2  1 1 4.155106e-13 -1.040690e+02 -4.152353e+04
INFO: cmn.c(183): CMN: 57.29  7.08  8.98  8.79  8.31 -9.56  0.45  4.12 -0.87  0.04 11.11  0.69 -0.82 
utt>   155                       002  547    0    60 3  1 1 5.138340e-13 -1.046990e+02 -5.727033e+04
INFO: cmn.c(183): CMN: 54.27  6.66 12.78 -1.32  8.37  2.76 -0.66 -3.54  6.62 -1.00  4.19 -5.57  1.57 
utt>   156                       003  470    0    44 3  1 1 2.090276e-13 -1.193590e+02 -5.609871e+04
INFO: cmn.c(183): CMN: 56.53  2.96 23.15  8.32  3.53 -9.67 -7.53 -5.25  2.81  0.57 10.54 -4.82 -6.09 
utt>   157                       004  395    0    40 3  1 1 3.307777e-15 -1.054288e+02 -4.164438e+04
INFO: cmn.c(183): CMN: 58.71  4.20 14.33  3.96  9.79 -13.75 -10.92 -5.52 -4.16  0.04  6.18 -7.25 -8.51 
utt>   158                       005  719    0    64 3  1 1 2.172067e-14 -1.115198e+02 -8.018275e+04
INFO: cmn.c(183): CMN: 57.11  4.45 17.32 -3.89  9.03 -7.21 -14.55 -12.26 -1.55  1.22  3.56 -5.36 -11.65 
utt>   159                       006  522    0    56 3  1 1 1.966285e-13 -1.090817e+02 -5.694064e+04
INFO: cmn.c(183): CMN: 60.27  5.45 15.08 -4.96 13.03 -10.98 -9.42 -7.49 -2.06 -0.58  3.22 -7.19 -5.90 
utt>   160                       007 1688    0   116 3  1 1 6.902337e-14 -1.102607e+02 -1.861200e+05
INFO: cmn.c(183): CMN: 51.72  2.45  9.95  1.80  2.32  0.12  1.31 -0.36  9.03  1.29 10.06 -0.40 -0.95 
utt>   161                       001  399    0    68 2  1 1 4.716528e-13 -1.038436e+02 -4.143361e+04
INFO: cmn.c(183): CMN: 57.29  7.08  8.97  8.79  8.31 -9.57  0.44  4.13 -0.86  0.05 11.11  0.70 -0.81 
utt>   162                       002  547    0    60 3  1 1 2.703458e-13 -1.046997e+02 -5.727074e+04
INFO: cmn.c(183): CMN: 54.28  6.66 12.78 -1.33  8.36  2.74 -0.64 -3.53  6.61 -0.99  4.18 -5.57  1.57 
utt>   163                       003  470    0    44 3  1 1 3.566183e-13 -1.189712e+02 -5.591646e+04
INFO: cmn.c(183): CMN: 58.71  4.20 14.33  3.96  9.80 -13.75 -10.92 -5.52 -4.18  0.04  6.19 -7.24 -8.52 
utt>   164                       005  719    0    64 3  1 1 2.270949e-14 -1.116408e+02 -8.026970e+04
INFO: cmn.c(183): CMN: 57.11  4.46 17.31 -3.89  9.03 -7.21 -14.55 -12.26 -1.55  1.22  3.57 -5.37 -11.64 
utt>   165                       006  522    0    56 3  1 1 1.823542e-13 -1.091388e+02 -5.697043e+04
INFO: cmn.c(183): CMN: 60.27  5.45 15.08 -4.96 13.04 -10.98 -9.42 -7.49 -2.06 -0.58  3.21 -7.19 -5.90 
utt>   166                       007 1688    0   116 3  1 1 2.249732e-14 -1.102514e+02 -1.861044e+05
INFO: cmn.c(183): CMN: 51.72  2.45  9.96  1.83  2.37  0.22  1.41 -0.45  9.11  1.23 10.03 -0.46 -1.02 
utt>   167                       001  399    0    68 2  1 1 6.129931e-13 -1.037367e+02 -4.139095e+04
INFO: cmn.c(183): CMN: 57.29  7.08  8.97  8.79  8.32 -9.57  0.45  4.14 -0.88  0.04 11.10  0.70 -0.82 
utt>   168                       002  547    0    60 3  1 1 3.653330e-13 -1.047077e+02 -5.727513e+04
INFO: cmn.c(183): CMN: 54.27  6.65 12.80 -1.32  8.35  2.76 -0.63 -3.51  6.64 -1.00  4.17 -5.57  1.56 
utt>   169                       003  470    0    44 3  1 1 2.353407e-13 -1.190543e+02 -5.595551e+04
INFO: cmn.c(183): CMN: 56.53  2.96 23.15  8.32  3.54 -9.66 -7.54 -5.25  2.82  0.57 10.53 -4.84 -6.09 
utt>   170                       004  395    0    40 3  1 1 2.579278e-15 -1.054807e+02 -4.166489e+04
INFO: cmn.c(183): CMN: 58.71  4.20 14.33  3.96  9.80 -13.74 -10.92 -5.51 -4.16  0.03  6.18 -7.24 -8.50 
utt>   171                       005  719    0    64 3  1 1 2.464389e-14 -1.116019e+02 -8.024177e+04
INFO: cmn.c(183): CMN: 57.11  4.46 17.32 -3.90  9.04 -7.21 -14.55 -12.27 -1.54  1.21  3.57 -5.36 -11.64 
utt>   172                       006  522    0    56 3  1 1 1.637952e-13 -1.090909e+02 -5.694545e+04
INFO: cmn.c(183): CMN: 60.27  5.45 15.08 -4.96 13.04 -10.98 -9.42 -7.49 -2.06 -0.58  3.21 -7.19 -5.89 
utt>   173                       007 1688    0   116 3  1 1 3.323938e-14 -1.102687e+02 -1.861336e+05
INFO: cmn.c(183): CMN: 51.71  2.43 10.00  1.81  2.32  0.15  1.33 -0.44  9.18  1.27 10.01 -0.55 -1.06 
utt>   174                       001  399    0    68 2  1 1 5.034200e-13 -1.041795e+02 -4.156762e+04
INFO: cmn.c(183): CMN: 57.29  7.08  8.97  8.79  8.31 -9.57  0.45  4.14 -0.86  0.04 11.10  0.70 -0.81 
utt>   175                       002  547    0    60 3  1 1 4.161753e-13 -1.046793e+02 -5.725958e+04
INFO: cmn.c(183): CMN: 54.28  6.66 12.79 -1.34  8.36  2.76 -0.65 -3.52  6.61 -1.00  4.21 -5.58  1.57 
utt>   176                       003  470    0    44 3  1 1 3.919043e-13 -1.191213e+02 -5.598700e+04
INFO: cmn.c(183): CMN: 56.52  2.96 23.15  8.32  3.53 -9.66 -7.52 -5.26  2.81  0.56 10.54 -4.83 -6.09 
utt>   177                       004  395    0    40 3  1 1 4.020251e-15 -1.055978e+02 -4.171114e+04
INFO: cmn.c(183): CMN: 58.71  4.20 14.33  3.96  9.80 -13.74 -10.92 -5.51 -4.16  0.03  6.18 -7.24 -8.51 
utt>   178                       005  719    0    64 3  1 1 2.093628e-14 -1.115749e+02 -8.022235e+04
INFO: cmn.c(183): CMN: 57.11  4.46 17.31 -3.90  9.05 -7.21 -14.55 -12.26 -1.55  1.21  3.56 -5.36 -11.65 
utt>   179                       006  522    0    56 3  1 1 1.420054e-13 -1.090813e+02 -5.694044e+04
INFO: cmn.c(183): CMN: 60.27  5.45 15.08 -4.96 13.03 -10.98 -9.42 -7.48 -2.06 -0.58  3.22 -7.19 -5.90 
utt>   180                       007 1688    0   116 3  1 1 2.883017e-14 -1.102562e+02 -1.861125e+05
INFO: cmn.c(183): CMN: 51.71  2.42  9.95  1.85  2.33  0.17  1.35 -0.42  9.13  1.30 10.02 -0.52 -1.01 
utt>   181                       001  399    0    68 2  1 1 6.709079e-13 -1.039225e+02 -4.146507e+04
INFO: cmn.c(183): CMN: 57.29  7.08  8.97  8.79  8.32 -9.57  0.46  4.13 -0.87  0.03 11.12  0.70 -0.82 
utt>   182                       002  547    0    60 3  1 1 3.861532e-13 -1.047104e+02 -5.727657e+04
INFO: cmn.c(183): CMN: 54.28  6.66 12.78 -1.32  8.36  2.74 -0.63 -3.51  6.61 -0.99  4.18 -5.57  1.57 
utt>   183                       003  470    0    44 3  1 1 3.578638e-13 -1.190431e+02 -5.595026e+04
INFO: cmn.c(183): CMN: 56.53  2.96 23.15  8.31  3.54 -9.65 -7.53 -5.26  2.81  0.58 10.53 -4.83 -6.09 
utt>   184                       004  395    0    40 3  1 1 3.747302e-15 -1.055795e+02 -4.170390e+04
INFO: cmn.c(183): CMN: 58.71  4.20 14.33  3.96  9.80 -13.74 -10.92 -5.52 -4.17  0.04  6.18 -7.25 -8.51 
utt>   185                       005  719    0    64 3  1 1 2.626122e-14 -1.115955e+02 -8.023714e+04
INFO: cmn.c(183): CMN: 57.10  4.46 17.32 -3.89  9.04 -7.22 -14.55 -12.26 -1.54  1.21  3.56 -5.36 -11.64 
utt>   186                       006  522    0    56 3  1 1 1.360442e-13 -1.091231e+02 -5.696223e+04
INFO: cmn.c(183): CMN: 60.27  5.45 15.08 -4.96 13.04 -10.98 -9.42 -7.48 -2.06 -0.58  3.21 -7.19 -5.89 
utt>   187                       007 1688    0   116 3  1 1 2.406381e-14 -1.102371e+02 -1.860802e+05
INFO: cmn.c(183): CMN: 51.72  2.46  9.97  1.77  2.28  0.22  1.39 -0.43  8.98  1.29 10.08 -0.42 -0.91 
utt>   188                       001  399    0    68 2  1 1 6.507074e-13 -1.045223e+02 -4.170440e+04
INFO: cmn.c(183): CMN: 57.29  7.08  8.97  8.79  8.32 -9.56  0.46  4.12 -0.87  0.04 11.10  0.70 -0.82 
utt>   189                       002  547    0    60 3  1 1 4.144471e-13 -1.047037e+02 -5.727293e+04
INFO: cmn.c(183): CMN: 54.27  6.66 12.78 -1.32  8.36  2.76 -0.64 -3.54  6.63 -1.00  4.18 -5.57  1.57 
utt>   190                       003  470    0    44 3  1 1 2.356861e-13 -1.190448e+02 -5.595105e+04
INFO: cmn.c(183): CMN: 56.53  2.96 23.14  8.32  3.54 -9.66 -7.54 -5.26  2.82  0.58 10.54 -4.83 -6.09 
utt>   191                       004  395    0    40 3  1 1 3.225850e-15 -1.055318e+02 -4.168508e+04
INFO: cmn.c(183): CMN: 58.71  4.20 14.32  3.97  9.80 -13.75 -10.92 -5.51 -4.17  0.04  6.19 -7.25 -8.51 
utt>   192                       005  719    0    64 3  1 1 2.494907e-14 -1.115942e+02 -8.023620e+04
INFO: cmn.c(183): CMN: 57.11  4.45 17.31 -3.89  9.04 -7.22 -14.55 -12.27 -1.54  1.22  3.57 -5.36 -11.64 
utt>   193                       006  522    0    56 3  1 1 1.257127e-13 -1.090654e+02 -5.693214e+04
INFO: cmn.c(183): CMN: 60.27  5.46 15.08 -4.96 13.04 -10.98 -9.42 -7.49 -2.06 -0.58  3.22 -7.19 -5.90 
utt>   194                       007 1688    0   116 3  1 1 2.993684e-14 -1.102538e+02 -1.861085e+05
INFO: cmn.c(183): CMN: 51.74  2.43  9.94  1.83  2.36  0.15  1.30 -0.44  9.14  1.30 10.00 -0.37 -1.00 
utt>   195                       001  399    0    68 2  1 1 5.321491e-13 -1.037771e+02 -4.140707e+04
INFO: cmn.c(183): CMN: 57.29  7.08  8.97  8.78  8.32 -9.56  0.45  4.14 -0.88  0.04 11.10  0.71 -0.82 
utt>   196                       002  547    0    60 3  1 1 4.034656e-13 -1.047093e+02 -5.727601e+04
INFO: cmn.c(183): CMN: 54.27  6.67 12.79 -1.33  8.36  2.75 -0.63 -3.53  6.62 -1.00  4.19 -5.57  1.56 
utt>   197                       003  470    0    44 3  1 1 2.109943e-13 -1.189554e+02 -5.590905e+04
INFO: cmn.c(183): CMN: 56.53  2.97 23.15  8.32  3.53 -9.67 -7.53 -5.25  2.83  0.57 10.53 -4.83 -6.09 
utt>   198                       004  395    0    40 3  1 1 2.398557e-15 -1.054342e+02 -4.164652e+04
INFO: cmn.c(183): CMN: 58.71  4.20 14.33  3.96  9.80 -13.74 -10.92 -5.52 -4.16  0.04  6.18 -7.25 -8.51 
utt>   199                       005  719    0    64 3  1 1 2.154844e-14 -1.115522e+02 -8.020606e+04
INFO: cmn.c(183): CMN: 57.11  4.46 17.32 -3.90  9.04 -7.22 -14.55 -12.27 -1.53  1.21  3.55 -5.36 -11.64 
utt>   200                       006  522    0    56 3  1 1 1.577236e-13 -1.091390e+02 -5.697057e+04
INFO: cmn.c(183): CMN: 60.27  5.45 15.08 -4.96 13.04 -10.98 -9.42 -7.48 -2.06 -0.58  3.22 -7.19 -5.90 
utt>   201                       007 1688    0   116 3  1 1 2.340494e-14 -1.102539e+02 -1.861086e+05
INFO: cmn.c(183): CMN: 51.73  2.39  9.95  1.83  2.39  0.20  1.26 -0.51  9.13  1.25  9.98 -0.47 -1.02 
utt>   202                       001  399    0    68 2  1 1 3.814176e-13 -1.040894e+02 -4.153166e+04
INFO: cmn.c(183): CMN: 57.29  7.08  8.98  8.79  8.31 -9.57  0.45  4.14 -0.86  0.03 11.10  0.69 -0.82 
utt>   203                       002  547    0    60 3  1 1 4.439563e-13 -1.046932e+02 -5.726718e+04
INFO: cmn.c(183): CMN: 54.28  6.66 12.79 -1.32  8.35  2.75 -0.63 -3.52  6.62 -0.98  4.19 -5.58  1.57 
utt>   204                       003  470    0    44 3  1 1 3.055577e-13 -1.189658e+02 -5.591394e+04
INFO: cmn.c(183): CMN: 56.53  2.96 23.15  8.32  3.53 -9.66 -7.52 -5.25  2.80  0.57 10.54 -4.83 -6.10 
utt>   205                       004  395    0    40 3  1 1 3.721557e-15 -1.054850e+02 -4.166659e+04
INFO: cmn.c(183): CMN: 58.71  4.19 14.32  3.97  9.81 -13.75 -10.92 -5.51 -4.17  0.04  6.19 -7.24 -8.51 
utt>   206                       005  719    0    64 3  1 1 2.125150e-14 -1.115645e+02 -8.021486e+04
INFO: cmn.c(183): CMN: 57.11  4.46 17.31 -3.89  9.04 -7.21 -14.55 -12.26 -1.54  1.22  3.56 -5.36 -11.65 
utt>   207                       006  522    0    56 3  1 1 1.696254e-13 -1.091155e+02 -5.695831e+04
INFO: cmn.c(183): CMN: 60.27  5.45 15.08 -4.96 13.04 -10.98 -9.43 -7.49 -2.06 -0.58  3.21 -7.19 -5.89 
utt>   208                       007 1688    0   116 3  1 1 3.558416e-14 -1.102444e+02 -1.860925e+05
INFO: cmn.c(183): CMN: 51.70  2.44  9.94  1.83  2.40  0.15  1.42 -0.46  9.06  1.23 10.00 -0.42 -0.98 
utt>   209                       001  399    0    68 2  1 1 2.873079e-13 -1.039701e+02 -4.148407e+04
INFO: cmn.c(183): CMN: 57.29  7.08  8.97  8.79  8.32 -9.56  0.45  4.13 -0.87  0.03 11.11  0.69 -0.82 
utt>   210                       002  547    0    60 3  1 1 3.686106e-13 -1.046428e+02 -5.723962e+04
INFO: cmn.c(183): CMN: 54.27  6.66 12.79 -1.32  8.36  2.76 -0.63 -3.54  6.61 -1.00  4.20 -5.58  1.56 
utt>   211                       003  470    0    44 3  1 1 2.951994e-13 -1.189944e+02 -5.592735e+04
INFO: cmn.c(183): CMN: 56.53  2.96 23.15  8.32  3.53 -9.66 -7.52 -5.25  2.82  0.56 10.53 -4.83 -6.09 
utt>   212                       004  395    0    40 3  1 1 3.014663e-15 -1.055086e+02 -4.167590e+04
INFO: cmn.c(183): CMN: 58.71  4.20 14.33  3.96  9.80 -13.75 -10.91 -5.52 -4.17  0.04  6.19 -7.25 -8.51 
utt>   213                       005  719    0    64 3  1 1 2.095446e-14 -1.115750e+02 -8.022243e+04
INFO: cmn.c(183): CMN: 57.11  4.46 17.32 -3.90  9.04 -7.21 -14.55 -12.26 -1.54  1.21  3.55 -5.36 -11.64 
utt>   214                       006  522    0    56 3  1 1 2.443301e-13 -1.091386e+02 -5.697035e+04
INFO: cmn.c(183): CMN: 60.27  5.45 15.08 -4.96 13.03 -10.98 -9.42 -7.48 -2.06 -0.58  3.21 -7.19 -5.90 
utt>   215                       007 1688    0   116 3  1 1 1.994995e-14 -1.102570e+02 -1.861137e+05
INFO: cmn.c(183): CMN: 51.71  2.45  9.95  1.87  2.34  0.05  1.24 -0.58  9.07  1.27  9.96 -0.45 -1.05 
utt>   216                       001  399    0    68 2  1 1 4.377599e-13 -1.041305e+02 -4.154806e+04
INFO: cmn.c(183): CMN: 57.29  7.08  8.97  8.79  8.32 -9.57  0.46  4.13 -0.86  0.04 11.11  0.69 -0.82 
utt>   217                       002  547    0    60 3  1 1 3.115354e-13 -1.046662e+02 -5.725240e+04
INFO: cmn.c(183): CMN: 54.27  6.67 12.78 -1.34  8.36  2.75 -0.62 -3.55  6.61 -0.98  4.19 -5.56  1.56 
utt>   218                       003  470    0    44 3  1 1 3.885369e-13 -1.189746e+02 -5.591804e+04
INFO: cmn.c(183): CMN: 56.53  2.96 23.15  8.32  3.54 -9.66 -7.54 -5.25  2.82  0.57 10.53 -4.83 -6.09 
utt>   219                       004  395    0    40 3  1 1 3.550903e-15 -1.054986e+02 -4.167193e+04
INFO: cmn.c(183): CMN: 58.71  4.20 14.33  3.96  9.80 -13.74 -10.92 -5.51 -4.17  0.04  6.19 -7.25 -8.51 
utt>   220                       005  719    0    64 3  1 1 2.583327e-14 -1.115351e+02 -8.019375e+04
INFO: cmn.c(183): CMN: 57.11  4.46 17.31 -3.89  9.04 -7.21 -14.54 -12.27 -1.53  1.21  3.55 -5.36 -11.64 
utt>   221                       006  522    0    56 3  1 1 1.731246e-13 -1.091467e+02 -5.697458e+04
overall> stats 149597 (-0) -1.096343e+02 -1.640096e+07

INFO: s3mixw_io.c(233): Wrote /home/azizkag/projects/QuranRecognition/fatiha_acoustic_model/bwaccumdir/fatiha_buff_1/mixw_counts [386x1x8 array]
INFO: s3tmat_io.c(176): Wrote /home/azizkag/projects/QuranRecognition/fatiha_acoustic_model/bwaccumdir/fatiha_buff_1/tmat_counts [62x3x4 array]
INFO: s3gau_io.c(485): Wrote /home/azizkag/projects/QuranRecognition/fatiha_acoustic_model/bwaccumdir/fatiha_buff_1/gauden_counts with means with vars [386x1x8 vector arrays]
INFO: main.c(1003): Counts saved to /home/azizkag/projects/QuranRecognition/fatiha_acoustic_model/bwaccumdir/fatiha_buff_1
Sun Jan 24 16:58:06 2016
