Current configuration:
[NAME]		[DEFLT]	[VALUE]
-dcountfn		/home/azizkag/projects/QuranRecognition/fatiha_acoustic_model/model_parameters/fatiha.cd_cont_200/mixture_weights
-example	no	no
-fullvar	no	no
-help		no	no
-inmeanfn		/home/azizkag/projects/QuranRecognition/fatiha_acoustic_model/model_parameters/fatiha.cd_cont_200/means
-inmixwfn		/home/azizkag/projects/QuranRecognition/fatiha_acoustic_model/model_parameters/fatiha.cd_cont_200/mixture_weights
-invarfn		/home/azizkag/projects/QuranRecognition/fatiha_acoustic_model/model_parameters/fatiha.cd_cont_200/variances
-ninc		1	1
-outmeanfn		/home/azizkag/projects/QuranRecognition/fatiha_acoustic_model/model_parameters/fatiha.cd_cont_initial/means
-outmixwfn		/home/azizkag/projects/QuranRecognition/fatiha_acoustic_model/model_parameters/fatiha.cd_cont_initial/mixture_weights
-outvarfn		/home/azizkag/projects/QuranRecognition/fatiha_acoustic_model/model_parameters/fatiha.cd_cont_initial/variances

INFO: main.c(86): Reading mixing weight file /home/azizkag/projects/QuranRecognition/fatiha_acoustic_model/model_parameters/fatiha.cd_cont_200/mixture_weights.
INFO: s3mixw_io.c(117): Read /home/azizkag/projects/QuranRecognition/fatiha_acoustic_model/model_parameters/fatiha.cd_cont_200/mixture_weights [386x1x1 array]
INFO: s3gau_io.c(169): Read /home/azizkag/projects/QuranRecognition/fatiha_acoustic_model/model_parameters/fatiha.cd_cont_200/means [386x1x1 array]
INFO: s3gau_io.c(169): Read /home/azizkag/projects/QuranRecognition/fatiha_acoustic_model/model_parameters/fatiha.cd_cont_200/variances [386x1x1 array]
INFO: s3gau_io.c(553): Read /home/azizkag/projects/QuranRecognition/fatiha_acoustic_model/model_parameters/fatiha.cd_cont_200/mixture_weights [386x1x1 array]
INFO: main.c(151): output n_density == 2
0:0(1.23e+04)
1:0(4.23e+03)
2:0(2.56e+03)
3:0(8.94e+02)
4:0(4.61e+03)
5:0(1.54e+03)
6:0(2.36e+04)
7:0(4.48e+03)
8:0(3.32e+03)
9:0(7.94e+03)
10:0(5.63e+03)
11:0(5.00e+03)
12:0(6.40e+02)
13:0(3.84e+02)
14:0(3.84e+02)
15:0(5.12e+02)
16:0(2.05e+03)
17:0(5.38e+03)
18:0(2.56e+03)
19:0(1.02e+03)
20:0(2.43e+03)
21:0(1.36e+03)
22:0(3.98e+03)
23:0(2.84e+03)
24:0(2.05e+03)
25:0(4.10e+03)
26:0(7.68e+02)
27:0(2.18e+03)
28:0(1.28e+03)
29:0(1.79e+03)
30:0(1.41e+03)
31:0(6.40e+02)
32:0(2.00e+03)
33:0(7.68e+02)
34:0(7.68e+02)
35:0(2.05e+03)
36:0(1.23e+04)
37:0(1.41e+03)
38:0(7.68e+02)
39:0(2.18e+03)
40:0(7.68e+02)
41:0(2.18e+03)
42:0(3.07e+03)
43:0(2.82e+03)
44:0(3.07e+03)
45:0(9.01e+02)
46:0(1.14e+03)
47:0(1.72e+03)
48:0(2.31e+03)
49:0(1.66e+03)
50:0(7.42e+03)
51:0(1.88e+04)
52:0(3.21e+03)
53:0(5.12e+02)
54:0(1.28e+03)
55:0(1.02e+03)
56:0(6.40e+02)
57:0(7.68e+02)
58:0(3.84e+02)
59:0(6.40e+02)
60:0(4.96e+02)
61:0(6.20e+02)
62:0(1.08e+04)
63:0(1.26e+04)
64:0(1.92e+03)
65:0(1.02e+03)
66:0(3.46e+03)
67:0(7.68e+02)
68:0(4.98e+03)
69:0(5.12e+02)
70:0(2.43e+03)
71:0(1.02e+03)
72:0(1.79e+03)
73:0(1.74e+03)
74:0(4.56e+03)
75:0(8.79e+03)
76:0(4.92e+03)
77:0(3.94e+03)
78:0(1.12e+03)
79:0(1.86e+03)
80:0(7.44e+02)
81:0(5.12e+02)
82:0(7.68e+02)
83:0(6.40e+02)
84:0(3.19e+03)
85:0(1.15e+03)
86:0(1.15e+03)
87:0(5.46e+03)
88:0(1.60e+03)
89:0(3.85e+03)
90:0(1.02e+03)
91:0(5.12e+02)
92:0(5.38e+03)
93:0(2.94e+03)
94:0(1.41e+03)
95:0(1.16e+04)
96:0(5.12e+02)
97:0(1.15e+03)
98:0(8.96e+02)
99:0(3.20e+03)
100:0(2.43e+03)
101:0(6.02e+03)
102:0(5.12e+02)
103:0(5.12e+02)
104:0(1.28e+03)
105:0(5.08e+02)
106:0(7.64e+02)
107:0(6.91e+03)
108:0(9.85e+03)
109:0(1.92e+03)
110:0(2.81e+03)
111:0(2.01e+03)
112:0(4.61e+03)
113:0(1.14e+04)
114:0(2.82e+03)
115:0(3.07e+03)
116:0(2.69e+03)
117:0(5.12e+02)
118:0(7.68e+02)
119:0(6.27e+03)
120:0(1.68e+03)
121:0(8.96e+02)
122:0(2.94e+03)
123:0(1.54e+03)
124:0(3.58e+03)
125:0(4.48e+03)
126:0(2.46e+03)
127:0(1.25e+03)
128:0(8.57e+03)
129:0(1.66e+03)
130:0(3.20e+03)
131:0(7.04e+03)
132:0(6.40e+02)
133:0(5.25e+03)
134:0(1.28e+03)
135:0(1.54e+03)
136:0(5.12e+02)
137:0(1.41e+03)
138:0(2.95e+03)
139:0(7.56e+03)
140:0(3.33e+03)
141:0(5.12e+02)
142:0(2.81e+03)
143:0(1.46e+04)
144:0(4.59e+03)
145:0(3.74e+03)
146:0(1.15e+03)
147:0(4.94e+03)
148:0(1.15e+03)
149:0(2.95e+03)
150:0(1.41e+03)
151:0(1.54e+03)
152:0(1.41e+03)
153:0(1.23e+04)
154:0(4.85e+03)
155:0(9.35e+03)
156:0(1.12e+03)
157:0(1.24e+03)
158:0(5.83e+03)
159:0(7.68e+02)
160:0(1.17e+03)
161:0(1.78e+03)
162:0(6.83e+02)
163:0(1.41e+03)
164:0(5.12e+02)
165:0(7.68e+02)
166:0(2.18e+03)
167:0(3.20e+03)
168:0(3.98e+03)
169:0(5.32e+03)
170:0(7.20e+03)
171:0(2.81e+03)
172:0(3.70e+03)
173:0(3.35e+03)
174:0(1.92e+03)
175:0(5.12e+03)
176:0(4.87e+03)
177:0(1.54e+03)
178:0(2.34e+03)
179:0(1.47e+04)
180:0(2.30e+03)
181:0(1.02e+03)
182:0(1.07e+04)
183:0(1.66e+03)
184:0(1.79e+03)
185:0(4.10e+03)
186:0(1.23e+04)
187:0(4.23e+03)
188:0(2.56e+03)
189:0(8.94e+02)
190:0(4.61e+03)
191:0(1.28e+02)
192:0(1.41e+03)
193:0(7.94e+03)
194:0(5.63e+03)
195:0(5.00e+03)
196:0(6.40e+02)
197:0(3.84e+02)
198:0(3.84e+02)
199:0(5.12e+02)
200:0(2.05e+03)
201:0(5.38e+03)
202:0(2.56e+03)
203:0(1.02e+03)
204:0(2.43e+03)
205:0(1.36e+03)
206:0(3.98e+03)
207:0(2.84e+03)
208:0(2.05e+03)
209:0(4.10e+03)
210:0(7.68e+02)
211:0(1.28e+02)
212:0(2.05e+03)
213:0(1.28e+03)
214:0(1.54e+03)
215:0(1.28e+02)
216:0(1.28e+02)
217:0(1.41e+03)
218:0(6.40e+02)
219:0(2.00e+03)
220:0(7.68e+02)
221:0(7.68e+02)
222:0(2.05e+03)
223:0(1.23e+04)
224:0(1.41e+03)
225:0(7.68e+02)
226:0(2.18e+03)
227:0(7.68e+02)
228:0(2.18e+03)
229:0(3.07e+03)
230:0(2.82e+03)
231:0(3.07e+03)
232:0(9.01e+02)
233:0(1.14e+03)
234:0(1.72e+03)
235:0(2.31e+03)
236:0(1.66e+03)
237:0(7.42e+03)
238:0(1.88e+04)
239:0(3.21e+03)
240:0(5.12e+02)
241:0(1.28e+03)
242:0(1.02e+03)
243:0(6.40e+02)
244:0(7.68e+02)
245:0(1.28e+02)
246:0(2.56e+02)
247:0(5.12e+02)
248:0(1.28e+02)
249:0(4.96e+02)
250:0(6.20e+02)
251:0(1.08e+04)
252:0(1.26e+04)
253:0(1.92e+03)
254:0(1.02e+03)
255:0(3.46e+03)
256:0(7.68e+02)
257:0(4.98e+03)
258:0(5.12e+02)
259:0(2.43e+03)
260:0(1.02e+03)
261:0(1.79e+03)
262:0(1.74e+03)
263:0(4.56e+03)
264:0(8.79e+03)
265:0(4.92e+03)
266:0(3.94e+03)
267:0(1.12e+03)
268:0(1.86e+03)
269:0(7.44e+02)
270:0(1.28e+02)
271:0(3.84e+02)
272:0(1.28e+02)
273:0(6.40e+02)
274:0(1.28e+02)
275:0(5.12e+02)
276:0(3.19e+03)
277:0(1.15e+03)
278:0(1.15e+03)
279:0(5.46e+03)
280:0(1.60e+03)
281:0(3.85e+03)
282:0(1.02e+03)
283:0(5.12e+02)
284:0(5.38e+03)
285:0(2.94e+03)
286:0(1.41e+03)
287:0(1.16e+04)
288:0(1.28e+02)
289:0(3.84e+02)
290:0(1.02e+03)
291:0(1.28e+02)
292:0(1.28e+02)
293:0(7.68e+02)
294:0(3.20e+03)
295:0(2.43e+03)
296:0(6.02e+03)
297:0(5.12e+02)
298:0(5.12e+02)
299:0(1.28e+03)
300:0(5.08e+02)
301:0(7.64e+02)
302:0(6.78e+03)
303:0(1.24e+02)
304:0(9.85e+03)
305:0(1.92e+03)
306:0(2.81e+03)
307:0(2.01e+03)
308:0(4.61e+03)
309:0(1.14e+04)
310:0(2.82e+03)
311:0(3.07e+03)
312:0(2.69e+03)
313:0(5.12e+02)
314:0(6.40e+02)
315:0(1.28e+02)
316:0(1.28e+02)
317:0(6.14e+03)
318:0(1.68e+03)
319:0(8.96e+02)
320:0(2.94e+03)
321:0(1.54e+03)
322:0(3.58e+03)
323:0(4.48e+03)
324:0(2.46e+03)
325:0(1.25e+03)
326:0(8.57e+03)
327:0(1.66e+03)
328:0(3.20e+03)
329:0(7.04e+03)
330:0(6.40e+02)
331:0(5.25e+03)
332:0(1.28e+03)
333:0(1.54e+03)
334:0(5.12e+02)
335:0(1.41e+03)
336:0(2.95e+03)
337:0(7.56e+03)
338:0(3.33e+03)
339:0(5.12e+02)
340:0(2.81e+03)
341:0(1.46e+04)
342:0(4.59e+03)
343:0(3.74e+03)
344:0(1.15e+03)
345:0(4.94e+03)
346:0(1.15e+03)
347:0(2.95e+03)
348:0(1.28e+03)
349:0(1.28e+02)
350:0(1.54e+03)
351:0(1.41e+03)
352:0(1.23e+04)
353:0(4.85e+03)
354:0(9.35e+03)
355:0(1.12e+03)
356:0(1.24e+03)
357:0(5.83e+03)
358:0(7.68e+02)
359:0(1.17e+03)
360:0(1.78e+03)
361:0(6.83e+02)
362:0(1.41e+03)
363:0(5.12e+02)
364:0(7.68e+02)
365:0(2.18e+03)
366:0(3.20e+03)
367:0(3.98e+03)
368:0(5.32e+03)
369:0(7.20e+03)
370:0(2.81e+03)
371:0(3.70e+03)
372:0(3.35e+03)
373:0(1.92e+03)
374:0(5.12e+03)
375:0(4.87e+03)
376:0(1.54e+03)
377:0(2.34e+03)
378:0(1.47e+04)
379:0(1.28e+02)
380:0(2.18e+03)
381:0(1.02e+03)
382:0(1.07e+04)
383:0(1.66e+03)
384:0(1.79e+03)
385:0(4.10e+03)INFO: s3mixw_io.c(233): Wrote /home/azizkag/projects/QuranRecognition/fatiha_acoustic_model/model_parameters/fatiha.cd_cont_initial/mixture_weights [386x1x2 array]
INFO: s3gau_io.c(228): Wrote /home/azizkag/projects/QuranRecognition/fatiha_acoustic_model/model_parameters/fatiha.cd_cont_initial/means [386x1x2 array]
INFO: s3gau_io.c(228): Wrote /home/azizkag/projects/QuranRecognition/fatiha_acoustic_model/model_parameters/fatiha.cd_cont_initial/variances [386x1x2 array]

Sun Jan 24 16:57:34 2016
