        INFO: main.c(229): Compiled on Jan 23 2016 at 20:03:23
Current configuration:
[NAME]			[DEFLT]		[VALUE]
-2passvar		no		yes
-abeam			1e-100		1.000000e-90
-accumdir				/home/azizkag/projects/QuranRecognition/fatiha_acoustic_model/bwaccumdir/fatiha_buff_4
-agc			none		none
-agcthresh		2.0		2.000000e+00
-bbeam			1e-100		1.000000e-10
-cb2mllrfn		.1cls.		.1cls.
-cepdir					/home/azizkag/projects/QuranRecognition/fatiha_acoustic_model/feat
-cepext			mfc		mfc
-ceplen			13		13
-ckptintv				0
-cmn			current		current
-cmninit		8.0		8.0
-ctlfn					/home/azizkag/projects/QuranRecognition/fatiha_acoustic_model/etc/fatiha_train.fileids
-diagfull		no		no
-dictfn					/home/azizkag/projects/QuranRecognition/fatiha_acoustic_model/etc/fatiha.dic
-example		no		no
-fdictfn				/home/azizkag/projects/QuranRecognition/fatiha_acoustic_model/etc/fatiha.filler
-feat			1s_c_d_dd	1s_c_d_dd
-fullsuffixmatch	no		no
-fullvar		no		no
-help			no		no
-hmmdir					
-latdir					
-latext					
-lda					
-ldadim			0		0
-lsnfn					/home/azizkag/projects/QuranRecognition/fatiha_acoustic_model/etc/fatiha_train.transcription
-lw			11.5		1.150000e+01
-maxuttlen		0		0
-meanfn					/home/azizkag/projects/QuranRecognition/fatiha_acoustic_model/model_parameters/fatiha.cd_cont_200/means
-meanreest		yes		yes
-mixwfn					/home/azizkag/projects/QuranRecognition/fatiha_acoustic_model/model_parameters/fatiha.cd_cont_200/mixture_weights
-mixwreest		yes		yes
-mllrmat				
-mmie			no		no
-mmie_type		rand		rand
-moddeffn				/home/azizkag/projects/QuranRecognition/fatiha_acoustic_model/model_architecture/fatiha.200.mdef
-mwfloor		0.00001		1.000000e-05
-npart					4
-nskip					0
-outphsegdir				
-outputfullpath		no		no
-part					4
-pdumpdir				
-phsegdir				
-phsegext		phseg		phseg
-runlen			-1		-1
-sentdir				
-sentext		sent		sent
-spthresh		0.0		0.000000e+00
-svspec					
-timing			yes		no
-tmatfn					/home/azizkag/projects/QuranRecognition/fatiha_acoustic_model/model_parameters/fatiha.cd_cont_200/transition_matrices
-tmatreest		yes		yes
-topn			4		4
-tpfloor		0.0001		1.000000e-05
-ts2cbfn				.cont.
-varfloor		0.00001		1.000000e-04
-varfn					/home/azizkag/projects/QuranRecognition/fatiha_acoustic_model/model_parameters/fatiha.cd_cont_200/variances
-varnorm		no		no
-varreest		yes		yes
-viterbi		no		no

INFO: feat.c(715): Initializing feature stream to type: '1s_c_d_dd', ceplen=13, CMN='current', VARNORM='no', AGC='none'
INFO: cmn.c(143): mean[0]= 12.00, mean[1..12]= 0.0
INFO: main.c(318): Reading /home/azizkag/projects/QuranRecognition/fatiha_acoustic_model/model_architecture/fatiha.200.mdef
INFO: model_def_io.c(573): Model definition info:
INFO: model_def_io.c(574): 2006 total models defined (62 base, 1944 tri)
INFO: model_def_io.c(575): 8024 total states
INFO: model_def_io.c(576): 386 total tied states
INFO: model_def_io.c(577): 186 total tied CI states
INFO: model_def_io.c(578): 62 total tied transition matrices
INFO: model_def_io.c(579): 4 max state/model
INFO: model_def_io.c(580): 4 min state/model
INFO: s3mixw_io.c(117): Read /home/azizkag/projects/QuranRecognition/fatiha_acoustic_model/model_parameters/fatiha.cd_cont_200/mixture_weights [386x1x4 array]
INFO: s3tmat_io.c(118): Read /home/azizkag/projects/QuranRecognition/fatiha_acoustic_model/model_parameters/fatiha.cd_cont_200/transition_matrices [62x3x4 array]
INFO: mod_inv.c(301): inserting tprob floor 1.000000e-05 and renormalizing
INFO: s3gau_io.c(169): Read /home/azizkag/projects/QuranRecognition/fatiha_acoustic_model/model_parameters/fatiha.cd_cont_200/means [386x1x4 array]
INFO: s3gau_io.c(169): Read /home/azizkag/projects/QuranRecognition/fatiha_acoustic_model/model_parameters/fatiha.cd_cont_200/variances [386x1x4 array]
INFO: gauden.c(176): 386 total mgau
INFO: gauden.c(150): 1 feature streams (|0|=39 )
INFO: gauden.c(187): 4 total densities
INFO: gauden.c(90): min_var=1.000000e-04
INFO: gauden.c(165): compute 4 densities/frame
INFO: main.c(431): Will reestimate mixing weights.
INFO: main.c(433): Will reestimate means.
INFO: main.c(435): Will reestimate variances.
INFO: main.c(443): Will reestimate transition matrices
INFO: main.c(456): Reading main dictionary: /home/azizkag/projects/QuranRecognition/fatiha_acoustic_model/etc/fatiha.dic
INFO: lexicon.c(221): 26 entries added from /home/azizkag/projects/QuranRecognition/fatiha_acoustic_model/etc/fatiha.dic
INFO: main.c(466): Reading filler dictionary: /home/azizkag/projects/QuranRecognition/fatiha_acoustic_model/etc/fatiha.filler
INFO: lexicon.c(221): 3 entries added from /home/azizkag/projects/QuranRecognition/fatiha_acoustic_model/etc/fatiha.filler
INFO: corpus.c(427): skipping 666 utts.
INFO: corpus.c(431): Last utt skipped: 004
INFO: corpus.c(1086): Will process all remaining utts starting at 666
INFO: main.c(666): Reestimation: Baum-Welch
INFO: cmn.c(183): CMN: 58.71  4.20 14.33  3.96  9.80 -13.74 -10.92 -5.51 -4.17  0.04  6.19 -7.25 -8.51 
column defns
	<seq>
	<id>
	<n_frame_in>
	<n_frame_del>
	<n_state_shmm>
	<avg_states_alpha>
	<avg_states_beta>
	<avg_states_reest>
	<avg_posterior_prune>
	<frame_log_lik>
	<utt_log_lik>
	... timing info ... 
utt>   666                       005  719    0    64 4  1 1 2.683102e-13 -1.183931e+02 -8.512466e+04
INFO: cmn.c(183): CMN: 57.11  4.46 17.31 -3.89  9.04 -7.21 -14.54 -12.27 -1.53  1.21  3.55 -5.36 -11.64 
utt>   667                       006  522    0    56 4  1 1 4.889482e-13 -1.187138e+02 -6.196860e+04
INFO: cmn.c(183): CMN: 60.27  5.45 15.08 -4.96 13.04 -10.98 -9.42 -7.49 -2.06 -0.58  3.22 -7.19 -5.90 
utt>   668                       007 1688    0   116 4  1 1 2.185986e-13 -1.190240e+02 -2.009126e+05
INFO: cmn.c(183): CMN: 51.72  2.45  9.93  1.83  2.25  0.14  1.29 -0.45  9.11  1.27 10.08 -0.40 -1.03 
utt>   669                       001  399    0    68 4  1 1 1.341153e-13 -1.165240e+02 -4.649308e+04
INFO: cmn.c(183): CMN: 57.29  7.08  8.98  8.79  8.31 -9.57  0.45  4.14 -0.88  0.04 11.11  0.70 -0.82 
utt>   670                       002  547    0    60 3  1 1 2.334270e-13 -1.143777e+02 -6.256461e+04
INFO: cmn.c(183): CMN: 54.28  6.66 12.78 -1.33  8.35  2.76 -0.62 -3.53  6.61 -0.99  4.19 -5.57  1.57 
utt>   671                       003  470    0    44 4  1 1 2.444638e-13 -1.230477e+02 -5.783244e+04
INFO: cmn.c(183): CMN: 56.53  2.96 23.15  8.32  3.54 -9.67 -7.53 -5.25  2.81  0.57 10.54 -4.83 -6.08 
utt>   672                       004  395    0    40 5  1 1 1.040717e-13 -1.145788e+02 -4.525864e+04
INFO: cmn.c(183): CMN: 58.71  4.20 14.33  3.96  9.80 -13.74 -10.93 -5.51 -4.16  0.04  6.19 -7.24 -8.51 
utt>   673                       005  719    0    64 4  1 1 2.796878e-13 -1.184018e+02 -8.513088e+04
INFO: cmn.c(183): CMN: 57.11  4.45 17.31 -3.89  9.04 -7.21 -14.55 -12.26 -1.53  1.21  3.56 -5.36 -11.64 
utt>   674                       006  522    0    56 4  1 1 4.390955e-13 -1.187041e+02 -6.196356e+04
INFO: cmn.c(183): CMN: 60.27  5.45 15.08 -4.96 13.04 -10.98 -9.42 -7.49 -2.06 -0.58  3.21 -7.19 -5.90 
utt>   675                       007 1688    0   116 4  1 1 2.004084e-13 -1.190268e+02 -2.009172e+05
INFO: cmn.c(183): CMN: 51.72  2.44  9.96  1.84  2.38  0.16  1.34 -0.48  9.07  1.22  9.96 -0.47 -1.02 
utt>   676                       001  399    0    68 4  1 1 9.434292e-14 -1.167060e+02 -4.656568e+04
INFO: cmn.c(183): CMN: 57.29  7.08  8.97  8.78  8.31 -9.57  0.46  4.13 -0.87  0.04 11.10  0.69 -0.82 
utt>   677                       002  547    0    60 3  1 1 2.269725e-13 -1.143748e+02 -6.256300e+04
INFO: cmn.c(183): CMN: 54.27  6.66 12.79 -1.33  8.36  2.77 -0.64 -3.53  6.61 -0.99  4.21 -5.58  1.57 
utt>   678                       003  470    0    44 4  1 1 2.486988e-13 -1.230495e+02 -5.783325e+04
INFO: cmn.c(183): CMN: 56.52  2.96 23.15  8.32  3.53 -9.67 -7.53 -5.25  2.82  0.57 10.53 -4.83 -6.09 
utt>   679                       004  395    0    40 5  1 1 9.298189e-14 -1.145615e+02 -4.525178e+04
INFO: cmn.c(183): CMN: 58.71  4.20 14.33  3.96  9.80 -13.74 -10.92 -5.51 -4.16  0.03  6.19 -7.25 -8.51 
utt>   680                       005  719    0    64 4  1 1 2.667836e-13 -1.183814e+02 -8.511624e+04
INFO: cmn.c(183): CMN: 57.11  4.45 17.31 -3.90  9.04 -7.20 -14.55 -12.26 -1.54  1.22  3.56 -5.35 -11.64 
utt>   681                       006  522    0    56 4  1 1 4.641760e-13 -1.187172e+02 -6.197040e+04
INFO: cmn.c(183): CMN: 60.27  5.45 15.08 -4.96 13.04 -10.98 -9.42 -7.49 -2.06 -0.58  3.21 -7.19 -5.89 
utt>   682                       007 1688    0   116 4  1 1 2.066330e-13 -1.190258e+02 -2.009155e+05
INFO: cmn.c(183): CMN: 51.71  2.43  9.99  1.81  2.30  0.19  1.37 -0.56  9.12  1.29 10.08 -0.47 -1.02 
utt>   683                       001  399    0    68 4  1 1 1.767281e-13 -1.165623e+02 -4.650836e+04
INFO: cmn.c(183): CMN: 57.29  7.08  8.97  8.78  8.31 -9.56  0.45  4.14 -0.86  0.04 11.10  0.70 -0.82 
utt>   684                       002  547    0    60 3  1 1 2.385196e-13 -1.143670e+02 -6.255873e+04
INFO: cmn.c(183): CMN: 54.27  6.66 12.79 -1.32  8.36  2.76 -0.63 -3.54  6.62 -1.00  4.20 -5.58  1.56 
utt>   685                       003  470    0    44 4  1 1 2.397257e-13 -1.230393e+02 -5.782848e+04
INFO: cmn.c(183): CMN: 56.53  2.96 23.15  8.32  3.53 -9.66 -7.53 -5.25  2.82  0.57 10.54 -4.84 -6.09 
utt>   686                       004  395    0    40 5  1 1 3.331705e-13 -1.145538e+02 -4.524874e+04
INFO: cmn.c(183): CMN: 58.71  4.20 14.33  3.96  9.81 -13.75 -10.92 -5.52 -4.16  0.03  6.19 -7.25 -8.50 
utt>   687                       005  719    0    64 4  1 1 2.823746e-13 -1.183890e+02 -8.512169e+04
INFO: cmn.c(183): CMN: 57.10  4.46 17.32 -3.89  9.04 -7.21 -14.55 -12.27 -1.54  1.21  3.57 -5.36 -11.65 
utt>   688                       006  522    0    56 4  1 1 4.537631e-13 -1.187265e+02 -6.197523e+04
INFO: cmn.c(183): CMN: 60.27  5.45 15.08 -4.96 13.04 -10.98 -9.42 -7.49 -2.06 -0.58  3.21 -7.19 -5.90 
utt>   689                       007 1688    0   116 4  1 1 1.866009e-13 -1.190163e+02 -2.008995e+05
INFO: cmn.c(183): CMN: 51.72  2.43  9.95  1.80  2.33  0.23  1.25 -0.43  9.07  1.30 10.00 -0.44 -1.00 
utt>   690                       001  399    0    68 4  1 1 1.058766e-13 -1.166333e+02 -4.653667e+04
INFO: cmn.c(183): CMN: 57.29  7.08  8.98  8.79  8.32 -9.57  0.44  4.14 -0.86  0.03 11.10  0.69 -0.82 
utt>   691                       002  547    0    60 3  1 1 4.934393e-13 -1.143769e+02 -6.256414e+04
INFO: cmn.c(183): CMN: 54.28  6.66 12.78 -1.33  8.36  2.76 -0.64 -3.54  6.62 -0.98  4.19 -5.57  1.57 
utt>   692                       003  470    0    44 4  1 1 2.464595e-13 -1.230667e+02 -5.784134e+04
INFO: cmn.c(183): CMN: 56.52  2.96 23.16  8.32  3.53 -9.66 -7.53 -5.25  2.82  0.58 10.53 -4.83 -6.08 
utt>   693                       004  395    0    40 5  1 1 9.140220e-14 -1.145825e+02 -4.526008e+04
INFO: cmn.c(183): CMN: 58.71  4.20 14.33  3.96  9.80 -13.74 -10.92 -5.52 -4.16  0.03  6.19 -7.25 -8.51 
utt>   694                       005  719    0    64 4  1 1 2.722738e-13 -1.183860e+02 -8.511954e+04
INFO: cmn.c(183): CMN: 57.10  4.46 17.31 -3.90  9.04 -7.20 -14.55 -12.27 -1.54  1.21  3.56 -5.35 -11.64 
utt>   695                       006  522    0    56 4  1 1 4.486732e-13 -1.187163e+02 -6.196993e+04
INFO: cmn.c(183): CMN: 60.27  5.45 15.08 -4.96 13.04 -10.98 -9.42 -7.49 -2.06 -0.58  3.21 -7.19 -5.89 
utt>   696                       007 1688    0   116 4  1 1 1.957221e-13 -1.190180e+02 -2.009025e+05
INFO: cmn.c(183): CMN: 51.72  2.45  9.92  1.88  2.37  0.15  1.30 -0.57  9.17  1.33 10.09 -0.55 -1.15 
utt>   697                       001  399    0    68 4  1 1 1.075757e-13 -1.165501e+02 -4.650350e+04
INFO: cmn.c(183): CMN: 57.29  7.08  8.97  8.79  8.31 -9.57  0.45  4.13 -0.87  0.04 11.11  0.70 -0.82 
utt>   698                       002  547    0    60 3  1 1 2.377054e-13 -1.143671e+02 -6.255878e+04
INFO: cmn.c(183): CMN: 54.27  6.67 12.79 -1.33  8.35  2.76 -0.63 -3.52  6.62 -0.99  4.17 -5.57  1.58 
utt>   699                       003  470    0    44 4  1 1 2.360093e-13 -1.230565e+02 -5.783656e+04
INFO: cmn.c(183): CMN: 56.53  2.96 23.15  8.32  3.54 -9.66 -7.54 -5.26  2.82  0.57 10.54 -4.82 -6.08 
utt>   700                       004  395    0    40 5  1 1 3.088845e-13 -1.145719e+02 -4.525589e+04
INFO: cmn.c(183): CMN: 58.71  4.20 14.33  3.96  9.79 -13.75 -10.91 -5.51 -4.18  0.04  6.18 -7.24 -8.51 
utt>   701                       005  719    0    64 4  1 1 2.737132e-13 -1.183867e+02 -8.512001e+04
INFO: cmn.c(183): CMN: 57.11  4.45 17.32 -3.89  9.04 -7.21 -14.55 -12.26 -1.54  1.21  3.56 -5.36 -11.64 
utt>   702                       006  522    0    56 4  1 1 5.121918e-13 -1.187069e+02 -6.196498e+04
INFO: cmn.c(183): CMN: 60.27  5.45 15.08 -4.96 13.03 -10.98 -9.42 -7.49 -2.06 -0.58  3.21 -7.19 -5.89 
utt>   703                       007 1688    0   116 4  1 1 1.853377e-13 -1.190135e+02 -2.008948e+05
INFO: cmn.c(183): CMN: 51.72  2.42  9.94  1.85  2.41  0.20  1.34 -0.52  9.07  1.32 10.08 -0.39 -0.94 
utt>   704                       001  399    0    68 4  1 1 2.073498e-13 -1.167073e+02 -4.656620e+04
INFO: cmn.c(183): CMN: 57.29  7.09  8.97  8.79  8.31 -9.56  0.45  4.13 -0.87  0.04 11.11  0.69 -0.82 
utt>   705                       002  547    0    60 3  1 1 3.788515e-13 -1.143668e+02 -6.255863e+04
INFO: cmn.c(183): CMN: 54.28  6.66 12.79 -1.34  8.35  2.76 -0.63 -3.53  6.62 -0.99  4.19 -5.56  1.56 
utt>   706                       003  470    0    44 4  1 1 2.331987e-13 -1.230646e+02 -5.784035e+04
INFO: cmn.c(183): CMN: 56.53  2.96 23.15  8.32  3.54 -9.66 -7.53 -5.25  2.80  0.56 10.54 -4.82 -6.08 
utt>   707                       004  395    0    40 5  1 1 8.681360e-14 -1.145516e+02 -4.524789e+04
INFO: cmn.c(183): CMN: 58.71  4.20 14.32  3.96  9.80 -13.75 -10.92 -5.52 -4.16  0.04  6.18 -7.25 -8.51 
utt>   708                       005  719    0    64 4  1 1 3.135689e-13 -1.184109e+02 -8.513746e+04
INFO: cmn.c(183): CMN: 57.11  4.45 17.32 -3.90  9.04 -7.21 -14.54 -12.26 -1.54  1.21  3.56 -5.36 -11.65 
utt>   709                       006  522    0    56 4  1 1 3.619435e-13 -1.187288e+02 -6.197643e+04
INFO: cmn.c(183): CMN: 60.27  5.45 15.08 -4.96 13.03 -10.98 -9.42 -7.49 -2.07 -0.58  3.21 -7.19 -5.89 
utt>   710                       007 1688    0   116 4  1 1 2.101607e-13 -1.190151e+02 -2.008974e+05
INFO: cmn.c(183): CMN: 51.71  2.46  9.95  1.83  2.51  0.21  1.33 -0.46  9.06  1.21 10.03 -0.40 -0.99 
utt>   711                       001  399    0    68 4  1 1 9.660033e-14 -1.165372e+02 -4.649836e+04
INFO: cmn.c(183): CMN: 57.29  7.08  8.97  8.79  8.31 -9.57  0.45  4.14 -0.87  0.03 11.11  0.69 -0.80 
utt>   712                       002  547    0    60 3  1 1 2.322703e-13 -1.143616e+02 -6.255581e+04
INFO: cmn.c(183): CMN: 54.27  6.66 12.79 -1.33  8.36  2.76 -0.64 -3.54  6.62 -0.99  4.19 -5.58  1.56 
utt>   713                       003  470    0    44 4  1 1 2.341184e-13 -1.230625e+02 -5.783937e+04
INFO: cmn.c(183): CMN: 56.52  2.96 23.15  8.33  3.53 -9.67 -7.53 -5.25  2.81  0.57 10.53 -4.83 -6.09 
utt>   714                       004  395    0    40 5  1 1 2.334015e-13 -1.145685e+02 -4.525455e+04
INFO: cmn.c(183): CMN: 58.71  4.20 14.33  3.96  9.80 -13.75 -10.92 -5.52 -4.16  0.04  6.19 -7.24 -8.51 
utt>   715                       005  719    0    64 4  1 1 2.676475e-13 -1.184245e+02 -8.514718e+04
INFO: cmn.c(183): CMN: 57.11  4.45 17.32 -3.89  9.04 -7.21 -14.55 -12.26 -1.54  1.21  3.56 -5.37 -11.65 
utt>   716                       006  522    0    56 4  1 1 5.222775e-13 -1.187117e+02 -6.196753e+04
INFO: cmn.c(183): CMN: 60.27  5.45 15.09 -4.96 13.03 -10.98 -9.42 -7.49 -2.06 -0.58  3.21 -7.19 -5.90 
utt>   717                       007 1688    0   116 4  1 1 2.004900e-13 -1.190145e+02 -2.008965e+05
INFO: cmn.c(183): CMN: 51.72  2.44  9.98  1.81  2.34  0.16  1.37 -0.50  9.10  1.29  9.99 -0.39 -0.98 
utt>   718                       001  399    0    68 4  1 1 9.377670e-14 -1.165135e+02 -4.648887e+04
INFO: cmn.c(183): CMN: 57.29  7.08  8.97  8.79  8.31 -9.57  0.45  4.13 -0.87  0.05 11.11  0.70 -0.81 
utt>   719                       002  547    0    60 3  1 1 3.808779e-13 -1.143476e+02 -6.254812e+04
INFO: cmn.c(183): CMN: 54.27  6.65 12.78 -1.32  8.38  2.77 -0.64 -3.54  6.62 -0.99  4.20 -5.59  1.57 
utt>   720                       003  470    0    44 4  1 1 2.580330e-13 -1.230671e+02 -5.784155e+04
INFO: cmn.c(183): CMN: 56.53  2.96 23.16  8.33  3.53 -9.67 -7.53 -5.25  2.82  0.58 10.54 -4.83 -6.09 
utt>   721                       004  395    0    40 5  1 1 3.382285e-13 -1.145671e+02 -4.525401e+04
INFO: cmn.c(183): CMN: 58.71  4.20 14.33  3.96  9.80 -13.74 -10.92 -5.53 -4.17  0.04  6.19 -7.25 -8.51 
utt>   722                       005  719    0    64 4  1 1 2.996124e-13 -1.183817e+02 -8.511642e+04
INFO: cmn.c(183): CMN: 57.11  4.45 17.31 -3.89  9.04 -7.21 -14.54 -12.26 -1.55  1.21  3.56 -5.36 -11.64 
utt>   723                       006  522    0    56 4  1 1 4.848681e-13 -1.187206e+02 -6.197213e+04
INFO: cmn.c(183): CMN: 60.27  5.45 15.08 -4.95 13.04 -10.98 -9.42 -7.49 -2.06 -0.58  3.21 -7.19 -5.89 
utt>   724                       007 1688    0   116 4  1 1 1.855448e-13 -1.190116e+02 -2.008916e+05
INFO: cmn.c(183): CMN: 51.73  2.43  9.99  1.89  2.38  0.27  1.39 -0.46  9.10  1.21  9.93 -0.45 -0.93 
utt>   725                       001  399    0    68 4  1 1 3.385892e-13 -1.164548e+02 -4.646547e+04
INFO: cmn.c(183): CMN: 57.29  7.08  8.98  8.79  8.31 -9.57  0.45  4.14 -0.87  0.03 11.10  0.70 -0.82 
utt>   726                       002  547    0    60 3  1 1 3.787066e-13 -1.143872e+02 -6.256978e+04
INFO: cmn.c(183): CMN: 54.27  6.66 12.79 -1.33  8.35  2.75 -0.64 -3.55  6.63 -0.97  4.18 -5.58  1.56 
utt>   727                       003  470    0    44 4  1 1 2.635152e-13 -1.230510e+02 -5.783397e+04
INFO: cmn.c(183): CMN: 56.53  2.96 23.15  8.32  3.53 -9.66 -7.53 -5.25  2.81  0.56 10.54 -4.83 -6.09 
utt>   728                       004  395    0    40 5  1 1 9.972746e-14 -1.145445e+02 -4.524507e+04
INFO: cmn.c(183): CMN: 58.71  4.20 14.32  3.96  9.80 -13.74 -10.93 -5.52 -4.17  0.04  6.18 -7.25 -8.51 
utt>   729                       005  719    0    64 4  1 1 2.744008e-13 -1.183892e+02 -8.512181e+04
INFO: cmn.c(183): CMN: 57.11  4.45 17.31 -3.89  9.04 -7.21 -14.54 -12.27 -1.54  1.21  3.56 -5.36 -11.64 
utt>   730                       006  522    0    56 4  1 1 3.611338e-13 -1.187095e+02 -6.196634e+04
INFO: cmn.c(183): CMN: 60.27  5.45 15.08 -4.95 13.04 -10.99 -9.42 -7.49 -2.06 -0.58  3.21 -7.19 -5.89 
utt>   731                       007 1688    0   116 4  1 1 1.883869e-13 -1.190230e+02 -2.009108e+05
INFO: cmn.c(183): CMN: 51.71  2.45  9.97  1.82  2.34  0.20  1.34 -0.55  9.06  1.21 10.00 -0.43 -1.09 
utt>   732                       001  399    0    68 4  1 1 1.026975e-13 -1.165189e+02 -4.649104e+04
INFO: cmn.c(183): CMN: 57.29  7.08  8.97  8.79  8.32 -9.57  0.45  4.14 -0.87  0.04 11.10  0.69 -0.83 
utt>   733                       002  547    0    60 3  1 1 2.294423e-13 -1.143851e+02 -6.256864e+04
INFO: cmn.c(183): CMN: 54.28  6.66 12.78 -1.33  8.36  2.75 -0.64 -3.53  6.60 -0.98  4.19 -5.57  1.57 
utt>   734                       003  470    0    44 4  1 1 2.294434e-13 -1.230910e+02 -5.785279e+04
INFO: cmn.c(183): CMN: 56.53  2.96 23.15  8.32  3.53 -9.66 -7.52 -5.26  2.81  0.57 10.54 -4.83 -6.09 
utt>   735                       004  395    0    40 5  1 1 3.184659e-13 -1.145480e+02 -4.524646e+04
INFO: cmn.c(183): CMN: 58.71  4.20 14.33  3.96  9.80 -13.73 -10.93 -5.52 -4.17  0.04  6.19 -7.25 -8.51 
utt>   736                       005  719    0    64 4  1 1 2.739837e-13 -1.184014e+02 -8.513060e+04
INFO: cmn.c(183): CMN: 57.11  4.45 17.31 -3.89  9.04 -7.20 -14.55 -12.27 -1.54  1.21  3.57 -5.36 -11.63 
utt>   737                       006  522    0    56 4  1 1 5.069194e-13 -1.187028e+02 -6.196288e+04
INFO: cmn.c(183): CMN: 60.27  5.45 15.08 -4.96 13.03 -10.98 -9.42 -7.48 -2.06 -0.58  3.21 -7.19 -5.89 
utt>   738                       007 1688    0   116 4  1 1 2.109515e-13 -1.190166e+02 -2.009001e+05
INFO: cmn.c(183): CMN: 51.72  2.42  9.93  1.86  2.42  0.10  1.19 -0.55  9.07  1.24 10.06 -0.51 -1.08 
utt>   739                       001  399    0    68 4  1 1 1.429037e-13 -1.164886e+02 -4.647893e+04
INFO: cmn.c(183): CMN: 57.29  7.08  8.97  8.79  8.31 -9.57  0.44  4.14 -0.85  0.04 11.11  0.69 -0.82 
utt>   740                       002  547    0    60 3  1 1 3.289737e-13 -1.144018e+02 -6.257777e+04
INFO: cmn.c(183): CMN: 54.28  6.66 12.78 -1.32  8.36  2.75 -0.62 -3.54  6.62 -0.97  4.18 -5.57  1.57 
utt>   741                       003  470    0    44 4  1 1 2.578493e-13 -1.230916e+02 -5.785304e+04
INFO: cmn.c(183): CMN: 56.52  2.96 23.15  8.32  3.53 -9.66 -7.53 -5.26  2.81  0.57 10.54 -4.82 -6.09 
utt>   742                       004  395    0    40 5  1 1 4.829310e-13 -1.145679e+02 -4.525431e+04
INFO: cmn.c(183): CMN: 58.70  4.20 14.33  3.96  9.80 -13.75 -10.92 -5.52 -4.17  0.04  6.18 -7.24 -8.51 
utt>   743                       005  719    0    64 4  1 1 2.778562e-13 -1.184098e+02 -8.513667e+04
INFO: cmn.c(183): CMN: 57.11  4.46 17.31 -3.90  9.04 -7.20 -14.55 -12.27 -1.54  1.21  3.56 -5.36 -11.64 
utt>   744                       006  522    0    56 4  1 1 5.055459e-13 -1.186954e+02 -6.195898e+04
INFO: cmn.c(183): CMN: 60.27  5.45 15.08 -4.96 13.04 -10.98 -9.42 -7.48 -2.06 -0.58  3.22 -7.19 -5.90 
utt>   745                       007 1688    0   116 4  1 1 2.092313e-13 -1.190222e+02 -2.009095e+05
INFO: cmn.c(183): CMN: 51.73  2.44  9.95  1.86  2.31  0.07  1.30 -0.49  9.11  1.24 10.08 -0.52 -1.03 
utt>   746                       001  399    0    68 4  1 1 2.927618e-13 -1.165234e+02 -4.649283e+04
INFO: cmn.c(183): CMN: 57.29  7.08  8.97  8.79  8.32 -9.57  0.45  4.15 -0.87  0.04 11.10  0.70 -0.82 
utt>   747                       002  547    0    60 3  1 1 3.570145e-13 -1.143868e+02 -6.256959e+04
INFO: cmn.c(183): CMN: 54.28  6.66 12.79 -1.33  8.36  2.76 -0.63 -3.54  6.61 -0.97  4.18 -5.58  1.58 
utt>   748                       003  470    0    44 4  1 1 2.311557e-13 -1.230820e+02 -5.784855e+04
INFO: cmn.c(183): CMN: 56.53  2.96 23.15  8.32  3.53 -9.66 -7.53 -5.25  2.83  0.58 10.54 -4.84 -6.08 
utt>   749                       004  395    0    40 5  1 1 2.630573e-13 -1.145713e+02 -4.525568e+04
INFO: cmn.c(183): CMN: 58.71  4.20 14.32  3.96  9.81 -13.74 -10.92 -5.51 -4.16  0.03  6.19 -7.24 -8.51 
utt>   750                       005  719    0    64 4  1 1 2.616294e-13 -1.183669e+02 -8.510581e+04
INFO: cmn.c(183): CMN: 57.11  4.45 17.31 -3.89  9.04 -7.21 -14.55 -12.26 -1.55  1.22  3.56 -5.36 -11.64 
utt>   751                       006  522    0    56 4  1 1 5.381372e-13 -1.187251e+02 -6.197452e+04
INFO: cmn.c(183): CMN: 60.27  5.45 15.08 -4.96 13.04 -10.98 -9.42 -7.48 -2.06 -0.58  3.21 -7.19 -5.90 
utt>   752                       007 1688    0   116 4  1 1 2.001980e-13 -1.190187e+02 -2.009035e+05
INFO: cmn.c(183): CMN: 51.71  2.47  9.94  1.83  2.38  0.20  1.33 -0.54  9.04  1.19 10.00 -0.42 -1.07 
utt>   753                       001  399    0    68 4  1 1 9.448933e-14 -1.164921e+02 -4.648035e+04
INFO: cmn.c(183): CMN: 57.29  7.08  8.97  8.79  8.30 -9.56  0.46  4.13 -0.87  0.03 11.11  0.70 -0.82 
utt>   754                       002  547    0    60 3  1 1 2.277143e-13 -1.144026e+02 -6.257821e+04
INFO: cmn.c(183): CMN: 54.28  6.66 12.78 -1.32  8.37  2.76 -0.66 -3.56  6.62 -0.98  4.21 -5.58  1.56 
utt>   755                       003  470    0    44 4  1 1 2.463243e-13 -1.230683e+02 -5.784209e+04
INFO: cmn.c(183): CMN: 56.52  2.96 23.15  8.32  3.53 -9.66 -7.53 -5.26  2.82  0.57 10.54 -4.83 -6.08 
utt>   756                       004  395    0    40 5  1 1 3.140697e-13 -1.145406e+02 -4.524355e+04
INFO: cmn.c(183): CMN: 58.71  4.20 14.32  3.96  9.80 -13.75 -10.92 -5.52 -4.17  0.04  6.19 -7.24 -8.51 
utt>   757                       005  719    0    64 4  1 1 2.658538e-13 -1.183902e+02 -8.512258e+04
INFO: cmn.c(183): CMN: 57.11  4.46 17.32 -3.89  9.04 -7.21 -14.55 -12.27 -1.55  1.22  3.57 -5.36 -11.64 
utt>   758                       006  522    0    56 4  1 1 4.853265e-13 -1.186941e+02 -6.195833e+04
INFO: cmn.c(183): CMN: 60.27  5.45 15.08 -4.96 13.04 -10.98 -9.42 -7.49 -2.06 -0.58  3.21 -7.19 -5.90 
utt>   759                       007 1688    0   116 4  1 1 1.862289e-13 -1.190221e+02 -2.009093e+05
INFO: cmn.c(183): CMN: 51.71  2.44  9.93  1.87  2.44  0.15  1.19 -0.50  9.09  1.22 10.04 -0.42 -0.99 
utt>   760                       001  399    0    68 4  1 1 3.193441e-13 -1.165688e+02 -4.651096e+04
INFO: cmn.c(183): CMN: 57.29  7.09  8.97  8.79  8.32 -9.57  0.45  4.13 -0.87  0.04 11.11  0.70 -0.81 
utt>   761                       002  547    0    60 3  1 1 3.831331e-13 -1.143802e+02 -6.256595e+04
INFO: cmn.c(183): CMN: 54.27  6.66 12.79 -1.33  8.36  2.76 -0.62 -3.54  6.62 -0.99  4.17 -5.58  1.57 
utt>   762                       003  470    0    44 4  1 1 2.390069e-13 -1.230468e+02 -5.783202e+04
INFO: cmn.c(183): CMN: 56.53  2.97 23.15  8.32  3.53 -9.67 -7.53 -5.25  2.82  0.57 10.53 -4.83 -6.08 
utt>   763                       004  395    0    40 5  1 1 9.511245e-14 -1.145531e+02 -4.524848e+04
INFO: cmn.c(183): CMN: 58.71  4.20 14.33  3.96  9.80 -13.74 -10.92 -5.51 -4.17  0.04  6.18 -7.25 -8.51 
utt>   764                       005  719    0    64 4  1 1 3.384245e-13 -1.184102e+02 -8.513694e+04
INFO: cmn.c(183): CMN: 57.11  4.46 17.32 -3.90  9.04 -7.21 -14.55 -12.26 -1.53  1.21  3.56 -5.36 -11.64 
utt>   765                       006  522    0    56 4  1 1 3.730326e-13 -1.187105e+02 -6.196686e+04
INFO: cmn.c(183): CMN: 60.27  5.45 15.08 -4.96 13.04 -10.98 -9.43 -7.49 -2.06 -0.58  3.21 -7.19 -5.89 
utt>   766                       007 1688    0   116 4  1 1 1.812341e-13 -1.190111e+02 -2.008907e+05
INFO: cmn.c(183): CMN: 51.72  2.44  9.97  1.85  2.40  0.16  1.18 -0.56  9.15  1.26 10.03 -0.41 -1.03 
utt>   767                       001  399    0    68 4  1 1 2.486399e-13 -1.165452e+02 -4.650152e+04
INFO: cmn.c(183): CMN: 57.29  7.08  8.97  8.78  8.32 -9.56  0.44  4.13 -0.86  0.04 11.11  0.70 -0.82 
utt>   768                       002  547    0    60 3  1 1 2.283504e-13 -1.143975e+02 -6.257544e+04
INFO: cmn.c(183): CMN: 54.27  6.66 12.79 -1.32  8.36  2.76 -0.64 -3.54  6.61 -0.99  4.20 -5.58  1.58 
utt>   769                       003  470    0    44 4  1 1 2.302505e-13 -1.230531e+02 -5.783495e+04
INFO: cmn.c(183): CMN: 56.53  2.97 23.15  8.32  3.54 -9.67 -7.53 -5.25  2.82  0.56 10.53 -4.83 -6.08 
utt>   770                       004  395    0    40 5  1 1 9.977058e-14 -1.145848e+02 -4.526101e+04
INFO: cmn.c(183): CMN: 58.71  4.20 14.33  3.96  9.80 -13.74 -10.92 -5.52 -4.17  0.04  6.19 -7.25 -8.51 
utt>   771                       005  719    0    64 4  1 1 2.911571e-13 -1.183953e+02 -8.512621e+04
INFO: cmn.c(183): CMN: 57.11  4.46 17.31 -3.89  9.04 -7.21 -14.55 -12.26 -1.54  1.21  3.57 -5.36 -11.64 
utt>   772                       006  522    0    56 4  1 1 4.912783e-13 -1.187310e+02 -6.197757e+04
INFO: cmn.c(183): CMN: 60.27  5.45 15.08 -4.96 13.04 -10.98 -9.42 -7.49 -2.06 -0.58  3.21 -7.19 -5.90 
utt>   773                       007 1688    0   116 4  1 1 1.973183e-13 -1.190245e+02 -2.009134e+05
INFO: cmn.c(183): CMN: 51.71  2.46  9.90  1.84  2.40  0.11  1.28 -0.52  9.06  1.33 10.01 -0.46 -0.97 
utt>   774                       001  399    0    68 4  1 1 9.241968e-14 -1.165683e+02 -4.651073e+04
INFO: cmn.c(183): CMN: 57.29  7.08  8.97  8.79  8.32 -9.57  0.45  4.14 -0.87  0.05 11.10  0.70 -0.82 
utt>   775                       002  547    0    60 3  1 1 3.435577e-13 -1.143712e+02 -6.256104e+04
INFO: cmn.c(183): CMN: 54.27  6.66 12.79 -1.32  8.36  2.77 -0.63 -3.53  6.58 -0.99  4.20 -5.57  1.56 
utt>   776                       003  470    0    44 4  1 1 2.347725e-13 -1.230625e+02 -5.783935e+04
INFO: cmn.c(183): CMN: 56.53  2.96 23.15  8.32  3.53 -9.66 -7.53 -5.26  2.81  0.58 10.53 -4.83 -6.09 
utt>   777                       004  395    0    40 5  1 1 3.501226e-13 -1.145874e+02 -4.526203e+04
INFO: cmn.c(183): CMN: 58.71  4.20 14.33  3.96  9.80 -13.74 -10.92 -5.52 -4.16  0.04  6.19 -7.25 -8.51 
utt>   778                       005  719    0    64 4  1 1 2.882739e-13 -1.183878e+02 -8.512080e+04
INFO: cmn.c(183): CMN: 57.11  4.46 17.31 -3.89  9.04 -7.21 -14.55 -12.26 -1.53  1.21  3.56 -5.36 -11.64 
utt>   779                       006  522    0    56 4  1 1 4.662311e-13 -1.187081e+02 -6.196565e+04
INFO: cmn.c(183): CMN: 60.27  5.45 15.08 -4.96 13.03 -10.98 -9.42 -7.49 -2.06 -0.58  3.22 -7.19 -5.90 
utt>   780                       007 1688    0   116 4  1 1 1.844120e-13 -1.190216e+02 -2.009085e+05
INFO: cmn.c(183): CMN: 51.72  2.44 10.00  1.82  2.25  0.15  1.32 -0.49  9.09  1.29  9.94 -0.37 -1.03 
utt>   781                       001  399    0    68 4  1 1 1.011849e-13 -1.165960e+02 -4.652180e+04
INFO: cmn.c(183): CMN: 57.29  7.08  8.98  8.79  8.32 -9.57  0.44  4.14 -0.86  0.05 11.10  0.68 -0.82 
utt>   782                       002  547    0    60 3  1 1 2.977149e-13 -1.144029e+02 -6.257840e+04
INFO: cmn.c(183): CMN: 54.27  6.65 12.80 -1.32  8.35  2.77 -0.64 -3.53  6.62 -0.99  4.19 -5.58  1.56 
utt>   783                       003  470    0    44 4  1 1 4.172195e-13 -1.230742e+02 -5.784490e+04
INFO: cmn.c(183): CMN: 56.52  2.96 23.15  8.32  3.54 -9.66 -7.53 -5.26  2.81  0.57 10.54 -4.83 -6.08 
utt>   784                       004  395    0    40 5  1 1 2.824581e-13 -1.145545e+02 -4.524902e+04
INFO: cmn.c(183): CMN: 58.71  4.20 14.32  3.96  9.80 -13.75 -10.92 -5.52 -4.16  0.04  6.19 -7.26 -8.51 
utt>   785                       005  719    0    64 4  1 1 2.688189e-13 -1.183804e+02 -8.511548e+04
INFO: cmn.c(183): CMN: 57.11  4.45 17.31 -3.89  9.04 -7.21 -14.55 -12.26 -1.55  1.21  3.56 -5.36 -11.64 
utt>   786                       006  522    0    56 4  1 1 4.897869e-13 -1.186947e+02 -6.195862e+04
INFO: cmn.c(183): CMN: 60.27  5.45 15.08 -4.96 13.04 -10.98 -9.43 -7.48 -2.06 -0.58  3.21 -7.19 -5.90 
utt>   787                       007 1688    0   116 4  1 1 2.216556e-13 -1.190208e+02 -2.009070e+05
INFO: cmn.c(183): CMN: 51.72  2.45  9.92  1.89  2.39  0.20  1.28 -0.42  9.11  1.29  9.99 -0.47 -1.08 
utt>   788                       001  399    0    68 4  1 1 2.922221e-13 -1.164506e+02 -4.646380e+04
INFO: cmn.c(183): CMN: 57.29  7.08  8.97  8.79  8.31 -9.58  0.45  4.14 -0.85  0.04 11.10  0.69 -0.81 
utt>   789                       002  547    0    60 3  1 1 3.848339e-13 -1.143837e+02 -6.256789e+04
INFO: cmn.c(183): CMN: 54.27  6.66 12.78 -1.31  8.36  2.74 -0.62 -3.53  6.62 -1.00  4.19 -5.58  1.57 
utt>   790                       003  470    0    44 4  1 1 2.433767e-13 -1.230580e+02 -5.783725e+04
INFO: cmn.c(183): CMN: 56.52  2.96 23.15  8.32  3.54 -9.66 -7.53 -5.25  2.82  0.57 10.53 -4.83 -6.08 
utt>   791                       004  395    0    40 5  1 1 5.258615e-13 -1.145663e+02 -4.525367e+04
INFO: cmn.c(183): CMN: 58.71  4.20 14.33  3.96  9.80 -13.74 -10.92 -5.51 -4.16  0.03  6.18 -7.25 -8.51 
utt>   792                       005  719    0    64 4  1 1 2.624568e-13 -1.183734e+02 -8.511045e+04
INFO: cmn.c(183): CMN: 57.11  4.46 17.31 -3.90  9.04 -7.20 -14.55 -12.27 -1.54  1.21  3.56 -5.36 -11.64 
utt>   793                       006  522    0    56 4  1 1 4.483383e-13 -1.187120e+02 -6.196766e+04
INFO: cmn.c(183): CMN: 60.27  5.45 15.08 -4.96 13.04 -10.98 -9.42 -7.49 -2.06 -0.58  3.21 -7.19 -5.90 
utt>   794                       007 1688    0   116 4  1 1 1.921661e-13 -1.190204e+02 -2.009065e+05
INFO: cmn.c(183): CMN: 51.71  2.45  9.99  1.84  2.30  0.10  1.33 -0.45  9.09  1.18 10.04 -0.43 -1.05 
utt>   795                       001  399    0    68 4  1 1 8.867136e-14 -1.165388e+02 -4.649898e+04
INFO: cmn.c(183): CMN: 57.29  7.08  8.97  8.79  8.31 -9.56  0.44  4.13 -0.86  0.04 11.12  0.70 -0.82 
utt>   796                       002  547    0    60 3  1 1 2.335392e-13 -1.143860e+02 -6.256912e+04
INFO: cmn.c(183): CMN: 54.28  6.65 12.79 -1.31  8.36  2.76 -0.63 -3.53  6.60 -0.99  4.19 -5.57  1.58 
utt>   797                       003  470    0    44 4  1 1 2.342621e-13 -1.230719e+02 -5.784379e+04
INFO: cmn.c(183): CMN: 56.53  2.96 23.15  8.32  3.54 -9.67 -7.53 -5.25  2.81  0.57 10.54 -4.82 -6.09 
utt>   798                       004  395    0    40 5  1 1 9.130600e-14 -1.145499e+02 -4.524722e+04
INFO: cmn.c(183): CMN: 58.71  4.20 14.33  3.97  9.80 -13.75 -10.93 -5.51 -4.16  0.03  6.19 -7.25 -8.51 
utt>   799                       005  719    0    64 4  1 1 2.700231e-13 -1.183860e+02 -8.511952e+04
INFO: cmn.c(183): CMN: 57.11  4.45 17.31 -3.90  9.04 -7.20 -14.56 -12.26 -1.54  1.21  3.56 -5.35 -11.64 
utt>   800                       006  522    0    56 4  1 1 4.798525e-13 -1.186840e+02 -6.195306e+04
INFO: cmn.c(183): CMN: 60.27  5.45 15.08 -4.96 13.04 -10.98 -9.42 -7.49 -2.06 -0.58  3.21 -7.19 -5.89 
utt>   801                       007 1688    0   116 4  1 1 1.933581e-13 -1.190088e+02 -2.008869e+05
INFO: cmn.c(183): CMN: 51.72  2.45  9.94  1.86  2.43  0.21  1.37 -0.49  9.06  1.17  9.95 -0.37 -1.06 
utt>   802                       001  399    0    68 4  1 1 9.293110e-14 -1.164148e+02 -4.644952e+04
INFO: cmn.c(183): CMN: 57.29  7.08  8.97  8.78  8.31 -9.56  0.44  4.13 -0.86  0.04 11.10  0.69 -0.82 
utt>   803                       002  547    0    60 3  1 1 2.297970e-13 -1.144009e+02 -6.257727e+04
INFO: cmn.c(183): CMN: 54.27  6.66 12.79 -1.31  8.36  2.76 -0.64 -3.54  6.61 -0.99  4.18 -5.57  1.57 
utt>   804                       003  470    0    44 4  1 1 2.310113e-13 -1.231153e+02 -5.786421e+04
INFO: cmn.c(183): CMN: 56.53  2.96 23.15  8.32  3.53 -9.66 -7.52 -5.24  2.81  0.56 10.53 -4.82 -6.09 
utt>   805                       004  395    0    40 5  1 1 9.649883e-14 -1.145780e+02 -4.525831e+04
INFO: cmn.c(183): CMN: 58.71  4.20 14.32  3.96  9.80 -13.73 -10.93 -5.51 -4.17  0.04  6.18 -7.25 -8.51 
utt>   806                       005  719    0    64 4  1 1 2.698249e-13 -1.183949e+02 -8.512591e+04
INFO: cmn.c(183): CMN: 57.10  4.46 17.31 -3.90  9.04 -7.21 -14.55 -12.26 -1.52  1.21  3.56 -5.35 -11.63 
utt>   807                       006  522    0    56 4  1 1 3.728918e-13 -1.187283e+02 -6.197615e+04
INFO: cmn.c(183): CMN: 60.27  5.45 15.08 -4.96 13.04 -10.98 -9.42 -7.49 -2.06 -0.58  3.21 -7.19 -5.89 
utt>   808                       007 1688    0   116 4  1 1 2.114418e-13 -1.190220e+02 -2.009091e+05
INFO: cmn.c(183): CMN: 51.73  2.47  9.92  1.78  2.30  0.16  1.36 -0.48  9.10  1.40 10.11 -0.48 -1.05 
utt>   809                       001  399    0    68 4  1 1 1.545574e-13 -1.165679e+02 -4.651060e+04
INFO: cmn.c(183): CMN: 57.29  7.08  8.97  8.79  8.32 -9.57  0.45  4.13 -0.86  0.05 11.09  0.70 -0.81 
utt>   810                       002  547    0    60 3  1 1 2.332400e-13 -1.143844e+02 -6.256826e+04
INFO: cmn.c(183): CMN: 54.27  6.66 12.79 -1.33  8.37  2.78 -0.64 -3.54  6.62 -0.99  4.18 -5.56  1.56 
utt>   811                       003  470    0    44 4  1 1 2.275972e-13 -1.230501e+02 -5.783357e+04
INFO: cmn.c(183): CMN: 56.53  2.96 23.15  8.31  3.53 -9.67 -7.52 -5.24  2.81  0.56 10.54 -4.83 -6.08 
utt>   812                       004  395    0    40 5  1 1 1.018743e-13 -1.145500e+02 -4.524726e+04
INFO: cmn.c(183): CMN: 58.71  4.20 14.33  3.96  9.80 -13.75 -10.92 -5.51 -4.17  0.04  6.19 -7.26 -8.50 
utt>   813                       005  719    0    64 4  1 1 3.088008e-13 -1.183713e+02 -8.510900e+04
INFO: cmn.c(183): CMN: 57.11  4.45 17.32 -3.89  9.04 -7.21 -14.54 -12.27 -1.54  1.22  3.56 -5.36 -11.64 
utt>   814                       006  522    0    56 4  1 1 3.703921e-13 -1.187070e+02 -6.196508e+04
INFO: cmn.c(183): CMN: 60.27  5.45 15.08 -4.96 13.04 -10.98 -9.43 -7.49 -2.06 -0.58  3.21 -7.19 -5.90 
utt>   815                       007 1688    0   116 4  1 1 1.916280e-13 -1.190172e+02 -2.009011e+05
INFO: cmn.c(183): CMN: 51.72  2.46  9.94  1.84  2.40  0.14  1.29 -0.44  9.13  1.16 10.13 -0.36 -1.02 
utt>   816                       001  399    0    68 4  1 1 2.328027e-13 -1.164278e+02 -4.645470e+04
INFO: cmn.c(183): CMN: 57.29  7.08  8.98  8.79  8.31 -9.57  0.45  4.14 -0.87  0.05 11.11  0.70 -0.82 
utt>   817                       002  547    0    60 3  1 1 3.043587e-13 -1.143504e+02 -6.254967e+04
INFO: cmn.c(183): CMN: 54.27  6.66 12.79 -1.33  8.37  2.76 -0.65 -3.52  6.62 -0.99  4.19 -5.58  1.56 
utt>   818                       003  470    0    44 4  1 1 2.614459e-13 -1.230908e+02 -5.785268e+04
INFO: cmn.c(183): CMN: 56.53  2.97 23.15  8.32  3.53 -9.67 -7.52 -5.25  2.81  0.56 10.53 -4.83 -6.09 
utt>   819                       004  395    0    40 5  1 1 9.474443e-14 -1.145567e+02 -4.524990e+04
INFO: cmn.c(183): CMN: 58.71  4.20 14.33  3.96  9.80 -13.74 -10.91 -5.51 -4.17  0.03  6.18 -7.24 -8.51 
utt>   820                       005  719    0    64 4  1 1 2.692725e-13 -1.183797e+02 -8.511501e+04
INFO: cmn.c(183): CMN: 57.11  4.46 17.31 -3.90  9.05 -7.21 -14.55 -12.26 -1.54  1.22  3.55 -5.35 -11.64 
utt>   821                       006  522    0    56 4  1 1 5.028497e-13 -1.187046e+02 -6.196378e+04
INFO: cmn.c(183): CMN: 60.27  5.45 15.08 -4.96 13.04 -10.98 -9.43 -7.49 -2.06 -0.58  3.22 -7.19 -5.90 
utt>   822                       007 1688    0   116 4  1 1 1.799849e-13 -1.190177e+02 -2.009018e+05
INFO: cmn.c(183): CMN: 51.71  2.45  9.97  1.80  2.35  0.13  1.34 -0.41  9.17  1.28 10.10 -0.43 -1.11 
utt>   823                       001  399    0    68 4  1 1 2.320293e-13 -1.166296e+02 -4.653522e+04
INFO: cmn.c(183): CMN: 57.29  7.08  8.98  8.79  8.31 -9.56  0.45  4.12 -0.87  0.04 11.11  0.69 -0.82 
utt>   824                       002  547    0    60 3  1 1 2.294539e-13 -1.143902e+02 -6.257143e+04
INFO: cmn.c(183): CMN: 54.27  6.66 12.78 -1.32  8.37  2.76 -0.66 -3.54  6.62 -1.00  4.19 -5.57  1.57 
utt>   825                       003  470    0    44 4  1 1 2.260509e-13 -1.230562e+02 -5.783643e+04
INFO: cmn.c(183): CMN: 56.53  2.96 23.15  8.32  3.53 -9.67 -7.53 -5.25  2.81  0.57 10.54 -4.82 -6.09 
utt>   826                       004  395    0    40 5  1 1 3.295097e-13 -1.145404e+02 -4.524345e+04
INFO: cmn.c(183): CMN: 58.71  4.20 14.33  3.96  9.79 -13.75 -10.92 -5.52 -4.16  0.04  6.18 -7.25 -8.51 
utt>   827                       005  719    0    64 4  1 1 2.785403e-13 -1.183765e+02 -8.511270e+04
INFO: cmn.c(183): CMN: 57.11  4.45 17.32 -3.89  9.03 -7.21 -14.55 -12.26 -1.55  1.22  3.56 -5.36 -11.65 
utt>   828                       006  522    0    56 4  1 1 3.892876e-13 -1.187102e+02 -6.196674e+04
INFO: cmn.c(183): CMN: 60.27  5.45 15.08 -4.96 13.03 -10.98 -9.42 -7.49 -2.06 -0.58  3.22 -7.19 -5.90 
utt>   829                       007 1688    0   116 4  1 1 1.910630e-13 -1.190138e+02 -2.008953e+05
INFO: cmn.c(183): CMN: 51.72  2.45  9.95  1.80  2.32  0.12  1.31 -0.36  9.03  1.29 10.06 -0.40 -0.95 
utt>   830                       001  399    0    68 4  1 1 2.935571e-13 -1.164377e+02 -4.645864e+04
INFO: cmn.c(183): CMN: 57.29  7.08  8.97  8.79  8.31 -9.57  0.44  4.13 -0.86  0.05 11.11  0.70 -0.81 
utt>   831                       002  547    0    60 3  1 1 4.008676e-13 -1.143897e+02 -6.257116e+04
INFO: cmn.c(183): CMN: 54.28  6.66 12.78 -1.33  8.36  2.74 -0.64 -3.53  6.61 -0.99  4.18 -5.57  1.57 
utt>   832                       003  470    0    44 4  1 1 2.473499e-13 -1.230700e+02 -5.784291e+04
INFO: cmn.c(183): CMN: 58.71  4.20 14.33  3.96  9.80 -13.75 -10.92 -5.52 -4.18  0.04  6.19 -7.24 -8.52 
utt>   833                       005  719    0    64 4  1 1 2.932692e-13 -1.184347e+02 -8.515454e+04
INFO: cmn.c(183): CMN: 57.11  4.46 17.31 -3.89  9.03 -7.21 -14.55 -12.26 -1.55  1.22  3.57 -5.37 -11.64 
utt>   834                       006  522    0    56 4  1 1 3.700888e-13 -1.187149e+02 -6.196919e+04
INFO: cmn.c(183): CMN: 60.27  5.45 15.08 -4.96 13.04 -10.98 -9.42 -7.49 -2.06 -0.58  3.21 -7.19 -5.90 
utt>   835                       007 1688    0   116 4  1 1 2.018456e-13 -1.190119e+02 -2.008921e+05
INFO: cmn.c(183): CMN: 51.72  2.45  9.96  1.83  2.37  0.22  1.41 -0.45  9.11  1.23 10.03 -0.46 -1.02 
utt>   836                       001  399    0    68 4  1 1 1.668523e-13 -1.164920e+02 -4.648031e+04
INFO: cmn.c(183): CMN: 57.29  7.08  8.97  8.79  8.32 -9.57  0.45  4.14 -0.88  0.04 11.10  0.70 -0.82 
utt>   837                       002  547    0    60 3  1 1 3.635058e-13 -1.143850e+02 -6.256861e+04
INFO: cmn.c(183): CMN: 54.27  6.65 12.80 -1.32  8.35  2.76 -0.63 -3.51  6.64 -1.00  4.17 -5.57  1.56 
utt>   838                       003  470    0    44 4  1 1 2.688178e-13 -1.230788e+02 -5.784704e+04
INFO: cmn.c(183): CMN: 56.53  2.96 23.15  8.32  3.54 -9.66 -7.54 -5.25  2.82  0.57 10.53 -4.84 -6.09 
utt>   839                       004  395    0    40 5  1 1 2.702227e-13 -1.145627e+02 -4.525228e+04
INFO: cmn.c(183): CMN: 58.71  4.20 14.33  3.96  9.80 -13.74 -10.92 -5.51 -4.16  0.03  6.18 -7.24 -8.50 
utt>   840                       005  719    0    64 4  1 1 2.678585e-13 -1.184537e+02 -8.516822e+04
INFO: cmn.c(183): CMN: 57.11  4.46 17.32 -3.90  9.04 -7.21 -14.55 -12.27 -1.54  1.21  3.57 -5.36 -11.64 
utt>   841                       006  522    0    56 4  1 1 5.511971e-13 -1.187198e+02 -6.197174e+04
INFO: cmn.c(183): CMN: 60.27  5.45 15.08 -4.96 13.04 -10.98 -9.42 -7.49 -2.06 -0.58  3.21 -7.19 -5.89 
utt>   842                       007 1688    0   116 4  1 1 1.886098e-13 -1.190191e+02 -2.009042e+05
INFO: cmn.c(183): CMN: 51.71  2.43 10.00  1.81  2.32  0.15  1.33 -0.44  9.18  1.27 10.01 -0.55 -1.06 
utt>   843                       001  399    0    68 4  1 1 1.050706e-13 -1.165952e+02 -4.652148e+04
INFO: cmn.c(183): CMN: 57.29  7.08  8.97  8.79  8.31 -9.57  0.45  4.14 -0.86  0.04 11.10  0.70 -0.81 
utt>   844                       002  547    0    60 3  1 1 2.372037e-13 -1.143822e+02 -6.256707e+04
INFO: cmn.c(183): CMN: 54.28  6.66 12.79 -1.34  8.36  2.76 -0.65 -3.52  6.61 -1.00  4.21 -5.58  1.57 
utt>   845                       003  470    0    44 4  1 1 2.406995e-13 -1.230912e+02 -5.785287e+04
INFO: cmn.c(183): CMN: 56.52  2.96 23.15  8.32  3.53 -9.66 -7.52 -5.26  2.81  0.56 10.54 -4.83 -6.09 
utt>   846                       004  395    0    40 5  1 1 9.786452e-14 -1.145745e+02 -4.525691e+04
INFO: cmn.c(183): CMN: 58.71  4.20 14.33  3.96  9.80 -13.74 -10.92 -5.51 -4.16  0.03  6.18 -7.24 -8.51 
utt>   847                       005  719    0    64 4  1 1 2.656816e-13 -1.184016e+02 -8.513079e+04
INFO: cmn.c(183): CMN: 57.11  4.46 17.31 -3.90  9.05 -7.21 -14.55 -12.26 -1.55  1.21  3.56 -5.36 -11.65 
utt>   848                       006  522    0    56 4  1 1 4.997203e-13 -1.187055e+02 -6.196426e+04
INFO: cmn.c(183): CMN: 60.27  5.45 15.08 -4.96 13.03 -10.98 -9.42 -7.48 -2.06 -0.58  3.22 -7.19 -5.90 
utt>   849                       007 1688    0   116 4  1 1 1.968872e-13 -1.190139e+02 -2.008955e+05
INFO: cmn.c(183): CMN: 51.71  2.42  9.95  1.85  2.33  0.17  1.35 -0.42  9.13  1.30 10.02 -0.52 -1.01 
utt>   850                       001  399    0    68 4  1 1 2.098856e-13 -1.164811e+02 -4.647597e+04
INFO: cmn.c(183): CMN: 57.29  7.08  8.97  8.79  8.32 -9.57  0.46  4.13 -0.87  0.03 11.12  0.70 -0.82 
utt>   851                       002  547    0    60 3  1 1 2.304435e-13 -1.143908e+02 -6.257179e+04
INFO: cmn.c(183): CMN: 54.28  6.66 12.78 -1.32  8.36  2.74 -0.63 -3.51  6.61 -0.99  4.18 -5.57  1.57 
utt>   852                       003  470    0    44 4  1 1 2.283303e-13 -1.230887e+02 -5.785171e+04
INFO: cmn.c(183): CMN: 56.53  2.96 23.15  8.31  3.54 -9.65 -7.53 -5.26  2.81  0.58 10.53 -4.83 -6.09 
utt>   853                       004  395    0    40 5  1 1 1.125141e-13 -1.145732e+02 -4.525641e+04
INFO: cmn.c(183): CMN: 58.71  4.20 14.33  3.96  9.80 -13.74 -10.92 -5.52 -4.17  0.04  6.18 -7.25 -8.51 
utt>   854                       005  719    0    64 4  1 1 3.098758e-13 -1.184032e+02 -8.513188e+04
INFO: cmn.c(183): CMN: 57.10  4.46 17.32 -3.89  9.04 -7.22 -14.55 -12.26 -1.54  1.21  3.56 -5.36 -11.64 
utt>   855                       006  522    0    56 4  1 1 3.727196e-13 -1.187313e+02 -6.197775e+04
INFO: cmn.c(183): CMN: 60.27  5.45 15.08 -4.96 13.04 -10.98 -9.42 -7.48 -2.06 -0.58  3.21 -7.19 -5.89 
utt>   856                       007 1688    0   116 4  1 1 1.738407e-13 -1.190170e+02 -2.009007e+05
INFO: cmn.c(183): CMN: 51.72  2.46  9.97  1.77  2.28  0.22  1.39 -0.43  8.98  1.29 10.08 -0.42 -0.91 
utt>   857                       001  399    0    68 4  1 1 9.576235e-14 -1.167929e+02 -4.660036e+04
INFO: cmn.c(183): CMN: 57.29  7.08  8.97  8.79  8.32 -9.56  0.46  4.12 -0.87  0.04 11.10  0.70 -0.82 
utt>   858                       002  547    0    60 3  1 1 2.290399e-13 -1.143853e+02 -6.256877e+04
INFO: cmn.c(183): CMN: 54.27  6.66 12.78 -1.32  8.36  2.76 -0.64 -3.54  6.63 -1.00  4.18 -5.57  1.57 
utt>   859                       003  470    0    44 4  1 1 2.434886e-13 -1.230783e+02 -5.784682e+04
INFO: cmn.c(183): CMN: 56.53  2.96 23.14  8.32  3.54 -9.66 -7.54 -5.26  2.82  0.58 10.54 -4.83 -6.09 
utt>   860                       004  395    0    40 5  1 1 1.967119e-13 -1.145771e+02 -4.525797e+04
INFO: cmn.c(183): CMN: 58.71  4.20 14.32  3.97  9.80 -13.75 -10.92 -5.51 -4.17  0.04  6.19 -7.25 -8.51 
utt>   861                       005  719    0    64 4  1 1 2.661809e-13 -1.184091e+02 -8.513614e+04
INFO: cmn.c(183): CMN: 57.11  4.45 17.31 -3.89  9.04 -7.22 -14.55 -12.27 -1.54  1.22  3.57 -5.36 -11.64 
utt>   862                       006  522    0    56 4  1 1 4.598426e-13 -1.187066e+02 -6.196485e+04
INFO: cmn.c(183): CMN: 60.27  5.46 15.08 -4.96 13.04 -10.98 -9.42 -7.49 -2.06 -0.58  3.22 -7.19 -5.90 
utt>   863                       007 1688    0   116 4  1 1 1.867676e-13 -1.190214e+02 -2.009082e+05
INFO: cmn.c(183): CMN: 51.74  2.43  9.94  1.83  2.36  0.15  1.30 -0.44  9.14  1.30 10.00 -0.37 -1.00 
utt>   864                       001  399    0    68 4  1 1 9.365244e-14 -1.164362e+02 -4.645803e+04
INFO: cmn.c(183): CMN: 57.29  7.08  8.97  8.78  8.32 -9.56  0.45  4.14 -0.88  0.04 11.10  0.71 -0.82 
utt>   865                       002  547    0    60 3  1 1 2.305693e-13 -1.143730e+02 -6.256201e+04
INFO: cmn.c(183): CMN: 54.27  6.67 12.79 -1.33  8.36  2.75 -0.63 -3.53  6.62 -1.00  4.19 -5.57  1.56 
utt>   866                       003  470    0    44 4  1 1 2.403026e-13 -1.230710e+02 -5.784335e+04
INFO: cmn.c(183): CMN: 56.53  2.97 23.15  8.32  3.53 -9.67 -7.53 -5.25  2.83  0.57 10.53 -4.83 -6.09 
utt>   867                       004  395    0    40 5  1 1 2.990535e-13 -1.145646e+02 -4.525301e+04
INFO: cmn.c(183): CMN: 58.71  4.20 14.33  3.96  9.80 -13.74 -10.92 -5.52 -4.16  0.04  6.18 -7.25 -8.51 
utt>   868                       005  719    0    64 4  1 1 2.643149e-13 -1.183780e+02 -8.511375e+04
INFO: cmn.c(183): CMN: 57.11  4.46 17.32 -3.90  9.04 -7.22 -14.55 -12.27 -1.53  1.21  3.55 -5.36 -11.64 
utt>   869                       006  522    0    56 4  1 1 4.605699e-13 -1.187237e+02 -6.197377e+04
INFO: cmn.c(183): CMN: 60.27  5.45 15.08 -4.96 13.04 -10.98 -9.42 -7.48 -2.06 -0.58  3.22 -7.19 -5.90 
utt>   870                       007 1688    0   116 4  1 1 1.949820e-13 -1.190158e+02 -2.008986e+05
INFO: cmn.c(183): CMN: 51.73  2.39  9.95  1.83  2.39  0.20  1.26 -0.51  9.13  1.25  9.98 -0.47 -1.02 
utt>   871                       001  399    0    68 4  1 1 4.565919e-13 -1.166679e+02 -4.655050e+04
INFO: cmn.c(183): CMN: 57.29  7.08  8.98  8.79  8.31 -9.57  0.45  4.14 -0.86  0.03 11.10  0.69 -0.82 
utt>   872                       002  547    0    60 3  1 1 2.269795e-13 -1.143956e+02 -6.257440e+04
INFO: cmn.c(183): CMN: 54.28  6.66 12.79 -1.32  8.35  2.75 -0.63 -3.52  6.62 -0.98  4.19 -5.58  1.57 
utt>   873                       003  470    0    44 4  1 1 2.440933e-13 -1.230660e+02 -5.784102e+04
INFO: cmn.c(183): CMN: 56.53  2.96 23.15  8.32  3.53 -9.66 -7.52 -5.25  2.80  0.57 10.54 -4.83 -6.10 
utt>   874                       004  395    0    40 5  1 1 8.579212e-14 -1.145647e+02 -4.525305e+04
INFO: cmn.c(183): CMN: 58.71  4.19 14.32  3.97  9.81 -13.75 -10.92 -5.51 -4.17  0.04  6.19 -7.24 -8.51 
utt>   875                       005  719    0    64 4  1 1 2.780147e-13 -1.184001e+02 -8.512966e+04
INFO: cmn.c(183): CMN: 57.11  4.46 17.31 -3.89  9.04 -7.21 -14.55 -12.26 -1.54  1.22  3.56 -5.36 -11.65 
utt>   876                       006  522    0    56 4  1 1 3.668388e-13 -1.187168e+02 -6.197019e+04
INFO: cmn.c(183): CMN: 60.27  5.45 15.08 -4.96 13.04 -10.98 -9.43 -7.49 -2.06 -0.58  3.21 -7.19 -5.89 
utt>   877                       007 1688    0   116 4  1 1 1.942687e-13 -1.190113e+02 -2.008912e+05
INFO: cmn.c(183): CMN: 51.70  2.44  9.94  1.83  2.40  0.15  1.42 -0.46  9.06  1.23 10.00 -0.42 -0.98 
utt>   878                       001  399    0    68 4  1 1 3.650019e-13 -1.166645e+02 -4.654914e+04
INFO: cmn.c(183): CMN: 57.29  7.08  8.97  8.79  8.32 -9.56  0.45  4.13 -0.87  0.03 11.11  0.69 -0.82 
utt>   879                       002  547    0    60 3  1 1 3.231482e-13 -1.143511e+02 -6.255004e+04
INFO: cmn.c(183): CMN: 54.27  6.66 12.79 -1.32  8.36  2.76 -0.63 -3.54  6.61 -1.00  4.20 -5.58  1.56 
utt>   880                       003  470    0    44 4  1 1 2.500583e-13 -1.230521e+02 -5.783447e+04
INFO: cmn.c(183): CMN: 56.53  2.96 23.15  8.32  3.53 -9.66 -7.52 -5.25  2.82  0.56 10.53 -4.83 -6.09 
utt>   881                       004  395    0    40 5  1 1 2.866214e-13 -1.145629e+02 -4.525235e+04
INFO: cmn.c(183): CMN: 58.71  4.20 14.33  3.96  9.80 -13.75 -10.91 -5.52 -4.17  0.04  6.19 -7.25 -8.51 
utt>   882                       005  719    0    64 4  1 1 2.791239e-13 -1.183774e+02 -8.511332e+04
INFO: cmn.c(183): CMN: 57.11  4.46 17.32 -3.90  9.04 -7.21 -14.55 -12.26 -1.54  1.21  3.55 -5.36 -11.64 
utt>   883                       006  522    0    56 4  1 1 3.672334e-13 -1.187231e+02 -6.197345e+04
INFO: cmn.c(183): CMN: 60.27  5.45 15.08 -4.96 13.03 -10.98 -9.42 -7.48 -2.06 -0.58  3.21 -7.19 -5.90 
utt>   884                       007 1688    0   116 4  1 1 2.057162e-13 -1.190078e+02 -2.008851e+05
INFO: cmn.c(183): CMN: 51.71  2.45  9.95  1.87  2.34  0.05  1.24 -0.58  9.07  1.27  9.96 -0.45 -1.05 
utt>   885                       001  399    0    68 4  1 1 1.195741e-13 -1.166954e+02 -4.656147e+04
INFO: cmn.c(183): CMN: 57.29  7.08  8.97  8.79  8.32 -9.57  0.46  4.13 -0.86  0.04 11.11  0.69 -0.82 
utt>   886                       002  547    0    60 3  1 1 2.284451e-13 -1.143838e+02 -6.256792e+04
INFO: cmn.c(183): CMN: 54.27  6.67 12.78 -1.34  8.36  2.75 -0.62 -3.55  6.61 -0.98  4.19 -5.56  1.56 
utt>   887                       003  470    0    44 4  1 1 2.544975e-13 -1.230596e+02 -5.783800e+04
INFO: cmn.c(183): CMN: 56.53  2.96 23.15  8.32  3.54 -9.66 -7.54 -5.25  2.82  0.57 10.53 -4.83 -6.09 
utt>   888                       004  395    0    40 5  1 1 2.263646e-13 -1.145424e+02 -4.524425e+04
INFO: cmn.c(183): CMN: 58.71  4.20 14.33  3.96  9.80 -13.74 -10.92 -5.51 -4.17  0.04  6.19 -7.25 -8.51 
utt>   889                       005  719    0    64 4  1 1 2.683102e-13 -1.183931e+02 -8.512466e+04
INFO: cmn.c(183): CMN: 57.11  4.46 17.31 -3.89  9.04 -7.21 -14.54 -12.27 -1.53  1.21  3.55 -5.36 -11.64 
utt>   890                       006  522    0    56 4  1 1 4.889482e-13 -1.187138e+02 -6.196860e+04
INFO: cmn.c(183): CMN: 60.27  5.45 15.08 -4.96 13.04 -10.98 -9.42 -7.49 -2.06 -0.58  3.22 -7.19 -5.90 
utt>   891                       007 1688    0   116 4  1 1 2.185986e-13 -1.190240e+02 -2.009126e+05
overall> stats 154214 (-0) -1.181989e+02 -1.822793e+07

INFO: s3mixw_io.c(233): Wrote /home/azizkag/projects/QuranRecognition/fatiha_acoustic_model/bwaccumdir/fatiha_buff_4/mixw_counts [386x1x4 array]
INFO: s3tmat_io.c(176): Wrote /home/azizkag/projects/QuranRecognition/fatiha_acoustic_model/bwaccumdir/fatiha_buff_4/tmat_counts [62x3x4 array]
INFO: s3gau_io.c(485): Wrote /home/azizkag/projects/QuranRecognition/fatiha_acoustic_model/bwaccumdir/fatiha_buff_4/gauden_counts with means with vars (2pass) [386x1x4 vector arrays]
INFO: main.c(1003): Counts saved to /home/azizkag/projects/QuranRecognition/fatiha_acoustic_model/bwaccumdir/fatiha_buff_4
Sun Jan 24 16:57:50 2016
