Current configuration:
[NAME]		[DEFLT]	[VALUE]
-dcountfn		/home/azizkag/projects/QuranRecognition/fatiha_acoustic_model/model_parameters/fatiha.cd_cont_200/mixture_weights
-example	no	no
-fullvar	no	no
-help		no	no
-inmeanfn		/home/azizkag/projects/QuranRecognition/fatiha_acoustic_model/model_parameters/fatiha.cd_cont_200/means
-inmixwfn		/home/azizkag/projects/QuranRecognition/fatiha_acoustic_model/model_parameters/fatiha.cd_cont_200/mixture_weights
-invarfn		/home/azizkag/projects/QuranRecognition/fatiha_acoustic_model/model_parameters/fatiha.cd_cont_200/variances
-ninc		1	4
-outmeanfn		/home/azizkag/projects/QuranRecognition/fatiha_acoustic_model/model_parameters/fatiha.cd_cont_initial/means
-outmixwfn		/home/azizkag/projects/QuranRecognition/fatiha_acoustic_model/model_parameters/fatiha.cd_cont_initial/mixture_weights
-outvarfn		/home/azizkag/projects/QuranRecognition/fatiha_acoustic_model/model_parameters/fatiha.cd_cont_initial/variances

INFO: main.c(86): Reading mixing weight file /home/azizkag/projects/QuranRecognition/fatiha_acoustic_model/model_parameters/fatiha.cd_cont_200/mixture_weights.
INFO: s3mixw_io.c(117): Read /home/azizkag/projects/QuranRecognition/fatiha_acoustic_model/model_parameters/fatiha.cd_cont_200/mixture_weights [386x1x4 array]
INFO: s3gau_io.c(169): Read /home/azizkag/projects/QuranRecognition/fatiha_acoustic_model/model_parameters/fatiha.cd_cont_200/means [386x1x4 array]
INFO: s3gau_io.c(169): Read /home/azizkag/projects/QuranRecognition/fatiha_acoustic_model/model_parameters/fatiha.cd_cont_200/variances [386x1x4 array]
INFO: s3gau_io.c(553): Read /home/azizkag/projects/QuranRecognition/fatiha_acoustic_model/model_parameters/fatiha.cd_cont_200/mixture_weights [386x1x4 array]
INFO: main.c(151): output n_density == 8
0:0(3.72e+03)2(3.63e+03)3(2.56e+03)1(2.38e+03)
1:2(1.54e+03)3(1.02e+03)0(1.02e+03)1(6.40e+02)
2:1(6.40e+02)0(6.40e+02)3(6.40e+02)2(6.40e+02)
3:0(2.56e+02)1(2.56e+02)2(2.56e+02)3(1.28e+02)
4:1(1.92e+03)3(1.28e+03)2(8.95e+02)0(5.12e+02)
5:1(3.84e+02)2(3.84e+02)3(3.84e+02)0(3.84e+02)
6:1(7.40e+03)2(6.95e+03)0(4.52e+03)3(4.32e+03)
7:3(1.41e+03)1(1.40e+03)0(1.15e+03)2(1.15e+03)
8:2(1.02e+03)0(7.68e+02)3(6.53e+02)1(6.15e+02)
9:1(3.96e+03)2(2.31e+03)3(8.96e+02)0(7.68e+02)
10:2(2.18e+03)0(1.15e+03)1(1.15e+03)3(1.15e+03)
11:2(1.66e+03)3(1.28e+03)1(1.28e+03)0(8.96e+02)
12:2(2.56e+02)0(1.28e+02)1(1.28e+02)3(1.28e+02)
13:0(1.28e+02)2(1.28e+02)1(6.70e+01)3(6.10e+01)
14:0(1.28e+02)2(1.28e+02)3(6.40e+01)1(6.40e+01)
15:0(1.28e+02)1(1.28e+02)2(1.28e+02)3(1.28e+02)
16:0(5.12e+02)1(5.12e+02)2(5.12e+02)3(5.12e+02)
17:1(1.78e+03)0(1.46e+03)3(1.10e+03)2(1.02e+03)
18:0(7.68e+02)1(7.68e+02)2(6.40e+02)3(3.84e+02)
19:0(2.56e+02)1(2.56e+02)2(2.56e+02)3(2.56e+02)
20:1(1.02e+03)2(5.12e+02)3(5.12e+02)0(3.84e+02)
21:1(4.96e+02)0(3.72e+02)2(2.48e+02)3(2.48e+02)
22:3(1.14e+03)0(9.92e+02)1(9.69e+02)2(7.44e+02)
23:3(8.68e+02)2(8.68e+02)1(6.20e+02)0(6.20e+02)
24:1(6.43e+02)2(5.09e+02)0(3.84e+02)3(3.84e+02)
25:0(1.28e+03)2(1.28e+03)1(1.02e+03)3(6.40e+02)
26:0(2.56e+02)2(2.56e+02)1(1.28e+02)3(1.28e+02)
27:1(8.96e+02)2(5.12e+02)3(5.12e+02)0(2.56e+02)
28:1(3.84e+02)2(3.84e+02)0(2.56e+02)3(2.56e+02)
29:2(6.40e+02)0(3.84e+02)1(3.84e+02)3(3.84e+02)
30:2(5.12e+02)0(3.84e+02)1(3.84e+02)3(1.28e+02)
31:0(2.56e+02)1(1.28e+02)2(1.28e+02)3(1.28e+02)
32:0(5.12e+02)1(5.12e+02)2(5.12e+02)3(5.12e+02)
33:0(2.56e+02)1(2.56e+02)2(1.28e+02)3(1.28e+02)
34:2(3.84e+02)0(1.28e+02)1(1.28e+02)3(1.28e+02)
35:2(6.40e+02)1(6.40e+02)0(5.12e+02)3(2.56e+02)
36:1(4.12e+03)2(3.46e+03)3(2.52e+03)0(2.19e+03)
37:0(3.84e+02)2(3.84e+02)1(3.84e+02)3(2.56e+02)
38:0(2.56e+02)3(2.56e+02)1(1.28e+02)2(1.28e+02)
39:2(1.28e+03)0(5.12e+02)1(2.56e+02)3(1.28e+02)
40:2(2.56e+02)3(2.56e+02)0(1.28e+02)1(1.28e+02)
41:2(7.68e+02)0(5.12e+02)1(5.12e+02)3(3.84e+02)
42:1(1.02e+03)2(8.96e+02)3(7.68e+02)0(3.84e+02)
43:2(1.15e+03)1(6.40e+02)0(5.12e+02)3(5.12e+02)
44:1(1.02e+03)2(8.96e+02)3(6.40e+02)0(5.12e+02)
45:1(3.84e+02)3(3.84e+02)2(2.03e+02)0(1.28e+02)
46:2(4.75e+02)1(2.17e+02)0(1.28e+02)3(1.28e+02)
47:1(6.40e+02)3(5.12e+02)0(3.84e+02)2(3.84e+02)
48:1(7.68e+02)2(6.40e+02)0(5.12e+02)3(3.84e+02)
49:0(7.68e+02)2(5.12e+02)3(2.56e+02)1(1.28e+02)
50:3(2.74e+03)1(2.32e+03)2(1.34e+03)0(1.02e+03)
51:1(7.04e+03)2(6.61e+03)0(3.09e+03)3(1.68e+03)
52:2(1.15e+03)1(1.02e+03)3(7.68e+02)0(6.40e+02)
53:0(1.28e+02)1(1.28e+02)2(1.28e+02)3(1.28e+02)
54:0(5.12e+02)1(3.84e+02)2(2.56e+02)3(1.28e+02)
55:0(3.84e+02)1(2.56e+02)2(2.56e+02)3(1.28e+02)
56:2(2.56e+02)0(1.28e+02)1(1.28e+02)3(1.28e+02)
57:2(2.56e+02)3(2.56e+02)0(1.28e+02)1(1.28e+02)
58:0(1.28e+02)2(1.28e+02)1(7.46e+01)3(5.34e+01)
59:2(2.56e+02)0(1.28e+02)1(1.28e+02)3(1.28e+02)
60:0(1.24e+02)1(1.24e+02)2(1.24e+02)3(1.24e+02)
61:0(2.48e+02)2(2.48e+02)3(7.97e+01)1(4.43e+01)
62:0(3.23e+03)1(3.20e+03)2(2.25e+03)3(2.10e+03)
63:2(4.31e+03)1(4.04e+03)3(2.06e+03)0(2.01e+03)
64:2(7.68e+02)0(5.12e+02)1(3.84e+02)3(2.56e+02)
65:2(5.12e+02)0(2.56e+02)1(1.28e+02)3(1.28e+02)
66:0(1.28e+03)2(1.02e+03)1(6.40e+02)3(5.12e+02)
67:0(2.56e+02)3(2.56e+02)1(1.28e+02)2(1.28e+02)
68:2(1.67e+03)0(1.27e+03)1(1.15e+03)3(7.68e+02)
69:0(1.28e+02)1(1.28e+02)2(1.28e+02)3(1.28e+02)
70:1(8.96e+02)2(5.12e+02)3(5.12e+02)0(5.12e+02)
71:0(2.56e+02)1(2.56e+02)2(2.56e+02)3(2.56e+02)
72:2(7.68e+02)1(5.12e+02)0(2.56e+02)3(2.56e+02)
73:0(6.40e+02)1(5.12e+02)2(3.84e+02)3(3.84e+02)
74:2(1.54e+03)3(1.28e+03)1(1.02e+03)0(7.68e+02)
75:2(2.85e+03)0(2.52e+03)1(2.28e+03)3(1.30e+03)
76:2(1.54e+03)1(1.41e+03)3(7.68e+02)0(7.68e+02)
77:1(1.66e+03)2(1.66e+03)0(6.40e+02)3(3.84e+02)
78:1(4.96e+02)0(2.48e+02)2(2.48e+02)3(1.24e+02)
79:2(6.20e+02)3(4.96e+02)1(3.72e+02)0(3.72e+02)
80:1(2.48e+02)2(2.48e+02)0(1.24e+02)3(1.24e+02)
81:0(1.28e+02)1(1.28e+02)2(1.28e+02)3(1.28e+02)
82:1(2.56e+02)2(2.56e+02)0(1.28e+02)3(1.28e+02)
83:1(3.84e+02)2(1.28e+02)0(6.40e+01)3(6.40e+01)
84:2(1.15e+03)1(7.68e+02)0(6.40e+02)3(5.12e+02)
85:2(3.84e+02)0(2.56e+02)1(2.56e+02)3(2.56e+02)
86:1(3.84e+02)0(2.56e+02)2(2.56e+02)3(2.56e+02)
87:2(2.23e+03)1(1.36e+03)0(9.91e+02)3(8.68e+02)
88:1(4.96e+02)2(4.96e+02)0(3.72e+02)3(2.48e+02)
89:1(9.92e+02)2(9.92e+02)3(9.75e+02)0(8.85e+02)
90:0(3.84e+02)1(2.56e+02)2(2.56e+02)3(1.28e+02)
91:0(1.28e+02)1(1.28e+02)2(1.28e+02)3(1.28e+02)
92:1(1.79e+03)0(1.66e+03)3(1.15e+03)2(7.68e+02)
93:2(1.15e+03)0(6.40e+02)1(6.40e+02)3(5.12e+02)
94:2(5.12e+02)1(3.84e+02)0(2.56e+02)3(2.56e+02)
95:2(4.48e+03)0(2.68e+03)1(2.30e+03)3(2.19e+03)
96:0(1.28e+02)1(1.28e+02)2(1.28e+02)3(1.28e+02)
97:1(5.12e+02)2(2.56e+02)3(2.56e+02)0(1.28e+02)
98:0(3.84e+02)1(2.56e+02)2(1.28e+02)3(1.28e+02)
99:1(1.28e+03)2(8.96e+02)0(3.84e+02)3(3.84e+02)
100:0(7.68e+02)3(7.68e+02)1(5.12e+02)2(5.12e+02)
101:0(1.68e+03)2(1.52e+03)3(1.41e+03)1(1.41e+03)
102:0(1.28e+02)1(1.28e+02)2(1.28e+02)3(1.28e+02)
103:0(1.28e+02)1(1.28e+02)2(1.28e+02)3(1.28e+02)
104:0(3.84e+02)2(3.84e+02)1(2.56e+02)3(2.56e+02)
105:0(1.28e+02)1(1.28e+02)2(1.28e+02)3(1.24e+02)
106:0(2.56e+02)2(2.56e+02)3(1.28e+02)1(1.24e+02)
107:1(2.18e+03)2(2.06e+03)0(1.66e+03)3(1.01e+03)
108:2(2.81e+03)0(2.69e+03)3(2.30e+03)1(2.06e+03)
109:1(6.40e+02)2(6.40e+02)0(3.84e+02)3(3.84e+02)
110:2(1.15e+03)1(7.68e+02)3(5.12e+02)0(2.56e+02)
111:1(7.64e+02)3(5.12e+02)2(4.96e+02)0(2.48e+02)
112:2(1.79e+03)0(1.28e+03)1(1.02e+03)3(3.80e+02)
113:2(3.54e+03)3(3.31e+03)1(2.99e+03)0(1.68e+03)
114:1(1.15e+03)2(8.96e+02)0(3.84e+02)3(3.84e+02)
115:1(1.02e+03)0(8.96e+02)2(6.40e+02)3(5.12e+02)
116:2(8.96e+02)1(7.68e+02)0(5.12e+02)3(5.12e+02)
117:0(1.28e+02)1(1.28e+02)2(1.28e+02)3(1.28e+02)
118:0(2.56e+02)3(2.56e+02)1(1.28e+02)2(1.28e+02)
119:2(2.31e+03)1(1.71e+03)0(1.41e+03)3(8.51e+02)
120:2(5.12e+02)0(3.84e+02)1(3.84e+02)3(3.84e+02)
121:1(2.56e+02)2(2.56e+02)3(2.56e+02)0(1.28e+02)
122:1(8.96e+02)2(7.68e+02)0(6.40e+02)3(6.40e+02)
123:0(3.84e+02)1(3.84e+02)2(3.84e+02)3(3.84e+02)
124:0(1.02e+03)1(8.96e+02)2(8.96e+02)3(7.68e+02)
125:2(1.28e+03)3(1.28e+03)0(1.15e+03)1(7.68e+02)
126:1(1.02e+03)2(8.96e+02)3(3.80e+02)0(1.28e+02)
127:2(5.12e+02)1(2.56e+02)3(2.56e+02)0(2.52e+02)
128:2(3.57e+03)1(2.06e+03)3(1.53e+03)0(1.41e+03)
129:0(5.12e+02)2(5.12e+02)1(3.84e+02)3(2.56e+02)
130:1(1.02e+03)2(8.95e+02)0(6.40e+02)3(6.40e+02)
131:2(2.89e+03)1(1.75e+03)3(1.25e+03)0(1.15e+03)
132:2(2.56e+02)0(1.28e+02)1(1.28e+02)3(1.28e+02)
133:0(1.54e+03)3(1.41e+03)2(1.28e+03)1(1.02e+03)
134:1(3.84e+02)2(3.84e+02)0(2.56e+02)3(2.56e+02)
135:1(5.12e+02)0(3.84e+02)2(3.84e+02)3(2.56e+02)
136:1(2.56e+02)2(1.28e+02)0(7.30e+01)3(5.50e+01)
137:2(6.40e+02)0(5.12e+02)3(2.56e+02)1(1.28e+02)
138:1(8.96e+02)0(8.96e+02)2(7.68e+02)3(5.12e+02)
139:2(2.36e+03)0(2.10e+03)1(1.68e+03)3(1.54e+03)
140:2(1.02e+03)1(1.02e+03)0(7.68e+02)3(3.84e+02)
141:0(1.28e+02)1(1.28e+02)2(1.28e+02)3(1.28e+02)
142:3(8.96e+02)1(7.68e+02)2(7.68e+02)0(3.84e+02)
143:2(4.47e+03)3(3.99e+03)1(3.20e+03)0(2.94e+03)
144:2(1.54e+03)1(1.41e+03)3(1.02e+03)0(8.96e+02)
145:2(1.28e+03)3(1.05e+03)1(7.44e+02)0(5.12e+02)
146:0(3.84e+02)1(2.56e+02)2(2.56e+02)3(2.56e+02)
147:2(2.16e+03)0(1.56e+03)1(7.68e+02)3(3.84e+02)
148:1(3.84e+02)0(2.56e+02)2(2.56e+02)3(2.56e+02)
149:2(1.15e+03)0(7.68e+02)1(5.12e+02)3(5.12e+02)
150:0(3.84e+02)1(3.84e+02)2(3.84e+02)3(2.56e+02)
151:2(6.40e+02)0(3.84e+02)1(2.56e+02)3(2.56e+02)
152:2(5.12e+02)0(3.84e+02)1(2.56e+02)3(2.56e+02)
153:1(4.87e+03)2(3.21e+03)0(2.06e+03)3(2.02e+03)
154:3(1.41e+03)1(1.41e+03)0(1.15e+03)2(8.96e+02)
155:1(3.12e+03)2(2.59e+03)0(2.16e+03)3(1.47e+03)
156:0(3.72e+02)1(2.48e+02)2(2.48e+02)3(2.48e+02)
157:2(4.96e+02)0(3.72e+02)1(2.48e+02)3(1.24e+02)
158:2(2.57e+03)0(1.90e+03)1(8.68e+02)3(4.96e+02)
159:2(2.56e+02)3(2.56e+02)0(1.28e+02)1(1.28e+02)
160:2(5.12e+02)0(2.56e+02)1(2.56e+02)3(2.56e+02)
161:0(5.12e+02)2(3.84e+02)3(3.84e+02)1(2.56e+02)
162:2(2.56e+02)0(1.28e+02)1(1.28e+02)3(1.28e+02)
163:2(5.12e+02)0(3.84e+02)1(2.56e+02)3(2.56e+02)
164:0(1.28e+02)1(1.28e+02)2(1.28e+02)3(1.28e+02)
165:0(2.56e+02)3(2.56e+02)1(1.28e+02)2(1.28e+02)
166:0(6.40e+02)2(6.40e+02)3(5.12e+02)1(3.84e+02)
167:2(1.41e+03)1(7.68e+02)0(5.12e+02)3(5.12e+02)
168:2(1.41e+03)0(1.41e+03)1(6.40e+02)3(3.84e+02)
169:2(1.63e+03)0(1.57e+03)1(1.54e+03)3(5.12e+02)
170:1(2.66e+03)2(1.94e+03)0(1.54e+03)3(1.15e+03)
171:2(8.96e+02)0(6.40e+02)1(6.40e+02)3(5.12e+02)
172:2(1.41e+03)1(1.15e+03)3(7.68e+02)0(5.12e+02)
173:1(1.15e+03)2(8.96e+02)0(6.40e+02)3(6.40e+02)
174:1(7.68e+02)2(5.12e+02)3(3.84e+02)0(2.56e+02)
175:3(1.92e+03)0(1.39e+03)1(1.05e+03)2(7.68e+02)
176:2(1.67e+03)0(1.15e+03)3(1.02e+03)1(1.02e+03)
177:0(3.84e+02)1(3.84e+02)2(3.84e+02)3(3.84e+02)
178:2(7.68e+02)0(6.40e+02)1(5.12e+02)3(5.12e+02)
179:3(4.39e+03)1(3.68e+03)2(3.56e+03)0(2.96e+03)
180:1(1.02e+03)3(5.12e+02)0(3.84e+02)2(3.84e+02)
181:0(2.56e+02)1(2.56e+02)2(2.56e+02)3(2.56e+02)
182:1(3.72e+03)0(2.69e+03)2(2.34e+03)3(1.87e+03)
183:1(5.12e+02)2(5.12e+02)0(3.84e+02)3(2.56e+02)
184:2(5.12e+02)3(5.12e+02)0(3.84e+02)1(3.84e+02)
185:1(1.67e+03)2(1.02e+03)0(8.96e+02)3(5.12e+02)
186:0(3.72e+03)2(3.63e+03)3(2.56e+03)1(2.38e+03)
187:2(1.54e+03)3(1.02e+03)0(1.02e+03)1(6.40e+02)
188:1(6.40e+02)0(6.40e+02)3(6.40e+02)2(6.40e+02)
189:0(2.56e+02)1(2.56e+02)2(2.56e+02)3(1.28e+02)
190:1(1.92e+03)3(1.28e+03)2(8.95e+02)0(5.12e+02)
191:1(4.95e+01)2(3.38e+01)0(2.71e+01)3(1.76e+01)
192:0(5.12e+02)3(3.84e+02)1(2.56e+02)2(2.56e+02)
193:1(3.96e+03)2(2.31e+03)3(8.96e+02)0(7.68e+02)
194:2(2.18e+03)0(1.15e+03)1(1.15e+03)3(1.15e+03)
195:2(1.66e+03)3(1.28e+03)1(1.28e+03)0(8.96e+02)
196:2(2.56e+02)0(1.28e+02)1(1.28e+02)3(1.28e+02)
197:0(1.28e+02)2(1.28e+02)1(6.70e+01)3(6.10e+01)
198:0(1.28e+02)2(1.28e+02)3(6.40e+01)1(6.40e+01)
199:0(1.28e+02)1(1.28e+02)2(1.28e+02)3(1.28e+02)
200:0(5.12e+02)1(5.12e+02)2(5.12e+02)3(5.12e+02)
201:1(1.78e+03)0(1.46e+03)3(1.10e+03)2(1.02e+03)
202:0(7.68e+02)1(7.68e+02)2(6.40e+02)3(3.84e+02)
203:0(2.56e+02)1(2.56e+02)2(2.56e+02)3(2.56e+02)
204:1(1.02e+03)2(5.12e+02)3(5.12e+02)0(3.84e+02)
205:1(4.96e+02)0(3.72e+02)2(2.48e+02)3(2.48e+02)
206:3(1.14e+03)0(9.92e+02)1(9.69e+02)2(7.44e+02)
207:3(8.68e+02)2(8.68e+02)1(6.20e+02)0(6.20e+02)
208:1(6.43e+02)2(5.09e+02)0(3.84e+02)3(3.84e+02)
209:0(1.28e+03)2(1.28e+03)1(1.02e+03)3(6.40e+02)
210:0(2.56e+02)2(2.56e+02)1(1.28e+02)3(1.28e+02)
211:1(3.20e+01)2(3.20e+01)0(3.20e+01)3(3.20e+01)
212:1(8.96e+02)2(5.12e+02)0(3.84e+02)3(2.56e+02)
213:1(3.84e+02)2(3.84e+02)0(2.56e+02)3(2.56e+02)
214:0(5.12e+02)1(3.84e+02)3(3.84e+02)2(2.56e+02)
215:2(4.24e+01)1(3.88e+01)0(3.22e+01)3(1.46e+01)
216:1(3.49e+01)0(3.30e+01)3(3.25e+01)2(2.76e+01)
217:2(5.12e+02)0(3.84e+02)1(3.84e+02)3(1.28e+02)
218:0(2.56e+02)1(1.28e+02)2(1.28e+02)3(1.28e+02)
219:0(5.12e+02)1(5.12e+02)2(5.12e+02)3(5.12e+02)
220:0(2.56e+02)1(2.56e+02)2(1.28e+02)3(1.28e+02)
221:2(3.84e+02)0(1.28e+02)1(1.28e+02)3(1.28e+02)
222:2(6.40e+02)1(6.40e+02)0(5.12e+02)3(2.56e+02)
223:1(4.12e+03)2(3.46e+03)3(2.52e+03)0(2.19e+03)
224:0(3.84e+02)2(3.84e+02)1(3.84e+02)3(2.56e+02)
225:0(2.56e+02)3(2.56e+02)1(1.28e+02)2(1.28e+02)
226:2(1.28e+03)0(5.12e+02)1(2.56e+02)3(1.28e+02)
227:2(2.56e+02)3(2.56e+02)0(1.28e+02)1(1.28e+02)
228:2(7.68e+02)0(5.12e+02)1(5.12e+02)3(3.84e+02)
229:1(1.02e+03)2(8.96e+02)3(7.68e+02)0(3.84e+02)
230:2(1.15e+03)1(6.40e+02)0(5.12e+02)3(5.12e+02)
231:1(1.02e+03)2(8.96e+02)3(6.40e+02)0(5.12e+02)
232:1(3.84e+02)3(3.84e+02)2(2.03e+02)0(1.28e+02)
233:2(4.75e+02)1(2.17e+02)0(1.28e+02)3(1.28e+02)
234:1(6.40e+02)3(5.12e+02)0(3.84e+02)2(3.84e+02)
235:1(7.68e+02)2(6.40e+02)0(5.12e+02)3(3.84e+02)
236:0(7.68e+02)2(5.12e+02)3(2.56e+02)1(1.28e+02)
237:3(2.74e+03)1(2.32e+03)2(1.34e+03)0(1.02e+03)
238:1(7.04e+03)2(6.61e+03)0(3.09e+03)3(1.68e+03)
239:2(1.15e+03)1(1.02e+03)3(7.68e+02)0(6.40e+02)
240:0(1.28e+02)1(1.28e+02)2(1.28e+02)3(1.28e+02)
241:0(5.12e+02)1(3.84e+02)2(2.56e+02)3(1.28e+02)
242:0(3.84e+02)1(2.56e+02)2(2.56e+02)3(1.28e+02)
243:2(2.56e+02)0(1.28e+02)1(1.28e+02)3(1.28e+02)
244:2(2.56e+02)3(2.56e+02)0(1.28e+02)1(1.28e+02)
245:0(3.96e+01)1(3.23e+01)3(2.81e+01)2(2.81e+01)
246:1(8.01e+01)0(7.93e+01)2(4.87e+01)3(4.79e+01)
247:0(1.28e+02)1(1.28e+02)2(1.28e+02)3(1.28e+02)
248:2(5.23e+01)1(4.37e+01)0(2.00e+01)3(1.20e+01)
249:0(1.24e+02)1(1.24e+02)2(1.24e+02)3(1.24e+02)
250:0(2.48e+02)2(2.48e+02)3(7.97e+01)1(4.43e+01)
251:0(3.23e+03)1(3.20e+03)2(2.25e+03)3(2.10e+03)
252:2(4.31e+03)1(4.04e+03)3(2.06e+03)0(2.01e+03)
253:2(7.68e+02)0(5.12e+02)1(3.84e+02)3(2.56e+02)
254:2(5.12e+02)0(2.56e+02)1(1.28e+02)3(1.28e+02)
255:0(1.28e+03)2(1.02e+03)1(6.40e+02)3(5.12e+02)
256:0(2.56e+02)3(2.56e+02)1(1.28e+02)2(1.28e+02)
257:2(1.67e+03)0(1.27e+03)1(1.15e+03)3(7.68e+02)
258:0(1.28e+02)1(1.28e+02)2(1.28e+02)3(1.28e+02)
259:1(8.96e+02)2(5.12e+02)3(5.12e+02)0(5.12e+02)
260:0(2.56e+02)1(2.56e+02)2(2.56e+02)3(2.56e+02)
261:2(7.68e+02)1(5.12e+02)0(2.56e+02)3(2.56e+02)
262:0(6.40e+02)1(5.12e+02)2(3.84e+02)3(3.84e+02)
263:2(1.54e+03)3(1.28e+03)1(1.02e+03)0(7.68e+02)
264:2(2.85e+03)0(2.52e+03)1(2.28e+03)3(1.30e+03)
265:2(1.54e+03)1(1.41e+03)3(7.68e+02)0(7.68e+02)
266:1(1.66e+03)2(1.66e+03)0(6.40e+02)3(3.84e+02)
267:1(4.96e+02)0(2.48e+02)2(2.48e+02)3(1.24e+02)
268:2(6.20e+02)3(4.96e+02)1(3.72e+02)0(3.72e+02)
269:1(2.48e+02)2(2.48e+02)0(1.24e+02)3(1.24e+02)
270:2(3.62e+01)0(3.62e+01)1(2.78e+01)3(2.78e+01)
271:0(1.28e+02)2(1.28e+02)1(6.40e+01)3(6.40e+01)
272:2(3.25e+01)1(3.25e+01)0(3.25e+01)3(3.05e+01)
273:0(2.56e+02)1(1.28e+02)2(1.28e+02)3(1.28e+02)
274:2(3.20e+01)0(3.20e+01)1(3.20e+01)3(3.20e+01)
275:2(2.56e+02)0(1.28e+02)3(6.40e+01)1(6.40e+01)
276:2(1.15e+03)1(7.68e+02)0(6.40e+02)3(5.12e+02)
277:2(3.84e+02)0(2.56e+02)1(2.56e+02)3(2.56e+02)
278:1(3.84e+02)0(2.56e+02)2(2.56e+02)3(2.56e+02)
279:2(2.23e+03)1(1.36e+03)0(9.91e+02)3(8.68e+02)
280:1(4.96e+02)2(4.96e+02)0(3.72e+02)3(2.48e+02)
281:1(9.92e+02)2(9.92e+02)3(9.75e+02)0(8.85e+02)
282:0(3.84e+02)1(2.56e+02)2(2.56e+02)3(1.28e+02)
283:0(1.28e+02)1(1.28e+02)2(1.28e+02)3(1.28e+02)
284:1(1.79e+03)0(1.66e+03)3(1.15e+03)2(7.68e+02)
285:2(1.15e+03)0(6.40e+02)1(6.40e+02)3(5.12e+02)
286:2(5.12e+02)1(3.84e+02)0(2.56e+02)3(2.56e+02)
287:2(4.48e+03)0(2.68e+03)1(2.30e+03)3(2.19e+03)
288:2(3.36e+01)0(3.35e+01)1(3.05e+01)3(3.04e+01)
289:1(1.28e+02)2(1.28e+02)3(7.77e+01)0(5.03e+01)
290:2(3.84e+02)1(2.56e+02)3(2.56e+02)0(1.28e+02)
291:0(4.26e+01)2(4.01e+01)1(2.51e+01)3(2.02e+01)
292:1(4.08e+01)3(3.81e+01)0(3.23e+01)2(1.67e+01)
293:1(2.56e+02)2(2.56e+02)0(1.28e+02)3(1.28e+02)
294:1(1.28e+03)2(8.96e+02)0(3.84e+02)3(3.84e+02)
295:0(7.68e+02)3(7.68e+02)1(5.12e+02)2(5.12e+02)
296:0(1.68e+03)2(1.52e+03)3(1.41e+03)1(1.41e+03)
297:0(1.28e+02)1(1.28e+02)2(1.28e+02)3(1.28e+02)
298:0(1.28e+02)1(1.28e+02)2(1.28e+02)3(1.28e+02)
299:0(3.84e+02)2(3.84e+02)1(2.56e+02)3(2.56e+02)
300:0(1.28e+02)1(1.28e+02)2(1.28e+02)3(1.24e+02)
301:0(2.56e+02)2(2.56e+02)3(1.28e+02)1(1.24e+02)
302:2(2.05e+03)1(1.79e+03)0(1.66e+03)3(1.28e+03)
303:1(3.43e+01)2(3.33e+01)3(2.94e+01)0(2.69e+01)
304:2(2.81e+03)0(2.69e+03)3(2.30e+03)1(2.06e+03)
305:1(6.40e+02)2(6.40e+02)0(3.84e+02)3(3.84e+02)
306:2(1.15e+03)1(7.68e+02)3(5.12e+02)0(2.56e+02)
307:1(7.64e+02)3(5.12e+02)2(4.96e+02)0(2.48e+02)
308:2(1.79e+03)0(1.28e+03)1(1.02e+03)3(3.80e+02)
309:2(3.54e+03)3(3.31e+03)1(2.99e+03)0(1.68e+03)
310:1(1.15e+03)2(8.96e+02)0(3.84e+02)3(3.84e+02)
311:1(1.02e+03)0(8.96e+02)2(6.40e+02)3(5.12e+02)
312:2(8.96e+02)1(7.68e+02)0(5.12e+02)3(5.12e+02)
313:0(1.28e+02)1(1.28e+02)2(1.28e+02)3(1.28e+02)
314:2(2.56e+02)0(1.28e+02)1(1.28e+02)3(1.28e+02)
315:1(3.88e+01)2(3.88e+01)3(2.52e+01)0(2.52e+01)
316:1(3.20e+01)3(3.20e+01)2(3.20e+01)0(3.20e+01)
317:2(2.20e+03)0(1.64e+03)3(1.28e+03)1(1.02e+03)
318:2(5.12e+02)0(3.84e+02)1(3.84e+02)3(3.84e+02)
319:1(2.56e+02)2(2.56e+02)3(2.56e+02)0(1.28e+02)
320:1(8.96e+02)2(7.68e+02)0(6.40e+02)3(6.40e+02)
321:0(3.84e+02)1(3.84e+02)2(3.84e+02)3(3.84e+02)
322:0(1.02e+03)1(8.96e+02)2(8.96e+02)3(7.68e+02)
323:2(1.28e+03)3(1.28e+03)0(1.15e+03)1(7.68e+02)
324:1(1.02e+03)2(8.96e+02)3(3.80e+02)0(1.28e+02)
325:2(5.12e+02)1(2.56e+02)3(2.56e+02)0(2.52e+02)
326:2(3.57e+03)1(2.06e+03)3(1.53e+03)0(1.41e+03)
327:0(5.12e+02)2(5.12e+02)1(3.84e+02)3(2.56e+02)
328:1(1.02e+03)2(8.95e+02)0(6.40e+02)3(6.40e+02)
329:2(2.89e+03)1(1.75e+03)3(1.25e+03)0(1.15e+03)
330:2(2.56e+02)0(1.28e+02)1(1.28e+02)3(1.28e+02)
331:0(1.54e+03)3(1.41e+03)2(1.28e+03)1(1.02e+03)
332:1(3.84e+02)2(3.84e+02)0(2.56e+02)3(2.56e+02)
333:1(5.12e+02)0(3.84e+02)2(3.84e+02)3(2.56e+02)
334:1(2.56e+02)2(1.28e+02)0(7.30e+01)3(5.50e+01)
335:2(6.40e+02)0(5.12e+02)3(2.56e+02)1(1.28e+02)
336:1(8.96e+02)0(8.96e+02)2(7.68e+02)3(5.12e+02)
337:2(2.36e+03)0(2.10e+03)1(1.68e+03)3(1.54e+03)
338:2(1.02e+03)1(1.02e+03)0(7.68e+02)3(3.84e+02)
339:0(1.28e+02)1(1.28e+02)2(1.28e+02)3(1.28e+02)
340:3(8.96e+02)1(7.68e+02)2(7.68e+02)0(3.84e+02)
341:2(4.47e+03)3(3.99e+03)1(3.20e+03)0(2.94e+03)
342:2(1.54e+03)1(1.41e+03)3(1.02e+03)0(8.96e+02)
343:2(1.28e+03)3(1.05e+03)1(7.44e+02)0(5.12e+02)
344:0(3.84e+02)1(2.56e+02)2(2.56e+02)3(2.56e+02)
345:2(2.16e+03)0(1.56e+03)1(7.68e+02)3(3.84e+02)
346:1(3.84e+02)0(2.56e+02)2(2.56e+02)3(2.56e+02)
347:2(1.15e+03)0(7.68e+02)1(5.12e+02)3(5.12e+02)
348:1(3.84e+02)2(3.84e+02)0(2.56e+02)3(2.56e+02)
349:2(5.62e+01)0(3.49e+01)3(2.07e+01)1(1.62e+01)
350:2(6.40e+02)0(3.84e+02)1(2.56e+02)3(2.56e+02)
351:2(5.12e+02)0(3.84e+02)1(2.56e+02)3(2.56e+02)
352:1(4.87e+03)2(3.21e+03)0(2.06e+03)3(2.02e+03)
353:3(1.41e+03)1(1.41e+03)0(1.15e+03)2(8.96e+02)
354:1(3.12e+03)2(2.59e+03)0(2.16e+03)3(1.47e+03)
355:0(3.72e+02)1(2.48e+02)2(2.48e+02)3(2.48e+02)
356:2(4.96e+02)0(3.72e+02)1(2.48e+02)3(1.24e+02)
357:2(2.57e+03)0(1.90e+03)1(8.68e+02)3(4.96e+02)
358:2(2.56e+02)3(2.56e+02)0(1.28e+02)1(1.28e+02)
359:2(5.12e+02)0(2.56e+02)1(2.56e+02)3(2.56e+02)
360:0(5.12e+02)2(3.84e+02)3(3.84e+02)1(2.56e+02)
361:2(2.56e+02)0(1.28e+02)1(1.28e+02)3(1.28e+02)
362:2(5.12e+02)0(3.84e+02)1(2.56e+02)3(2.56e+02)
363:0(1.28e+02)1(1.28e+02)2(1.28e+02)3(1.28e+02)
364:0(2.56e+02)3(2.56e+02)1(1.28e+02)2(1.28e+02)
365:0(6.40e+02)2(6.40e+02)3(5.12e+02)1(3.84e+02)
366:2(1.41e+03)1(7.68e+02)0(5.12e+02)3(5.12e+02)
367:2(1.41e+03)0(1.41e+03)1(6.40e+02)3(3.84e+02)
368:2(1.63e+03)0(1.57e+03)1(1.54e+03)3(5.12e+02)
369:1(2.66e+03)2(1.94e+03)0(1.54e+03)3(1.15e+03)
370:2(8.96e+02)0(6.40e+02)1(6.40e+02)3(5.12e+02)
371:2(1.41e+03)1(1.15e+03)3(7.68e+02)0(5.12e+02)
372:1(1.15e+03)2(8.96e+02)0(6.40e+02)3(6.40e+02)
373:1(7.68e+02)2(5.12e+02)3(3.84e+02)0(2.56e+02)
374:3(1.92e+03)0(1.39e+03)1(1.05e+03)2(7.68e+02)
375:2(1.67e+03)0(1.15e+03)3(1.02e+03)1(1.02e+03)
376:0(3.84e+02)1(3.84e+02)2(3.84e+02)3(3.84e+02)
377:2(7.68e+02)0(6.40e+02)1(5.12e+02)3(5.12e+02)
378:3(4.39e+03)1(3.68e+03)2(3.56e+03)0(2.96e+03)
379:0(4.47e+01)1(3.56e+01)3(3.02e+01)2(1.75e+01)
380:1(8.96e+02)3(5.12e+02)0(3.84e+02)2(3.84e+02)
381:0(2.56e+02)1(2.56e+02)2(2.56e+02)3(2.56e+02)
382:1(3.72e+03)0(2.69e+03)2(2.34e+03)3(1.87e+03)
383:1(5.12e+02)2(5.12e+02)0(3.84e+02)3(2.56e+02)
384:2(5.12e+02)3(5.12e+02)0(3.84e+02)1(3.84e+02)
385:1(1.67e+03)2(1.02e+03)0(8.96e+02)3(5.12e+02)INFO: s3mixw_io.c(233): Wrote /home/azizkag/projects/QuranRecognition/fatiha_acoustic_model/model_parameters/fatiha.cd_cont_initial/mixture_weights [386x1x8 array]
INFO: s3gau_io.c(228): Wrote /home/azizkag/projects/QuranRecognition/fatiha_acoustic_model/model_parameters/fatiha.cd_cont_initial/means [386x1x8 array]
INFO: s3gau_io.c(228): Wrote /home/azizkag/projects/QuranRecognition/fatiha_acoustic_model/model_parameters/fatiha.cd_cont_initial/variances [386x1x8 array]

Sun Jan 24 16:58:05 2016
