        INFO: main.c(229): Compiled on Jan 23 2016 at 20:03:23
Current configuration:
[NAME]			[DEFLT]		[VALUE]
-2passvar		no		yes
-abeam			1e-100		1.000000e-90
-accumdir				/home/azizkag/projects/QuranRecognition/fatiha_acoustic_model/bwaccumdir/fatiha_buff_4
-agc			none		none
-agcthresh		2.0		2.000000e+00
-bbeam			1e-100		1.000000e-10
-cb2mllrfn		.1cls.		.1cls.
-cepdir					/home/azizkag/projects/QuranRecognition/fatiha_acoustic_model/feat
-cepext			mfc		mfc
-ceplen			13		13
-ckptintv				0
-cmn			current		current
-cmninit		8.0		8.0
-ctlfn					/home/azizkag/projects/QuranRecognition/fatiha_acoustic_model/etc/fatiha_train.fileids
-diagfull		no		no
-dictfn					/home/azizkag/projects/QuranRecognition/fatiha_acoustic_model/etc/fatiha.dic
-example		no		no
-fdictfn				/home/azizkag/projects/QuranRecognition/fatiha_acoustic_model/etc/fatiha.filler
-feat			1s_c_d_dd	1s_c_d_dd
-fullsuffixmatch	no		no
-fullvar		no		no
-help			no		no
-hmmdir					
-latdir					
-latext					
-lda					
-ldadim			0		0
-lsnfn					/home/azizkag/projects/QuranRecognition/fatiha_acoustic_model/etc/fatiha_train.transcription
-lw			11.5		1.150000e+01
-maxuttlen		0		0
-meanfn					/home/azizkag/projects/QuranRecognition/fatiha_acoustic_model/model_parameters/fatiha.cd_cont_200/means
-meanreest		yes		yes
-mixwfn					/home/azizkag/projects/QuranRecognition/fatiha_acoustic_model/model_parameters/fatiha.cd_cont_200/mixture_weights
-mixwreest		yes		yes
-mllrmat				
-mmie			no		no
-mmie_type		rand		rand
-moddeffn				/home/azizkag/projects/QuranRecognition/fatiha_acoustic_model/model_architecture/fatiha.200.mdef
-mwfloor		0.00001		1.000000e-05
-npart					4
-nskip					0
-outphsegdir				
-outputfullpath		no		no
-part					4
-pdumpdir				
-phsegdir				
-phsegext		phseg		phseg
-runlen			-1		-1
-sentdir				
-sentext		sent		sent
-spthresh		0.0		0.000000e+00
-svspec					
-timing			yes		no
-tmatfn					/home/azizkag/projects/QuranRecognition/fatiha_acoustic_model/model_parameters/fatiha.cd_cont_200/transition_matrices
-tmatreest		yes		yes
-topn			4		2
-tpfloor		0.0001		1.000000e-05
-ts2cbfn				.cont.
-varfloor		0.00001		1.000000e-04
-varfn					/home/azizkag/projects/QuranRecognition/fatiha_acoustic_model/model_parameters/fatiha.cd_cont_200/variances
-varnorm		no		no
-varreest		yes		yes
-viterbi		no		no

INFO: feat.c(715): Initializing feature stream to type: '1s_c_d_dd', ceplen=13, CMN='current', VARNORM='no', AGC='none'
INFO: cmn.c(143): mean[0]= 12.00, mean[1..12]= 0.0
INFO: main.c(318): Reading /home/azizkag/projects/QuranRecognition/fatiha_acoustic_model/model_architecture/fatiha.200.mdef
INFO: model_def_io.c(573): Model definition info:
INFO: model_def_io.c(574): 2006 total models defined (62 base, 1944 tri)
INFO: model_def_io.c(575): 8024 total states
INFO: model_def_io.c(576): 386 total tied states
INFO: model_def_io.c(577): 186 total tied CI states
INFO: model_def_io.c(578): 62 total tied transition matrices
INFO: model_def_io.c(579): 4 max state/model
INFO: model_def_io.c(580): 4 min state/model
INFO: s3mixw_io.c(117): Read /home/azizkag/projects/QuranRecognition/fatiha_acoustic_model/model_parameters/fatiha.cd_cont_200/mixture_weights [386x1x2 array]
INFO: s3tmat_io.c(118): Read /home/azizkag/projects/QuranRecognition/fatiha_acoustic_model/model_parameters/fatiha.cd_cont_200/transition_matrices [62x3x4 array]
INFO: mod_inv.c(301): inserting tprob floor 1.000000e-05 and renormalizing
INFO: s3gau_io.c(169): Read /home/azizkag/projects/QuranRecognition/fatiha_acoustic_model/model_parameters/fatiha.cd_cont_200/means [386x1x2 array]
INFO: s3gau_io.c(169): Read /home/azizkag/projects/QuranRecognition/fatiha_acoustic_model/model_parameters/fatiha.cd_cont_200/variances [386x1x2 array]
INFO: gauden.c(176): 386 total mgau
INFO: gauden.c(150): 1 feature streams (|0|=39 )
INFO: gauden.c(187): 2 total densities
INFO: gauden.c(90): min_var=1.000000e-04
INFO: gauden.c(165): compute 2 densities/frame
INFO: main.c(431): Will reestimate mixing weights.
INFO: main.c(433): Will reestimate means.
INFO: main.c(435): Will reestimate variances.
INFO: main.c(443): Will reestimate transition matrices
INFO: main.c(456): Reading main dictionary: /home/azizkag/projects/QuranRecognition/fatiha_acoustic_model/etc/fatiha.dic
INFO: lexicon.c(221): 26 entries added from /home/azizkag/projects/QuranRecognition/fatiha_acoustic_model/etc/fatiha.dic
INFO: main.c(466): Reading filler dictionary: /home/azizkag/projects/QuranRecognition/fatiha_acoustic_model/etc/fatiha.filler
INFO: lexicon.c(221): 3 entries added from /home/azizkag/projects/QuranRecognition/fatiha_acoustic_model/etc/fatiha.filler
INFO: corpus.c(427): skipping 666 utts.
INFO: corpus.c(431): Last utt skipped: 004
INFO: corpus.c(1086): Will process all remaining utts starting at 666
INFO: main.c(666): Reestimation: Baum-Welch
INFO: cmn.c(183): CMN: 58.71  4.20 14.33  3.96  9.80 -13.74 -10.92 -5.51 -4.17  0.04  6.19 -7.25 -8.51 
column defns
	<seq>
	<id>
	<n_frame_in>
	<n_frame_del>
	<n_state_shmm>
	<avg_states_alpha>
	<avg_states_beta>
	<avg_states_reest>
	<avg_posterior_prune>
	<frame_log_lik>
	<utt_log_lik>
	... timing info ... 
utt>   666                       005  719    0    64 5  1 1 5.011453e-13 -1.234972e+02 -8.879450e+04
INFO: cmn.c(183): CMN: 57.11  4.46 17.31 -3.89  9.04 -7.21 -14.54 -12.27 -1.53  1.21  3.55 -5.36 -11.64 
utt>   667                       006  522    0    56 6  1 1 6.225182e-13 -1.250560e+02 -6.527923e+04
INFO: cmn.c(183): CMN: 60.27  5.45 15.08 -4.96 13.04 -10.98 -9.42 -7.49 -2.06 -0.58  3.22 -7.19 -5.90 
utt>   668                       007 1688    0   116 5  1 1 2.118454e-13 -1.240695e+02 -2.094294e+05
INFO: cmn.c(183): CMN: 51.72  2.45  9.93  1.83  2.25  0.14  1.29 -0.45  9.11  1.27 10.08 -0.40 -1.03 
utt>   669                       001  399    0    68 7  1 1 8.495368e-13 -1.231961e+02 -4.915524e+04
INFO: cmn.c(183): CMN: 57.29  7.08  8.98  8.79  8.31 -9.57  0.45  4.14 -0.88  0.04 11.11  0.70 -0.82 
utt>   670                       002  547    0    60 4  1 1 2.728754e-13 -1.192672e+02 -6.523917e+04
INFO: cmn.c(183): CMN: 54.28  6.66 12.78 -1.33  8.35  2.76 -0.62 -3.53  6.61 -0.99  4.19 -5.57  1.57 
utt>   671                       003  470    0    44 8  1 1 4.391183e-13 -1.271425e+02 -5.975698e+04
INFO: cmn.c(183): CMN: 56.53  2.96 23.15  8.32  3.54 -9.67 -7.53 -5.25  2.81  0.57 10.54 -4.83 -6.08 
utt>   672                       004  395    0    40 5  1 1 6.431721e-13 -1.195641e+02 -4.722780e+04
INFO: cmn.c(183): CMN: 58.71  4.20 14.33  3.96  9.80 -13.74 -10.93 -5.51 -4.16  0.04  6.19 -7.24 -8.51 
utt>   673                       005  719    0    64 5  1 1 5.157755e-13 -1.235047e+02 -8.879988e+04
INFO: cmn.c(183): CMN: 57.11  4.45 17.31 -3.89  9.04 -7.21 -14.55 -12.26 -1.53  1.21  3.56 -5.36 -11.64 
utt>   674                       006  522    0    56 6  1 1 6.456312e-13 -1.250545e+02 -6.527843e+04
INFO: cmn.c(183): CMN: 60.27  5.45 15.08 -4.96 13.04 -10.98 -9.42 -7.49 -2.06 -0.58  3.21 -7.19 -5.90 
utt>   675                       007 1688    0   116 5  1 1 2.161980e-13 -1.240725e+02 -2.094343e+05
INFO: cmn.c(183): CMN: 51.72  2.44  9.96  1.84  2.38  0.16  1.34 -0.48  9.07  1.22  9.96 -0.47 -1.02 
utt>   676                       001  399    0    68 7  1 1 6.942027e-13 -1.233901e+02 -4.923265e+04
INFO: cmn.c(183): CMN: 57.29  7.08  8.97  8.78  8.31 -9.57  0.46  4.13 -0.87  0.04 11.10  0.69 -0.82 
utt>   677                       002  547    0    60 4  1 1 2.113485e-13 -1.192671e+02 -6.523911e+04
INFO: cmn.c(183): CMN: 54.27  6.66 12.79 -1.33  8.36  2.77 -0.64 -3.53  6.61 -0.99  4.21 -5.58  1.57 
utt>   678                       003  470    0    44 8  1 1 4.245930e-13 -1.271448e+02 -5.975805e+04
INFO: cmn.c(183): CMN: 56.52  2.96 23.15  8.32  3.53 -9.67 -7.53 -5.25  2.82  0.57 10.53 -4.83 -6.09 
utt>   679                       004  395    0    40 5  1 1 6.421803e-13 -1.195549e+02 -4.722420e+04
INFO: cmn.c(183): CMN: 58.71  4.20 14.33  3.96  9.80 -13.74 -10.92 -5.51 -4.16  0.03  6.19 -7.25 -8.51 
utt>   680                       005  719    0    64 5  1 1 5.458489e-13 -1.234952e+02 -8.879302e+04
INFO: cmn.c(183): CMN: 57.11  4.45 17.31 -3.90  9.04 -7.20 -14.55 -12.26 -1.54  1.22  3.56 -5.35 -11.64 
utt>   681                       006  522    0    56 6  1 1 6.219255e-13 -1.250643e+02 -6.528354e+04
INFO: cmn.c(183): CMN: 60.27  5.45 15.08 -4.96 13.04 -10.98 -9.42 -7.49 -2.06 -0.58  3.21 -7.19 -5.89 
utt>   682                       007 1688    0   116 5  1 1 2.181983e-13 -1.240689e+02 -2.094283e+05
INFO: cmn.c(183): CMN: 51.71  2.43  9.99  1.81  2.30  0.19  1.37 -0.56  9.12  1.29 10.08 -0.47 -1.02 
utt>   683                       001  399    0    68 7  1 1 1.018058e-12 -1.232240e+02 -4.916639e+04
INFO: cmn.c(183): CMN: 57.29  7.08  8.97  8.78  8.31 -9.56  0.45  4.14 -0.86  0.04 11.10  0.70 -0.82 
utt>   684                       002  547    0    60 4  1 1 2.888009e-13 -1.192485e+02 -6.522893e+04
INFO: cmn.c(183): CMN: 54.27  6.66 12.79 -1.32  8.36  2.76 -0.63 -3.54  6.62 -1.00  4.20 -5.58  1.56 
utt>   685                       003  470    0    44 8  1 1 4.162326e-13 -1.271330e+02 -5.975250e+04
INFO: cmn.c(183): CMN: 56.53  2.96 23.15  8.32  3.53 -9.66 -7.53 -5.25  2.82  0.57 10.54 -4.84 -6.09 
utt>   686                       004  395    0    40 5  1 1 4.024201e-13 -1.195423e+02 -4.721923e+04
INFO: cmn.c(183): CMN: 58.71  4.20 14.33  3.96  9.81 -13.75 -10.92 -5.52 -4.16  0.03  6.19 -7.25 -8.50 
utt>   687                       005  719    0    64 5  1 1 4.995600e-13 -1.234980e+02 -8.879508e+04
INFO: cmn.c(183): CMN: 57.10  4.46 17.32 -3.89  9.04 -7.21 -14.55 -12.27 -1.54  1.21  3.57 -5.36 -11.65 
utt>   688                       006  522    0    56 6  1 1 6.282226e-13 -1.250627e+02 -6.528275e+04
INFO: cmn.c(183): CMN: 60.27  5.45 15.08 -4.96 13.04 -10.98 -9.42 -7.49 -2.06 -0.58  3.21 -7.19 -5.90 
utt>   689                       007 1688    0   116 5  1 1 2.140046e-13 -1.240655e+02 -2.094225e+05
INFO: cmn.c(183): CMN: 51.72  2.43  9.95  1.80  2.33  0.23  1.25 -0.43  9.07  1.30 10.00 -0.44 -1.00 
utt>   690                       001  399    0    68 7  1 1 6.853286e-13 -1.233000e+02 -4.919671e+04
INFO: cmn.c(183): CMN: 57.29  7.08  8.98  8.79  8.32 -9.57  0.44  4.14 -0.86  0.03 11.10  0.69 -0.82 
utt>   691                       002  547    0    60 4  1 1 3.661490e-13 -1.192573e+02 -6.523374e+04
INFO: cmn.c(183): CMN: 54.28  6.66 12.78 -1.33  8.36  2.76 -0.64 -3.54  6.62 -0.98  4.19 -5.57  1.57 
utt>   692                       003  470    0    44 8  1 1 5.010062e-13 -1.271522e+02 -5.976155e+04
INFO: cmn.c(183): CMN: 56.52  2.96 23.16  8.32  3.53 -9.66 -7.53 -5.25  2.82  0.58 10.53 -4.83 -6.08 
utt>   693                       004  395    0    40 5  1 1 6.331137e-13 -1.195677e+02 -4.722924e+04
INFO: cmn.c(183): CMN: 58.71  4.20 14.33  3.96  9.80 -13.74 -10.92 -5.52 -4.16  0.03  6.19 -7.25 -8.51 
utt>   694                       005  719    0    64 5  1 1 5.023431e-13 -1.234891e+02 -8.878864e+04
INFO: cmn.c(183): CMN: 57.10  4.46 17.31 -3.90  9.04 -7.20 -14.55 -12.27 -1.54  1.21  3.56 -5.35 -11.64 
utt>   695                       006  522    0    56 6  1 1 6.230503e-13 -1.250596e+02 -6.528109e+04
INFO: cmn.c(183): CMN: 60.27  5.45 15.08 -4.96 13.04 -10.98 -9.42 -7.49 -2.06 -0.58  3.21 -7.19 -5.89 
utt>   696                       007 1688    0   116 5  1 1 2.109070e-13 -1.240698e+02 -2.094298e+05
INFO: cmn.c(183): CMN: 51.72  2.45  9.92  1.88  2.37  0.15  1.30 -0.57  9.17  1.33 10.09 -0.55 -1.15 
utt>   697                       001  399    0    68 7  1 1 7.201149e-13 -1.232217e+02 -4.916545e+04
INFO: cmn.c(183): CMN: 57.29  7.08  8.97  8.79  8.31 -9.57  0.45  4.13 -0.87  0.04 11.11  0.70 -0.82 
utt>   698                       002  547    0    60 4  1 1 2.860956e-13 -1.192453e+02 -6.522716e+04
INFO: cmn.c(183): CMN: 54.27  6.67 12.79 -1.33  8.35  2.76 -0.63 -3.52  6.62 -0.99  4.17 -5.57  1.58 
utt>   699                       003  470    0    44 8  1 1 5.058498e-13 -1.271474e+02 -5.975927e+04
INFO: cmn.c(183): CMN: 56.53  2.96 23.15  8.32  3.54 -9.66 -7.54 -5.26  2.82  0.57 10.54 -4.82 -6.08 
utt>   700                       004  395    0    40 5  1 1 6.549221e-13 -1.195668e+02 -4.722887e+04
INFO: cmn.c(183): CMN: 58.71  4.20 14.33  3.96  9.79 -13.75 -10.91 -5.51 -4.18  0.04  6.18 -7.24 -8.51 
utt>   701                       005  719    0    64 5  1 1 5.078547e-13 -1.234993e+02 -8.879600e+04
INFO: cmn.c(183): CMN: 57.11  4.45 17.32 -3.89  9.04 -7.21 -14.55 -12.26 -1.54  1.21  3.56 -5.36 -11.64 
utt>   702                       006  522    0    56 6  1 1 6.277268e-13 -1.250542e+02 -6.527831e+04
INFO: cmn.c(183): CMN: 60.27  5.45 15.08 -4.96 13.03 -10.98 -9.42 -7.49 -2.06 -0.58  3.21 -7.19 -5.89 
utt>   703                       007 1688    0   116 5  1 1 2.089908e-13 -1.240629e+02 -2.094181e+05
INFO: cmn.c(183): CMN: 51.72  2.42  9.94  1.85  2.41  0.20  1.34 -0.52  9.07  1.32 10.08 -0.39 -0.94 
utt>   704                       001  399    0    68 7  1 1 6.749075e-13 -1.233853e+02 -4.923074e+04
INFO: cmn.c(183): CMN: 57.29  7.09  8.97  8.79  8.31 -9.56  0.45  4.13 -0.87  0.04 11.11  0.69 -0.82 
utt>   705                       002  547    0    60 4  1 1 2.557671e-13 -1.192716e+02 -6.524157e+04
INFO: cmn.c(183): CMN: 54.28  6.66 12.79 -1.34  8.35  2.76 -0.63 -3.53  6.62 -0.99  4.19 -5.56  1.56 
utt>   706                       003  470    0    44 8  1 1 4.086800e-13 -1.271535e+02 -5.976216e+04
INFO: cmn.c(183): CMN: 56.53  2.96 23.15  8.32  3.54 -9.66 -7.53 -5.25  2.80  0.56 10.54 -4.82 -6.08 
utt>   707                       004  395    0    40 5  1 1 4.141952e-13 -1.195487e+02 -4.722173e+04
INFO: cmn.c(183): CMN: 58.71  4.20 14.32  3.96  9.80 -13.75 -10.92 -5.52 -4.16  0.04  6.18 -7.25 -8.51 
utt>   708                       005  719    0    64 5  1 1 5.189751e-13 -1.235048e+02 -8.879999e+04
INFO: cmn.c(183): CMN: 57.11  4.45 17.32 -3.90  9.04 -7.21 -14.54 -12.26 -1.54  1.21  3.56 -5.36 -11.65 
utt>   709                       006  522    0    56 6  1 1 6.506701e-13 -1.250712e+02 -6.528717e+04
INFO: cmn.c(183): CMN: 60.27  5.45 15.08 -4.96 13.03 -10.98 -9.42 -7.49 -2.07 -0.58  3.21 -7.19 -5.89 
utt>   710                       007 1688    0   116 5  1 1 2.510579e-13 -1.240677e+02 -2.094262e+05
INFO: cmn.c(183): CMN: 51.71  2.46  9.95  1.83  2.51  0.21  1.33 -0.46  9.06  1.21 10.03 -0.40 -0.99 
utt>   711                       001  399    0    68 7  1 1 9.176738e-13 -1.231859e+02 -4.915116e+04
INFO: cmn.c(183): CMN: 57.29  7.08  8.97  8.79  8.31 -9.57  0.45  4.14 -0.87  0.03 11.11  0.69 -0.80 
utt>   712                       002  547    0    60 4  1 1 2.421059e-13 -1.192436e+02 -6.522627e+04
INFO: cmn.c(183): CMN: 54.27  6.66 12.79 -1.33  8.36  2.76 -0.64 -3.54  6.62 -0.99  4.19 -5.58  1.56 
utt>   713                       003  470    0    44 8  1 1 4.017380e-13 -1.271546e+02 -5.976265e+04
INFO: cmn.c(183): CMN: 56.52  2.96 23.15  8.33  3.53 -9.67 -7.53 -5.25  2.81  0.57 10.53 -4.83 -6.09 
utt>   714                       004  395    0    40 5  1 1 3.992476e-13 -1.195539e+02 -4.722378e+04
INFO: cmn.c(183): CMN: 58.71  4.20 14.33  3.96  9.80 -13.75 -10.92 -5.52 -4.16  0.04  6.19 -7.24 -8.51 
utt>   715                       005  719    0    64 5  1 1 5.002622e-13 -1.234996e+02 -8.879621e+04
INFO: cmn.c(183): CMN: 57.11  4.45 17.32 -3.89  9.04 -7.21 -14.55 -12.26 -1.54  1.21  3.56 -5.37 -11.65 
utt>   716                       006  522    0    56 6  1 1 6.522435e-13 -1.250630e+02 -6.528286e+04
INFO: cmn.c(183): CMN: 60.27  5.45 15.09 -4.96 13.03 -10.98 -9.42 -7.49 -2.06 -0.58  3.21 -7.19 -5.90 
utt>   717                       007 1688    0   116 5  1 1 2.145207e-13 -1.240657e+02 -2.094229e+05
INFO: cmn.c(183): CMN: 51.72  2.44  9.98  1.81  2.34  0.16  1.37 -0.50  9.10  1.29  9.99 -0.39 -0.98 
utt>   718                       001  399    0    68 7  1 1 9.478501e-13 -1.231864e+02 -4.915137e+04
INFO: cmn.c(183): CMN: 57.29  7.08  8.97  8.79  8.31 -9.57  0.45  4.13 -0.87  0.05 11.11  0.70 -0.81 
utt>   719                       002  547    0    60 4  1 1 3.237173e-13 -1.192334e+02 -6.522064e+04
INFO: cmn.c(183): CMN: 54.27  6.65 12.78 -1.32  8.38  2.77 -0.64 -3.54  6.62 -0.99  4.20 -5.59  1.57 
utt>   720                       003  470    0    44 8  1 1 4.126786e-13 -1.271647e+02 -5.976741e+04
INFO: cmn.c(183): CMN: 56.53  2.96 23.16  8.33  3.53 -9.67 -7.53 -5.25  2.82  0.58 10.54 -4.83 -6.09 
utt>   721                       004  395    0    40 5  1 1 4.065006e-13 -1.195566e+02 -4.722486e+04
INFO: cmn.c(183): CMN: 58.71  4.20 14.33  3.96  9.80 -13.74 -10.92 -5.53 -4.17  0.04  6.19 -7.25 -8.51 
utt>   722                       005  719    0    64 5  1 1 5.058332e-13 -1.234876e+02 -8.878759e+04
INFO: cmn.c(183): CMN: 57.11  4.45 17.31 -3.89  9.04 -7.21 -14.54 -12.26 -1.55  1.21  3.56 -5.36 -11.64 
utt>   723                       006  522    0    56 6  1 1 6.284473e-13 -1.250646e+02 -6.528374e+04
INFO: cmn.c(183): CMN: 60.27  5.45 15.08 -4.95 13.04 -10.98 -9.42 -7.49 -2.06 -0.58  3.21 -7.19 -5.89 
utt>   724                       007 1688    0   116 5  1 1 2.108537e-13 -1.240651e+02 -2.094220e+05
INFO: cmn.c(183): CMN: 51.73  2.43  9.99  1.89  2.38  0.27  1.39 -0.46  9.10  1.21  9.93 -0.45 -0.93 
utt>   725                       001  399    0    68 7  1 1 9.303960e-13 -1.230931e+02 -4.911414e+04
INFO: cmn.c(183): CMN: 57.29  7.08  8.98  8.79  8.31 -9.57  0.45  4.14 -0.87  0.03 11.10  0.70 -0.82 
utt>   726                       002  547    0    60 4  1 1 4.358282e-13 -1.192800e+02 -6.524617e+04
INFO: cmn.c(183): CMN: 54.27  6.66 12.79 -1.33  8.35  2.75 -0.64 -3.55  6.63 -0.97  4.18 -5.58  1.56 
utt>   727                       003  470    0    44 8  1 1 4.471675e-13 -1.271475e+02 -5.975931e+04
INFO: cmn.c(183): CMN: 56.53  2.96 23.15  8.32  3.53 -9.66 -7.53 -5.25  2.81  0.56 10.54 -4.83 -6.09 
utt>   728                       004  395    0    40 5  1 1 6.519817e-13 -1.195413e+02 -4.721880e+04
INFO: cmn.c(183): CMN: 58.71  4.20 14.32  3.96  9.80 -13.74 -10.93 -5.52 -4.17  0.04  6.18 -7.25 -8.51 
utt>   729                       005  719    0    64 5  1 1 5.122410e-13 -1.234965e+02 -8.879395e+04
INFO: cmn.c(183): CMN: 57.11  4.45 17.31 -3.89  9.04 -7.21 -14.54 -12.27 -1.54  1.21  3.56 -5.36 -11.64 
utt>   730                       006  522    0    56 6  1 1 6.293755e-13 -1.250545e+02 -6.527844e+04
INFO: cmn.c(183): CMN: 60.27  5.45 15.08 -4.95 13.04 -10.99 -9.42 -7.49 -2.06 -0.58  3.21 -7.19 -5.89 
utt>   731                       007 1688    0   116 5  1 1 2.121362e-13 -1.240735e+02 -2.094360e+05
INFO: cmn.c(183): CMN: 51.71  2.45  9.97  1.82  2.34  0.20  1.34 -0.55  9.06  1.21 10.00 -0.43 -1.09 
utt>   732                       001  399    0    68 7  1 1 1.087400e-12 -1.232078e+02 -4.915991e+04
INFO: cmn.c(183): CMN: 57.29  7.08  8.97  8.79  8.32 -9.57  0.45  4.14 -0.87  0.04 11.10  0.69 -0.83 
utt>   733                       002  547    0    60 4  1 1 2.300694e-13 -1.192733e+02 -6.524251e+04
INFO: cmn.c(183): CMN: 54.28  6.66 12.78 -1.33  8.36  2.75 -0.64 -3.53  6.60 -0.98  4.19 -5.57  1.57 
utt>   734                       003  470    0    44 8  1 1 5.507868e-13 -1.271837e+02 -5.977636e+04
INFO: cmn.c(183): CMN: 56.53  2.96 23.15  8.32  3.53 -9.66 -7.52 -5.26  2.81  0.57 10.54 -4.83 -6.09 
utt>   735                       004  395    0    40 5  1 1 6.511227e-13 -1.195357e+02 -4.721658e+04
INFO: cmn.c(183): CMN: 58.71  4.20 14.33  3.96  9.80 -13.73 -10.93 -5.52 -4.17  0.04  6.19 -7.25 -8.51 
utt>   736                       005  719    0    64 5  1 1 4.988255e-13 -1.235082e+02 -8.880237e+04
INFO: cmn.c(183): CMN: 57.11  4.45 17.31 -3.89  9.04 -7.20 -14.55 -12.27 -1.54  1.21  3.57 -5.36 -11.63 
utt>   737                       006  522    0    56 6  1 1 6.254667e-13 -1.250496e+02 -6.527587e+04
INFO: cmn.c(183): CMN: 60.27  5.45 15.08 -4.96 13.03 -10.98 -9.42 -7.48 -2.06 -0.58  3.21 -7.19 -5.89 
utt>   738                       007 1688    0   116 5  1 1 2.126322e-13 -1.240672e+02 -2.094255e+05
INFO: cmn.c(183): CMN: 51.72  2.42  9.93  1.86  2.42  0.10  1.19 -0.55  9.07  1.24 10.06 -0.51 -1.08 
utt>   739                       001  399    0    68 7  1 1 6.541934e-13 -1.231429e+02 -4.913400e+04
INFO: cmn.c(183): CMN: 57.29  7.08  8.97  8.79  8.31 -9.57  0.44  4.14 -0.85  0.04 11.11  0.69 -0.82 
utt>   740                       002  547    0    60 4  1 1 2.233168e-13 -1.192878e+02 -6.525043e+04
INFO: cmn.c(183): CMN: 54.28  6.66 12.78 -1.32  8.36  2.75 -0.62 -3.54  6.62 -0.97  4.18 -5.57  1.57 
utt>   741                       003  470    0    44 8  1 1 3.772089e-13 -1.271714e+02 -5.977057e+04
INFO: cmn.c(183): CMN: 56.52  2.96 23.15  8.32  3.53 -9.66 -7.53 -5.26  2.81  0.57 10.54 -4.82 -6.09 
utt>   742                       004  395    0    40 5  1 1 6.415380e-13 -1.195570e+02 -4.722501e+04
INFO: cmn.c(183): CMN: 58.70  4.20 14.33  3.96  9.80 -13.75 -10.92 -5.52 -4.17  0.04  6.18 -7.24 -8.51 
utt>   743                       005  719    0    64 5  1 1 5.070850e-13 -1.235114e+02 -8.880466e+04
INFO: cmn.c(183): CMN: 57.11  4.46 17.31 -3.90  9.04 -7.20 -14.55 -12.27 -1.54  1.21  3.56 -5.36 -11.64 
utt>   744                       006  522    0    56 6  1 1 6.246383e-13 -1.250434e+02 -6.527265e+04
INFO: cmn.c(183): CMN: 60.27  5.45 15.08 -4.96 13.04 -10.98 -9.42 -7.48 -2.06 -0.58  3.22 -7.19 -5.90 
utt>   745                       007 1688    0   116 5  1 1 2.688283e-13 -1.240686e+02 -2.094279e+05
INFO: cmn.c(183): CMN: 51.73  2.44  9.95  1.86  2.31  0.07  1.30 -0.49  9.11  1.24 10.08 -0.52 -1.03 
utt>   746                       001  399    0    68 7  1 1 1.038522e-12 -1.232128e+02 -4.916190e+04
INFO: cmn.c(183): CMN: 57.29  7.08  8.97  8.79  8.32 -9.57  0.45  4.15 -0.87  0.04 11.10  0.70 -0.82 
utt>   747                       002  547    0    60 4  1 1 2.343978e-13 -1.192706e+02 -6.524103e+04
INFO: cmn.c(183): CMN: 54.28  6.66 12.79 -1.33  8.36  2.76 -0.63 -3.54  6.61 -0.97  4.18 -5.58  1.58 
utt>   748                       003  470    0    44 8  1 1 4.416031e-13 -1.271728e+02 -5.977123e+04
INFO: cmn.c(183): CMN: 56.53  2.96 23.15  8.32  3.53 -9.66 -7.53 -5.25  2.83  0.58 10.54 -4.84 -6.08 
utt>   749                       004  395    0    40 5  1 1 6.606323e-13 -1.195732e+02 -4.723140e+04
INFO: cmn.c(183): CMN: 58.71  4.20 14.32  3.96  9.81 -13.74 -10.92 -5.51 -4.16  0.03  6.19 -7.24 -8.51 
utt>   750                       005  719    0    64 5  1 1 6.197808e-13 -1.234808e+02 -8.878267e+04
INFO: cmn.c(183): CMN: 57.11  4.45 17.31 -3.89  9.04 -7.21 -14.55 -12.26 -1.55  1.22  3.56 -5.36 -11.64 
utt>   751                       006  522    0    56 6  1 1 6.308788e-13 -1.250635e+02 -6.528315e+04
INFO: cmn.c(183): CMN: 60.27  5.45 15.08 -4.96 13.04 -10.98 -9.42 -7.48 -2.06 -0.58  3.21 -7.19 -5.90 
utt>   752                       007 1688    0   116 5  1 1 2.136429e-13 -1.240664e+02 -2.094240e+05
INFO: cmn.c(183): CMN: 51.71  2.47  9.94  1.83  2.38  0.20  1.33 -0.54  9.04  1.19 10.00 -0.42 -1.07 
utt>   753                       001  399    0    68 7  1 1 7.634796e-13 -1.231695e+02 -4.914464e+04
INFO: cmn.c(183): CMN: 57.29  7.08  8.97  8.79  8.30 -9.56  0.46  4.13 -0.87  0.03 11.11  0.70 -0.82 
utt>   754                       002  547    0    60 4  1 1 2.443898e-13 -1.192860e+02 -6.524943e+04
INFO: cmn.c(183): CMN: 54.28  6.66 12.78 -1.32  8.37  2.76 -0.66 -3.56  6.62 -0.98  4.21 -5.58  1.56 
utt>   755                       003  470    0    44 8  1 1 3.967437e-13 -1.271593e+02 -5.976488e+04
INFO: cmn.c(183): CMN: 56.52  2.96 23.15  8.32  3.53 -9.66 -7.53 -5.26  2.82  0.57 10.54 -4.83 -6.08 
utt>   756                       004  395    0    40 5  1 1 3.938718e-13 -1.195396e+02 -4.721812e+04
INFO: cmn.c(183): CMN: 58.71  4.20 14.32  3.96  9.80 -13.75 -10.92 -5.52 -4.17  0.04  6.19 -7.24 -8.51 
utt>   757                       005  719    0    64 5  1 1 5.029012e-13 -1.234800e+02 -8.878213e+04
INFO: cmn.c(183): CMN: 57.11  4.46 17.32 -3.89  9.04 -7.21 -14.55 -12.27 -1.55  1.22  3.57 -5.36 -11.64 
utt>   758                       006  522    0    56 6  1 1 6.260094e-13 -1.250381e+02 -6.526991e+04
INFO: cmn.c(183): CMN: 60.27  5.45 15.08 -4.96 13.04 -10.98 -9.42 -7.49 -2.06 -0.58  3.21 -7.19 -5.90 
utt>   759                       007 1688    0   116 5  1 1 2.135144e-13 -1.240698e+02 -2.094298e+05
INFO: cmn.c(183): CMN: 51.71  2.44  9.93  1.87  2.44  0.15  1.19 -0.50  9.09  1.22 10.04 -0.42 -0.99 
utt>   760                       001  399    0    68 7  1 1 8.354370e-13 -1.232200e+02 -4.916478e+04
INFO: cmn.c(183): CMN: 57.29  7.09  8.97  8.79  8.32 -9.57  0.45  4.13 -0.87  0.04 11.11  0.70 -0.81 
utt>   761                       002  547    0    60 4  1 1 2.413166e-13 -1.192720e+02 -6.524180e+04
INFO: cmn.c(183): CMN: 54.27  6.66 12.79 -1.33  8.36  2.76 -0.62 -3.54  6.62 -0.99  4.17 -5.58  1.57 
utt>   762                       003  470    0    44 8  1 1 4.135565e-13 -1.271396e+02 -5.975560e+04
INFO: cmn.c(183): CMN: 56.53  2.97 23.15  8.32  3.53 -9.67 -7.53 -5.25  2.82  0.57 10.53 -4.83 -6.08 
utt>   763                       004  395    0    40 5  1 1 6.530445e-13 -1.195512e+02 -4.722274e+04
INFO: cmn.c(183): CMN: 58.71  4.20 14.33  3.96  9.80 -13.74 -10.92 -5.51 -4.17  0.04  6.18 -7.25 -8.51 
utt>   764                       005  719    0    64 5  1 1 5.126618e-13 -1.235057e+02 -8.880062e+04
INFO: cmn.c(183): CMN: 57.11  4.46 17.32 -3.90  9.04 -7.21 -14.55 -12.26 -1.53  1.21  3.56 -5.36 -11.64 
utt>   765                       006  522    0    56 6  1 1 6.274124e-13 -1.250572e+02 -6.527985e+04
INFO: cmn.c(183): CMN: 60.27  5.45 15.08 -4.96 13.04 -10.98 -9.43 -7.49 -2.06 -0.58  3.21 -7.19 -5.89 
utt>   766                       007 1688    0   116 5  1 1 2.134309e-13 -1.240651e+02 -2.094219e+05
INFO: cmn.c(183): CMN: 51.72  2.44  9.97  1.85  2.40  0.16  1.18 -0.56  9.15  1.26 10.03 -0.41 -1.03 
utt>   767                       001  399    0    68 7  1 1 8.302998e-13 -1.231753e+02 -4.914693e+04
INFO: cmn.c(183): CMN: 57.29  7.08  8.97  8.78  8.32 -9.56  0.44  4.13 -0.86  0.04 11.11  0.70 -0.82 
utt>   768                       002  547    0    60 4  1 1 3.902803e-13 -1.192848e+02 -6.524877e+04
INFO: cmn.c(183): CMN: 54.27  6.66 12.79 -1.32  8.36  2.76 -0.64 -3.54  6.61 -0.99  4.20 -5.58  1.58 
utt>   769                       003  470    0    44 8  1 1 4.015024e-13 -1.271437e+02 -5.975753e+04
INFO: cmn.c(183): CMN: 56.53  2.97 23.15  8.32  3.54 -9.67 -7.53 -5.25  2.82  0.56 10.53 -4.83 -6.08 
utt>   770                       004  395    0    40 5  1 1 6.297298e-13 -1.195644e+02 -4.722794e+04
INFO: cmn.c(183): CMN: 58.71  4.20 14.33  3.96  9.80 -13.74 -10.92 -5.52 -4.17  0.04  6.19 -7.25 -8.51 
utt>   771                       005  719    0    64 5  1 1 5.061663e-13 -1.234870e+02 -8.878713e+04
INFO: cmn.c(183): CMN: 57.11  4.46 17.31 -3.89  9.04 -7.21 -14.55 -12.26 -1.54  1.21  3.57 -5.36 -11.64 
utt>   772                       006  522    0    56 6  1 1 6.237568e-13 -1.250658e+02 -6.528433e+04
INFO: cmn.c(183): CMN: 60.27  5.45 15.08 -4.96 13.04 -10.98 -9.42 -7.49 -2.06 -0.58  3.21 -7.19 -5.90 
utt>   773                       007 1688    0   116 5  1 1 2.683663e-13 -1.240720e+02 -2.094336e+05
INFO: cmn.c(183): CMN: 51.71  2.46  9.90  1.84  2.40  0.11  1.28 -0.52  9.06  1.33 10.01 -0.46 -0.97 
utt>   774                       001  399    0    68 7  1 1 6.677187e-13 -1.232830e+02 -4.918990e+04
INFO: cmn.c(183): CMN: 57.29  7.08  8.97  8.79  8.32 -9.57  0.45  4.14 -0.87  0.05 11.10  0.70 -0.82 
utt>   775                       002  547    0    60 4  1 1 2.343361e-13 -1.192610e+02 -6.523576e+04
INFO: cmn.c(183): CMN: 54.27  6.66 12.79 -1.32  8.36  2.77 -0.63 -3.53  6.58 -0.99  4.20 -5.57  1.56 
utt>   776                       003  470    0    44 8  1 1 4.425192e-13 -1.271574e+02 -5.976400e+04
INFO: cmn.c(183): CMN: 56.53  2.96 23.15  8.32  3.53 -9.66 -7.53 -5.26  2.81  0.58 10.53 -4.83 -6.09 
utt>   777                       004  395    0    40 5  1 1 6.408613e-13 -1.195573e+02 -4.722512e+04
INFO: cmn.c(183): CMN: 58.71  4.20 14.33  3.96  9.80 -13.74 -10.92 -5.52 -4.16  0.04  6.19 -7.25 -8.51 
utt>   778                       005  719    0    64 5  1 1 5.071189e-13 -1.234920e+02 -8.879076e+04
INFO: cmn.c(183): CMN: 57.11  4.46 17.31 -3.89  9.04 -7.21 -14.55 -12.26 -1.53  1.21  3.56 -5.36 -11.64 
utt>   779                       006  522    0    56 6  1 1 6.281186e-13 -1.250603e+02 -6.528150e+04
INFO: cmn.c(183): CMN: 60.27  5.45 15.08 -4.96 13.03 -10.98 -9.42 -7.49 -2.06 -0.58  3.22 -7.19 -5.90 
utt>   780                       007 1688    0   116 5  1 1 2.123426e-13 -1.240683e+02 -2.094273e+05
INFO: cmn.c(183): CMN: 51.72  2.44 10.00  1.82  2.25  0.15  1.32 -0.49  9.09  1.29  9.94 -0.37 -1.03 
utt>   781                       001  399    0    68 7  1 1 1.096095e-12 -1.232888e+02 -4.919223e+04
INFO: cmn.c(183): CMN: 57.29  7.08  8.98  8.79  8.32 -9.57  0.44  4.14 -0.86  0.05 11.10  0.68 -0.82 
utt>   782                       002  547    0    60 4  1 1 2.373559e-13 -1.192879e+02 -6.525046e+04
INFO: cmn.c(183): CMN: 54.27  6.65 12.80 -1.32  8.35  2.77 -0.64 -3.53  6.62 -0.99  4.19 -5.58  1.56 
utt>   783                       003  470    0    44 8  1 1 4.156946e-13 -1.271607e+02 -5.976555e+04
INFO: cmn.c(183): CMN: 56.52  2.96 23.15  8.32  3.54 -9.66 -7.53 -5.26  2.81  0.57 10.54 -4.83 -6.08 
utt>   784                       004  395    0    40 5  1 1 4.068374e-13 -1.195569e+02 -4.722498e+04
INFO: cmn.c(183): CMN: 58.71  4.20 14.32  3.96  9.80 -13.75 -10.92 -5.52 -4.16  0.04  6.19 -7.26 -8.51 
utt>   785                       005  719    0    64 5  1 1 5.037765e-13 -1.234790e+02 -8.878137e+04
INFO: cmn.c(183): CMN: 57.11  4.45 17.31 -3.89  9.04 -7.21 -14.55 -12.26 -1.55  1.21  3.56 -5.36 -11.64 
utt>   786                       006  522    0    56 6  1 1 6.142905e-13 -1.250467e+02 -6.527436e+04
INFO: cmn.c(183): CMN: 60.27  5.45 15.08 -4.96 13.04 -10.98 -9.43 -7.48 -2.06 -0.58  3.21 -7.19 -5.90 
utt>   787                       007 1688    0   116 5  1 1 2.131996e-13 -1.240722e+02 -2.094340e+05
INFO: cmn.c(183): CMN: 51.72  2.45  9.92  1.89  2.39  0.20  1.28 -0.42  9.11  1.29  9.99 -0.47 -1.08 
utt>   788                       001  399    0    68 7  1 1 9.282943e-13 -1.231264e+02 -4.912745e+04
INFO: cmn.c(183): CMN: 57.29  7.08  8.97  8.79  8.31 -9.58  0.45  4.14 -0.85  0.04 11.10  0.69 -0.81 
utt>   789                       002  547    0    60 4  1 1 2.525934e-13 -1.192905e+02 -6.525193e+04
INFO: cmn.c(183): CMN: 54.27  6.66 12.78 -1.31  8.36  2.74 -0.62 -3.53  6.62 -1.00  4.19 -5.58  1.57 
utt>   790                       003  470    0    44 8  1 1 3.940490e-13 -1.271492e+02 -5.976011e+04
INFO: cmn.c(183): CMN: 56.52  2.96 23.15  8.32  3.54 -9.66 -7.53 -5.25  2.82  0.57 10.53 -4.83 -6.08 
utt>   791                       004  395    0    40 5  1 1 6.418781e-13 -1.195598e+02 -4.722613e+04
INFO: cmn.c(183): CMN: 58.71  4.20 14.33  3.96  9.80 -13.74 -10.92 -5.51 -4.16  0.03  6.18 -7.25 -8.51 
utt>   792                       005  719    0    64 5  1 1 4.986433e-13 -1.234822e+02 -8.878374e+04
INFO: cmn.c(183): CMN: 57.11  4.46 17.31 -3.90  9.04 -7.20 -14.55 -12.27 -1.54  1.21  3.56 -5.36 -11.64 
utt>   793                       006  522    0    56 6  1 1 6.467402e-13 -1.250531e+02 -6.527774e+04
INFO: cmn.c(183): CMN: 60.27  5.45 15.08 -4.96 13.04 -10.98 -9.42 -7.49 -2.06 -0.58  3.21 -7.19 -5.90 
utt>   794                       007 1688    0   116 5  1 1 2.130551e-13 -1.240714e+02 -2.094325e+05
INFO: cmn.c(183): CMN: 51.71  2.45  9.99  1.84  2.30  0.10  1.33 -0.45  9.09  1.18 10.04 -0.43 -1.05 
utt>   795                       001  399    0    68 7  1 1 1.094832e-12 -1.232337e+02 -4.917024e+04
INFO: cmn.c(183): CMN: 57.29  7.08  8.97  8.79  8.31 -9.56  0.44  4.13 -0.86  0.04 11.12  0.70 -0.82 
utt>   796                       002  547    0    60 4  1 1 2.584487e-13 -1.192789e+02 -6.524556e+04
INFO: cmn.c(183): CMN: 54.28  6.65 12.79 -1.31  8.36  2.76 -0.63 -3.53  6.60 -0.99  4.19 -5.57  1.58 
utt>   797                       003  470    0    44 8  1 1 4.533004e-13 -1.271596e+02 -5.976499e+04
INFO: cmn.c(183): CMN: 56.53  2.96 23.15  8.32  3.54 -9.67 -7.53 -5.25  2.81  0.57 10.54 -4.82 -6.09 
utt>   798                       004  395    0    40 5  1 1 4.064660e-13 -1.195422e+02 -4.721916e+04
INFO: cmn.c(183): CMN: 58.71  4.20 14.33  3.97  9.80 -13.75 -10.93 -5.51 -4.16  0.03  6.19 -7.25 -8.51 
utt>   799                       005  719    0    64 5  1 1 4.980848e-13 -1.234978e+02 -8.879494e+04
INFO: cmn.c(183): CMN: 57.11  4.45 17.31 -3.90  9.04 -7.20 -14.56 -12.26 -1.54  1.21  3.56 -5.35 -11.64 
utt>   800                       006  522    0    56 6  1 1 6.217679e-13 -1.250351e+02 -6.526834e+04
INFO: cmn.c(183): CMN: 60.27  5.45 15.08 -4.96 13.04 -10.98 -9.42 -7.49 -2.06 -0.58  3.21 -7.19 -5.89 
utt>   801                       007 1688    0   116 5  1 1 2.133265e-13 -1.240608e+02 -2.094146e+05
INFO: cmn.c(183): CMN: 51.72  2.45  9.94  1.86  2.43  0.21  1.37 -0.49  9.06  1.17  9.95 -0.37 -1.06 
utt>   802                       001  399    0    68 7  1 1 8.327340e-13 -1.230916e+02 -4.911353e+04
INFO: cmn.c(183): CMN: 57.29  7.08  8.97  8.78  8.31 -9.56  0.44  4.13 -0.86  0.04 11.10  0.69 -0.82 
utt>   803                       002  547    0    60 4  1 1 2.181102e-13 -1.192951e+02 -6.525445e+04
INFO: cmn.c(183): CMN: 54.27  6.66 12.79 -1.31  8.36  2.76 -0.64 -3.54  6.61 -0.99  4.18 -5.57  1.57 
utt>   804                       003  470    0    44 8  1 1 3.848748e-13 -1.272099e+02 -5.978867e+04
INFO: cmn.c(183): CMN: 56.53  2.96 23.15  8.32  3.53 -9.66 -7.52 -5.24  2.81  0.56 10.53 -4.82 -6.09 
utt>   805                       004  395    0    40 5  1 1 6.333027e-13 -1.195601e+02 -4.722622e+04
INFO: cmn.c(183): CMN: 58.71  4.20 14.32  3.96  9.80 -13.73 -10.93 -5.51 -4.17  0.04  6.18 -7.25 -8.51 
utt>   806                       005  719    0    64 5  1 1 5.022996e-13 -1.235057e+02 -8.880063e+04
INFO: cmn.c(183): CMN: 57.10  4.46 17.31 -3.90  9.04 -7.21 -14.55 -12.26 -1.52  1.21  3.56 -5.35 -11.63 
utt>   807                       006  522    0    56 6  1 1 6.307747e-13 -1.250776e+02 -6.529053e+04
INFO: cmn.c(183): CMN: 60.27  5.45 15.08 -4.96 13.04 -10.98 -9.42 -7.49 -2.06 -0.58  3.21 -7.19 -5.89 
utt>   808                       007 1688    0   116 5  1 1 2.171535e-13 -1.240672e+02 -2.094255e+05
INFO: cmn.c(183): CMN: 51.73  2.47  9.92  1.78  2.30  0.16  1.36 -0.48  9.10  1.40 10.11 -0.48 -1.05 
utt>   809                       001  399    0    68 7  1 1 6.167913e-13 -1.232620e+02 -4.918152e+04
INFO: cmn.c(183): CMN: 57.29  7.08  8.97  8.79  8.32 -9.57  0.45  4.13 -0.86  0.05 11.09  0.70 -0.81 
utt>   810                       002  547    0    60 4  1 1 2.535864e-13 -1.192869e+02 -6.524992e+04
INFO: cmn.c(183): CMN: 54.27  6.66 12.79 -1.33  8.37  2.78 -0.64 -3.54  6.62 -0.99  4.18 -5.56  1.56 
utt>   811                       003  470    0    44 8  1 1 3.851927e-13 -1.271427e+02 -5.975706e+04
INFO: cmn.c(183): CMN: 56.53  2.96 23.15  8.31  3.53 -9.67 -7.52 -5.24  2.81  0.56 10.54 -4.83 -6.08 
utt>   812                       004  395    0    40 5  1 1 6.333608e-13 -1.195411e+02 -4.721875e+04
INFO: cmn.c(183): CMN: 58.71  4.20 14.33  3.96  9.80 -13.75 -10.92 -5.51 -4.17  0.04  6.19 -7.26 -8.50 
utt>   813                       005  719    0    64 5  1 1 5.059471e-13 -1.234852e+02 -8.878588e+04
INFO: cmn.c(183): CMN: 57.11  4.45 17.32 -3.89  9.04 -7.21 -14.54 -12.27 -1.54  1.22  3.56 -5.36 -11.64 
utt>   814                       006  522    0    56 6  1 1 6.408928e-13 -1.250597e+02 -6.528114e+04
INFO: cmn.c(183): CMN: 60.27  5.45 15.08 -4.96 13.04 -10.98 -9.43 -7.49 -2.06 -0.58  3.21 -7.19 -5.90 
utt>   815                       007 1688    0   116 5  1 1 2.144313e-13 -1.240701e+02 -2.094303e+05
INFO: cmn.c(183): CMN: 51.72  2.46  9.94  1.84  2.40  0.14  1.29 -0.44  9.13  1.16 10.13 -0.36 -1.02 
utt>   816                       001  399    0    68 7  1 1 6.366851e-13 -1.231384e+02 -4.913221e+04
INFO: cmn.c(183): CMN: 57.29  7.08  8.98  8.79  8.31 -9.57  0.45  4.14 -0.87  0.05 11.11  0.70 -0.82 
utt>   817                       002  547    0    60 4  1 1 2.470293e-13 -1.192346e+02 -6.522132e+04
INFO: cmn.c(183): CMN: 54.27  6.66 12.79 -1.33  8.37  2.76 -0.65 -3.52  6.62 -0.99  4.19 -5.58  1.56 
utt>   818                       003  470    0    44 8  1 1 4.514079e-13 -1.271852e+02 -5.977703e+04
INFO: cmn.c(183): CMN: 56.53  2.97 23.15  8.32  3.53 -9.67 -7.52 -5.25  2.81  0.56 10.53 -4.83 -6.09 
utt>   819                       004  395    0    40 5  1 1 6.257129e-13 -1.195559e+02 -4.722457e+04
INFO: cmn.c(183): CMN: 58.71  4.20 14.33  3.96  9.80 -13.74 -10.91 -5.51 -4.17  0.03  6.18 -7.24 -8.51 
utt>   820                       005  719    0    64 5  1 1 4.958913e-13 -1.235070e+02 -8.880151e+04
INFO: cmn.c(183): CMN: 57.11  4.46 17.31 -3.90  9.05 -7.21 -14.55 -12.26 -1.54  1.22  3.55 -5.35 -11.64 
utt>   821                       006  522    0    56 6  1 1 6.246550e-13 -1.250531e+02 -6.527771e+04
INFO: cmn.c(183): CMN: 60.27  5.45 15.08 -4.96 13.04 -10.98 -9.43 -7.49 -2.06 -0.58  3.22 -7.19 -5.90 
utt>   822                       007 1688    0   116 5  1 1 2.022001e-13 -1.240676e+02 -2.094261e+05
INFO: cmn.c(183): CMN: 51.71  2.45  9.97  1.80  2.35  0.13  1.34 -0.41  9.17  1.28 10.10 -0.43 -1.11 
utt>   823                       001  399    0    68 7  1 1 7.201344e-13 -1.233103e+02 -4.920082e+04
INFO: cmn.c(183): CMN: 57.29  7.08  8.98  8.79  8.31 -9.56  0.45  4.12 -0.87  0.04 11.11  0.69 -0.82 
utt>   824                       002  547    0    60 4  1 1 2.315479e-13 -1.192681e+02 -6.523964e+04
INFO: cmn.c(183): CMN: 54.27  6.66 12.78 -1.32  8.37  2.76 -0.66 -3.54  6.62 -1.00  4.19 -5.57  1.57 
utt>   825                       003  470    0    44 8  1 1 4.050064e-13 -1.271436e+02 -5.975750e+04
INFO: cmn.c(183): CMN: 56.53  2.96 23.15  8.32  3.53 -9.67 -7.53 -5.25  2.81  0.57 10.54 -4.82 -6.09 
utt>   826                       004  395    0    40 5  1 1 6.336260e-13 -1.195347e+02 -4.721622e+04
INFO: cmn.c(183): CMN: 58.71  4.20 14.33  3.96  9.79 -13.75 -10.92 -5.52 -4.16  0.04  6.18 -7.25 -8.51 
utt>   827                       005  719    0    64 5  1 1 5.074344e-13 -1.234878e+02 -8.878776e+04
INFO: cmn.c(183): CMN: 57.11  4.45 17.32 -3.89  9.03 -7.21 -14.55 -12.26 -1.55  1.22  3.56 -5.36 -11.65 
utt>   828                       006  522    0    56 6  1 1 6.270909e-13 -1.250544e+02 -6.527838e+04
INFO: cmn.c(183): CMN: 60.27  5.45 15.08 -4.96 13.03 -10.98 -9.42 -7.49 -2.06 -0.58  3.22 -7.19 -5.90 
utt>   829                       007 1688    0   116 5  1 1 2.126489e-13 -1.240641e+02 -2.094202e+05
INFO: cmn.c(183): CMN: 51.72  2.45  9.95  1.80  2.32  0.12  1.31 -0.36  9.03  1.29 10.06 -0.40 -0.95 
utt>   830                       001  399    0    68 7  1 1 6.216326e-13 -1.231163e+02 -4.912341e+04
INFO: cmn.c(183): CMN: 57.29  7.08  8.97  8.79  8.31 -9.57  0.44  4.13 -0.86  0.05 11.11  0.70 -0.81 
utt>   831                       002  547    0    60 4  1 1 2.853054e-13 -1.192783e+02 -6.524524e+04
INFO: cmn.c(183): CMN: 54.28  6.66 12.78 -1.33  8.36  2.74 -0.64 -3.53  6.61 -0.99  4.18 -5.57  1.57 
utt>   832                       003  470    0    44 8  1 1 4.059866e-13 -1.271609e+02 -5.976561e+04
INFO: cmn.c(183): CMN: 58.71  4.20 14.33  3.96  9.80 -13.75 -10.92 -5.52 -4.18  0.04  6.19 -7.24 -8.52 
utt>   833                       005  719    0    64 5  1 1 5.056235e-13 -1.235130e+02 -8.880586e+04
INFO: cmn.c(183): CMN: 57.11  4.46 17.31 -3.89  9.03 -7.21 -14.55 -12.26 -1.55  1.22  3.57 -5.37 -11.64 
utt>   834                       006  522    0    56 6  1 1 6.431947e-13 -1.250647e+02 -6.528376e+04
INFO: cmn.c(183): CMN: 60.27  5.45 15.08 -4.96 13.04 -10.98 -9.42 -7.49 -2.06 -0.58  3.21 -7.19 -5.90 
utt>   835                       007 1688    0   116 5  1 1 2.706471e-13 -1.240644e+02 -2.094207e+05
INFO: cmn.c(183): CMN: 51.72  2.45  9.96  1.83  2.37  0.22  1.41 -0.45  9.11  1.23 10.03 -0.46 -1.02 
utt>   836                       001  399    0    68 7  1 1 7.176580e-13 -1.231956e+02 -4.915504e+04
INFO: cmn.c(183): CMN: 57.29  7.08  8.97  8.79  8.32 -9.57  0.45  4.14 -0.88  0.04 11.10  0.70 -0.82 
utt>   837                       002  547    0    60 4  1 1 2.412976e-13 -1.192761e+02 -6.524401e+04
INFO: cmn.c(183): CMN: 54.27  6.65 12.80 -1.32  8.35  2.76 -0.63 -3.51  6.64 -1.00  4.17 -5.57  1.56 
utt>   838                       003  470    0    44 8  1 1 3.691079e-13 -1.271705e+02 -5.977012e+04
INFO: cmn.c(183): CMN: 56.53  2.96 23.15  8.32  3.54 -9.66 -7.54 -5.25  2.82  0.57 10.53 -4.84 -6.09 
utt>   839                       004  395    0    40 5  1 1 6.365106e-13 -1.195544e+02 -4.722398e+04
INFO: cmn.c(183): CMN: 58.71  4.20 14.33  3.96  9.80 -13.74 -10.92 -5.51 -4.16  0.03  6.18 -7.24 -8.50 
utt>   840                       005  719    0    64 5  1 1 6.242569e-13 -1.235291e+02 -8.881743e+04
INFO: cmn.c(183): CMN: 57.11  4.46 17.32 -3.90  9.04 -7.21 -14.55 -12.27 -1.54  1.21  3.57 -5.36 -11.64 
utt>   841                       006  522    0    56 6  1 1 6.607368e-13 -1.250635e+02 -6.528314e+04
INFO: cmn.c(183): CMN: 60.27  5.45 15.08 -4.96 13.04 -10.98 -9.42 -7.49 -2.06 -0.58  3.21 -7.19 -5.89 
utt>   842                       007 1688    0   116 5  1 1 2.111832e-13 -1.240687e+02 -2.094280e+05
INFO: cmn.c(183): CMN: 51.71  2.43 10.00  1.81  2.32  0.15  1.33 -0.44  9.18  1.27 10.01 -0.55 -1.06 
utt>   843                       001  399    0    68 7  1 1 9.937119e-13 -1.232688e+02 -4.918424e+04
INFO: cmn.c(183): CMN: 57.29  7.08  8.97  8.79  8.31 -9.57  0.45  4.14 -0.86  0.04 11.10  0.70 -0.81 
utt>   844                       002  547    0    60 4  1 1 2.629308e-13 -1.192577e+02 -6.523394e+04
INFO: cmn.c(183): CMN: 54.28  6.66 12.79 -1.34  8.36  2.76 -0.65 -3.52  6.61 -1.00  4.21 -5.58  1.57 
utt>   845                       003  470    0    44 8  1 1 4.404273e-13 -1.271735e+02 -5.977156e+04
INFO: cmn.c(183): CMN: 56.52  2.96 23.15  8.32  3.53 -9.66 -7.52 -5.26  2.81  0.56 10.54 -4.83 -6.09 
utt>   846                       004  395    0    40 5  1 1 6.587603e-13 -1.195600e+02 -4.722621e+04
INFO: cmn.c(183): CMN: 58.71  4.20 14.33  3.96  9.80 -13.74 -10.92 -5.51 -4.16  0.03  6.18 -7.24 -8.51 
utt>   847                       005  719    0    64 5  1 1 6.306834e-13 -1.234923e+02 -8.879097e+04
INFO: cmn.c(183): CMN: 57.11  4.46 17.31 -3.90  9.05 -7.21 -14.55 -12.26 -1.55  1.21  3.56 -5.36 -11.65 
utt>   848                       006  522    0    56 6  1 1 6.419766e-13 -1.250516e+02 -6.527695e+04
INFO: cmn.c(183): CMN: 60.27  5.45 15.08 -4.96 13.03 -10.98 -9.42 -7.48 -2.06 -0.58  3.22 -7.19 -5.90 
utt>   849                       007 1688    0   116 5  1 1 2.117903e-13 -1.240654e+02 -2.094223e+05
INFO: cmn.c(183): CMN: 51.71  2.42  9.95  1.85  2.33  0.17  1.35 -0.42  9.13  1.30 10.02 -0.52 -1.01 
utt>   850                       001  399    0    68 7  1 1 8.526454e-13 -1.231542e+02 -4.913854e+04
INFO: cmn.c(183): CMN: 57.29  7.08  8.97  8.79  8.32 -9.57  0.46  4.13 -0.87  0.03 11.12  0.70 -0.82 
utt>   851                       002  547    0    60 4  1 1 2.540712e-13 -1.192723e+02 -6.524192e+04
INFO: cmn.c(183): CMN: 54.28  6.66 12.78 -1.32  8.36  2.74 -0.63 -3.51  6.61 -0.99  4.18 -5.57  1.57 
utt>   852                       003  470    0    44 8  1 1 4.494668e-13 -1.271689e+02 -5.976938e+04
INFO: cmn.c(183): CMN: 56.53  2.96 23.15  8.31  3.54 -9.65 -7.53 -5.26  2.81  0.58 10.53 -4.83 -6.09 
utt>   853                       004  395    0    40 5  1 1 6.237058e-13 -1.195506e+02 -4.722248e+04
INFO: cmn.c(183): CMN: 58.71  4.20 14.33  3.96  9.80 -13.74 -10.92 -5.52 -4.17  0.04  6.18 -7.25 -8.51 
utt>   854                       005  719    0    64 5  1 1 5.172546e-13 -1.235054e+02 -8.880040e+04
INFO: cmn.c(183): CMN: 57.10  4.46 17.32 -3.89  9.04 -7.22 -14.55 -12.26 -1.54  1.21  3.56 -5.36 -11.64 
utt>   855                       006  522    0    56 6  1 1 6.216009e-13 -1.250772e+02 -6.529028e+04
INFO: cmn.c(183): CMN: 60.27  5.45 15.08 -4.96 13.04 -10.98 -9.42 -7.48 -2.06 -0.58  3.21 -7.19 -5.89 
utt>   856                       007 1688    0   116 5  1 1 2.127568e-13 -1.240681e+02 -2.094269e+05
INFO: cmn.c(183): CMN: 51.72  2.46  9.97  1.77  2.28  0.22  1.39 -0.43  8.98  1.29 10.08 -0.42 -0.91 
utt>   857                       001  399    0    68 7  1 1 8.096000e-13 -1.234752e+02 -4.926659e+04
INFO: cmn.c(183): CMN: 57.29  7.08  8.97  8.79  8.32 -9.56  0.46  4.12 -0.87  0.04 11.10  0.70 -0.82 
utt>   858                       002  547    0    60 4  1 1 2.728306e-13 -1.192727e+02 -6.524217e+04
INFO: cmn.c(183): CMN: 54.27  6.66 12.78 -1.32  8.36  2.76 -0.64 -3.54  6.63 -1.00  4.18 -5.57  1.57 
utt>   859                       003  470    0    44 8  1 1 4.488019e-13 -1.271661e+02 -5.976807e+04
INFO: cmn.c(183): CMN: 56.53  2.96 23.14  8.32  3.54 -9.66 -7.54 -5.26  2.82  0.58 10.54 -4.83 -6.09 
utt>   860                       004  395    0    40 5  1 1 4.104069e-13 -1.195477e+02 -4.722134e+04
INFO: cmn.c(183): CMN: 58.71  4.20 14.32  3.97  9.80 -13.75 -10.92 -5.51 -4.17  0.04  6.19 -7.25 -8.51 
utt>   861                       005  719    0    64 5  1 1 5.356905e-13 -1.234893e+02 -8.878878e+04
INFO: cmn.c(183): CMN: 57.11  4.45 17.31 -3.89  9.04 -7.22 -14.55 -12.27 -1.54  1.22  3.57 -5.36 -11.64 
utt>   862                       006  522    0    56 6  1 1 6.581520e-13 -1.250536e+02 -6.527799e+04
INFO: cmn.c(183): CMN: 60.27  5.46 15.08 -4.96 13.04 -10.98 -9.42 -7.49 -2.06 -0.58  3.22 -7.19 -5.90 
utt>   863                       007 1688    0   116 5  1 1 2.127576e-13 -1.240656e+02 -2.094228e+05
INFO: cmn.c(183): CMN: 51.74  2.43  9.94  1.83  2.36  0.15  1.30 -0.44  9.14  1.30 10.00 -0.37 -1.00 
utt>   864                       001  399    0    68 7  1 1 7.281818e-13 -1.231162e+02 -4.912337e+04
INFO: cmn.c(183): CMN: 57.29  7.08  8.97  8.78  8.32 -9.56  0.45  4.14 -0.88  0.04 11.10  0.71 -0.82 
utt>   865                       002  547    0    60 4  1 1 2.391903e-13 -1.192583e+02 -6.523429e+04
INFO: cmn.c(183): CMN: 54.27  6.67 12.79 -1.33  8.36  2.75 -0.63 -3.53  6.62 -1.00  4.19 -5.57  1.56 
utt>   866                       003  470    0    44 8  1 1 3.845713e-13 -1.271655e+02 -5.976780e+04
INFO: cmn.c(183): CMN: 56.53  2.97 23.15  8.32  3.53 -9.67 -7.53 -5.25  2.83  0.57 10.53 -4.83 -6.09 
utt>   867                       004  395    0    40 5  1 1 6.568870e-13 -1.195640e+02 -4.722776e+04
INFO: cmn.c(183): CMN: 58.71  4.20 14.33  3.96  9.80 -13.74 -10.92 -5.52 -4.16  0.04  6.18 -7.25 -8.51 
utt>   868                       005  719    0    64 5  1 1 4.967251e-13 -1.234945e+02 -8.879254e+04
INFO: cmn.c(183): CMN: 57.11  4.46 17.32 -3.90  9.04 -7.22 -14.55 -12.27 -1.53  1.21  3.55 -5.36 -11.64 
utt>   869                       006  522    0    56 6  1 1 6.269129e-13 -1.250708e+02 -6.528695e+04
INFO: cmn.c(183): CMN: 60.27  5.45 15.08 -4.96 13.04 -10.98 -9.42 -7.48 -2.06 -0.58  3.22 -7.19 -5.90 
utt>   870                       007 1688    0   116 5  1 1 2.109458e-13 -1.240669e+02 -2.094250e+05
INFO: cmn.c(183): CMN: 51.73  2.39  9.95  1.83  2.39  0.20  1.26 -0.51  9.13  1.25  9.98 -0.47 -1.02 
utt>   871                       001  399    0    68 7  1 1 1.163531e-12 -1.233066e+02 -4.919933e+04
INFO: cmn.c(183): CMN: 57.29  7.08  8.98  8.79  8.31 -9.57  0.45  4.14 -0.86  0.03 11.10  0.69 -0.82 
utt>   872                       002  547    0    60 4  1 1 2.089188e-13 -1.192783e+02 -6.524522e+04
INFO: cmn.c(183): CMN: 54.28  6.66 12.79 -1.32  8.35  2.75 -0.63 -3.52  6.62 -0.98  4.19 -5.58  1.57 
utt>   873                       003  470    0    44 8  1 1 4.100471e-13 -1.271489e+02 -5.975997e+04
INFO: cmn.c(183): CMN: 56.53  2.96 23.15  8.32  3.53 -9.66 -7.52 -5.25  2.80  0.57 10.54 -4.83 -6.10 
utt>   874                       004  395    0    40 5  1 1 6.585560e-13 -1.195591e+02 -4.722583e+04
INFO: cmn.c(183): CMN: 58.71  4.19 14.32  3.97  9.81 -13.75 -10.92 -5.51 -4.17  0.04  6.19 -7.24 -8.51 
utt>   875                       005  719    0    64 5  1 1 5.310476e-13 -1.235022e+02 -8.879806e+04
INFO: cmn.c(183): CMN: 57.11  4.46 17.31 -3.89  9.04 -7.21 -14.55 -12.26 -1.54  1.22  3.56 -5.36 -11.65 
utt>   876                       006  522    0    56 6  1 1 6.241331e-13 -1.250630e+02 -6.528291e+04
INFO: cmn.c(183): CMN: 60.27  5.45 15.08 -4.96 13.04 -10.98 -9.43 -7.49 -2.06 -0.58  3.21 -7.19 -5.89 
utt>   877                       007 1688    0   116 5  1 1 2.127985e-13 -1.240650e+02 -2.094218e+05
INFO: cmn.c(183): CMN: 51.70  2.44  9.94  1.83  2.40  0.15  1.42 -0.46  9.06  1.23 10.00 -0.42 -0.98 
utt>   878                       001  399    0    68 7  1 1 8.417071e-13 -1.233371e+02 -4.921150e+04
INFO: cmn.c(183): CMN: 57.29  7.08  8.97  8.79  8.32 -9.56  0.45  4.13 -0.87  0.03 11.11  0.69 -0.82 
utt>   879                       002  547    0    60 4  1 1 2.575869e-13 -1.192336e+02 -6.522079e+04
INFO: cmn.c(183): CMN: 54.27  6.66 12.79 -1.32  8.36  2.76 -0.63 -3.54  6.61 -1.00  4.20 -5.58  1.56 
utt>   880                       003  470    0    44 8  1 1 4.438701e-13 -1.271373e+02 -5.975455e+04
INFO: cmn.c(183): CMN: 56.53  2.96 23.15  8.32  3.53 -9.66 -7.52 -5.25  2.82  0.56 10.53 -4.83 -6.09 
utt>   881                       004  395    0    40 5  1 1 4.070560e-13 -1.195592e+02 -4.722587e+04
INFO: cmn.c(183): CMN: 58.71  4.20 14.33  3.96  9.80 -13.75 -10.91 -5.52 -4.17  0.04  6.19 -7.25 -8.51 
utt>   882                       005  719    0    64 5  1 1 5.194766e-13 -1.234826e+02 -8.878398e+04
INFO: cmn.c(183): CMN: 57.11  4.46 17.32 -3.90  9.04 -7.21 -14.55 -12.26 -1.54  1.21  3.55 -5.36 -11.64 
utt>   883                       006  522    0    56 6  1 1 6.272133e-13 -1.250687e+02 -6.528588e+04
INFO: cmn.c(183): CMN: 60.27  5.45 15.08 -4.96 13.03 -10.98 -9.42 -7.48 -2.06 -0.58  3.21 -7.19 -5.90 
utt>   884                       007 1688    0   116 5  1 1 2.619644e-13 -1.240604e+02 -2.094139e+05
INFO: cmn.c(183): CMN: 51.71  2.45  9.95  1.87  2.34  0.05  1.24 -0.58  9.07  1.27  9.96 -0.45 -1.05 
utt>   885                       001  399    0    68 7  1 1 9.461791e-13 -1.233905e+02 -4.923283e+04
INFO: cmn.c(183): CMN: 57.29  7.08  8.97  8.79  8.32 -9.57  0.46  4.13 -0.86  0.04 11.11  0.69 -0.82 
utt>   886                       002  547    0    60 4  1 1 2.142983e-13 -1.192635e+02 -6.523714e+04
INFO: cmn.c(183): CMN: 54.27  6.67 12.78 -1.34  8.36  2.75 -0.62 -3.55  6.61 -0.98  4.19 -5.56  1.56 
utt>   887                       003  470    0    44 8  1 1 4.372606e-13 -1.271486e+02 -5.975985e+04
INFO: cmn.c(183): CMN: 56.53  2.96 23.15  8.32  3.54 -9.66 -7.54 -5.25  2.82  0.57 10.53 -4.83 -6.09 
utt>   888                       004  395    0    40 5  1 1 6.326899e-13 -1.195378e+02 -4.721742e+04
INFO: cmn.c(183): CMN: 58.71  4.20 14.33  3.96  9.80 -13.74 -10.92 -5.51 -4.17  0.04  6.19 -7.25 -8.51 
utt>   889                       005  719    0    64 5  1 1 5.011453e-13 -1.234972e+02 -8.879450e+04
INFO: cmn.c(183): CMN: 57.11  4.46 17.31 -3.89  9.04 -7.21 -14.54 -12.27 -1.53  1.21  3.55 -5.36 -11.64 
utt>   890                       006  522    0    56 6  1 1 6.225182e-13 -1.250560e+02 -6.527923e+04
INFO: cmn.c(183): CMN: 60.27  5.45 15.08 -4.96 13.04 -10.98 -9.42 -7.49 -2.06 -0.58  3.22 -7.19 -5.90 
utt>   891                       007 1688    0   116 5  1 1 2.118454e-13 -1.240695e+02 -2.094294e+05
overall> stats 154214 (-0) -1.234194e+02 -1.903299e+07

INFO: s3mixw_io.c(233): Wrote /home/azizkag/projects/QuranRecognition/fatiha_acoustic_model/bwaccumdir/fatiha_buff_4/mixw_counts [386x1x2 array]
INFO: s3tmat_io.c(176): Wrote /home/azizkag/projects/QuranRecognition/fatiha_acoustic_model/bwaccumdir/fatiha_buff_4/tmat_counts [62x3x4 array]
INFO: s3gau_io.c(485): Wrote /home/azizkag/projects/QuranRecognition/fatiha_acoustic_model/bwaccumdir/fatiha_buff_4/gauden_counts with means with vars (2pass) [386x1x2 vector arrays]
INFO: main.c(1003): Counts saved to /home/azizkag/projects/QuranRecognition/fatiha_acoustic_model/bwaccumdir/fatiha_buff_4
Sun Jan 24 16:57:37 2016
