        INFO: main.c(229): Compiled on Jan 23 2016 at 20:03:23
Current configuration:
[NAME]			[DEFLT]		[VALUE]
-2passvar		no		yes
-abeam			1e-100		1.000000e-90
-accumdir				/home/azizkag/projects/QuranRecognition/fatiha_acoustic_model/bwaccumdir/fatiha_buff_4
-agc			none		none
-agcthresh		2.0		2.000000e+00
-bbeam			1e-100		1.000000e-10
-cb2mllrfn		.1cls.		.1cls.
-cepdir					/home/azizkag/projects/QuranRecognition/fatiha_acoustic_model/feat
-cepext			mfc		mfc
-ceplen			13		13
-ckptintv				0
-cmn			current		current
-cmninit		8.0		8.0
-ctlfn					/home/azizkag/projects/QuranRecognition/fatiha_acoustic_model/etc/fatiha_train.fileids
-diagfull		no		no
-dictfn					/home/azizkag/projects/QuranRecognition/fatiha_acoustic_model/etc/fatiha.dic
-example		no		no
-fdictfn				/home/azizkag/projects/QuranRecognition/fatiha_acoustic_model/etc/fatiha.filler
-feat			1s_c_d_dd	1s_c_d_dd
-fullsuffixmatch	no		no
-fullvar		no		no
-help			no		no
-hmmdir					
-latdir					
-latext					
-lda					
-ldadim			0		0
-lsnfn					/home/azizkag/projects/QuranRecognition/fatiha_acoustic_model/etc/fatiha_train.transcription
-lw			11.5		1.150000e+01
-maxuttlen		0		0
-meanfn					/home/azizkag/projects/QuranRecognition/fatiha_acoustic_model/model_parameters/fatiha.cd_cont_200/means
-meanreest		yes		yes
-mixwfn					/home/azizkag/projects/QuranRecognition/fatiha_acoustic_model/model_parameters/fatiha.cd_cont_200/mixture_weights
-mixwreest		yes		yes
-mllrmat				
-mmie			no		no
-mmie_type		rand		rand
-moddeffn				/home/azizkag/projects/QuranRecognition/fatiha_acoustic_model/model_architecture/fatiha.200.mdef
-mwfloor		0.00001		1.000000e-05
-npart					4
-nskip					0
-outphsegdir				
-outputfullpath		no		no
-part					4
-pdumpdir				
-phsegdir				
-phsegext		phseg		phseg
-runlen			-1		-1
-sentdir				
-sentext		sent		sent
-spthresh		0.0		0.000000e+00
-svspec					
-timing			yes		no
-tmatfn					/home/azizkag/projects/QuranRecognition/fatiha_acoustic_model/model_parameters/fatiha.cd_cont_200/transition_matrices
-tmatreest		yes		yes
-topn			4		4
-tpfloor		0.0001		1.000000e-05
-ts2cbfn				.cont.
-varfloor		0.00001		1.000000e-04
-varfn					/home/azizkag/projects/QuranRecognition/fatiha_acoustic_model/model_parameters/fatiha.cd_cont_200/variances
-varnorm		no		no
-varreest		yes		yes
-viterbi		no		no

INFO: feat.c(715): Initializing feature stream to type: '1s_c_d_dd', ceplen=13, CMN='current', VARNORM='no', AGC='none'
INFO: cmn.c(143): mean[0]= 12.00, mean[1..12]= 0.0
INFO: main.c(318): Reading /home/azizkag/projects/QuranRecognition/fatiha_acoustic_model/model_architecture/fatiha.200.mdef
INFO: model_def_io.c(573): Model definition info:
INFO: model_def_io.c(574): 2006 total models defined (62 base, 1944 tri)
INFO: model_def_io.c(575): 8024 total states
INFO: model_def_io.c(576): 386 total tied states
INFO: model_def_io.c(577): 186 total tied CI states
INFO: model_def_io.c(578): 62 total tied transition matrices
INFO: model_def_io.c(579): 4 max state/model
INFO: model_def_io.c(580): 4 min state/model
INFO: s3mixw_io.c(117): Read /home/azizkag/projects/QuranRecognition/fatiha_acoustic_model/model_parameters/fatiha.cd_cont_200/mixture_weights [386x1x4 array]
INFO: s3tmat_io.c(118): Read /home/azizkag/projects/QuranRecognition/fatiha_acoustic_model/model_parameters/fatiha.cd_cont_200/transition_matrices [62x3x4 array]
INFO: mod_inv.c(301): inserting tprob floor 1.000000e-05 and renormalizing
INFO: s3gau_io.c(169): Read /home/azizkag/projects/QuranRecognition/fatiha_acoustic_model/model_parameters/fatiha.cd_cont_200/means [386x1x4 array]
INFO: s3gau_io.c(169): Read /home/azizkag/projects/QuranRecognition/fatiha_acoustic_model/model_parameters/fatiha.cd_cont_200/variances [386x1x4 array]
INFO: gauden.c(176): 386 total mgau
INFO: gauden.c(150): 1 feature streams (|0|=39 )
INFO: gauden.c(187): 4 total densities
INFO: gauden.c(90): min_var=1.000000e-04
INFO: gauden.c(165): compute 4 densities/frame
INFO: main.c(431): Will reestimate mixing weights.
INFO: main.c(433): Will reestimate means.
INFO: main.c(435): Will reestimate variances.
INFO: main.c(443): Will reestimate transition matrices
INFO: main.c(456): Reading main dictionary: /home/azizkag/projects/QuranRecognition/fatiha_acoustic_model/etc/fatiha.dic
INFO: lexicon.c(221): 26 entries added from /home/azizkag/projects/QuranRecognition/fatiha_acoustic_model/etc/fatiha.dic
INFO: main.c(466): Reading filler dictionary: /home/azizkag/projects/QuranRecognition/fatiha_acoustic_model/etc/fatiha.filler
INFO: lexicon.c(221): 3 entries added from /home/azizkag/projects/QuranRecognition/fatiha_acoustic_model/etc/fatiha.filler
INFO: corpus.c(427): skipping 666 utts.
INFO: corpus.c(431): Last utt skipped: 004
INFO: corpus.c(1086): Will process all remaining utts starting at 666
INFO: main.c(666): Reestimation: Baum-Welch
INFO: cmn.c(183): CMN: 58.71  4.20 14.33  3.96  9.80 -13.74 -10.92 -5.51 -4.17  0.04  6.19 -7.25 -8.51 
column defns
	<seq>
	<id>
	<n_frame_in>
	<n_frame_del>
	<n_state_shmm>
	<avg_states_alpha>
	<avg_states_beta>
	<avg_states_reest>
	<avg_posterior_prune>
	<frame_log_lik>
	<utt_log_lik>
	... timing info ... 
utt>   666                       005  719    0    64 3  1 1 5.245772e-13 -1.151980e+02 -8.282733e+04
INFO: cmn.c(183): CMN: 57.11  4.46 17.31 -3.89  9.04 -7.21 -14.54 -12.27 -1.53  1.21  3.55 -5.36 -11.64 
utt>   667                       006  522    0    56 3  1 1 1.683542e-13 -1.154043e+02 -6.024104e+04
INFO: cmn.c(183): CMN: 60.27  5.45 15.08 -4.96 13.04 -10.98 -9.42 -7.49 -2.06 -0.58  3.22 -7.19 -5.90 
utt>   668                       007 1688    0   116 3  1 1 9.460494e-14 -1.163897e+02 -1.964658e+05
INFO: cmn.c(183): CMN: 51.72  2.45  9.93  1.83  2.25  0.14  1.29 -0.45  9.11  1.27 10.08 -0.40 -1.03 
utt>   669                       001  399    0    68 3  1 1 3.721480e-13 -1.122202e+02 -4.477586e+04
INFO: cmn.c(183): CMN: 57.29  7.08  8.98  8.79  8.31 -9.57  0.45  4.14 -0.88  0.04 11.11  0.70 -0.82 
utt>   670                       002  547    0    60 3  1 1 2.166620e-13 -1.109310e+02 -6.067924e+04
INFO: cmn.c(183): CMN: 54.28  6.66 12.78 -1.33  8.35  2.76 -0.62 -3.53  6.61 -0.99  4.19 -5.57  1.57 
utt>   671                       003  470    0    44 4  1 1 1.718032e-13 -1.213350e+02 -5.702743e+04
INFO: cmn.c(183): CMN: 56.53  2.96 23.15  8.32  3.54 -9.67 -7.53 -5.25  2.81  0.57 10.54 -4.83 -6.08 
utt>   672                       004  395    0    40 4  1 1 4.485975e-14 -1.112596e+02 -4.394753e+04
INFO: cmn.c(183): CMN: 58.71  4.20 14.33  3.96  9.80 -13.74 -10.93 -5.51 -4.16  0.04  6.19 -7.24 -8.51 
utt>   673                       005  719    0    64 3  1 1 5.578004e-13 -1.152022e+02 -8.283041e+04
INFO: cmn.c(183): CMN: 57.11  4.45 17.31 -3.89  9.04 -7.21 -14.55 -12.26 -1.53  1.21  3.56 -5.36 -11.64 
utt>   674                       006  522    0    56 3  1 1 1.231688e-14 -1.153921e+02 -6.023466e+04
INFO: cmn.c(183): CMN: 60.27  5.45 15.08 -4.96 13.04 -10.98 -9.42 -7.49 -2.06 -0.58  3.21 -7.19 -5.90 
utt>   675                       007 1688    0   116 3  1 1 1.048074e-13 -1.163904e+02 -1.964669e+05
INFO: cmn.c(183): CMN: 51.72  2.44  9.96  1.84  2.38  0.16  1.34 -0.48  9.07  1.22  9.96 -0.47 -1.02 
utt>   676                       001  399    0    68 3  1 1 5.666275e-13 -1.123814e+02 -4.484018e+04
INFO: cmn.c(183): CMN: 57.29  7.08  8.97  8.78  8.31 -9.57  0.46  4.13 -0.87  0.04 11.10  0.69 -0.82 
utt>   677                       002  547    0    60 3  1 1 2.168197e-13 -1.109275e+02 -6.067737e+04
INFO: cmn.c(183): CMN: 54.27  6.66 12.79 -1.33  8.36  2.77 -0.64 -3.53  6.61 -0.99  4.21 -5.58  1.57 
utt>   678                       003  470    0    44 4  1 1 1.843159e-13 -1.213436e+02 -5.703150e+04
INFO: cmn.c(183): CMN: 56.52  2.96 23.15  8.32  3.53 -9.67 -7.53 -5.25  2.82  0.57 10.53 -4.83 -6.09 
utt>   679                       004  395    0    40 4  1 1 1.783376e-13 -1.112406e+02 -4.394003e+04
INFO: cmn.c(183): CMN: 58.71  4.20 14.33  3.96  9.80 -13.74 -10.92 -5.51 -4.16  0.03  6.19 -7.25 -8.51 
utt>   680                       005  719    0    64 3  1 1 4.039116e-13 -1.151895e+02 -8.282123e+04
INFO: cmn.c(183): CMN: 57.11  4.45 17.31 -3.90  9.04 -7.20 -14.55 -12.26 -1.54  1.22  3.56 -5.35 -11.64 
utt>   681                       006  522    0    56 3  1 1 1.612709e-14 -1.154048e+02 -6.024131e+04
INFO: cmn.c(183): CMN: 60.27  5.45 15.08 -4.96 13.04 -10.98 -9.42 -7.49 -2.06 -0.58  3.21 -7.19 -5.89 
utt>   682                       007 1688    0   116 3  1 1 1.341937e-13 -1.163893e+02 -1.964652e+05
INFO: cmn.c(183): CMN: 51.71  2.43  9.99  1.81  2.30  0.19  1.37 -0.56  9.12  1.29 10.08 -0.47 -1.02 
utt>   683                       001  399    0    68 3  1 1 3.966427e-13 -1.122459e+02 -4.478611e+04
INFO: cmn.c(183): CMN: 57.29  7.08  8.97  8.78  8.31 -9.56  0.45  4.14 -0.86  0.04 11.10  0.70 -0.82 
utt>   684                       002  547    0    60 3  1 1 2.241699e-13 -1.109211e+02 -6.067385e+04
INFO: cmn.c(183): CMN: 54.27  6.66 12.79 -1.32  8.36  2.76 -0.63 -3.54  6.62 -1.00  4.20 -5.58  1.56 
utt>   685                       003  470    0    44 4  1 1 2.726095e-13 -1.213296e+02 -5.702493e+04
INFO: cmn.c(183): CMN: 56.53  2.96 23.15  8.32  3.53 -9.66 -7.53 -5.25  2.82  0.57 10.54 -4.84 -6.09 
utt>   686                       004  395    0    40 4  1 1 1.544334e-13 -1.112357e+02 -4.393810e+04
INFO: cmn.c(183): CMN: 58.71  4.20 14.33  3.96  9.81 -13.75 -10.92 -5.52 -4.16  0.03  6.19 -7.25 -8.50 
utt>   687                       005  719    0    64 3  1 1 5.164787e-13 -1.151992e+02 -8.282824e+04
INFO: cmn.c(183): CMN: 57.10  4.46 17.32 -3.89  9.04 -7.21 -14.55 -12.27 -1.54  1.21  3.57 -5.36 -11.65 
utt>   688                       006  522    0    56 3  1 1 2.051714e-13 -1.154075e+02 -6.024269e+04
INFO: cmn.c(183): CMN: 60.27  5.45 15.08 -4.96 13.04 -10.98 -9.42 -7.49 -2.06 -0.58  3.21 -7.19 -5.90 
utt>   689                       007 1688    0   116 3  1 1 1.293585e-13 -1.163789e+02 -1.964476e+05
INFO: cmn.c(183): CMN: 51.72  2.43  9.95  1.80  2.33  0.23  1.25 -0.43  9.07  1.30 10.00 -0.44 -1.00 
utt>   690                       001  399    0    68 3  1 1 3.529566e-13 -1.123025e+02 -4.480871e+04
INFO: cmn.c(183): CMN: 57.29  7.08  8.98  8.79  8.32 -9.57  0.44  4.14 -0.86  0.03 11.10  0.69 -0.82 
utt>   691                       002  547    0    60 3  1 1 2.145860e-13 -1.109339e+02 -6.068083e+04
INFO: cmn.c(183): CMN: 54.28  6.66 12.78 -1.33  8.36  2.76 -0.64 -3.54  6.62 -0.98  4.19 -5.57  1.57 
utt>   692                       003  470    0    44 4  1 1 1.707960e-13 -1.213576e+02 -5.703807e+04
INFO: cmn.c(183): CMN: 56.52  2.96 23.16  8.32  3.53 -9.66 -7.53 -5.25  2.82  0.58 10.53 -4.83 -6.08 
utt>   693                       004  395    0    40 4  1 1 1.655640e-13 -1.112614e+02 -4.394826e+04
INFO: cmn.c(183): CMN: 58.71  4.20 14.33  3.96  9.80 -13.74 -10.92 -5.52 -4.16  0.03  6.19 -7.25 -8.51 
utt>   694                       005  719    0    64 3  1 1 5.058859e-13 -1.151918e+02 -8.282288e+04
INFO: cmn.c(183): CMN: 57.10  4.46 17.31 -3.90  9.04 -7.20 -14.55 -12.27 -1.54  1.21  3.56 -5.35 -11.64 
utt>   695                       006  522    0    56 3  1 1 1.111258e-14 -1.154077e+02 -6.024284e+04
INFO: cmn.c(183): CMN: 60.27  5.45 15.08 -4.96 13.04 -10.98 -9.42 -7.49 -2.06 -0.58  3.21 -7.19 -5.89 
utt>   696                       007 1688    0   116 3  1 1 9.506625e-14 -1.163820e+02 -1.964528e+05
INFO: cmn.c(183): CMN: 51.72  2.45  9.92  1.88  2.37  0.15  1.30 -0.57  9.17  1.33 10.09 -0.55 -1.15 
utt>   697                       001  399    0    68 3  1 1 6.071600e-13 -1.122963e+02 -4.480622e+04
INFO: cmn.c(183): CMN: 57.29  7.08  8.97  8.79  8.31 -9.57  0.45  4.13 -0.87  0.04 11.11  0.70 -0.82 
utt>   698                       002  547    0    60 3  1 1 2.245888e-13 -1.109214e+02 -6.067402e+04
INFO: cmn.c(183): CMN: 54.27  6.67 12.79 -1.33  8.35  2.76 -0.63 -3.52  6.62 -0.99  4.17 -5.57  1.58 
utt>   699                       003  470    0    44 4  1 1 2.741594e-13 -1.213486e+02 -5.703382e+04
INFO: cmn.c(183): CMN: 56.53  2.96 23.15  8.32  3.54 -9.66 -7.54 -5.26  2.82  0.57 10.54 -4.82 -6.08 
utt>   700                       004  395    0    40 4  1 1 1.447749e-13 -1.112588e+02 -4.394724e+04
INFO: cmn.c(183): CMN: 58.71  4.20 14.33  3.96  9.79 -13.75 -10.91 -5.51 -4.18  0.04  6.18 -7.24 -8.51 
utt>   701                       005  719    0    64 3  1 1 5.859175e-13 -1.151953e+02 -8.282542e+04
INFO: cmn.c(183): CMN: 57.11  4.45 17.32 -3.89  9.04 -7.21 -14.55 -12.26 -1.54  1.21  3.56 -5.36 -11.64 
utt>   702                       006  522    0    56 3  1 1 1.575149e-13 -1.153914e+02 -6.023433e+04
INFO: cmn.c(183): CMN: 60.27  5.45 15.08 -4.96 13.03 -10.98 -9.42 -7.49 -2.06 -0.58  3.21 -7.19 -5.89 
utt>   703                       007 1688    0   116 3  1 1 9.126942e-14 -1.163792e+02 -1.964480e+05
INFO: cmn.c(183): CMN: 51.72  2.42  9.94  1.85  2.41  0.20  1.34 -0.52  9.07  1.32 10.08 -0.39 -0.94 
utt>   704                       001  399    0    68 3  1 1 3.720108e-13 -1.123995e+02 -4.484738e+04
INFO: cmn.c(183): CMN: 57.29  7.09  8.97  8.79  8.31 -9.56  0.45  4.13 -0.87  0.04 11.11  0.69 -0.82 
utt>   705                       002  547    0    60 3  1 1 2.158202e-13 -1.109158e+02 -6.067095e+04
INFO: cmn.c(183): CMN: 54.28  6.66 12.79 -1.34  8.35  2.76 -0.63 -3.53  6.62 -0.99  4.19 -5.56  1.56 
utt>   706                       003  470    0    44 4  1 1 1.932898e-13 -1.213525e+02 -5.703568e+04
INFO: cmn.c(183): CMN: 56.53  2.96 23.15  8.32  3.54 -9.66 -7.53 -5.25  2.80  0.56 10.54 -4.82 -6.08 
utt>   707                       004  395    0    40 4  1 1 1.761137e-13 -1.112343e+02 -4.393754e+04
INFO: cmn.c(183): CMN: 58.71  4.20 14.32  3.96  9.80 -13.75 -10.92 -5.52 -4.16  0.04  6.18 -7.25 -8.51 
utt>   708                       005  719    0    64 3  1 1 3.929439e-13 -1.152119e+02 -8.283733e+04
INFO: cmn.c(183): CMN: 57.11  4.45 17.32 -3.90  9.04 -7.21 -14.54 -12.26 -1.54  1.21  3.56 -5.36 -11.65 
utt>   709                       006  522    0    56 3  1 1 1.589481e-13 -1.154118e+02 -6.024494e+04
INFO: cmn.c(183): CMN: 60.27  5.45 15.08 -4.96 13.03 -10.98 -9.42 -7.49 -2.07 -0.58  3.21 -7.19 -5.89 
utt>   710                       007 1688    0   116 3  1 1 1.219063e-13 -1.163817e+02 -1.964523e+05
INFO: cmn.c(183): CMN: 51.71  2.46  9.95  1.83  2.51  0.21  1.33 -0.46  9.06  1.21 10.03 -0.40 -0.99 
utt>   711                       001  399    0    68 3  1 1 4.080024e-13 -1.122362e+02 -4.478224e+04
INFO: cmn.c(183): CMN: 57.29  7.08  8.97  8.79  8.31 -9.57  0.45  4.14 -0.87  0.03 11.11  0.69 -0.80 
utt>   712                       002  547    0    60 3  1 1 2.210844e-13 -1.109183e+02 -6.067232e+04
INFO: cmn.c(183): CMN: 54.27  6.66 12.79 -1.33  8.36  2.76 -0.64 -3.54  6.62 -0.99  4.19 -5.58  1.56 
utt>   713                       003  470    0    44 4  1 1 1.737281e-13 -1.213483e+02 -5.703368e+04
INFO: cmn.c(183): CMN: 56.52  2.96 23.15  8.33  3.53 -9.67 -7.53 -5.25  2.81  0.57 10.53 -4.83 -6.09 
utt>   714                       004  395    0    40 4  1 1 2.744831e-13 -1.112501e+02 -4.394378e+04
INFO: cmn.c(183): CMN: 58.71  4.20 14.33  3.96  9.80 -13.75 -10.92 -5.52 -4.16  0.04  6.19 -7.24 -8.51 
utt>   715                       005  719    0    64 3  1 1 5.400406e-13 -1.152331e+02 -8.285262e+04
INFO: cmn.c(183): CMN: 57.11  4.45 17.32 -3.89  9.04 -7.21 -14.55 -12.26 -1.54  1.21  3.56 -5.37 -11.65 
utt>   716                       006  522    0    56 3  1 1 1.728919e-13 -1.153960e+02 -6.023669e+04
INFO: cmn.c(183): CMN: 60.27  5.45 15.09 -4.96 13.03 -10.98 -9.42 -7.49 -2.06 -0.58  3.21 -7.19 -5.90 
utt>   717                       007 1688    0   116 3  1 1 9.080584e-14 -1.163806e+02 -1.964505e+05
INFO: cmn.c(183): CMN: 51.72  2.44  9.98  1.81  2.34  0.16  1.37 -0.50  9.10  1.29  9.99 -0.39 -0.98 
utt>   718                       001  399    0    68 3  1 1 5.420214e-13 -1.121824e+02 -4.476078e+04
INFO: cmn.c(183): CMN: 57.29  7.08  8.97  8.79  8.31 -9.57  0.45  4.13 -0.87  0.05 11.11  0.70 -0.81 
utt>   719                       002  547    0    60 3  1 1 2.178560e-13 -1.109028e+02 -6.066385e+04
INFO: cmn.c(183): CMN: 54.27  6.65 12.78 -1.32  8.38  2.77 -0.64 -3.54  6.62 -0.99  4.20 -5.59  1.57 
utt>   720                       003  470    0    44 4  1 1 1.858664e-13 -1.213562e+02 -5.703740e+04
INFO: cmn.c(183): CMN: 56.53  2.96 23.16  8.33  3.53 -9.67 -7.53 -5.25  2.82  0.58 10.54 -4.83 -6.09 
utt>   721                       004  395    0    40 4  1 1 2.206495e-13 -1.112516e+02 -4.394438e+04
INFO: cmn.c(183): CMN: 58.71  4.20 14.33  3.96  9.80 -13.74 -10.92 -5.53 -4.17  0.04  6.19 -7.25 -8.51 
utt>   722                       005  719    0    64 3  1 1 5.121131e-13 -1.151872e+02 -8.281957e+04
INFO: cmn.c(183): CMN: 57.11  4.45 17.31 -3.89  9.04 -7.21 -14.54 -12.26 -1.55  1.21  3.56 -5.36 -11.64 
utt>   723                       006  522    0    56 3  1 1 1.628414e-13 -1.154052e+02 -6.024149e+04
INFO: cmn.c(183): CMN: 60.27  5.45 15.08 -4.95 13.04 -10.98 -9.42 -7.49 -2.06 -0.58  3.21 -7.19 -5.89 
utt>   724                       007 1688    0   116 3  1 1 1.009578e-13 -1.163777e+02 -1.964456e+05
INFO: cmn.c(183): CMN: 51.73  2.43  9.99  1.89  2.38  0.27  1.39 -0.46  9.10  1.21  9.93 -0.45 -0.93 
utt>   725                       001  399    0    68 3  1 1 4.699317e-13 -1.121521e+02 -4.474868e+04
INFO: cmn.c(183): CMN: 57.29  7.08  8.98  8.79  8.31 -9.57  0.45  4.14 -0.87  0.03 11.10  0.70 -0.82 
utt>   726                       002  547    0    60 3  1 1 2.157743e-13 -1.109440e+02 -6.068636e+04
INFO: cmn.c(183): CMN: 54.27  6.66 12.79 -1.33  8.35  2.75 -0.64 -3.55  6.63 -0.97  4.18 -5.58  1.56 
utt>   727                       003  470    0    44 4  1 1 1.936844e-13 -1.213360e+02 -5.702791e+04
INFO: cmn.c(183): CMN: 56.53  2.96 23.15  8.32  3.53 -9.66 -7.53 -5.25  2.81  0.56 10.54 -4.83 -6.09 
utt>   728                       004  395    0    40 4  1 1 2.673238e-13 -1.112305e+02 -4.393606e+04
INFO: cmn.c(183): CMN: 58.71  4.20 14.32  3.96  9.80 -13.74 -10.93 -5.52 -4.17  0.04  6.18 -7.25 -8.51 
utt>   729                       005  719    0    64 3  1 1 4.360923e-13 -1.151984e+02 -8.282763e+04
INFO: cmn.c(183): CMN: 57.11  4.45 17.31 -3.89  9.04 -7.21 -14.54 -12.27 -1.54  1.21  3.56 -5.36 -11.64 
utt>   730                       006  522    0    56 3  1 1 9.846011e-15 -1.153919e+02 -6.023455e+04
INFO: cmn.c(183): CMN: 60.27  5.45 15.08 -4.95 13.04 -10.99 -9.42 -7.49 -2.06 -0.58  3.21 -7.19 -5.89 
utt>   731                       007 1688    0   116 3  1 1 1.038786e-13 -1.163887e+02 -1.964641e+05
INFO: cmn.c(183): CMN: 51.71  2.45  9.97  1.82  2.34  0.20  1.34 -0.55  9.06  1.21 10.00 -0.43 -1.09 
utt>   732                       001  399    0    68 3  1 1 5.234350e-13 -1.122094e+02 -4.477156e+04
INFO: cmn.c(183): CMN: 57.29  7.08  8.97  8.79  8.32 -9.57  0.45  4.14 -0.87  0.04 11.10  0.69 -0.83 
utt>   733                       002  547    0    60 3  1 1 2.204481e-13 -1.109397e+02 -6.068402e+04
INFO: cmn.c(183): CMN: 54.28  6.66 12.78 -1.33  8.36  2.75 -0.64 -3.53  6.60 -0.98  4.19 -5.57  1.57 
utt>   734                       003  470    0    44 4  1 1 1.660651e-13 -1.213785e+02 -5.704788e+04
INFO: cmn.c(183): CMN: 56.53  2.96 23.15  8.32  3.53 -9.66 -7.52 -5.26  2.81  0.57 10.54 -4.83 -6.09 
utt>   735                       004  395    0    40 4  1 1 1.642964e-13 -1.112319e+02 -4.393660e+04
INFO: cmn.c(183): CMN: 58.71  4.20 14.33  3.96  9.80 -13.73 -10.93 -5.52 -4.17  0.04  6.19 -7.25 -8.51 
utt>   736                       005  719    0    64 3  1 1 4.008285e-13 -1.152056e+02 -8.283284e+04
INFO: cmn.c(183): CMN: 57.11  4.45 17.31 -3.89  9.04 -7.20 -14.55 -12.27 -1.54  1.21  3.57 -5.36 -11.63 
utt>   737                       006  522    0    56 3  1 1 1.987207e-13 -1.153922e+02 -6.023471e+04
INFO: cmn.c(183): CMN: 60.27  5.45 15.08 -4.96 13.03 -10.98 -9.42 -7.48 -2.06 -0.58  3.21 -7.19 -5.89 
utt>   738                       007 1688    0   116 3  1 1 9.440800e-14 -1.163809e+02 -1.964510e+05
INFO: cmn.c(183): CMN: 51.72  2.42  9.93  1.86  2.42  0.10  1.19 -0.55  9.07  1.24 10.06 -0.51 -1.08 
utt>   739                       001  399    0    68 3  1 1 2.319862e-13 -1.121930e+02 -4.476499e+04
INFO: cmn.c(183): CMN: 57.29  7.08  8.97  8.79  8.31 -9.57  0.44  4.14 -0.85  0.04 11.11  0.69 -0.82 
utt>   740                       002  547    0    60 3  1 1 2.096310e-13 -1.109481e+02 -6.068863e+04
INFO: cmn.c(183): CMN: 54.28  6.66 12.78 -1.32  8.36  2.75 -0.62 -3.54  6.62 -0.97  4.18 -5.57  1.57 
utt>   741                       003  470    0    44 4  1 1 1.923725e-13 -1.213866e+02 -5.705171e+04
INFO: cmn.c(183): CMN: 56.52  2.96 23.15  8.32  3.53 -9.66 -7.53 -5.26  2.81  0.57 10.54 -4.82 -6.09 
utt>   742                       004  395    0    40 4  1 1 1.096385e-13 -1.112504e+02 -4.394392e+04
INFO: cmn.c(183): CMN: 58.70  4.20 14.33  3.96  9.80 -13.75 -10.92 -5.52 -4.17  0.04  6.18 -7.24 -8.51 
utt>   743                       005  719    0    64 3  1 1 5.568347e-13 -1.152105e+02 -8.283633e+04
INFO: cmn.c(183): CMN: 57.11  4.46 17.31 -3.90  9.04 -7.20 -14.55 -12.27 -1.54  1.21  3.56 -5.36 -11.64 
utt>   744                       006  522    0    56 3  1 1 1.589120e-13 -1.153831e+02 -6.023000e+04
INFO: cmn.c(183): CMN: 60.27  5.45 15.08 -4.96 13.04 -10.98 -9.42 -7.48 -2.06 -0.58  3.22 -7.19 -5.90 
utt>   745                       007 1688    0   116 3  1 1 1.162792e-13 -1.163863e+02 -1.964601e+05
INFO: cmn.c(183): CMN: 51.73  2.44  9.95  1.86  2.31  0.07  1.30 -0.49  9.11  1.24 10.08 -0.52 -1.03 
utt>   746                       001  399    0    68 3  1 1 5.206332e-13 -1.122267e+02 -4.477844e+04
INFO: cmn.c(183): CMN: 57.29  7.08  8.97  8.79  8.32 -9.57  0.45  4.15 -0.87  0.04 11.10  0.70 -0.82 
utt>   747                       002  547    0    60 3  1 1 2.091163e-13 -1.109440e+02 -6.068636e+04
INFO: cmn.c(183): CMN: 54.28  6.66 12.79 -1.33  8.36  2.76 -0.63 -3.54  6.61 -0.97  4.18 -5.58  1.58 
utt>   748                       003  470    0    44 4  1 1 3.905297e-13 -1.213698e+02 -5.704382e+04
INFO: cmn.c(183): CMN: 56.53  2.96 23.15  8.32  3.53 -9.66 -7.53 -5.25  2.83  0.58 10.54 -4.84 -6.08 
utt>   749                       004  395    0    40 4  1 1 1.814268e-13 -1.112539e+02 -4.394529e+04
INFO: cmn.c(183): CMN: 58.71  4.20 14.32  3.96  9.81 -13.74 -10.92 -5.51 -4.16  0.03  6.19 -7.24 -8.51 
utt>   750                       005  719    0    64 3  1 1 3.947925e-13 -1.151772e+02 -8.281240e+04
INFO: cmn.c(183): CMN: 57.11  4.45 17.31 -3.89  9.04 -7.21 -14.55 -12.26 -1.55  1.22  3.56 -5.36 -11.64 
utt>   751                       006  522    0    56 3  1 1 1.122091e-13 -1.154094e+02 -6.024369e+04
INFO: cmn.c(183): CMN: 60.27  5.45 15.08 -4.96 13.04 -10.98 -9.42 -7.48 -2.06 -0.58  3.21 -7.19 -5.90 
utt>   752                       007 1688    0   116 3  1 1 1.247050e-13 -1.163831e+02 -1.964547e+05
INFO: cmn.c(183): CMN: 51.71  2.47  9.94  1.83  2.38  0.20  1.33 -0.54  9.04  1.19 10.00 -0.42 -1.07 
utt>   753                       001  399    0    68 3  1 1 5.110210e-13 -1.121846e+02 -4.476164e+04
INFO: cmn.c(183): CMN: 57.29  7.08  8.97  8.79  8.30 -9.56  0.46  4.13 -0.87  0.03 11.11  0.70 -0.82 
utt>   754                       002  547    0    60 3  1 1 2.233275e-13 -1.109577e+02 -6.069384e+04
INFO: cmn.c(183): CMN: 54.28  6.66 12.78 -1.32  8.37  2.76 -0.66 -3.56  6.62 -0.98  4.21 -5.58  1.56 
utt>   755                       003  470    0    44 4  1 1 2.431268e-13 -1.213587e+02 -5.703857e+04
INFO: cmn.c(183): CMN: 56.52  2.96 23.15  8.32  3.53 -9.66 -7.53 -5.26  2.82  0.57 10.54 -4.83 -6.08 
utt>   756                       004  395    0    40 4  1 1 1.477439e-13 -1.112254e+02 -4.393402e+04
INFO: cmn.c(183): CMN: 58.71  4.20 14.32  3.96  9.80 -13.75 -10.92 -5.52 -4.17  0.04  6.19 -7.24 -8.51 
utt>   757                       005  719    0    64 3  1 1 4.107808e-13 -1.151971e+02 -8.282670e+04
INFO: cmn.c(183): CMN: 57.11  4.46 17.32 -3.89  9.04 -7.21 -14.55 -12.27 -1.55  1.22  3.57 -5.36 -11.64 
utt>   758                       006  522    0    56 3  1 1 9.692804e-14 -1.153776e+02 -6.022710e+04
INFO: cmn.c(183): CMN: 60.27  5.45 15.08 -4.96 13.04 -10.98 -9.42 -7.49 -2.06 -0.58  3.21 -7.19 -5.90 
utt>   759                       007 1688    0   116 3  1 1 1.129040e-13 -1.163880e+02 -1.964629e+05
INFO: cmn.c(183): CMN: 51.71  2.44  9.93  1.87  2.44  0.15  1.19 -0.50  9.09  1.22 10.04 -0.42 -0.99 
utt>   760                       001  399    0    68 3  1 1 3.767073e-13 -1.122616e+02 -4.479239e+04
INFO: cmn.c(183): CMN: 57.29  7.09  8.97  8.79  8.32 -9.57  0.45  4.13 -0.87  0.04 11.11  0.70 -0.81 
utt>   761                       002  547    0    60 3  1 1 2.108064e-13 -1.109346e+02 -6.068125e+04
INFO: cmn.c(183): CMN: 54.27  6.66 12.79 -1.33  8.36  2.76 -0.62 -3.54  6.62 -0.99  4.17 -5.58  1.57 
utt>   762                       003  470    0    44 4  1 1 1.920007e-13 -1.213371e+02 -5.702844e+04
INFO: cmn.c(183): CMN: 56.53  2.97 23.15  8.32  3.53 -9.67 -7.53 -5.25  2.82  0.57 10.53 -4.83 -6.08 
utt>   763                       004  395    0    40 4  1 1 2.151159e-13 -1.112367e+02 -4.393851e+04
INFO: cmn.c(183): CMN: 58.71  4.20 14.33  3.96  9.80 -13.74 -10.92 -5.51 -4.17  0.04  6.18 -7.25 -8.51 
utt>   764                       005  719    0    64 3  1 1 3.922777e-13 -1.152163e+02 -8.284052e+04
INFO: cmn.c(183): CMN: 57.11  4.46 17.32 -3.90  9.04 -7.21 -14.55 -12.26 -1.53  1.21  3.56 -5.36 -11.64 
utt>   765                       006  522    0    56 3  1 1 1.377369e-14 -1.153956e+02 -6.023648e+04
INFO: cmn.c(183): CMN: 60.27  5.45 15.08 -4.96 13.04 -10.98 -9.43 -7.49 -2.06 -0.58  3.21 -7.19 -5.89 
utt>   766                       007 1688    0   116 3  1 1 1.254919e-13 -1.163770e+02 -1.964444e+05
INFO: cmn.c(183): CMN: 51.72  2.44  9.97  1.85  2.40  0.16  1.18 -0.56  9.15  1.26 10.03 -0.41 -1.03 
utt>   767                       001  399    0    68 3  1 1 2.756773e-13 -1.122310e+02 -4.478016e+04
INFO: cmn.c(183): CMN: 57.29  7.08  8.97  8.78  8.32 -9.56  0.44  4.13 -0.86  0.04 11.11  0.70 -0.82 
utt>   768                       002  547    0    60 3  1 1 2.246598e-13 -1.109510e+02 -6.069021e+04
INFO: cmn.c(183): CMN: 54.27  6.66 12.79 -1.32  8.36  2.76 -0.64 -3.54  6.61 -0.99  4.20 -5.58  1.58 
utt>   769                       003  470    0    44 4  1 1 1.649339e-13 -1.213460e+02 -5.703264e+04
INFO: cmn.c(183): CMN: 56.53  2.97 23.15  8.32  3.54 -9.67 -7.53 -5.25  2.82  0.56 10.53 -4.83 -6.08 
utt>   770                       004  395    0    40 4  1 1 4.555869e-14 -1.112674e+02 -4.395062e+04
INFO: cmn.c(183): CMN: 58.71  4.20 14.33  3.96  9.80 -13.74 -10.92 -5.52 -4.17  0.04  6.19 -7.25 -8.51 
utt>   771                       005  719    0    64 3  1 1 6.049369e-13 -1.152007e+02 -8.282931e+04
INFO: cmn.c(183): CMN: 57.11  4.46 17.31 -3.89  9.04 -7.21 -14.55 -12.26 -1.54  1.21  3.57 -5.36 -11.64 
utt>   772                       006  522    0    56 3  1 1 1.861599e-13 -1.154178e+02 -6.024809e+04
INFO: cmn.c(183): CMN: 60.27  5.45 15.08 -4.96 13.04 -10.98 -9.42 -7.49 -2.06 -0.58  3.21 -7.19 -5.90 
utt>   773                       007 1688    0   116 3  1 1 1.055174e-13 -1.163899e+02 -1.964662e+05
INFO: cmn.c(183): CMN: 51.71  2.46  9.90  1.84  2.40  0.11  1.28 -0.52  9.06  1.33 10.01 -0.46 -0.97 
utt>   774                       001  399    0    68 3  1 1 5.038678e-13 -1.122383e+02 -4.478306e+04
INFO: cmn.c(183): CMN: 57.29  7.08  8.97  8.79  8.32 -9.57  0.45  4.14 -0.87  0.05 11.10  0.70 -0.82 
utt>   775                       002  547    0    60 3  1 1 2.085230e-13 -1.109276e+02 -6.067739e+04
INFO: cmn.c(183): CMN: 54.27  6.66 12.79 -1.32  8.36  2.77 -0.63 -3.53  6.58 -0.99  4.20 -5.57  1.56 
utt>   776                       003  470    0    44 4  1 1 2.141065e-13 -1.213495e+02 -5.703428e+04
INFO: cmn.c(183): CMN: 56.53  2.96 23.15  8.32  3.53 -9.66 -7.53 -5.26  2.81  0.58 10.53 -4.83 -6.09 
utt>   777                       004  395    0    40 4  1 1 1.532673e-13 -1.112707e+02 -4.395191e+04
INFO: cmn.c(183): CMN: 58.71  4.20 14.33  3.96  9.80 -13.74 -10.92 -5.52 -4.16  0.04  6.19 -7.25 -8.51 
utt>   778                       005  719    0    64 3  1 1 5.107906e-13 -1.151899e+02 -8.282155e+04
INFO: cmn.c(183): CMN: 57.11  4.46 17.31 -3.89  9.04 -7.21 -14.55 -12.26 -1.53  1.21  3.56 -5.36 -11.64 
utt>   779                       006  522    0    56 3  1 1 1.950777e-13 -1.153919e+02 -6.023459e+04
INFO: cmn.c(183): CMN: 60.27  5.45 15.08 -4.96 13.03 -10.98 -9.42 -7.49 -2.06 -0.58  3.22 -7.19 -5.90 
utt>   780                       007 1688    0   116 3  1 1 9.427036e-14 -1.163861e+02 -1.964598e+05
INFO: cmn.c(183): CMN: 51.72  2.44 10.00  1.82  2.25  0.15  1.32 -0.49  9.09  1.29  9.94 -0.37 -1.03 
utt>   781                       001  399    0    68 3  1 1 6.524529e-13 -1.122681e+02 -4.479497e+04
INFO: cmn.c(183): CMN: 57.29  7.08  8.98  8.79  8.32 -9.57  0.44  4.14 -0.86  0.05 11.10  0.68 -0.82 
utt>   782                       002  547    0    60 3  1 1 2.095811e-13 -1.109585e+02 -6.069429e+04
INFO: cmn.c(183): CMN: 54.27  6.65 12.80 -1.32  8.35  2.77 -0.64 -3.53  6.62 -0.99  4.19 -5.58  1.56 
utt>   783                       003  470    0    44 4  1 1 1.975628e-13 -1.213657e+02 -5.704187e+04
INFO: cmn.c(183): CMN: 56.52  2.96 23.15  8.32  3.54 -9.66 -7.53 -5.26  2.81  0.57 10.54 -4.83 -6.08 
utt>   784                       004  395    0    40 4  1 1 1.537358e-13 -1.112358e+02 -4.393815e+04
INFO: cmn.c(183): CMN: 58.71  4.20 14.32  3.96  9.80 -13.75 -10.92 -5.52 -4.16  0.04  6.19 -7.26 -8.51 
utt>   785                       005  719    0    64 3  1 1 5.146206e-13 -1.151889e+02 -8.282080e+04
INFO: cmn.c(183): CMN: 57.11  4.45 17.31 -3.89  9.04 -7.21 -14.55 -12.26 -1.55  1.21  3.56 -5.36 -11.64 
utt>   786                       006  522    0    56 3  1 1 1.984843e-13 -1.153793e+02 -6.022797e+04
INFO: cmn.c(183): CMN: 60.27  5.45 15.08 -4.96 13.04 -10.98 -9.43 -7.48 -2.06 -0.58  3.21 -7.19 -5.90 
utt>   787                       007 1688    0   116 3  1 1 1.084895e-13 -1.163856e+02 -1.964589e+05
INFO: cmn.c(183): CMN: 51.72  2.45  9.92  1.89  2.39  0.20  1.28 -0.42  9.11  1.29  9.99 -0.47 -1.08 
utt>   788                       001  399    0    68 3  1 1 5.141769e-13 -1.121455e+02 -4.474607e+04
INFO: cmn.c(183): CMN: 57.29  7.08  8.97  8.79  8.31 -9.58  0.45  4.14 -0.85  0.04 11.10  0.69 -0.81 
utt>   789                       002  547    0    60 3  1 1 2.148719e-13 -1.109383e+02 -6.068325e+04
INFO: cmn.c(183): CMN: 54.27  6.66 12.78 -1.31  8.36  2.74 -0.62 -3.53  6.62 -1.00  4.19 -5.58  1.57 
utt>   790                       003  470    0    44 4  1 1 3.003673e-13 -1.213456e+02 -5.703243e+04
INFO: cmn.c(183): CMN: 56.52  2.96 23.15  8.32  3.54 -9.66 -7.53 -5.25  2.82  0.57 10.53 -4.83 -6.08 
utt>   791                       004  395    0    40 4  1 1 1.202950e-13 -1.112494e+02 -4.394350e+04
INFO: cmn.c(183): CMN: 58.71  4.20 14.33  3.96  9.80 -13.74 -10.92 -5.51 -4.16  0.03  6.18 -7.25 -8.51 
utt>   792                       005  719    0    64 3  1 1 6.187039e-13 -1.151802e+02 -8.281455e+04
INFO: cmn.c(183): CMN: 57.11  4.46 17.31 -3.90  9.04 -7.20 -14.55 -12.27 -1.54  1.21  3.56 -5.36 -11.64 
utt>   793                       006  522    0    56 3  1 1 1.714838e-13 -1.153973e+02 -6.023738e+04
INFO: cmn.c(183): CMN: 60.27  5.45 15.08 -4.96 13.04 -10.98 -9.42 -7.49 -2.06 -0.58  3.21 -7.19 -5.90 
utt>   794                       007 1688    0   116 3  1 1 1.080941e-13 -1.163872e+02 -1.964616e+05
INFO: cmn.c(183): CMN: 51.71  2.45  9.99  1.84  2.30  0.10  1.33 -0.45  9.09  1.18 10.04 -0.43 -1.05 
utt>   795                       001  399    0    68 3  1 1 4.077602e-13 -1.122209e+02 -4.477613e+04
INFO: cmn.c(183): CMN: 57.29  7.08  8.97  8.79  8.31 -9.56  0.44  4.13 -0.86  0.04 11.12  0.70 -0.82 
utt>   796                       002  547    0    60 3  1 1 2.246576e-13 -1.109407e+02 -6.068455e+04
INFO: cmn.c(183): CMN: 54.28  6.65 12.79 -1.31  8.36  2.76 -0.63 -3.53  6.60 -0.99  4.19 -5.57  1.58 
utt>   797                       003  470    0    44 4  1 1 1.916949e-13 -1.213655e+02 -5.704179e+04
INFO: cmn.c(183): CMN: 56.53  2.96 23.15  8.32  3.54 -9.67 -7.53 -5.25  2.81  0.57 10.54 -4.82 -6.09 
utt>   798                       004  395    0    40 4  1 1 1.958879e-13 -1.112315e+02 -4.393646e+04
INFO: cmn.c(183): CMN: 58.71  4.20 14.33  3.97  9.80 -13.75 -10.93 -5.51 -4.16  0.03  6.19 -7.25 -8.51 
utt>   799                       005  719    0    64 3  1 1 4.329438e-13 -1.151940e+02 -8.282447e+04
INFO: cmn.c(183): CMN: 57.11  4.45 17.31 -3.90  9.04 -7.20 -14.56 -12.26 -1.54  1.21  3.56 -5.35 -11.64 
utt>   800                       006  522    0    56 3  1 1 1.889786e-13 -1.153692e+02 -6.022271e+04
INFO: cmn.c(183): CMN: 60.27  5.45 15.08 -4.96 13.04 -10.98 -9.42 -7.49 -2.06 -0.58  3.21 -7.19 -5.89 
utt>   801                       007 1688    0   116 3  1 1 1.112588e-13 -1.163752e+02 -1.964414e+05
INFO: cmn.c(183): CMN: 51.72  2.45  9.94  1.86  2.43  0.21  1.37 -0.49  9.06  1.17  9.95 -0.37 -1.06 
utt>   802                       001  399    0    68 3  1 1 2.867103e-13 -1.121193e+02 -4.473559e+04
INFO: cmn.c(183): CMN: 57.29  7.08  8.97  8.78  8.31 -9.56  0.44  4.13 -0.86  0.04 11.10  0.69 -0.82 
utt>   803                       002  547    0    60 3  1 1 2.116569e-13 -1.109556e+02 -6.069269e+04
INFO: cmn.c(183): CMN: 54.27  6.66 12.79 -1.31  8.36  2.76 -0.64 -3.54  6.61 -0.99  4.18 -5.57  1.57 
utt>   804                       003  470    0    44 4  1 1 1.719671e-13 -1.214046e+02 -5.706018e+04
INFO: cmn.c(183): CMN: 56.53  2.96 23.15  8.32  3.53 -9.66 -7.52 -5.24  2.81  0.56 10.53 -4.82 -6.09 
utt>   805                       004  395    0    40 4  1 1 1.737229e-13 -1.112598e+02 -4.394760e+04
INFO: cmn.c(183): CMN: 58.71  4.20 14.32  3.96  9.80 -13.73 -10.93 -5.51 -4.17  0.04  6.18 -7.25 -8.51 
utt>   806                       005  719    0    64 3  1 1 5.592631e-13 -1.151968e+02 -8.282651e+04
INFO: cmn.c(183): CMN: 57.10  4.46 17.31 -3.90  9.04 -7.21 -14.55 -12.26 -1.52  1.21  3.56 -5.35 -11.63 
utt>   807                       006  522    0    56 3  1 1 1.345271e-14 -1.154160e+02 -6.024715e+04
INFO: cmn.c(183): CMN: 60.27  5.45 15.08 -4.96 13.04 -10.98 -9.42 -7.49 -2.06 -0.58  3.21 -7.19 -5.89 
utt>   808                       007 1688    0   116 3  1 1 1.021851e-13 -1.163867e+02 -1.964607e+05
INFO: cmn.c(183): CMN: 51.73  2.47  9.92  1.78  2.30  0.16  1.36 -0.48  9.10  1.40 10.11 -0.48 -1.05 
utt>   809                       001  399    0    68 3  1 1 3.481133e-13 -1.122662e+02 -4.479420e+04
INFO: cmn.c(183): CMN: 57.29  7.08  8.97  8.79  8.32 -9.57  0.45  4.13 -0.86  0.05 11.09  0.70 -0.81 
utt>   810                       002  547    0    60 3  1 1 2.309104e-13 -1.109345e+02 -6.068120e+04
INFO: cmn.c(183): CMN: 54.27  6.66 12.79 -1.33  8.37  2.78 -0.64 -3.54  6.62 -0.99  4.18 -5.56  1.56 
utt>   811                       003  470    0    44 4  1 1 1.707661e-13 -1.213398e+02 -5.702970e+04
INFO: cmn.c(183): CMN: 56.53  2.96 23.15  8.31  3.53 -9.67 -7.52 -5.24  2.81  0.56 10.54 -4.83 -6.08 
utt>   812                       004  395    0    40 4  1 1 2.226863e-13 -1.112415e+02 -4.394041e+04
INFO: cmn.c(183): CMN: 58.71  4.20 14.33  3.96  9.80 -13.75 -10.92 -5.51 -4.17  0.04  6.19 -7.26 -8.50 
utt>   813                       005  719    0    64 3  1 1 4.535053e-13 -1.151825e+02 -8.281625e+04
INFO: cmn.c(183): CMN: 57.11  4.45 17.32 -3.89  9.04 -7.21 -14.54 -12.27 -1.54  1.22  3.56 -5.36 -11.64 
utt>   814                       006  522    0    56 3  1 1 1.120510e-14 -1.153888e+02 -6.023294e+04
INFO: cmn.c(183): CMN: 60.27  5.45 15.08 -4.96 13.04 -10.98 -9.43 -7.49 -2.06 -0.58  3.21 -7.19 -5.90 
utt>   815                       007 1688    0   116 3  1 1 1.296468e-13 -1.163837e+02 -1.964556e+05
INFO: cmn.c(183): CMN: 51.72  2.46  9.94  1.84  2.40  0.14  1.29 -0.44  9.13  1.16 10.13 -0.36 -1.02 
utt>   816                       001  399    0    68 3  1 1 4.188997e-13 -1.121277e+02 -4.473897e+04
INFO: cmn.c(183): CMN: 57.29  7.08  8.98  8.79  8.31 -9.57  0.45  4.14 -0.87  0.05 11.11  0.70 -0.82 
utt>   817                       002  547    0    60 3  1 1 2.090557e-13 -1.109065e+02 -6.066584e+04
INFO: cmn.c(183): CMN: 54.27  6.66 12.79 -1.33  8.37  2.76 -0.65 -3.52  6.62 -0.99  4.19 -5.58  1.56 
utt>   818                       003  470    0    44 4  1 1 1.758549e-13 -1.213811e+02 -5.704911e+04
INFO: cmn.c(183): CMN: 56.53  2.97 23.15  8.32  3.53 -9.67 -7.52 -5.25  2.81  0.56 10.53 -4.83 -6.09 
utt>   819                       004  395    0    40 4  1 1 1.843186e-13 -1.112397e+02 -4.393968e+04
INFO: cmn.c(183): CMN: 58.71  4.20 14.33  3.96  9.80 -13.74 -10.91 -5.51 -4.17  0.03  6.18 -7.24 -8.51 
utt>   820                       005  719    0    64 3  1 1 5.159209e-13 -1.151865e+02 -8.281909e+04
INFO: cmn.c(183): CMN: 57.11  4.46 17.31 -3.90  9.05 -7.21 -14.55 -12.26 -1.54  1.22  3.55 -5.35 -11.64 
utt>   821                       006  522    0    56 3  1 1 1.354560e-14 -1.153907e+02 -6.023394e+04
INFO: cmn.c(183): CMN: 60.27  5.45 15.08 -4.96 13.04 -10.98 -9.43 -7.49 -2.06 -0.58  3.22 -7.19 -5.90 
utt>   822                       007 1688    0   116 3  1 1 9.323980e-14 -1.163819e+02 -1.964527e+05
INFO: cmn.c(183): CMN: 51.71  2.45  9.97  1.80  2.35  0.13  1.34 -0.41  9.17  1.28 10.10 -0.43 -1.11 
utt>   823                       001  399    0    68 3  1 1 5.293045e-13 -1.123415e+02 -4.482426e+04
INFO: cmn.c(183): CMN: 57.29  7.08  8.98  8.79  8.31 -9.56  0.45  4.12 -0.87  0.04 11.11  0.69 -0.82 
utt>   824                       002  547    0    60 3  1 1 2.143762e-13 -1.109476e+02 -6.068833e+04
INFO: cmn.c(183): CMN: 54.27  6.66 12.78 -1.32  8.37  2.76 -0.66 -3.54  6.62 -1.00  4.19 -5.57  1.57 
utt>   825                       003  470    0    44 4  1 1 2.624410e-13 -1.213481e+02 -5.703361e+04
INFO: cmn.c(183): CMN: 56.53  2.96 23.15  8.32  3.53 -9.67 -7.53 -5.25  2.81  0.57 10.54 -4.82 -6.09 
utt>   826                       004  395    0    40 4  1 1 1.749318e-13 -1.112204e+02 -4.393206e+04
INFO: cmn.c(183): CMN: 58.71  4.20 14.33  3.96  9.79 -13.75 -10.92 -5.52 -4.16  0.04  6.18 -7.25 -8.51 
utt>   827                       005  719    0    64 3  1 1 4.195076e-13 -1.151814e+02 -8.281544e+04
INFO: cmn.c(183): CMN: 57.11  4.45 17.32 -3.89  9.03 -7.21 -14.55 -12.26 -1.55  1.22  3.56 -5.36 -11.65 
utt>   828                       006  522    0    56 3  1 1 1.606078e-14 -1.153966e+02 -6.023701e+04
INFO: cmn.c(183): CMN: 60.27  5.45 15.08 -4.96 13.03 -10.98 -9.42 -7.49 -2.06 -0.58  3.22 -7.19 -5.90 
utt>   829                       007 1688    0   116 3  1 1 9.504343e-14 -1.163802e+02 -1.964498e+05
INFO: cmn.c(183): CMN: 51.72  2.45  9.95  1.80  2.32  0.12  1.31 -0.36  9.03  1.29 10.06 -0.40 -0.95 
utt>   830                       001  399    0    68 3  1 1 6.068740e-13 -1.121315e+02 -4.474048e+04
INFO: cmn.c(183): CMN: 57.29  7.08  8.97  8.79  8.31 -9.57  0.44  4.13 -0.86  0.05 11.11  0.70 -0.81 
utt>   831                       002  547    0    60 3  1 1 2.234530e-13 -1.109458e+02 -6.068734e+04
INFO: cmn.c(183): CMN: 54.28  6.66 12.78 -1.33  8.36  2.74 -0.64 -3.53  6.61 -0.99  4.18 -5.57  1.57 
utt>   832                       003  470    0    44 4  1 1 2.290188e-13 -1.213620e+02 -5.704015e+04
INFO: cmn.c(183): CMN: 58.71  4.20 14.33  3.96  9.80 -13.75 -10.92 -5.52 -4.18  0.04  6.19 -7.24 -8.52 
utt>   833                       005  719    0    64 3  1 1 6.211160e-13 -1.152389e+02 -8.285673e+04
INFO: cmn.c(183): CMN: 57.11  4.46 17.31 -3.89  9.03 -7.21 -14.55 -12.26 -1.55  1.22  3.57 -5.37 -11.64 
utt>   834                       006  522    0    56 3  1 1 1.257027e-14 -1.154013e+02 -6.023946e+04
INFO: cmn.c(183): CMN: 60.27  5.45 15.08 -4.96 13.04 -10.98 -9.42 -7.49 -2.06 -0.58  3.21 -7.19 -5.90 
utt>   835                       007 1688    0   116 3  1 1 1.176700e-13 -1.163770e+02 -1.964443e+05
INFO: cmn.c(183): CMN: 51.72  2.45  9.96  1.83  2.37  0.22  1.41 -0.45  9.11  1.23 10.03 -0.46 -1.02 
utt>   836                       001  399    0    68 3  1 1 5.258853e-13 -1.121794e+02 -4.475960e+04
INFO: cmn.c(183): CMN: 57.29  7.08  8.97  8.79  8.32 -9.57  0.45  4.14 -0.88  0.04 11.10  0.70 -0.82 
utt>   837                       002  547    0    60 3  1 1 2.101605e-13 -1.109400e+02 -6.068416e+04
INFO: cmn.c(183): CMN: 54.27  6.65 12.80 -1.32  8.35  2.76 -0.63 -3.51  6.64 -1.00  4.17 -5.57  1.56 
utt>   838                       003  470    0    44 4  1 1 1.704788e-13 -1.213696e+02 -5.704373e+04
INFO: cmn.c(183): CMN: 56.53  2.96 23.15  8.32  3.54 -9.66 -7.54 -5.25  2.82  0.57 10.53 -4.84 -6.09 
utt>   839                       004  395    0    40 4  1 1 1.250456e-13 -1.112457e+02 -4.394206e+04
INFO: cmn.c(183): CMN: 58.71  4.20 14.33  3.96  9.80 -13.74 -10.92 -5.51 -4.16  0.03  6.18 -7.24 -8.50 
utt>   840                       005  719    0    64 3  1 1 4.073334e-13 -1.152583e+02 -8.287075e+04
INFO: cmn.c(183): CMN: 57.11  4.46 17.32 -3.90  9.04 -7.21 -14.55 -12.27 -1.54  1.21  3.57 -5.36 -11.64 
utt>   841                       006  522    0    56 3  1 1 1.855056e-13 -1.154017e+02 -6.023968e+04
INFO: cmn.c(183): CMN: 60.27  5.45 15.08 -4.96 13.04 -10.98 -9.42 -7.49 -2.06 -0.58  3.21 -7.19 -5.89 
utt>   842                       007 1688    0   116 3  1 1 8.965772e-14 -1.163840e+02 -1.964561e+05
INFO: cmn.c(183): CMN: 51.71  2.43 10.00  1.81  2.32  0.15  1.33 -0.44  9.18  1.27 10.01 -0.55 -1.06 
utt>   843                       001  399    0    68 3  1 1 5.507395e-13 -1.123063e+02 -4.481021e+04
INFO: cmn.c(183): CMN: 57.29  7.08  8.97  8.79  8.31 -9.57  0.45  4.14 -0.86  0.04 11.10  0.70 -0.81 
utt>   844                       002  547    0    60 3  1 1 2.178564e-13 -1.109319e+02 -6.067975e+04
INFO: cmn.c(183): CMN: 54.28  6.66 12.79 -1.34  8.36  2.76 -0.65 -3.52  6.61 -1.00  4.21 -5.58  1.57 
utt>   845                       003  470    0    44 4  1 1 1.463754e-13 -1.213914e+02 -5.705395e+04
INFO: cmn.c(183): CMN: 56.52  2.96 23.15  8.32  3.53 -9.66 -7.52 -5.26  2.81  0.56 10.54 -4.83 -6.09 
utt>   846                       004  395    0    40 4  1 1 2.541951e-13 -1.112579e+02 -4.394689e+04
INFO: cmn.c(183): CMN: 58.71  4.20 14.33  3.96  9.80 -13.74 -10.92 -5.51 -4.16  0.03  6.18 -7.24 -8.51 
utt>   847                       005  719    0    64 3  1 1 5.136785e-13 -1.152021e+02 -8.283029e+04
INFO: cmn.c(183): CMN: 57.11  4.46 17.31 -3.90  9.05 -7.21 -14.55 -12.26 -1.55  1.21  3.56 -5.36 -11.65 
utt>   848                       006  522    0    56 3  1 1 1.320740e-13 -1.153907e+02 -6.023396e+04
INFO: cmn.c(183): CMN: 60.27  5.45 15.08 -4.96 13.03 -10.98 -9.42 -7.48 -2.06 -0.58  3.22 -7.19 -5.90 
utt>   849                       007 1688    0   116 3  1 1 1.395334e-13 -1.163798e+02 -1.964490e+05
INFO: cmn.c(183): CMN: 51.71  2.42  9.95  1.85  2.33  0.17  1.35 -0.42  9.13  1.30 10.02 -0.52 -1.01 
utt>   850                       001  399    0    68 3  1 1 7.585206e-13 -1.121652e+02 -4.475392e+04
INFO: cmn.c(183): CMN: 57.29  7.08  8.97  8.79  8.32 -9.57  0.46  4.13 -0.87  0.03 11.12  0.70 -0.82 
utt>   851                       002  547    0    60 3  1 1 2.241115e-13 -1.109462e+02 -6.068758e+04
INFO: cmn.c(183): CMN: 54.28  6.66 12.78 -1.32  8.36  2.74 -0.63 -3.51  6.61 -0.99  4.18 -5.57  1.57 
utt>   852                       003  470    0    44 4  1 1 1.875938e-13 -1.213758e+02 -5.704663e+04
INFO: cmn.c(183): CMN: 56.53  2.96 23.15  8.31  3.54 -9.65 -7.53 -5.26  2.81  0.58 10.53 -4.83 -6.09 
utt>   853                       004  395    0    40 4  1 1 1.685200e-13 -1.112588e+02 -4.394723e+04
INFO: cmn.c(183): CMN: 58.71  4.20 14.33  3.96  9.80 -13.74 -10.92 -5.52 -4.17  0.04  6.18 -7.25 -8.51 
utt>   854                       005  719    0    64 3  1 1 4.923270e-13 -1.152143e+02 -8.283907e+04
INFO: cmn.c(183): CMN: 57.10  4.46 17.32 -3.89  9.04 -7.22 -14.55 -12.26 -1.54  1.21  3.56 -5.36 -11.64 
utt>   855                       006  522    0    56 3  1 1 1.525901e-13 -1.154163e+02 -6.024733e+04
INFO: cmn.c(183): CMN: 60.27  5.45 15.08 -4.96 13.04 -10.98 -9.42 -7.48 -2.06 -0.58  3.21 -7.19 -5.89 
utt>   856                       007 1688    0   116 3  1 1 1.494001e-13 -1.163815e+02 -1.964519e+05
INFO: cmn.c(183): CMN: 51.72  2.46  9.97  1.77  2.28  0.22  1.39 -0.43  8.98  1.29 10.08 -0.42 -0.91 
utt>   857                       001  399    0    68 3  1 1 5.634338e-13 -1.125063e+02 -4.489000e+04
INFO: cmn.c(183): CMN: 57.29  7.08  8.97  8.79  8.32 -9.56  0.46  4.12 -0.87  0.04 11.10  0.70 -0.82 
utt>   858                       002  547    0    60 3  1 1 2.196289e-13 -1.109380e+02 -6.068307e+04
INFO: cmn.c(183): CMN: 54.27  6.66 12.78 -1.32  8.36  2.76 -0.64 -3.54  6.63 -1.00  4.18 -5.57  1.57 
utt>   859                       003  470    0    44 4  1 1 1.782394e-13 -1.213726e+02 -5.704512e+04
INFO: cmn.c(183): CMN: 56.53  2.96 23.14  8.32  3.54 -9.66 -7.54 -5.26  2.82  0.58 10.54 -4.83 -6.09 
utt>   860                       004  395    0    40 4  1 1 1.626752e-13 -1.112602e+02 -4.394779e+04
INFO: cmn.c(183): CMN: 58.71  4.20 14.32  3.97  9.80 -13.75 -10.92 -5.51 -4.17  0.04  6.19 -7.25 -8.51 
utt>   861                       005  719    0    64 3  1 1 5.361487e-13 -1.152046e+02 -8.283211e+04
INFO: cmn.c(183): CMN: 57.11  4.45 17.31 -3.89  9.04 -7.22 -14.55 -12.27 -1.54  1.22  3.57 -5.36 -11.64 
utt>   862                       006  522    0    56 3  1 1 1.395647e-13 -1.153877e+02 -6.023239e+04
INFO: cmn.c(183): CMN: 60.27  5.46 15.08 -4.96 13.04 -10.98 -9.42 -7.49 -2.06 -0.58  3.22 -7.19 -5.90 
utt>   863                       007 1688    0   116 3  1 1 1.487741e-13 -1.163846e+02 -1.964571e+05
INFO: cmn.c(183): CMN: 51.74  2.43  9.94  1.83  2.36  0.15  1.30 -0.44  9.14  1.30 10.00 -0.37 -1.00 
utt>   864                       001  399    0    68 3  1 1 8.146087e-13 -1.121218e+02 -4.473661e+04
INFO: cmn.c(183): CMN: 57.29  7.08  8.97  8.78  8.32 -9.56  0.45  4.14 -0.88  0.04 11.10  0.71 -0.82 
utt>   865                       002  547    0    60 3  1 1 2.198088e-13 -1.109244e+02 -6.067566e+04
INFO: cmn.c(183): CMN: 54.27  6.67 12.79 -1.33  8.36  2.75 -0.63 -3.53  6.62 -1.00  4.19 -5.57  1.56 
utt>   866                       003  470    0    44 4  1 1 1.906379e-13 -1.213628e+02 -5.704054e+04
INFO: cmn.c(183): CMN: 56.53  2.97 23.15  8.32  3.53 -9.67 -7.53 -5.25  2.83  0.57 10.53 -4.83 -6.09 
utt>   867                       004  395    0    40 4  1 1 1.441033e-13 -1.112431e+02 -4.394102e+04
INFO: cmn.c(183): CMN: 58.71  4.20 14.33  3.96  9.80 -13.74 -10.92 -5.52 -4.16  0.04  6.18 -7.25 -8.51 
utt>   868                       005  719    0    64 3  1 1 5.020121e-13 -1.151833e+02 -8.281677e+04
INFO: cmn.c(183): CMN: 57.11  4.46 17.32 -3.90  9.04 -7.22 -14.55 -12.27 -1.53  1.21  3.55 -5.36 -11.64 
utt>   869                       006  522    0    56 3  1 1 1.573745e-13 -1.154097e+02 -6.024386e+04
INFO: cmn.c(183): CMN: 60.27  5.45 15.08 -4.96 13.04 -10.98 -9.42 -7.48 -2.06 -0.58  3.22 -7.19 -5.90 
utt>   870                       007 1688    0   116 3  1 1 1.484099e-13 -1.163812e+02 -1.964515e+05
INFO: cmn.c(183): CMN: 51.73  2.39  9.95  1.83  2.39  0.20  1.26 -0.51  9.13  1.25  9.98 -0.47 -1.02 
utt>   871                       001  399    0    68 3  1 1 1.533632e-13 -1.123509e+02 -4.482802e+04
INFO: cmn.c(183): CMN: 57.29  7.08  8.98  8.79  8.31 -9.57  0.45  4.14 -0.86  0.03 11.10  0.69 -0.82 
utt>   872                       002  547    0    60 3  1 1 2.209944e-13 -1.109454e+02 -6.068714e+04
INFO: cmn.c(183): CMN: 54.28  6.66 12.79 -1.32  8.35  2.75 -0.63 -3.52  6.62 -0.98  4.19 -5.58  1.57 
utt>   873                       003  470    0    44 4  1 1 2.394085e-13 -1.213578e+02 -5.703817e+04
INFO: cmn.c(183): CMN: 56.53  2.96 23.15  8.32  3.53 -9.66 -7.52 -5.25  2.80  0.57 10.54 -4.83 -6.10 
utt>   874                       004  395    0    40 4  1 1 2.167701e-13 -1.112510e+02 -4.394416e+04
INFO: cmn.c(183): CMN: 58.71  4.19 14.32  3.97  9.81 -13.75 -10.92 -5.51 -4.17  0.04  6.19 -7.24 -8.51 
utt>   875                       005  719    0    64 3  1 1 4.442455e-13 -1.152068e+02 -8.283366e+04
INFO: cmn.c(183): CMN: 57.11  4.46 17.31 -3.89  9.04 -7.21 -14.55 -12.26 -1.54  1.22  3.56 -5.36 -11.65 
utt>   876                       006  522    0    56 3  1 1 1.674989e-13 -1.154032e+02 -6.024045e+04
INFO: cmn.c(183): CMN: 60.27  5.45 15.08 -4.96 13.04 -10.98 -9.43 -7.49 -2.06 -0.58  3.21 -7.19 -5.89 
utt>   877                       007 1688    0   116 3  1 1 9.236903e-14 -1.163767e+02 -1.964439e+05
INFO: cmn.c(183): CMN: 51.70  2.44  9.94  1.83  2.40  0.15  1.42 -0.46  9.06  1.23 10.00 -0.42 -0.98 
utt>   878                       001  399    0    68 3  1 1 3.858943e-13 -1.123627e+02 -4.483273e+04
INFO: cmn.c(183): CMN: 57.29  7.08  8.97  8.79  8.32 -9.56  0.45  4.13 -0.87  0.03 11.11  0.69 -0.82 
utt>   879                       002  547    0    60 3  1 1 2.124820e-13 -1.109059e+02 -6.066555e+04
INFO: cmn.c(183): CMN: 54.27  6.66 12.79 -1.32  8.36  2.76 -0.63 -3.54  6.61 -1.00  4.20 -5.58  1.56 
utt>   880                       003  470    0    44 4  1 1 1.699983e-13 -1.213444e+02 -5.703186e+04
INFO: cmn.c(183): CMN: 56.53  2.96 23.15  8.32  3.53 -9.66 -7.52 -5.25  2.82  0.56 10.53 -4.83 -6.09 
utt>   881                       004  395    0    40 4  1 1 1.728489e-13 -1.112489e+02 -4.394331e+04
INFO: cmn.c(183): CMN: 58.71  4.20 14.33  3.96  9.80 -13.75 -10.91 -5.52 -4.17  0.04  6.19 -7.25 -8.51 
utt>   882                       005  719    0    64 3  1 1 3.998605e-13 -1.151831e+02 -8.281663e+04
INFO: cmn.c(183): CMN: 57.11  4.46 17.32 -3.90  9.04 -7.21 -14.55 -12.26 -1.54  1.21  3.55 -5.36 -11.64 
utt>   883                       006  522    0    56 3  1 1 1.133962e-14 -1.154101e+02 -6.024407e+04
INFO: cmn.c(183): CMN: 60.27  5.45 15.08 -4.96 13.03 -10.98 -9.42 -7.48 -2.06 -0.58  3.21 -7.19 -5.90 
utt>   884                       007 1688    0   116 3  1 1 1.120844e-13 -1.163735e+02 -1.964385e+05
INFO: cmn.c(183): CMN: 51.71  2.45  9.95  1.87  2.34  0.05  1.24 -0.58  9.07  1.27  9.96 -0.45 -1.05 
utt>   885                       001  399    0    68 3  1 1 5.067047e-13 -1.123808e+02 -4.483995e+04
INFO: cmn.c(183): CMN: 57.29  7.08  8.97  8.79  8.32 -9.57  0.46  4.13 -0.86  0.04 11.11  0.69 -0.82 
utt>   886                       002  547    0    60 3  1 1 2.364769e-13 -1.109366e+02 -6.068234e+04
INFO: cmn.c(183): CMN: 54.27  6.67 12.78 -1.34  8.36  2.75 -0.62 -3.55  6.61 -0.98  4.19 -5.56  1.56 
utt>   887                       003  470    0    44 4  1 1 1.979081e-13 -1.213515e+02 -5.703519e+04
INFO: cmn.c(183): CMN: 56.53  2.96 23.15  8.32  3.54 -9.66 -7.54 -5.25  2.82  0.57 10.53 -4.83 -6.09 
utt>   888                       004  395    0    40 4  1 1 2.616319e-13 -1.112260e+02 -4.393425e+04
INFO: cmn.c(183): CMN: 58.71  4.20 14.33  3.96  9.80 -13.74 -10.92 -5.51 -4.17  0.04  6.19 -7.25 -8.51 
utt>   889                       005  719    0    64 3  1 1 5.245772e-13 -1.151980e+02 -8.282733e+04
INFO: cmn.c(183): CMN: 57.11  4.46 17.31 -3.89  9.04 -7.21 -14.54 -12.27 -1.53  1.21  3.55 -5.36 -11.64 
utt>   890                       006  522    0    56 3  1 1 1.683542e-13 -1.154043e+02 -6.024104e+04
INFO: cmn.c(183): CMN: 60.27  5.45 15.08 -4.96 13.04 -10.98 -9.42 -7.49 -2.06 -0.58  3.22 -7.19 -5.90 
utt>   891                       007 1688    0   116 3  1 1 9.460494e-14 -1.163897e+02 -1.964658e+05
overall> stats 154214 (-0) -1.152077e+02 -1.776663e+07

INFO: s3mixw_io.c(233): Wrote /home/azizkag/projects/QuranRecognition/fatiha_acoustic_model/bwaccumdir/fatiha_buff_4/mixw_counts [386x1x4 array]
INFO: s3tmat_io.c(176): Wrote /home/azizkag/projects/QuranRecognition/fatiha_acoustic_model/bwaccumdir/fatiha_buff_4/tmat_counts [62x3x4 array]
INFO: s3gau_io.c(485): Wrote /home/azizkag/projects/QuranRecognition/fatiha_acoustic_model/bwaccumdir/fatiha_buff_4/gauden_counts with means with vars (2pass) [386x1x4 vector arrays]
INFO: main.c(1003): Counts saved to /home/azizkag/projects/QuranRecognition/fatiha_acoustic_model/bwaccumdir/fatiha_buff_4
Sun Jan 24 16:57:52 2016
