Current configuration:
[NAME]		[DEFLT]	[VALUE]
-accumdir		/home/azizkag/projects/QuranRecognition/fatiha_acoustic_model/bwaccumdir/fatiha_buff_4,/home/azizkag/projects/QuranRecognition/fatiha_acoustic_model/bwaccumdir/fatiha_buff_2,/home/azizkag/projects/QuranRecognition/fatiha_acoustic_model/bwaccumdir/fatiha_buff_3,/home/azizkag/projects/QuranRecognition/fatiha_acoustic_model/bwaccumdir/fatiha_buff_1,
-constE		3.0	3.000000e+00
-dcountfn		
-example	no	no
-fullvar	no	no
-help		no	no
-inmeanfn		
-inmixwfn		
-invarfn		
-meanfn			/home/azizkag/projects/QuranRecognition/fatiha_acoustic_model/model_parameters/fatiha.cd_cont_200/means
-mixwfn			/home/azizkag/projects/QuranRecognition/fatiha_acoustic_model/model_parameters/fatiha.cd_cont_200/mixture_weights
-mmie		no	no
-oaccumdir		
-regmatfn		
-tiedvar	no	no
-tmatfn			/home/azizkag/projects/QuranRecognition/fatiha_acoustic_model/model_parameters/fatiha.cd_cont_200/transition_matrices
-varfn			/home/azizkag/projects/QuranRecognition/fatiha_acoustic_model/model_parameters/fatiha.cd_cont_200/variances

INFO: main.c(207): Reading and accumulating counts from /home/azizkag/projects/QuranRecognition/fatiha_acoustic_model/bwaccumdir/fatiha_buff_4
INFO: s3mixw_io.c(117): Read /home/azizkag/projects/QuranRecognition/fatiha_acoustic_model/bwaccumdir/fatiha_buff_4/mixw_counts [386x1x1 array]
INFO: s3tmat_io.c(118): Read /home/azizkag/projects/QuranRecognition/fatiha_acoustic_model/bwaccumdir/fatiha_buff_4/tmat_counts [62x3x4 array]
INFO: s3gau_io.c(386): Read /home/azizkag/projects/QuranRecognition/fatiha_acoustic_model/bwaccumdir/fatiha_buff_4/gauden_counts with means with vars [386x1x1 vector arrays]
INFO: main.c(207): Reading and accumulating counts from /home/azizkag/projects/QuranRecognition/fatiha_acoustic_model/bwaccumdir/fatiha_buff_2
INFO: s3mixw_io.c(117): Read /home/azizkag/projects/QuranRecognition/fatiha_acoustic_model/bwaccumdir/fatiha_buff_2/mixw_counts [386x1x1 array]
INFO: s3tmat_io.c(118): Read /home/azizkag/projects/QuranRecognition/fatiha_acoustic_model/bwaccumdir/fatiha_buff_2/tmat_counts [62x3x4 array]
INFO: s3gau_io.c(386): Read /home/azizkag/projects/QuranRecognition/fatiha_acoustic_model/bwaccumdir/fatiha_buff_2/gauden_counts with means with vars [386x1x1 vector arrays]
INFO: main.c(207): Reading and accumulating counts from /home/azizkag/projects/QuranRecognition/fatiha_acoustic_model/bwaccumdir/fatiha_buff_3
INFO: s3mixw_io.c(117): Read /home/azizkag/projects/QuranRecognition/fatiha_acoustic_model/bwaccumdir/fatiha_buff_3/mixw_counts [386x1x1 array]
INFO: s3tmat_io.c(118): Read /home/azizkag/projects/QuranRecognition/fatiha_acoustic_model/bwaccumdir/fatiha_buff_3/tmat_counts [62x3x4 array]
INFO: s3gau_io.c(386): Read /home/azizkag/projects/QuranRecognition/fatiha_acoustic_model/bwaccumdir/fatiha_buff_3/gauden_counts with means with vars [386x1x1 vector arrays]
INFO: main.c(207): Reading and accumulating counts from /home/azizkag/projects/QuranRecognition/fatiha_acoustic_model/bwaccumdir/fatiha_buff_1
INFO: s3mixw_io.c(117): Read /home/azizkag/projects/QuranRecognition/fatiha_acoustic_model/bwaccumdir/fatiha_buff_1/mixw_counts [386x1x1 array]
INFO: s3tmat_io.c(118): Read /home/azizkag/projects/QuranRecognition/fatiha_acoustic_model/bwaccumdir/fatiha_buff_1/tmat_counts [62x3x4 array]
INFO: s3gau_io.c(386): Read /home/azizkag/projects/QuranRecognition/fatiha_acoustic_model/bwaccumdir/fatiha_buff_1/gauden_counts with means with vars [386x1x1 vector arrays]
INFO: main.c(391): Normalizing mean for n_mgau= 386, n_stream= 1, n_density= 1
INFO: main.c(414): Normalizing var
ERROR: "gauden.c", line 1682: Variance (mgau= 191, feat= 0, density=0, component=10) is less then 0. Most probably the number of senones is too high for such a small training database. Use smaller $CFG_N_TIED_STATES.
ERROR: "gauden.c", line 1682: Variance (mgau= 191, feat= 0, density=0, component=12) is less then 0. Most probably the number of senones is too high for such a small training database. Use smaller $CFG_N_TIED_STATES.
ERROR: "gauden.c", line 1682: Variance (mgau= 215, feat= 0, density=0, component=0) is less then 0. Most probably the number of senones is too high for such a small training database. Use smaller $CFG_N_TIED_STATES.
ERROR: "gauden.c", line 1682: Variance (mgau= 215, feat= 0, density=0, component=2) is less then 0. Most probably the number of senones is too high for such a small training database. Use smaller $CFG_N_TIED_STATES.
ERROR: "gauden.c", line 1682: Variance (mgau= 215, feat= 0, density=0, component=4) is less then 0. Most probably the number of senones is too high for such a small training database. Use smaller $CFG_N_TIED_STATES.
ERROR: "gauden.c", line 1682: Variance (mgau= 215, feat= 0, density=0, component=5) is less then 0. Most probably the number of senones is too high for such a small training database. Use smaller $CFG_N_TIED_STATES.
ERROR: "gauden.c", line 1682: Variance (mgau= 215, feat= 0, density=0, component=19) is less then 0. Most probably the number of senones is too high for such a small training database. Use smaller $CFG_N_TIED_STATES.
ERROR: "gauden.c", line 1682: Variance (mgau= 216, feat= 0, density=0, component=0) is less then 0. Most probably the number of senones is too high for such a small training database. Use smaller $CFG_N_TIED_STATES.
ERROR: "gauden.c", line 1682: Variance (mgau= 216, feat= 0, density=0, component=13) is less then 0. Most probably the number of senones is too high for such a small training database. Use smaller $CFG_N_TIED_STATES.
ERROR: "gauden.c", line 1682: Variance (mgau= 216, feat= 0, density=0, component=23) is less then 0. Most probably the number of senones is too high for such a small training database. Use smaller $CFG_N_TIED_STATES.
ERROR: "gauden.c", line 1682: Variance (mgau= 245, feat= 0, density=0, component=0) is less then 0. Most probably the number of senones is too high for such a small training database. Use smaller $CFG_N_TIED_STATES.
ERROR: "gauden.c", line 1682: Variance (mgau= 245, feat= 0, density=0, component=3) is less then 0. Most probably the number of senones is too high for such a small training database. Use smaller $CFG_N_TIED_STATES.
ERROR: "gauden.c", line 1682: Variance (mgau= 270, feat= 0, density=0, component=20) is less then 0. Most probably the number of senones is too high for such a small training database. Use smaller $CFG_N_TIED_STATES.
ERROR: "gauden.c", line 1682: Variance (mgau= 270, feat= 0, density=0, component=23) is less then 0. Most probably the number of senones is too high for such a small training database. Use smaller $CFG_N_TIED_STATES.
ERROR: "gauden.c", line 1682: Variance (mgau= 270, feat= 0, density=0, component=24) is less then 0. Most probably the number of senones is too high for such a small training database. Use smaller $CFG_N_TIED_STATES.
ERROR: "gauden.c", line 1682: Variance (mgau= 270, feat= 0, density=0, component=30) is less then 0. Most probably the number of senones is too high for such a small training database. Use smaller $CFG_N_TIED_STATES.
ERROR: "gauden.c", line 1682: Variance (mgau= 270, feat= 0, density=0, component=32) is less then 0. Most probably the number of senones is too high for such a small training database. Use smaller $CFG_N_TIED_STATES.
ERROR: "gauden.c", line 1682: Variance (mgau= 270, feat= 0, density=0, component=38) is less then 0. Most probably the number of senones is too high for such a small training database. Use smaller $CFG_N_TIED_STATES.
ERROR: "gauden.c", line 1682: Variance (mgau= 272, feat= 0, density=0, component=2) is less then 0. Most probably the number of senones is too high for such a small training database. Use smaller $CFG_N_TIED_STATES.
ERROR: "gauden.c", line 1682: Variance (mgau= 272, feat= 0, density=0, component=19) is less then 0. Most probably the number of senones is too high for such a small training database. Use smaller $CFG_N_TIED_STATES.
ERROR: "gauden.c", line 1682: Variance (mgau= 272, feat= 0, density=0, component=20) is less then 0. Most probably the number of senones is too high for such a small training database. Use smaller $CFG_N_TIED_STATES.
ERROR: "gauden.c", line 1682: Variance (mgau= 272, feat= 0, density=0, component=32) is less then 0. Most probably the number of senones is too high for such a small training database. Use smaller $CFG_N_TIED_STATES.
ERROR: "gauden.c", line 1682: Variance (mgau= 272, feat= 0, density=0, component=34) is less then 0. Most probably the number of senones is too high for such a small training database. Use smaller $CFG_N_TIED_STATES.
ERROR: "gauden.c", line 1682: Variance (mgau= 272, feat= 0, density=0, component=37) is less then 0. Most probably the number of senones is too high for such a small training database. Use smaller $CFG_N_TIED_STATES.
ERROR: "gauden.c", line 1682: Variance (mgau= 274, feat= 0, density=0, component=2) is less then 0. Most probably the number of senones is too high for such a small training database. Use smaller $CFG_N_TIED_STATES.
ERROR: "gauden.c", line 1682: Variance (mgau= 274, feat= 0, density=0, component=3) is less then 0. Most probably the number of senones is too high for such a small training database. Use smaller $CFG_N_TIED_STATES.
ERROR: "gauden.c", line 1682: Variance (mgau= 274, feat= 0, density=0, component=19) is less then 0. Most probably the number of senones is too high for such a small training database. Use smaller $CFG_N_TIED_STATES.
ERROR: "gauden.c", line 1682: Variance (mgau= 274, feat= 0, density=0, component=22) is less then 0. Most probably the number of senones is too high for such a small training database. Use smaller $CFG_N_TIED_STATES.
ERROR: "gauden.c", line 1682: Variance (mgau= 274, feat= 0, density=0, component=23) is less then 0. Most probably the number of senones is too high for such a small training database. Use smaller $CFG_N_TIED_STATES.
ERROR: "gauden.c", line 1682: Variance (mgau= 274, feat= 0, density=0, component=27) is less then 0. Most probably the number of senones is too high for such a small training database. Use smaller $CFG_N_TIED_STATES.
ERROR: "gauden.c", line 1682: Variance (mgau= 274, feat= 0, density=0, component=33) is less then 0. Most probably the number of senones is too high for such a small training database. Use smaller $CFG_N_TIED_STATES.
ERROR: "gauden.c", line 1682: Variance (mgau= 288, feat= 0, density=0, component=0) is less then 0. Most probably the number of senones is too high for such a small training database. Use smaller $CFG_N_TIED_STATES.
ERROR: "gauden.c", line 1682: Variance (mgau= 288, feat= 0, density=0, component=15) is less then 0. Most probably the number of senones is too high for such a small training database. Use smaller $CFG_N_TIED_STATES.
ERROR: "gauden.c", line 1682: Variance (mgau= 288, feat= 0, density=0, component=16) is less then 0. Most probably the number of senones is too high for such a small training database. Use smaller $CFG_N_TIED_STATES.
ERROR: "gauden.c", line 1682: Variance (mgau= 288, feat= 0, density=0, component=17) is less then 0. Most probably the number of senones is too high for such a small training database. Use smaller $CFG_N_TIED_STATES.
ERROR: "gauden.c", line 1682: Variance (mgau= 288, feat= 0, density=0, component=18) is less then 0. Most probably the number of senones is too high for such a small training database. Use smaller $CFG_N_TIED_STATES.
ERROR: "gauden.c", line 1682: Variance (mgau= 288, feat= 0, density=0, component=20) is less then 0. Most probably the number of senones is too high for such a small training database. Use smaller $CFG_N_TIED_STATES.
ERROR: "gauden.c", line 1682: Variance (mgau= 291, feat= 0, density=0, component=0) is less then 0. Most probably the number of senones is too high for such a small training database. Use smaller $CFG_N_TIED_STATES.
ERROR: "gauden.c", line 1682: Variance (mgau= 291, feat= 0, density=0, component=1) is less then 0. Most probably the number of senones is too high for such a small training database. Use smaller $CFG_N_TIED_STATES.
ERROR: "gauden.c", line 1682: Variance (mgau= 291, feat= 0, density=0, component=17) is less then 0. Most probably the number of senones is too high for such a small training database. Use smaller $CFG_N_TIED_STATES.
ERROR: "gauden.c", line 1682: Variance (mgau= 291, feat= 0, density=0, component=26) is less then 0. Most probably the number of senones is too high for such a small training database. Use smaller $CFG_N_TIED_STATES.
ERROR: "gauden.c", line 1682: Variance (mgau= 291, feat= 0, density=0, component=27) is less then 0. Most probably the number of senones is too high for such a small training database. Use smaller $CFG_N_TIED_STATES.
ERROR: "gauden.c", line 1682: Variance (mgau= 291, feat= 0, density=0, component=33) is less then 0. Most probably the number of senones is too high for such a small training database. Use smaller $CFG_N_TIED_STATES.
ERROR: "gauden.c", line 1682: Variance (mgau= 291, feat= 0, density=0, component=37) is less then 0. Most probably the number of senones is too high for such a small training database. Use smaller $CFG_N_TIED_STATES.
ERROR: "gauden.c", line 1682: Variance (mgau= 292, feat= 0, density=0, component=17) is less then 0. Most probably the number of senones is too high for such a small training database. Use smaller $CFG_N_TIED_STATES.
ERROR: "gauden.c", line 1682: Variance (mgau= 292, feat= 0, density=0, component=22) is less then 0. Most probably the number of senones is too high for such a small training database. Use smaller $CFG_N_TIED_STATES.
ERROR: "gauden.c", line 1682: Variance (mgau= 292, feat= 0, density=0, component=27) is less then 0. Most probably the number of senones is too high for such a small training database. Use smaller $CFG_N_TIED_STATES.
ERROR: "gauden.c", line 1682: Variance (mgau= 292, feat= 0, density=0, component=34) is less then 0. Most probably the number of senones is too high for such a small training database. Use smaller $CFG_N_TIED_STATES.
ERROR: "gauden.c", line 1682: Variance (mgau= 292, feat= 0, density=0, component=38) is less then 0. Most probably the number of senones is too high for such a small training database. Use smaller $CFG_N_TIED_STATES.
ERROR: "gauden.c", line 1682: Variance (mgau= 315, feat= 0, density=0, component=1) is less then 0. Most probably the number of senones is too high for such a small training database. Use smaller $CFG_N_TIED_STATES.
ERROR: "gauden.c", line 1682: Variance (mgau= 315, feat= 0, density=0, component=5) is less then 0. Most probably the number of senones is too high for such a small training database. Use smaller $CFG_N_TIED_STATES.
ERROR: "gauden.c", line 1682: Variance (mgau= 315, feat= 0, density=0, component=16) is less then 0. Most probably the number of senones is too high for such a small training database. Use smaller $CFG_N_TIED_STATES.
ERROR: "gauden.c", line 1682: Variance (mgau= 315, feat= 0, density=0, component=31) is less then 0. Most probably the number of senones is too high for such a small training database. Use smaller $CFG_N_TIED_STATES.
ERROR: "gauden.c", line 1682: Variance (mgau= 316, feat= 0, density=0, component=0) is less then 0. Most probably the number of senones is too high for such a small training database. Use smaller $CFG_N_TIED_STATES.
ERROR: "gauden.c", line 1682: Variance (mgau= 316, feat= 0, density=0, component=2) is less then 0. Most probably the number of senones is too high for such a small training database. Use smaller $CFG_N_TIED_STATES.
ERROR: "gauden.c", line 1682: Variance (mgau= 316, feat= 0, density=0, component=13) is less then 0. Most probably the number of senones is too high for such a small training database. Use smaller $CFG_N_TIED_STATES.
ERROR: "gauden.c", line 1682: Variance (mgau= 316, feat= 0, density=0, component=23) is less then 0. Most probably the number of senones is too high for such a small training database. Use smaller $CFG_N_TIED_STATES.
ERROR: "gauden.c", line 1682: Variance (mgau= 316, feat= 0, density=0, component=25) is less then 0. Most probably the number of senones is too high for such a small training database. Use smaller $CFG_N_TIED_STATES.
INFO: s3mixw_io.c(233): Wrote /home/azizkag/projects/QuranRecognition/fatiha_acoustic_model/model_parameters/fatiha.cd_cont_200/mixture_weights [386x1x1 array]
INFO: s3tmat_io.c(176): Wrote /home/azizkag/projects/QuranRecognition/fatiha_acoustic_model/model_parameters/fatiha.cd_cont_200/transition_matrices [62x3x4 array]
INFO: s3gau_io.c(228): Wrote /home/azizkag/projects/QuranRecognition/fatiha_acoustic_model/model_parameters/fatiha.cd_cont_200/means [386x1x1 array]
INFO: s3gau_io.c(228): Wrote /home/azizkag/projects/QuranRecognition/fatiha_acoustic_model/model_parameters/fatiha.cd_cont_200/variances [386x1x1 array]
Sun Jan 24 16:57:30 2016
Current Overall Likelihood Per Frame = -125.982417291866
