This file contains any messages produced by compilers while
running configure, to aid debugging if configure makes a mistake.

It was created by SphinxTrain configure 5prealpha, which was
generated by GNU Autoconf 2.69.  Invocation command line was

  $ ./configure 

## --------- ##
## Platform. ##
## --------- ##

hostname = Aziz-Desktop-Ubuntu
uname -m = x86_64
uname -r = 3.16.0-38-generic
uname -s = Linux
uname -v = #52~14.04.1-Ubuntu SMP Fri May 8 09:43:57 UTC 2015

/usr/bin/uname -p = unknown
/bin/uname -X     = unknown

/bin/arch              = unknown
/usr/bin/arch -k       = unknown
/usr/convex/getsysinfo = unknown
/usr/bin/hostinfo      = unknown
/bin/machine           = unknown
/usr/bin/oslevel       = unknown
/bin/universe          = unknown

PATH: /usr/local/sbin
PATH: /usr/local/bin
PATH: /usr/sbin
PATH: /usr/bin
PATH: /sbin
PATH: /bin
PATH: /usr/games
PATH: /usr/local/games


## ----------- ##
## Core tests. ##
## ----------- ##

configure:2497: checking for a BSD-compatible install
configure:2565: result: /usr/bin/install -c
configure:2576: checking whether build environment is sane
configure:2631: result: yes
configure:2782: checking for a thread-safe mkdir -p
configure:2821: result: /bin/mkdir -p
configure:2828: checking for gawk
configure:2858: result: no
configure:2828: checking for mawk
configure:2844: found /usr/bin/mawk
configure:2855: result: mawk
configure:2866: checking whether make sets $(MAKE)
configure:2888: result: yes
configure:2917: checking whether make supports nested variables
configure:2934: result: yes
configure:3015: checking build system type
configure:3029: result: x86_64-unknown-linux-gnu
configure:3049: checking host system type
configure:3062: result: x86_64-unknown-linux-gnu
configure:3131: checking for gcc
configure:3147: found /usr/bin/gcc
configure:3158: result: gcc
configure:3387: checking for C compiler version
configure:3396: gcc --version >&5
gcc (Ubuntu 4.8.4-2ubuntu1~14.04) 4.8.4
Copyright (C) 2013 Free Software Foundation, Inc.
This is free software; see the source for copying conditions.  There is NO
warranty; not even for MERCHANTABILITY or FITNESS FOR A PARTICULAR PURPOSE.

configure:3407: $? = 0
configure:3396: gcc -v >&5
Using built-in specs.
COLLECT_GCC=gcc
COLLECT_LTO_WRAPPER=/usr/lib/gcc/x86_64-linux-gnu/4.8/lto-wrapper
Target: x86_64-linux-gnu
Configured with: ../src/configure -v --with-pkgversion='Ubuntu 4.8.4-2ubuntu1~14.04' --with-bugurl=file:///usr/share/doc/gcc-4.8/README.Bugs --enable-languages=c,c++,java,go,d,fortran,objc,obj-c++ --prefix=/usr --program-suffix=-4.8 --enable-shared --enable-linker-build-id --libexecdir=/usr/lib --without-included-gettext --enable-threads=posix --with-gxx-include-dir=/usr/include/c++/4.8 --libdir=/usr/lib --enable-nls --with-sysroot=/ --enable-clocale=gnu --enable-libstdcxx-debug --enable-libstdcxx-time=yes --enable-gnu-unique-object --disable-libmudflap --enable-plugin --with-system-zlib --disable-browser-plugin --enable-java-awt=gtk --enable-gtk-cairo --with-java-home=/usr/lib/jvm/java-1.5.0-gcj-4.8-amd64/jre --enable-java-home --with-jvm-root-dir=/usr/lib/jvm/java-1.5.0-gcj-4.8-amd64 --with-jvm-jar-dir=/usr/lib/jvm-exports/java-1.5.0-gcj-4.8-amd64 --with-arch-directory=amd64 --with-ecj-jar=/usr/share/java/eclipse-ecj.jar --enable-objc-gc --enable-multiarch --disable-werror --with-arch-32=i686 --with-abi=m64 --with-multilib-list=m32,m64,mx32 --with-tune=generic --enable-checking=release --build=x86_64-linux-gnu --host=x86_64-linux-gnu --target=x86_64-linux-gnu
Thread model: posix
gcc version 4.8.4 (Ubuntu 4.8.4-2ubuntu1~14.04) 
configure:3407: $? = 0
configure:3396: gcc -V >&5
gcc: error: unrecognized command line option '-V'
gcc: fatal error: no input files
compilation terminated.
configure:3407: $? = 4
configure:3396: gcc -qversion >&5
gcc: error: unrecognized command line option '-qversion'
gcc: fatal error: no input files
compilation terminated.
configure:3407: $? = 4
configure:3427: checking whether the C compiler works
configure:3449: gcc    conftest.c  >&5
configure:3453: $? = 0
configure:3501: result: yes
configure:3504: checking for C compiler default output file name
configure:3506: result: a.out
configure:3512: checking for suffix of executables
configure:3519: gcc -o conftest    conftest.c  >&5
configure:3523: $? = 0
configure:3545: result: 
configure:3567: checking whether we are cross compiling
configure:3575: gcc -o conftest    conftest.c  >&5
configure:3579: $? = 0
configure:3586: ./conftest
configure:3590: $? = 0
configure:3605: result: no
configure:3610: checking for suffix of object files
configure:3632: gcc -c   conftest.c >&5
configure:3636: $? = 0
configure:3657: result: o
configure:3661: checking whether we are using the GNU C compiler
configure:3680: gcc -c   conftest.c >&5
configure:3680: $? = 0
configure:3689: result: yes
configure:3698: checking whether gcc accepts -g
configure:3718: gcc -c -g  conftest.c >&5
configure:3718: $? = 0
configure:3759: result: yes
configure:3776: checking for gcc option to accept ISO C89
configure:3839: gcc  -c -g -O2  conftest.c >&5
configure:3839: $? = 0
configure:3852: result: none needed
configure:3883: checking for style of include used by make
configure:3911: result: GNU
configure:3937: checking dependency style of gcc
configure:4048: result: gcc3
configure:4121: checking for g++
configure:4137: found /usr/bin/g++
configure:4148: result: g++
configure:4175: checking for C++ compiler version
configure:4184: g++ --version >&5
g++ (Ubuntu 4.8.4-2ubuntu1~14.04) 4.8.4
Copyright (C) 2013 Free Software Foundation, Inc.
This is free software; see the source for copying conditions.  There is NO
warranty; not even for MERCHANTABILITY or FITNESS FOR A PARTICULAR PURPOSE.

configure:4195: $? = 0
configure:4184: g++ -v >&5
Using built-in specs.
COLLECT_GCC=g++
COLLECT_LTO_WRAPPER=/usr/lib/gcc/x86_64-linux-gnu/4.8/lto-wrapper
Target: x86_64-linux-gnu
Configured with: ../src/configure -v --with-pkgversion='Ubuntu 4.8.4-2ubuntu1~14.04' --with-bugurl=file:///usr/share/doc/gcc-4.8/README.Bugs --enable-languages=c,c++,java,go,d,fortran,objc,obj-c++ --prefix=/usr --program-suffix=-4.8 --enable-shared --enable-linker-build-id --libexecdir=/usr/lib --without-included-gettext --enable-threads=posix --with-gxx-include-dir=/usr/include/c++/4.8 --libdir=/usr/lib --enable-nls --with-sysroot=/ --enable-clocale=gnu --enable-libstdcxx-debug --enable-libstdcxx-time=yes --enable-gnu-unique-object --disable-libmudflap --enable-plugin --with-system-zlib --disable-browser-plugin --enable-java-awt=gtk --enable-gtk-cairo --with-java-home=/usr/lib/jvm/java-1.5.0-gcj-4.8-amd64/jre --enable-java-home --with-jvm-root-dir=/usr/lib/jvm/java-1.5.0-gcj-4.8-amd64 --with-jvm-jar-dir=/usr/lib/jvm-exports/java-1.5.0-gcj-4.8-amd64 --with-arch-directory=amd64 --with-ecj-jar=/usr/share/java/eclipse-ecj.jar --enable-objc-gc --enable-multiarch --disable-werror --with-arch-32=i686 --with-abi=m64 --with-multilib-list=m32,m64,mx32 --with-tune=generic --enable-checking=release --build=x86_64-linux-gnu --host=x86_64-linux-gnu --target=x86_64-linux-gnu
Thread model: posix
gcc version 4.8.4 (Ubuntu 4.8.4-2ubuntu1~14.04) 
configure:4195: $? = 0
configure:4184: g++ -V >&5
g++: error: unrecognized command line option '-V'
g++: fatal error: no input files
compilation terminated.
configure:4195: $? = 4
configure:4184: g++ -qversion >&5
g++: error: unrecognized command line option '-qversion'
g++: fatal error: no input files
compilation terminated.
configure:4195: $? = 4
configure:4199: checking whether we are using the GNU C++ compiler
configure:4218: g++ -c   conftest.cpp >&5
configure:4218: $? = 0
configure:4227: result: yes
configure:4236: checking whether g++ accepts -g
configure:4256: g++ -c -g  conftest.cpp >&5
configure:4256: $? = 0
configure:4297: result: yes
configure:4322: checking dependency style of g++
configure:4433: result: gcc3
configure:4454: checking how to run the C preprocessor
configure:4485: gcc -E  conftest.c
configure:4485: $? = 0
configure:4499: gcc -E  conftest.c
conftest.c:9:28: fatal error: ac_nonexistent.h: No such file or directory
 #include <ac_nonexistent.h>
                            ^
compilation terminated.
configure:4499: $? = 1
configure: failed program was:
| /* confdefs.h */
| #define PACKAGE_NAME "SphinxTrain"
| #define PACKAGE_TARNAME "sphinxtrain"
| #define PACKAGE_VERSION "5prealpha"
| #define PACKAGE_STRING "SphinxTrain 5prealpha"
| #define PACKAGE_BUGREPORT ""
| #define PACKAGE_URL ""
| /* end confdefs.h.  */
| #include <ac_nonexistent.h>
configure:4524: result: gcc -E
configure:4544: gcc -E  conftest.c
configure:4544: $? = 0
configure:4558: gcc -E  conftest.c
conftest.c:9:28: fatal error: ac_nonexistent.h: No such file or directory
 #include <ac_nonexistent.h>
                            ^
compilation terminated.
configure:4558: $? = 1
configure: failed program was:
| /* confdefs.h */
| #define PACKAGE_NAME "SphinxTrain"
| #define PACKAGE_TARNAME "sphinxtrain"
| #define PACKAGE_VERSION "5prealpha"
| #define PACKAGE_STRING "SphinxTrain 5prealpha"
| #define PACKAGE_BUGREPORT ""
| #define PACKAGE_URL ""
| /* end confdefs.h.  */
| #include <ac_nonexistent.h>
configure:4587: checking for grep that handles long lines and -e
configure:4645: result: /bin/grep
configure:4650: checking for egrep
configure:4712: result: /bin/grep -E
configure:4717: checking for ANSI C header files
configure:4737: gcc -c -g -O2  conftest.c >&5
configure:4737: $? = 0
configure:4810: gcc -o conftest -g -O2   conftest.c  >&5
configure:4810: $? = 0
configure:4810: ./conftest
configure:4810: $? = 0
configure:4821: result: yes
configure:4834: checking for sys/types.h
configure:4834: gcc -c -g -O2  conftest.c >&5
configure:4834: $? = 0
configure:4834: result: yes
configure:4834: checking for sys/stat.h
configure:4834: gcc -c -g -O2  conftest.c >&5
configure:4834: $? = 0
configure:4834: result: yes
configure:4834: checking for stdlib.h
configure:4834: gcc -c -g -O2  conftest.c >&5
configure:4834: $? = 0
configure:4834: result: yes
configure:4834: checking for string.h
configure:4834: gcc -c -g -O2  conftest.c >&5
configure:4834: $? = 0
configure:4834: result: yes
configure:4834: checking for memory.h
configure:4834: gcc -c -g -O2  conftest.c >&5
configure:4834: $? = 0
configure:4834: result: yes
configure:4834: checking for strings.h
configure:4834: gcc -c -g -O2  conftest.c >&5
configure:4834: $? = 0
configure:4834: result: yes
configure:4834: checking for inttypes.h
configure:4834: gcc -c -g -O2  conftest.c >&5
configure:4834: $? = 0
configure:4834: result: yes
configure:4834: checking for stdint.h
configure:4834: gcc -c -g -O2  conftest.c >&5
configure:4834: $? = 0
configure:4834: result: yes
configure:4834: checking for unistd.h
configure:4834: gcc -c -g -O2  conftest.c >&5
configure:4834: $? = 0
configure:4834: result: yes
configure:4846: checking whether byte ordering is bigendian
configure:4861: gcc -c -g -O2  conftest.c >&5
conftest.c:20:9: error: unknown type name 'not'
         not a universal capable compiler
         ^
conftest.c:20:15: error: expected '=', ',', ';', 'asm' or '__attribute__' before 'universal'
         not a universal capable compiler
               ^
conftest.c:20:15: error: unknown type name 'universal'
configure:4861: $? = 1
configure: failed program was:
| /* confdefs.h */
| #define PACKAGE_NAME "SphinxTrain"
| #define PACKAGE_TARNAME "sphinxtrain"
| #define PACKAGE_VERSION "5prealpha"
| #define PACKAGE_STRING "SphinxTrain 5prealpha"
| #define PACKAGE_BUGREPORT ""
| #define PACKAGE_URL ""
| #define STDC_HEADERS 1
| #define HAVE_SYS_TYPES_H 1
| #define HAVE_SYS_STAT_H 1
| #define HAVE_STDLIB_H 1
| #define HAVE_STRING_H 1
| #define HAVE_MEMORY_H 1
| #define HAVE_STRINGS_H 1
| #define HAVE_INTTYPES_H 1
| #define HAVE_STDINT_H 1
| #define HAVE_UNISTD_H 1
| /* end confdefs.h.  */
| #ifndef __APPLE_CC__
| 	       not a universal capable compiler
| 	     #endif
| 	     typedef int dummy;
| 
configure:4906: gcc -c -g -O2  conftest.c >&5
configure:4906: $? = 0
configure:4924: gcc -c -g -O2  conftest.c >&5
conftest.c: In function 'main':
conftest.c:26:4: error: unknown type name 'not'
    not big endian
    ^
conftest.c:26:12: error: expected '=', ',', ';', 'asm' or '__attribute__' before 'endian'
    not big endian
            ^
configure:4924: $? = 1
configure: failed program was:
| /* confdefs.h */
| #define PACKAGE_NAME "SphinxTrain"
| #define PACKAGE_TARNAME "sphinxtrain"
| #define PACKAGE_VERSION "5prealpha"
| #define PACKAGE_STRING "SphinxTrain 5prealpha"
| #define PACKAGE_BUGREPORT ""
| #define PACKAGE_URL ""
| #define STDC_HEADERS 1
| #define HAVE_SYS_TYPES_H 1
| #define HAVE_SYS_STAT_H 1
| #define HAVE_STDLIB_H 1
| #define HAVE_STRING_H 1
| #define HAVE_MEMORY_H 1
| #define HAVE_STRINGS_H 1
| #define HAVE_INTTYPES_H 1
| #define HAVE_STDINT_H 1
| #define HAVE_UNISTD_H 1
| /* end confdefs.h.  */
| #include <sys/types.h>
| 		#include <sys/param.h>
| 
| int
| main ()
| {
| #if BYTE_ORDER != BIG_ENDIAN
| 		 not big endian
| 		#endif
| 
|   ;
|   return 0;
| }
configure:5052: result: no
configure:5117: checking how to print strings
configure:5144: result: printf
configure:5165: checking for a sed that does not truncate output
configure:5229: result: /bin/sed
configure:5247: checking for fgrep
configure:5309: result: /bin/grep -F
configure:5344: checking for ld used by gcc
configure:5411: result: /usr/bin/ld
configure:5418: checking if the linker (/usr/bin/ld) is GNU ld
configure:5433: result: yes
configure:5445: checking for BSD- or MS-compatible name lister (nm)
configure:5494: result: /usr/bin/nm -B
configure:5624: checking the name lister (/usr/bin/nm -B) interface
configure:5631: gcc -c -g -O2  conftest.c >&5
configure:5634: /usr/bin/nm -B "conftest.o"
configure:5637: output
0000000000000000 B some_variable
configure:5644: result: BSD nm
configure:5647: checking whether ln -s works
configure:5651: result: yes
configure:5659: checking the maximum length of command line arguments
configure:5789: result: 1572864
configure:5806: checking whether the shell understands some XSI constructs
configure:5816: result: yes
configure:5820: checking whether the shell understands "+="
configure:5826: result: yes
configure:5861: checking how to convert x86_64-unknown-linux-gnu file names to x86_64-unknown-linux-gnu format
configure:5901: result: func_convert_file_noop
configure:5908: checking how to convert x86_64-unknown-linux-gnu file names to toolchain format
configure:5928: result: func_convert_file_noop
configure:5935: checking for /usr/bin/ld option to reload object files
configure:5942: result: -r
configure:6016: checking for objdump
configure:6032: found /usr/bin/objdump
configure:6043: result: objdump
configure:6075: checking how to recognize dependent libraries
configure:6277: result: pass_all
configure:6362: checking for dlltool
configure:6392: result: no
configure:6422: checking how to associate runtime and link libraries
configure:6449: result: printf %s\n
configure:6509: checking for ar
configure:6525: found /usr/bin/ar
configure:6536: result: ar
configure:6573: checking for archiver @FILE support
configure:6590: gcc -c -g -O2  conftest.c >&5
configure:6590: $? = 0
configure:6593: ar cru libconftest.a @conftest.lst >&5
configure:6596: $? = 0
configure:6601: ar cru libconftest.a @conftest.lst >&5
ar: conftest.o: No such file or directory
configure:6604: $? = 1
configure:6616: result: @
configure:6674: checking for strip
configure:6690: found /usr/bin/strip
configure:6701: result: strip
configure:6773: checking for ranlib
configure:6789: found /usr/bin/ranlib
configure:6800: result: ranlib
configure:6902: checking command to parse /usr/bin/nm -B output from gcc object
configure:7022: gcc -c -g -O2  conftest.c >&5
configure:7025: $? = 0
configure:7029: /usr/bin/nm -B conftest.o \| sed -n -e 's/^.*[ ]\([ABCDGIRSTW][ABCDGIRSTW]*\)[ ][ ]*\([_A-Za-z][_A-Za-z0-9]*\)$/\1 \2 \2/p' | sed '/ __gnu_lto/d' \> conftest.nm
configure:7032: $? = 0
configure:7098: gcc -o conftest -g -O2   conftest.c conftstm.o >&5
configure:7101: $? = 0
configure:7139: result: ok
configure:7176: checking for sysroot
configure:7206: result: no
configure:7283: gcc -c -g -O2  conftest.c >&5
configure:7286: $? = 0
configure:7462: checking for mt
configure:7478: found /bin/mt
configure:7489: result: mt
configure:7512: checking if mt is a manifest tool
configure:7518: mt '-?'
configure:7526: result: no
configure:8165: checking for dlfcn.h
configure:8165: gcc -c -g -O2  conftest.c >&5
configure:8165: $? = 0
configure:8165: result: yes
configure:8382: checking for objdir
configure:8397: result: .libs
configure:8668: checking if gcc supports -fno-rtti -fno-exceptions
configure:8686: gcc -c -g -O2  -fno-rtti -fno-exceptions conftest.c >&5
cc1: warning: command line option '-fno-rtti' is valid for C++/ObjC++ but not for C [enabled by default]
configure:8690: $? = 0
configure:8703: result: no
configure:9030: checking for gcc option to produce PIC
configure:9037: result: -fPIC -DPIC
configure:9045: checking if gcc PIC flag -fPIC -DPIC works
configure:9063: gcc -c -g -O2  -fPIC -DPIC -DPIC conftest.c >&5
configure:9067: $? = 0
configure:9080: result: yes
configure:9109: checking if gcc static flag -static works
configure:9137: result: yes
configure:9152: checking if gcc supports -c -o file.o
configure:9173: gcc -c -g -O2  -o out/conftest2.o conftest.c >&5
configure:9177: $? = 0
configure:9199: result: yes
configure:9207: checking if gcc supports -c -o file.o
configure:9254: result: yes
configure:9287: checking whether the gcc linker (/usr/bin/ld -m elf_x86_64) supports shared libraries
configure:10440: result: yes
configure:10477: checking whether -lc should be explicitly linked in
configure:10485: gcc -c -g -O2  conftest.c >&5
configure:10488: $? = 0
configure:10503: gcc -shared  -fPIC -DPIC conftest.o  -v -Wl,-soname -Wl,conftest -o conftest 2\>\&1 \| /bin/grep  -lc  \>/dev/null 2\>\&1
configure:10506: $? = 0
configure:10520: result: no
configure:10680: checking dynamic linker characteristics
configure:11191: gcc -o conftest -g -O2   -Wl,-rpath -Wl,/foo conftest.c  >&5
configure:11191: $? = 0
configure:11417: result: GNU/Linux ld.so
configure:11524: checking how to hardcode library paths into programs
configure:11549: result: immediate
configure:12089: checking whether stripping libraries is possible
configure:12094: result: yes
configure:12129: checking if libtool supports shared libraries
configure:12131: result: yes
configure:12134: checking whether to build shared libraries
configure:12155: result: yes
configure:12158: checking whether to build static libraries
configure:12162: result: yes
configure:12185: checking how to run the C++ preprocessor
configure:12212: g++ -E  conftest.cpp
configure:12212: $? = 0
configure:12226: g++ -E  conftest.cpp
conftest.cpp:21:28: fatal error: ac_nonexistent.h: No such file or directory
 #include <ac_nonexistent.h>
                            ^
compilation terminated.
configure:12226: $? = 1
configure: failed program was:
| /* confdefs.h */
| #define PACKAGE_NAME "SphinxTrain"
| #define PACKAGE_TARNAME "sphinxtrain"
| #define PACKAGE_VERSION "5prealpha"
| #define PACKAGE_STRING "SphinxTrain 5prealpha"
| #define PACKAGE_BUGREPORT ""
| #define PACKAGE_URL ""
| #define STDC_HEADERS 1
| #define HAVE_SYS_TYPES_H 1
| #define HAVE_SYS_STAT_H 1
| #define HAVE_STDLIB_H 1
| #define HAVE_STRING_H 1
| #define HAVE_MEMORY_H 1
| #define HAVE_STRINGS_H 1
| #define HAVE_INTTYPES_H 1
| #define HAVE_STDINT_H 1
| #define HAVE_UNISTD_H 1
| #define HAVE_DLFCN_H 1
| #define LT_OBJDIR ".libs/"
| /* end confdefs.h.  */
| #include <ac_nonexistent.h>
configure:12251: result: g++ -E
configure:12271: g++ -E  conftest.cpp
configure:12271: $? = 0
configure:12285: g++ -E  conftest.cpp
conftest.cpp:21:28: fatal error: ac_nonexistent.h: No such file or directory
 #include <ac_nonexistent.h>
                            ^
compilation terminated.
configure:12285: $? = 1
configure: failed program was:
| /* confdefs.h */
| #define PACKAGE_NAME "SphinxTrain"
| #define PACKAGE_TARNAME "sphinxtrain"
| #define PACKAGE_VERSION "5prealpha"
| #define PACKAGE_STRING "SphinxTrain 5prealpha"
| #define PACKAGE_BUGREPORT ""
| #define PACKAGE_URL ""
| #define STDC_HEADERS 1
| #define HAVE_SYS_TYPES_H 1
| #define HAVE_SYS_STAT_H 1
| #define HAVE_STDLIB_H 1
| #define HAVE_STRING_H 1
| #define HAVE_MEMORY_H 1
| #define HAVE_STRINGS_H 1
| #define HAVE_INTTYPES_H 1
| #define HAVE_STDINT_H 1
| #define HAVE_UNISTD_H 1
| #define HAVE_DLFCN_H 1
| #define LT_OBJDIR ".libs/"
| /* end confdefs.h.  */
| #include <ac_nonexistent.h>
configure:12454: checking for ld used by g++
configure:12521: result: /usr/bin/ld -m elf_x86_64
configure:12528: checking if the linker (/usr/bin/ld -m elf_x86_64) is GNU ld
configure:12543: result: yes
configure:12598: checking whether the g++ linker (/usr/bin/ld -m elf_x86_64) supports shared libraries
configure:13603: result: yes
configure:13639: g++ -c -g -O2  conftest.cpp >&5
configure:13642: $? = 0
configure:14162: checking for g++ option to produce PIC
configure:14169: result: -fPIC -DPIC
configure:14177: checking if g++ PIC flag -fPIC -DPIC works
configure:14195: g++ -c -g -O2  -fPIC -DPIC -DPIC conftest.cpp >&5
configure:14199: $? = 0
configure:14212: result: yes
configure:14235: checking if g++ static flag -static works
configure:14263: result: yes
configure:14275: checking if g++ supports -c -o file.o
configure:14296: g++ -c -g -O2  -o out/conftest2.o conftest.cpp >&5
configure:14300: $? = 0
configure:14322: result: yes
configure:14327: checking if g++ supports -c -o file.o
configure:14374: result: yes
configure:14404: checking whether the g++ linker (/usr/bin/ld -m elf_x86_64) supports shared libraries
configure:14440: result: yes
configure:14581: checking dynamic linker characteristics
configure:15252: result: GNU/Linux ld.so
configure:15305: checking how to hardcode library paths into programs
configure:15330: result: immediate
configure:15392: checking for log in -lm
configure:15417: gcc -o conftest -g -O2   conftest.c -lm   >&5
conftest.c:28:6: warning: conflicting types for built-in function 'log' [enabled by default]
 char log ();
      ^
configure:15417: $? = 0
configure:15426: result: yes
configure:15437: checking for d_log in -lg2c
configure:15462: gcc -o conftest -g -O2   conftest.c -lg2c  -lm  >&5
/usr/bin/ld: cannot find -lg2c
collect2: error: ld returned 1 exit status
configure:15462: $? = 1
configure: failed program was:
| /* confdefs.h */
| #define PACKAGE_NAME "SphinxTrain"
| #define PACKAGE_TARNAME "sphinxtrain"
| #define PACKAGE_VERSION "5prealpha"
| #define PACKAGE_STRING "SphinxTrain 5prealpha"
| #define PACKAGE_BUGREPORT ""
| #define PACKAGE_URL ""
| #define STDC_HEADERS 1
| #define HAVE_SYS_TYPES_H 1
| #define HAVE_SYS_STAT_H 1
| #define HAVE_STDLIB_H 1
| #define HAVE_STRING_H 1
| #define HAVE_MEMORY_H 1
| #define HAVE_STRINGS_H 1
| #define HAVE_INTTYPES_H 1
| #define HAVE_STDINT_H 1
| #define HAVE_UNISTD_H 1
| #define HAVE_DLFCN_H 1
| #define LT_OBJDIR ".libs/"
| #define HAVE_LIBM 1
| /* end confdefs.h.  */
| 
| /* Override any GCC internal prototype to avoid an error.
|    Use char because int might match the return type of a GCC
|    builtin and then its argument prototype would still apply.  */
| #ifdef __cplusplus
| extern "C"
| #endif
| char d_log ();
| int
| main ()
| {
| return d_log ();
|   ;
|   return 0;
| }
configure:15471: result: no
configure:15487: checking for perl5
configure:15520: result: no
configure:15487: checking for perl
configure:15505: found /usr/bin/perl
configure:15517: result: /usr/bin/perl
configure:15577: checking for sphinxbase in /home/azizkag/projects/QuranRecognition/sphinxtrain-5prealpha/../sphinxbase
configure:15581: result: yes
configure:15828: checking for /home/azizkag/projects/QuranRecognition/sphinxtrain-5prealpha/../sphinxbase/include/sphinxbase/prim_type.h
configure:15842: result: yes
configure:15856: checking for /home/azizkag/projects/QuranRecognition/sphinxtrain-5prealpha/../sphinxbase/src/libsphinxbase/libsphinxbase.la
configure:15870: result: yes
configure:16111: checking that generated files are newer than configure
configure:16117: result: done
configure:16149: creating ./config.status

## ---------------------- ##
## Running config.status. ##
## ---------------------- ##

This file was extended by SphinxTrain config.status 5prealpha, which was
generated by GNU Autoconf 2.69.  Invocation command line was

  CONFIG_FILES    = 
  CONFIG_HEADERS  = 
  CONFIG_LINKS    = 
  CONFIG_COMMANDS = 
  $ ./config.status 

on Aziz-Desktop-Ubuntu

config.status:1120: creating Makefile
config.status:1120: creating etc/Makefile
config.status:1120: creating include/Makefile
config.status:1120: creating python/Makefile
config.status:1120: creating scripts/Makefile
config.status:1120: creating src/Makefile
config.status:1120: creating src/programs/Makefile
config.status:1120: creating src/libs/Makefile
config.status:1120: creating src/libs/libclust/Makefile
config.status:1120: creating src/libs/libcommon/Makefile
config.status:1120: creating src/libs/libio/Makefile
config.status:1120: creating src/libs/libmllr/Makefile
config.status:1120: creating src/libs/libmodinv/Makefile
config.status:1120: creating src/programs/agg_seg/Makefile
config.status:1120: creating src/programs/bldtree/Makefile
config.status:1120: creating src/programs/bw/Makefile
config.status:1120: creating src/programs/cdcn_norm/Makefile
config.status:1120: creating src/programs/cdcn_train/Makefile
config.status:1120: creating src/programs/cp_parm/Makefile
config.status:1120: creating src/programs/delint/Makefile
config.status:1120: creating src/programs/inc_comp/Makefile
config.status:1120: creating src/programs/init_gau/Makefile
config.status:1120: creating src/programs/init_mixw/Makefile
config.status:1120: creating src/programs/g2p_eval/Makefile
config.status:1120: creating src/programs/g2p_train/Makefile
config.status:1120: creating src/programs/kdtree/Makefile
config.status:1120: creating src/programs/kmeans_init/Makefile
config.status:1120: creating src/programs/make_quests/Makefile
config.status:1120: creating src/programs/map_adapt/Makefile
config.status:1120: creating src/programs/mixw_interp/Makefile
config.status:1120: creating src/programs/mk_flat/Makefile
config.status:1120: creating src/programs/mk_mdef_gen/Makefile
config.status:1120: creating src/programs/mk_mllr_class/Makefile
config.status:1120: creating src/programs/mk_s2sendump/Makefile
config.status:1120: creating src/programs/mk_ts2cb/Makefile
config.status:1120: creating src/programs/mllr_solve/Makefile
config.status:1120: creating src/programs/mllr_transform/Makefile
config.status:1120: creating src/programs/norm/Makefile
config.status:1120: creating src/programs/param_cnt/Makefile
config.status:1120: creating src/programs/printp/Makefile
config.status:1120: creating src/programs/prunetree/Makefile
config.status:1120: creating src/programs/tiestate/Makefile
config.status:1120: creating test/Makefile
config.status:1292: executing depfiles commands
config.status:1292: executing libtool commands

## ---------------- ##
## Cache variables. ##
## ---------------- ##

ac_cv_build=x86_64-unknown-linux-gnu
ac_cv_c_bigendian=no
ac_cv_c_compiler_gnu=yes
ac_cv_cxx_compiler_gnu=yes
ac_cv_env_CCC_set=
ac_cv_env_CCC_value=
ac_cv_env_CC_set=
ac_cv_env_CC_value=
ac_cv_env_CFLAGS_set=
ac_cv_env_CFLAGS_value=
ac_cv_env_CPPFLAGS_set=
ac_cv_env_CPPFLAGS_value=
ac_cv_env_CPP_set=
ac_cv_env_CPP_value=
ac_cv_env_CXXCPP_set=
ac_cv_env_CXXCPP_value=
ac_cv_env_CXXFLAGS_set=
ac_cv_env_CXXFLAGS_value=
ac_cv_env_CXX_set=
ac_cv_env_CXX_value=
ac_cv_env_LDFLAGS_set=
ac_cv_env_LDFLAGS_value=
ac_cv_env_LIBS_set=
ac_cv_env_LIBS_value=
ac_cv_env_PKG_CONFIG_set=
ac_cv_env_PKG_CONFIG_value=
ac_cv_env_SphinxBase_CFLAGS_set=
ac_cv_env_SphinxBase_CFLAGS_value=
ac_cv_env_SphinxBase_LIBS_set=
ac_cv_env_SphinxBase_LIBS_value=
ac_cv_env_build_alias_set=
ac_cv_env_build_alias_value=
ac_cv_env_host_alias_set=
ac_cv_env_host_alias_value=
ac_cv_env_target_alias_set=
ac_cv_env_target_alias_value=
ac_cv_file__home_azizkag_projects_QuranRecognition_sphinxtrain_5prealpha____sphinxbase_include_sphinxbase_prim_type_h=yes
ac_cv_file__home_azizkag_projects_QuranRecognition_sphinxtrain_5prealpha____sphinxbase_src_libsphinxbase_libsphinxbase_la=yes
ac_cv_header_dlfcn_h=yes
ac_cv_header_inttypes_h=yes
ac_cv_header_memory_h=yes
ac_cv_header_stdc=yes
ac_cv_header_stdint_h=yes
ac_cv_header_stdlib_h=yes
ac_cv_header_string_h=yes
ac_cv_header_strings_h=yes
ac_cv_header_sys_stat_h=yes
ac_cv_header_sys_types_h=yes
ac_cv_header_unistd_h=yes
ac_cv_host=x86_64-unknown-linux-gnu
ac_cv_lib_g2c_d_log=no
ac_cv_lib_m_log=yes
ac_cv_objext=o
ac_cv_path_EGREP='/bin/grep -E'
ac_cv_path_FGREP='/bin/grep -F'
ac_cv_path_GREP=/bin/grep
ac_cv_path_PERL=/usr/bin/perl
ac_cv_path_SED=/bin/sed
ac_cv_path_install='/usr/bin/install -c'
ac_cv_path_mkdir=/bin/mkdir
ac_cv_prog_AWK=mawk
ac_cv_prog_CPP='gcc -E'
ac_cv_prog_CXXCPP='g++ -E'
ac_cv_prog_ac_ct_AR=ar
ac_cv_prog_ac_ct_CC=gcc
ac_cv_prog_ac_ct_CXX=g++
ac_cv_prog_ac_ct_MANIFEST_TOOL=mt
ac_cv_prog_ac_ct_OBJDUMP=objdump
ac_cv_prog_ac_ct_RANLIB=ranlib
ac_cv_prog_ac_ct_STRIP=strip
ac_cv_prog_cc_c89=
ac_cv_prog_cc_g=yes
ac_cv_prog_cxx_g=yes
ac_cv_prog_make_make_set=yes
am_cv_CC_dependencies_compiler_type=gcc3
am_cv_CXX_dependencies_compiler_type=gcc3
am_cv_make_support_nested_variables=yes
lt_cv_ar_at_file=@
lt_cv_archive_cmds_need_lc=no
lt_cv_deplibs_check_method=pass_all
lt_cv_file_magic_cmd='$MAGIC_CMD'
lt_cv_file_magic_test_file=
lt_cv_ld_reload_flag=-r
lt_cv_nm_interface='BSD nm'
lt_cv_objdir=.libs
lt_cv_path_LD=/usr/bin/ld
lt_cv_path_LDCXX='/usr/bin/ld -m elf_x86_64'
lt_cv_path_NM='/usr/bin/nm -B'
lt_cv_path_mainfest_tool=no
lt_cv_prog_compiler_c_o=yes
lt_cv_prog_compiler_c_o_CXX=yes
lt_cv_prog_compiler_pic='-fPIC -DPIC'
lt_cv_prog_compiler_pic_CXX='-fPIC -DPIC'
lt_cv_prog_compiler_pic_works=yes
lt_cv_prog_compiler_pic_works_CXX=yes
lt_cv_prog_compiler_rtti_exceptions=no
lt_cv_prog_compiler_static_works=yes
lt_cv_prog_compiler_static_works_CXX=yes
lt_cv_prog_gnu_ld=yes
lt_cv_prog_gnu_ldcxx=yes
lt_cv_sharedlib_from_linklib_cmd='printf %s\n'
lt_cv_shlibpath_overrides_runpath=no
lt_cv_sys_global_symbol_pipe='sed -n -e '\''s/^.*[	 ]\([ABCDGIRSTW][ABCDGIRSTW]*\)[	 ][	 ]*\([_A-Za-z][_A-Za-z0-9]*\)$/\1 \2 \2/p'\'' | sed '\''/ __gnu_lto/d'\'''
lt_cv_sys_global_symbol_to_c_name_address='sed -n -e '\''s/^: \([^ ]*\)[ ]*$/  {\"\1\", (void *) 0},/p'\'' -e '\''s/^[ABCDGIRSTW]* \([^ ]*\) \([^ ]*\)$/  {"\2", (void *) \&\2},/p'\'''
lt_cv_sys_global_symbol_to_c_name_address_lib_prefix='sed -n -e '\''s/^: \([^ ]*\)[ ]*$/  {\"\1\", (void *) 0},/p'\'' -e '\''s/^[ABCDGIRSTW]* \([^ ]*\) \(lib[^ ]*\)$/  {"\2", (void *) \&\2},/p'\'' -e '\''s/^[ABCDGIRSTW]* \([^ ]*\) \([^ ]*\)$/  {"lib\2", (void *) \&\2},/p'\'''
lt_cv_sys_global_symbol_to_cdecl='sed -n -e '\''s/^T .* \(.*\)$/extern int \1();/p'\'' -e '\''s/^[ABCDGIRSTW]* .* \(.*\)$/extern char \1;/p'\'''
lt_cv_sys_max_cmd_len=1572864
lt_cv_to_host_file_cmd=func_convert_file_noop
lt_cv_to_tool_file_cmd=func_convert_file_noop

## ----------------- ##
## Output variables. ##
## ----------------- ##

ACLOCAL='${SHELL} /home/azizkag/projects/QuranRecognition/sphinxtrain-5prealpha/missing aclocal-1.13'
AMDEPBACKSLASH='\'
AMDEP_FALSE='#'
AMDEP_TRUE=''
AMTAR='$${TAR-tar}'
AM_BACKSLASH='\'
AM_DEFAULT_V='$(AM_DEFAULT_VERBOSITY)'
AM_DEFAULT_VERBOSITY='1'
AM_V='$(V)'
AR='ar'
AUTOCONF='${SHELL} /home/azizkag/projects/QuranRecognition/sphinxtrain-5prealpha/missing autoconf'
AUTOHEADER='${SHELL} /home/azizkag/projects/QuranRecognition/sphinxtrain-5prealpha/missing autoheader'
AUTOMAKE='${SHELL} /home/azizkag/projects/QuranRecognition/sphinxtrain-5prealpha/missing automake-1.13'
AWK='mawk'
CC='gcc'
CCDEPMODE='depmode=gcc3'
CFLAGS='-g -O2 -fPIC -DPIC'
CPP='gcc -E'
CPPFLAGS='-I/home/azizkag/projects/QuranRecognition/sphinxtrain-5prealpha/../sphinxbase/include -I/home/azizkag/projects/QuranRecognition/sphinxtrain-5prealpha/../sphinxbase/include '
CXX='g++'
CXXCPP='g++ -E'
CXXDEPMODE='depmode=gcc3'
CXXFLAGS='-g -O2'
CYGPATH_W='echo'
DEFS='-DPACKAGE_NAME=\"SphinxTrain\" -DPACKAGE_TARNAME=\"sphinxtrain\" -DPACKAGE_VERSION=\"5prealpha\" -DPACKAGE_STRING=\"SphinxTrain\ 5prealpha\" -DPACKAGE_BUGREPORT=\"\" -DPACKAGE_URL=\"\" -DSTDC_HEADERS=1 -DHAVE_SYS_TYPES_H=1 -DHAVE_SYS_STAT_H=1 -DHAVE_STDLIB_H=1 -DHAVE_STRING_H=1 -DHAVE_MEMORY_H=1 -DHAVE_STRINGS_H=1 -DHAVE_INTTYPES_H=1 -DHAVE_STDINT_H=1 -DHAVE_UNISTD_H=1 -DHAVE_DLFCN_H=1 -DLT_OBJDIR=\".libs/\" -DHAVE_LIBM=1'
DEPDIR='.deps'
DLLTOOL='false'
DSYMUTIL=''
DUMPBIN=''
ECHO_C=''
ECHO_N='-n'
ECHO_T=''
EGREP='/bin/grep -E'
EXEEXT=''
FGREP='/bin/grep -F'
G2P_DECODER_FALSE=''
G2P_DECODER_TRUE='#'
GREP='/bin/grep'
INSTALL_DATA='${INSTALL} -m 644'
INSTALL_PROGRAM='${INSTALL}'
INSTALL_SCRIPT='${INSTALL}'
INSTALL_STRIP_PROGRAM='$(install_sh) -c -s'
LD='/usr/bin/ld -m elf_x86_64'
LDFLAGS=' -L/home/azizkag/projects/QuranRecognition/sphinxtrain-5prealpha/../sphinxbase/src/libsphinxad 		  -L/home/azizkag/projects/QuranRecognition/sphinxtrain-5prealpha/../sphinxbase/src/libsphinxbase 		  -L/home/azizkag/projects/QuranRecognition/sphinxtrain-5prealpha/../sphinxbase/src/libsphinxbase/.libs'
LIBOBJS=''
LIBS='-lm  -lsphinxbase'
LIBTOOL='$(SHELL) $(top_builddir)/libtool'
LIPO=''
LN_S='ln -s'
LTLIBOBJS=''
MAKEINFO='${SHELL} /home/azizkag/projects/QuranRecognition/sphinxtrain-5prealpha/missing makeinfo'
MANIFEST_TOOL=':'
MKDIR_P='/bin/mkdir -p'
NM='/usr/bin/nm -B'
NMEDIT=''
OBJDUMP='objdump'
OBJEXT='o'
OPENFST_CFLAGS=''
OPENFST_LIBS=''
OTOOL64=''
OTOOL=''
PACKAGE='sphinxtrain'
PACKAGE_BUGREPORT=''
PACKAGE_NAME='SphinxTrain'
PACKAGE_STRING='SphinxTrain 5prealpha'
PACKAGE_TARNAME='sphinxtrain'
PACKAGE_URL=''
PACKAGE_VERSION='5prealpha'
PATH_SEPARATOR=':'
PERL='/usr/bin/perl'
PKG_CONFIG=''
RANLIB='ranlib'
SED='/bin/sed'
SET_MAKE=''
SHELL='/bin/bash'
STRIP='strip'
SphinxBase_CFLAGS=''
SphinxBase_LIBS=''
VERSION='5prealpha'
ac_ct_AR='ar'
ac_ct_CC='gcc'
ac_ct_CXX='g++'
ac_ct_DUMPBIN=''
am__EXEEXT_FALSE=''
am__EXEEXT_TRUE='#'
am__fastdepCC_FALSE='#'
am__fastdepCC_TRUE=''
am__fastdepCXX_FALSE='#'
am__fastdepCXX_TRUE=''
am__include='include'
am__isrc=''
am__leading_dot='.'
am__nodep='_no'
am__quote=''
am__tar='$${TAR-tar} chof - "$$tardir"'
am__untar='$${TAR-tar} xf -'
bindir='${exec_prefix}/bin'
build='x86_64-unknown-linux-gnu'
build_alias=''
build_cpu='x86_64'
build_os='linux-gnu'
build_vendor='unknown'
datadir='${datarootdir}'
datarootdir='${prefix}/share'
docdir='${datarootdir}/doc/${PACKAGE_TARNAME}'
dvidir='${docdir}'
exec_prefix='${prefix}'
host='x86_64-unknown-linux-gnu'
host_alias=''
host_cpu='x86_64'
host_os='linux-gnu'
host_vendor='unknown'
htmldir='${docdir}'
includedir='${prefix}/include'
infodir='${datarootdir}/info'
install_sh='${SHELL} /home/azizkag/projects/QuranRecognition/sphinxtrain-5prealpha/install-sh'
libdir='${exec_prefix}/lib'
libexecdir='${exec_prefix}/libexec'
localedir='${datarootdir}/locale'
localstatedir='${prefix}/var'
mandir='${datarootdir}/man'
mkdir_p='$(MKDIR_P)'
oldincludedir='/usr/include'
pdfdir='${docdir}'
prefix='/usr/local'
program_transform_name='s,x,x,'
psdir='${docdir}'
sbindir='${exec_prefix}/sbin'
sharedstatedir='${prefix}/com'
sphinxbase='/home/azizkag/projects/QuranRecognition/sphinxtrain-5prealpha/../sphinxbase'
sphinxbasebuild='/home/azizkag/projects/QuranRecognition/sphinxtrain-5prealpha/../sphinxbase'
sysconfdir='${prefix}/etc'
target_alias=''

## ----------- ##
## confdefs.h. ##
## ----------- ##

/* confdefs.h */
#define PACKAGE_NAME "SphinxTrain"
#define PACKAGE_TARNAME "sphinxtrain"
#define PACKAGE_VERSION "5prealpha"
#define PACKAGE_STRING "SphinxTrain 5prealpha"
#define PACKAGE_BUGREPORT ""
#define PACKAGE_URL ""
#define STDC_HEADERS 1
#define HAVE_SYS_TYPES_H 1
#define HAVE_SYS_STAT_H 1
#define HAVE_STDLIB_H 1
#define HAVE_STRING_H 1
#define HAVE_MEMORY_H 1
#define HAVE_STRINGS_H 1
#define HAVE_INTTYPES_H 1
#define HAVE_STDINT_H 1
#define HAVE_UNISTD_H 1
#define HAVE_DLFCN_H 1
#define LT_OBJDIR ".libs/"
#define HAVE_LIBM 1

configure: exit 0
