Current configuration:
[NAME]		[DEFLT]	[VALUE]
-allphones	no	no
-cntthresh	0.00001	1.000000e-05
-csplitmax	100	2000
-csplitmin	1	1
-csplitthr	8e-4	0.000000e+00
-example	no	no
-fullvar	no	no
-help		no	no
-meanfn			/home/azizkag/projects/QuranRecognition/fatiha_acoustic_model/model_parameters/fatiha.cd_cont_untied/means
-mixwfn			/home/azizkag/projects/QuranRecognition/fatiha_acoustic_model/model_parameters/fatiha.cd_cont_untied/mixture_weights
-moddeffn		/home/azizkag/projects/QuranRecognition/fatiha_acoustic_model/model_architecture/fatiha.untied.mdef
-mwfloor	1e-4	1.000000e-08
-phone			ta
-psetfn			/home/azizkag/projects/QuranRecognition/fatiha_acoustic_model/model_architecture/fatiha.tree_questions
-ssplitmax	5	7
-ssplitmin	1	1
-ssplitthr	8e-4	0.000000e+00
-state			1
-stwt			1.0,0.05,0.0,
-treefn			/home/azizkag/projects/QuranRecognition/fatiha_acoustic_model/trees/fatiha.unpruned/ta-1.dtree
-ts2cbfn	.semi.	.cont.
-varfloor	0.00001	1.000000e-05
-varfn			/home/azizkag/projects/QuranRecognition/fatiha_acoustic_model/model_parameters/fatiha.cd_cont_untied/variances

INFO: main.c(223): Reading: /home/azizkag/projects/QuranRecognition/fatiha_acoustic_model/model_architecture/fatiha.untied.mdef
INFO: model_def_io.c(573): Model definition info:
INFO: model_def_io.c(574): 148 total models defined (62 base, 86 tri)
INFO: model_def_io.c(575): 592 total states
INFO: model_def_io.c(576): 444 total tied states
INFO: model_def_io.c(577): 186 total tied CI states
INFO: model_def_io.c(578): 62 total tied transition matrices
INFO: model_def_io.c(579): 4 max state/model
INFO: model_def_io.c(580): 4 min state/model
INFO: main.c(242): Building trees for [ta `am `a e] through [ta nas `ī i]
INFO: main.c(269): Covering states |[396 404]| == 9
INFO: main.c(275): Reading: /home/azizkag/projects/QuranRecognition/fatiha_acoustic_model/model_parameters/fatiha.cd_cont_untied/mixture_weights
INFO: s3mixw_io.c(173): Read /home/azizkag/projects/QuranRecognition/fatiha_acoustic_model/model_parameters/fatiha.cd_cont_untied/mixture_weights [9x1x1 array]
INFO: main.c(311): 3 of 3 models have observation count greater than 0.000010
INFO: main.c(95): nrm stwt: 0.045 0.909 0.045 
INFO: s3gau_io.c(169): Read /home/azizkag/projects/QuranRecognition/fatiha_acoustic_model/model_parameters/fatiha.cd_cont_untied/means [444x1x1 array]
INFO: s3gau_io.c(169): Read /home/azizkag/projects/QuranRecognition/fatiha_acoustic_model/model_parameters/fatiha.cd_cont_untied/variances [444x1x1 array]
INFO: main.c(549): Reading: /home/azizkag/projects/QuranRecognition/fatiha_acoustic_model/model_architecture/fatiha.tree_questions
INFO: main.c(588): 172 total simple questions (164 phone; 8 word bndry)
INFO: main.c(590): 40 Left Only questions, and 40 Right Only questions
INFO: dtree.c(1439): stop. leaf nodes are specific
INFO: dtree.c(1478): Final simple tree
|( QUESTION0_12_R 1 -2.784e+05 5.239e+04 1.538e+03
|    ( - 2.100e+04 1 0)
|    ( WDBNDRY_E 0 -2.470e+05 2.675e+04 1.410e+03
|        ( - -1.530e+05 1 0)
|        ( - -6.726e+04 1 0)))
s>    ( QUESTION0_12_R 1 -2.784e+05 5.239e+04 1.538e+03
s>        ( - 2.100e+04 1 0)
s>        ( WDBNDRY_E 0 -2.470e+05 2.675e+04 1.410e+03
s>            ( - -1.530e+05 1 0)
s>            ( - -6.726e+04 1 0)))INFO: dtree.c(1315): Comp split 0
INFO: dtree.c(1439): stop. leaf nodes are specific
INFO: dtree.c(1478): Final simple tree
|( WDBNDRY_E 0 -2.470e+05 2.675e+04 1.410e+03
|    ( - -1.530e+05 1 0)
|    ( - -6.726e+04 1 0))
s>    ( WDBNDRY_E 0 -2.470e+05 2.675e+04 1.410e+03
s>        ( - -1.530e+05 1 0)
s>        ( - -6.726e+04 1 0))INFO: dtree.c(1315): Comp split 1
INFO: dtree.c(1315): Comp split 2
INFO: dtree.c(1318): stop. leaf nodes are specific
!!!!!!!!Allocated 65 lines
Sun Jan 24 16:57:28 2016
