Current configuration:
[NAME]		[DEFLT]	[VALUE]
-allphones	no	no
-cntthresh	0.00001	1.000000e-05
-csplitmax	100	2000
-csplitmin	1	1
-csplitthr	8e-4	0.000000e+00
-example	no	no
-fullvar	no	no
-help		no	no
-meanfn			/home/azizkag/projects/QuranRecognition/fatiha_acoustic_model/model_parameters/fatiha.cd_cont_untied/means
-mixwfn			/home/azizkag/projects/QuranRecognition/fatiha_acoustic_model/model_parameters/fatiha.cd_cont_untied/mixture_weights
-moddeffn		/home/azizkag/projects/QuranRecognition/fatiha_acoustic_model/model_architecture/fatiha.untied.mdef
-mwfloor	1e-4	1.000000e-08
-phone			al
-psetfn			/home/azizkag/projects/QuranRecognition/fatiha_acoustic_model/model_architecture/fatiha.tree_questions
-ssplitmax	5	7
-ssplitmin	1	1
-ssplitthr	8e-4	0.000000e+00
-state			2
-stwt			1.0,0.05,0.0,
-treefn			/home/azizkag/projects/QuranRecognition/fatiha_acoustic_model/trees/fatiha.unpruned/al-2.dtree
-ts2cbfn	.semi.	.cont.
-varfloor	0.00001	1.000000e-05
-varfn			/home/azizkag/projects/QuranRecognition/fatiha_acoustic_model/model_parameters/fatiha.cd_cont_untied/variances

INFO: main.c(223): Reading: /home/azizkag/projects/QuranRecognition/fatiha_acoustic_model/model_architecture/fatiha.untied.mdef
INFO: model_def_io.c(573): Model definition info:
INFO: model_def_io.c(574): 148 total models defined (62 base, 86 tri)
INFO: model_def_io.c(575): 592 total states
INFO: model_def_io.c(576): 444 total tied states
INFO: model_def_io.c(577): 186 total tied CI states
INFO: model_def_io.c(578): 62 total tied transition matrices
INFO: model_def_io.c(579): 4 max state/model
INFO: model_def_io.c(580): 4 min state/model
INFO: main.c(242): Building trees for [al SIL ĥam b] through [al ţa mus b]
INFO: main.c(269): Covering states |[216 230]| == 15
INFO: main.c(275): Reading: /home/azizkag/projects/QuranRecognition/fatiha_acoustic_model/model_parameters/fatiha.cd_cont_untied/mixture_weights
INFO: s3mixw_io.c(173): Read /home/azizkag/projects/QuranRecognition/fatiha_acoustic_model/model_parameters/fatiha.cd_cont_untied/mixture_weights [15x1x1 array]
INFO: main.c(311): 5 of 5 models have observation count greater than 0.000010
INFO: main.c(95): nrm stwt: 0.000 0.048 0.952 
INFO: s3gau_io.c(169): Read /home/azizkag/projects/QuranRecognition/fatiha_acoustic_model/model_parameters/fatiha.cd_cont_untied/means [444x1x1 array]
INFO: s3gau_io.c(169): Read /home/azizkag/projects/QuranRecognition/fatiha_acoustic_model/model_parameters/fatiha.cd_cont_untied/variances [444x1x1 array]
INFO: main.c(549): Reading: /home/azizkag/projects/QuranRecognition/fatiha_acoustic_model/model_architecture/fatiha.tree_questions
INFO: main.c(588): 172 total simple questions (164 phone; 8 word bndry)
INFO: main.c(590): 40 Left Only questions, and 40 Right Only questions
INFO: dtree.c(1439): stop. leaf nodes are specific
INFO: dtree.c(1478): Final simple tree
|( QUESTION0_11_R 1 -3.365e+05 5.530e+04 1.792e+03
|    ( - 2.388e+04 1 0)
|    ( QUESTION9 1 -3.051e+05 5.629e+04 1.664e+03
|        ( - 2.654e+04 1 0)
|        ( QUESTION0_9_R 1 -2.753e+05 5.164e+04 1.536e+03
|            ( - 2.441e+04 1 0)
|            ( SILENCE -1 -2.481e+05 3.212e+04 1.408e+03
|                ( - -1.974e+05 1 0)
|                ( - -1.855e+04 1 0)))))
s>    ( QUESTION0_11_R 1 -3.365e+05 5.530e+04 1.792e+03
s>        ( - 2.388e+04 1 0)
s>        ( QUESTION9 1 -3.051e+05 5.629e+04 1.664e+03
s>            ( - 2.654e+04 1 0)
s>            ( QUESTION0_9_R 1 -2.753e+05 5.164e+04 1.536e+03
s>                ( - 2.441e+04 1 0)
s>                ( SILENCE -1 -2.481e+05 3.212e+04 1.408e+03
s>                    ( - -1.974e+05 1 0)
s>                    ( - -1.855e+04 1 0)))))INFO: dtree.c(1315): Comp split 0
INFO: dtree.c(1439): stop. leaf nodes are specific
INFO: dtree.c(1478): Final simple tree
|( QUESTION9 1 -3.051e+05 5.629e+04 1.664e+03
|    ( - 2.654e+04 1 0)
|    ( QUESTION0_9_R 1 -2.753e+05 5.164e+04 1.536e+03
|        ( - 2.441e+04 1 0)
|        ( SILENCE -1 -2.481e+05 3.212e+04 1.408e+03
|            ( - -1.974e+05 1 0)
|            ( - -1.855e+04 1 0))))
s>    ( QUESTION9 1 -3.051e+05 5.629e+04 1.664e+03
s>        ( - 2.654e+04 1 0)
s>        ( QUESTION0_9_R 1 -2.753e+05 5.164e+04 1.536e+03
s>            ( - 2.441e+04 1 0)
s>            ( SILENCE -1 -2.481e+05 3.212e+04 1.408e+03
s>                ( - -1.974e+05 1 0)
s>                ( - -1.855e+04 1 0))))INFO: dtree.c(1315): Comp split 1
INFO: dtree.c(1439): stop. leaf nodes are specific
INFO: dtree.c(1478): Final simple tree
|( QUESTION0_9_R 1 -2.753e+05 5.164e+04 1.536e+03
|    ( - 2.441e+04 1 0)
|    ( SILENCE -1 -2.481e+05 3.212e+04 1.408e+03
|        ( - -1.974e+05 1 0)
|        ( - -1.855e+04 1 0)))
s>    ( QUESTION0_9_R 1 -2.753e+05 5.164e+04 1.536e+03
s>        ( - 2.441e+04 1 0)
s>        ( SILENCE -1 -2.481e+05 3.212e+04 1.408e+03
s>            ( - -1.974e+05 1 0)
s>            ( - -1.855e+04 1 0)))INFO: dtree.c(1315): Comp split 2
INFO: dtree.c(1439): stop. leaf nodes are specific
INFO: dtree.c(1478): Final simple tree
|( SILENCE -1 -2.481e+05 3.212e+04 1.408e+03
|    ( - -1.974e+05 1 0)
|    ( - -1.855e+04 1 0))
s>    ( SILENCE -1 -2.481e+05 3.212e+04 1.408e+03
s>        ( - -1.974e+05 1 0)
s>        ( - -1.855e+04 1 0))INFO: dtree.c(1315): Comp split 3
INFO: dtree.c(1315): Comp split 4
INFO: dtree.c(1318): stop. leaf nodes are specific
!!!!!!!!Allocated 65 lines
Sun Jan 24 16:57:28 2016
